2929.7621054700758,8192
2866.4134555100536,16384
2854.376225648476,24576
2857.7391471878645,32768
2849.420692860578,40960
2873.81106182258,49152
2865.085416813132,57344
2871.1711733019,65536
2880.499849886233,73728
2885.507170964195,81920
2896.4543921668483,90112
2891.121850394348,98304
2890.5707921612957,106496
2891.9972097535992,114688
2896.2551637171196,122880
2901.382914931932,131072
2902.517280765227,139264
2904.1948501041106,147456
2904.177912330099,155648
2909.4472073802444,163840
2904.6146042230025,172032
2904.305729385276,180224
2902.125092817057,188416
2902.136840448281,196608
2904.703862086209,204800
2904.0335694628448,212992
2899.9102528457975,221184
2903.0449341860863,229376
2902.8574487613746,237568
2902.590339371465,245760
2903.5837560486902,253952
2903.0674967968553,262144
2901.249102316085,270336
2899.431643891017,278528
2898.6623728816926,286720
2899.860729081265,294912
2898.2598462880997,303104
2897.6528392322166,311296
2899.006414801161,319488
2900.250682475517,327680
2897.4505102450007,335872
2895.955907359454,344064
2896.142222370812,352256
2895.028436746954,360448
2896.5485119102054,368640
2895.635166211056,376832
2893.84972966103,385024
2894.105575720119,393216
2892.034738816354,401408
2890.9645340852762,409600
2890.57671504311,417792
2890.1081868926844,425984
2888.1755127062597,434176
2887.257975396555,442368
2887.1439756375653,450560
2885.477190870452,458752
2886.341039221206,466944
2885.474988918565,475136
2885.966815166142,483328
2885.8424784952736,491520
2885.8782142311866,499712
2884.8324868217796,507904
2883.0274019105655,516096
2883.2003410034927,524288
2884.4872675277734,532480
2883.675693889399,540672
2884.688218163813,548864
2884.704079030692,557056
2885.455050102214,565248
2886.0235398584587,573440
2886.8666607311748,581632
2885.309210047061,589824
2885.4323710520393,598016
2884.911482694151,606208
2885.1523162628982,614400
2885.0159705652713,622592
2885.5832869839564,630784
2885.0175871322735,638976
2885.0659916418185,647168
2886.343867005934,655360
2886.105005990072,663552
2885.1581554794807,671744
2884.2280738385816,679936
2884.215919400136,688128
2884.5756636441834,696320
2884.7762004456094,704512
2884.6257318488806,712704
2885.6246485269676,720896
2885.20439543522,729088
2884.0671592938384,737280
2883.6461676896074,745472
2884.953411516555,753664
2884.74179509968,761856
2885.338541157442,770048
2885.1164225011757,778240
2884.211073104308,786432
2883.0871340837875,794624
2882.7823089969093,802816
2882.746237762992,811008
2882.5336137870413,819200
2882.2056042853155,827392
2881.9335877107014,835584
2881.497563521456,843776
2880.9786849944408,851968
2881.2038413553214,860160
2880.9456796082554,868352
2880.9367908744566,876544
2880.1873507550417,884736
2880.088717905073,892928
2879.7387834826222,901120
2879.50763553783,909312
2879.489157321702,917504
2877.891254409397,925696
2877.393955532413,933888
2877.2982202793555,942080
2877.3684117243447,950272
2877.6862058719043,958464
2878.133802967884,966656
2878.038988147487,974848
2877.648575042742,983040
2877.6394475767006,991232
2877.1181256728264,999424
2877.165214456644,1007616
2877.301254465905,1015808
2877.0640091456407,1024000
2877.093681167489,1032192
2877.1088969924153,1040384
2876.94232661404,1048576
2876.8722244920177,1056768
2876.5099970755696,1064960
2877.0125490728415,1073152
2876.846336604341,1081344
2875.8583847944255,1089536
2875.655541266468,1097728
2875.578358870303,1105920
2875.517910367525,1114112
2875.094860184876,1122304
2875.066756095006,1130496
2874.6340704006266,1138688
2874.365450406079,1146880
2874.1446374624634,1155072
2874.0053928841926,1163264
2874.099023312357,1171456
2874.061711726815,1179648
2874.0217396153716,1187840
2874.1439641964384,1196032
2873.3405424031,1204224
2873.2541528663833,1212416
2873.437069205221,1220608
2872.7077298189465,1228800
2871.875620200231,1236992
2871.6030067474117,1245184
2871.588272230061,1253376
2871.206742960494,1261568
2871.2001184721544,1269760
2870.6195919203265,1277952
2870.311623700789,1286144
2869.88544352773,1294336
2869.9397380453875,1302528
2869.5781590098964,1310720
2870.1280125022545,1318912
2870.256764315138,1327104
2869.745272551717,1335296
2869.4383896247414,1343488
2869.696106081894,1351680
2869.7988573522775,1359872
2869.55808664361,1368064
2869.371127219342,1376256
2869.979153700941,1384448
2869.6217997423455,1392640
2869.2843511166975,1400832
2869.0894286380676,1409024
2869.6678332217584,1417216
2870.1023717270773,1425408
2869.8605578096094,1433600
2869.6607430651543,1441792
2869.5991406926164,1449984
2869.190504163927,1458176
2869.190154207459,1466368
2869.181523325938,1474560
2868.891068998186,1482752
2868.8613497740275,1490944
2868.705485154992,1499136
2868.921865866579,1507328
2869.2801036810324,1515520
2869.3480774345153,1523712
2869.1606827543224,1531904
2868.715509957914,1540096
2868.130563108023,1548288
2867.811333205564,1556480
2867.83779885091,1564672
2867.8942096285614,1572864
2867.9746741066056,1581056
2867.645401366305,1589248
2867.170930886304,1597440
2867.066956998542,1605632
2866.8718114250037,1613824
2866.8447517966933,1622016
2867.1263677489687,1630208
2867.341603055631,1638400
2866.976698769227,1646592
2866.941668920951,1654784
2866.96155256469,1662976
2866.8931329088036,1671168
2867.1891631751905,1679360
2866.9259564631543,1687552
2866.9049096294857,1695744
2866.817679363084,1703936
2866.585737913455,1712128
2866.7195337004364,1720320
2866.6155630212256,1728512
2866.596975297265,1736704
2865.783449884363,1744896
2865.4879791191006,1753088
2865.4267232261323,1761280
2865.1702422551953,1769472
2864.8543340898223,1777664
2864.800199475173,1785856
2864.686792924476,1794048
2864.9069408197915,1802240
2865.2439191778967,1810432
2864.9054270402594,1818624
2864.8250712972713,1826816
2864.682708910657,1835008
2864.5314808048975,1843200
2864.3435005571278,1851392
2864.164901809324,1859584
2864.0612377303933,1867776
2863.932559494218,1875968
2864.1657406109607,1884160
2864.116232284709,1892352
2863.9079232107806,1900544
2863.9433821479975,1908736
2863.5044573807613,1916928
2863.604921844872,1925120
2863.7268728469235,1933312
2863.4556894507687,1941504
2863.4322660481,1949696
2862.9146026645776,1957888
2862.9914125403543,1966080
2862.6766801399817,1974272
2862.3029271080845,1982464
2862.410379187137,1990656
2862.40944956941,1998848
2862.2994711031756,2007040
2862.241710056563,2015232
2862.1195493516675,2023424
2862.24271600088,2031616
2862.1598228384355,2039808
2862.1852701359458,2048000
2862.2098243293913,2056192
2862.1394658592603,2064384
2861.8788128729584,2072576
2861.57635094891,2080768
2861.5336821320507,2088960
2861.595176466996,2097152
2861.3746600288723,2105344
2861.2068995252675,2113536
2861.6862236211728,2121728
2861.5657799318574,2129920
2861.48885502612,2138112
2861.6196543075043,2146304
2861.3756231358693,2154496
2861.1306603225794,2162688
2860.978211615601,2170880
2860.952995996569,2179072
2860.92433162261,2187264
2861.118699640907,2195456
2861.590631885371,2203648
2861.4481979408674,2211840
2861.283819172005,2220032
2861.4772113796785,2228224
2861.3865668483345,2236416
2861.427674130552,2244608
2861.441273460659,2252800
2861.5712441775013,2260992
2861.45021822846,2269184
2861.009233870381,2277376
2861.1067496134183,2285568
2861.138362832351,2293760
2860.8831485463024,2301952
2860.497253433317,2310144
2860.410055418583,2318336
2860.0653516576476,2326528
2860.34006286263,2334720
2860.4029190502793,2342912
2860.4148053754893,2351104
2860.6019352381086,2359296
2860.7107169777405,2367488
2860.6038655401117,2375680
2860.593177184524,2383872
2860.803950243333,2392064
2860.8229509246216,2400256
2860.8479658216525,2408448
2860.426105828888,2416640
2860.3958782109,2424832
2860.1689962648466,2433024
2859.9204166448962,2441216
2860.080696051594,2449408
2860.29481660909,2457600
2860.3052717658243,2465792
2860.191639914803,2473984
2860.1826917056615,2482176
2860.0488256006774,2490368
2859.9617540977088,2498560
2859.989967411953,2506752
2859.9192216083366,2514944
2859.577975476034,2523136
2859.3554117275567,2531328
2859.2908784881465,2539520
2859.424639188506,2547712
2859.0531869988813,2555904
2858.674181036717,2560000
