4019.734666785082,8192
4031.4977428760712,16384
4026.1417420770244,24576
4027.862262925945,32768
4026.637084554501,40960
4021.1258354699444,49152
4024.824965059467,57344
4021.461558156873,65536
4020.6518340280413,73728
4020.1429571551716,81920
4018.926224356992,90112
4015.863720548064,98304
4021.7890724238923,106496
4021.7831084724044,114688
4021.856951104062,122880
4022.699548048178,131072
4022.2339950029723,139264
4019.328334446079,147456
4017.1146055042677,155648
4019.4784042949923,163840
4018.3626841833643,172032
4021.030256013596,180224
4022.0571157729705,188416
4019.7509592683696,196608
4020.1447207528217,204800
4019.28395883756,212992
4021.125338360508,221184
4018.5402927601167,229376
4020.512946213727,237568
4020.5294335652584,245760
4020.7050348565,253952
4020.875659599745,262144
4020.355628444576,270336
4020.6688006236304,278528
4021.6547318191547,286720
4023.3638767325137,294912
4022.1848238062,303104
4022.0938801649604,311296
4022.781698318267,319488
4022.4509605577155,327680
4022.914658144922,335872
4023.6583604055136,344064
4025.821726268924,352256
4026.4484004072797,360448
4026.428017850956,368640
4027.6365529559125,376832
4029.4495099696196,385024
4029.2929894603003,393216
4029.6075960991425,401408
4027.7386527930385,409600
4027.763822201285,417792
4027.669169927204,425984
4027.7302124163234,434176
4027.998843687425,442368
4028.102943066453,450560
4029.67725967022,458752
4029.914494832418,466944
4028.8898671594925,475136
4028.011489216742,483328
4027.8514433667187,491520
4028.5663471630837,499712
4028.6524026678917,507904
4028.67827984351,516096
4028.39053204362,524288
4027.819890999239,532480
4027.5859920534012,540672
4027.464739890066,548864
4026.9366235239895,557056
4026.1916019026285,565248
4026.4395436654954,573440
4027.5364174881206,581632
4028.7876881914235,589824
4028.857274422281,598016
4029.0956547376945,606208
4028.7883200119177,614400
4029.1478273351704,622592
4028.956075517626,630784
4028.828753445636,638976
4027.884289502145,647168
4027.670636187672,655360
4028.8706984892265,663552
4028.3214144040808,671744
4028.199290511298,679936
4027.8494129877517,688128
4027.8088922390516,696320
4028.130892703211,704512
4027.936174913907,712704
4028.569205716523,720896
4028.3746948798553,729088
4028.9917542863914,737280
4028.309943358188,745472
4028.700707093015,753664
4028.7368041069644,761856
4029.095498962898,770048
4029.2123918769294,778240
4029.975595002909,786432
4030.2053261057226,794624
4030.5092177268343,802816
4030.340061099599,811008
4030.24493815872,819200
4029.9727751685027,827392
4030.9257847604235,835584
4030.83586807902,843776
4030.444348959967,851968
4031.155392839203,860160
4031.0237438292916,868352
4031.3185534219547,876544
4031.4155802841456,884736
4031.8458299520607,892928
4031.5827473867416,901120
4031.701068719087,909312
4031.927552329729,917504
4032.0446851429756,925696
4032.291253025751,933888
4032.7615551565304,942080
4032.6210925316755,950272
4032.233863392476,958464
4032.1198886869843,966656
4031.959428390896,974848
4032.2644561031684,983040
4032.704121831368,991232
4032.364697958235,999424
4032.7323108839933,1007616
4032.879417982971,1015808
4032.771382049709,1024000
4032.63747145139,1032192
4033.044077274767,1040384
4033.0312129797094,1048576
4032.8586811813175,1056768
4032.942794380754,1064960
4033.3401444018396,1073152
4033.4704292138113,1081344
4033.4425207400673,1089536
4033.4416105689097,1097728
4033.605009310321,1105920
4033.8514362953197,1114112
4033.7573125251397,1122304
4033.6069648946154,1130496
4033.8438524353983,1138688
4033.749381880844,1146880
4033.310820700741,1155072
4033.4485246519807,1163264
4033.6238776361465,1171456
4033.8403746700383,1179648
4033.511800255706,1187840
4034.1429458863063,1196032
4034.1052120250592,1204224
4034.107214328401,1212416
4034.1231069277424,1220608
4034.6183892976806,1228800
4034.643887392297,1236992
4034.5340770221187,1245184
4034.41443906283,1253376
4034.8799069315287,1261568
4034.99074666693,1269760
4035.01269741874,1277952
4035.4163544156927,1286144
4035.621480319589,1294336
4035.6428291344905,1302528
4036.013004206064,1310720
4036.1988683513036,1318912
4036.0421218976035,1327104
4035.647096597232,1335296
4035.7931694637086,1343488
4035.332674135406,1351680
4035.3452167692194,1359872
4035.7435755097954,1368064
4035.714853079983,1376256
4035.7858557724576,1384448
4036.089772096568,1392640
4035.7594440126636,1400832
4035.583054996857,1409024
4035.960615998211,1417216
4036.1377811800435,1425408
4035.662401269297,1433600
4035.3535400602823,1441792
4035.5961626665626,1449984
4036.1027140992132,1458176
4036.292012810525,1466368
4036.002079891389,1474560
4036.2360502549104,1482752
4036.3749284518117,1490944
4036.3071804546266,1499136
4036.114736294282,1507328
4036.009246840685,1515520
4035.9758106816166,1523712
4035.8442862912357,1531904
4035.695249127843,1540096
4036.1537600401452,1548288
4036.0584573425012,1556480
4036.2005424259078,1564672
4035.871498263516,1572864
4035.763032752444,1581056
4035.6732852476366,1589248
4035.572045905054,1597440
4035.7807177728714,1605632
4035.7672685542457,1613824
4035.9895161277395,1622016
4035.984532880376,1630208
4035.9349319566795,1638400
4035.9087847222427,1646592
4036.100747357832,1654784
4036.2269449126456,1662976
4036.2283162044305,1671168
4036.5395786905015,1679360
4036.092691138181,1687552
4036.352980853996,1695744
4036.4359268929265,1703936
4036.4511476027296,1712128
4036.3923325131314,1720320
4036.7849489972964,1728512
4036.5944933512806,1736704
4036.582568537022,1744896
4036.6419369709715,1753088
4036.8215826049786,1761280
4036.9643170305485,1769472
4036.895925651154,1777664
4036.598204511939,1785856
4036.7220480334477,1794048
4036.7187243169838,1802240
4036.9186518072534,1810432
4036.770380980559,1818624
4036.5178668653216,1826816
4036.526684666408,1835008
4036.774376413521,1843200
4037.1092769709107,1851392
4037.237459404832,1859584
4037.7966259956224,1867776
4037.8548241713293,1875968
4037.762637971756,1884160
4037.5286314284003,1892352
4037.503064983148,1900544
4037.6669559548036,1908736
4037.8098039419565,1916928
4037.803078115332,1925120
4037.8509400995968,1933312
4037.6562580378068,1941504
4037.5654852807847,1949696
4037.6044416656127,1957888
4037.647421752639,1966080
4037.4826275966407,1974272
4037.59326588406,1982464
4037.9875746491125,1990656
4038.014616102595,1998848
4037.841301202916,2007040
4037.6600266196074,2015232
4037.4601495221636,2023424
4037.4438838223723,2031616
4037.489092681794,2039808
4037.3674639124056,2048000
4037.3950210438466,2056192
4037.1274186355377,2064384
4037.2162880334968,2072576
4037.2770681854167,2080768
4037.6359407501304,2088960
4037.492158291805,2097152
4037.79724005366,2105344
4038.091083452696,2113536
4038.113869979932,2121728
4038.127505414684,2129920
4038.1652495395183,2138112
4038.203043966352,2146304
4038.2547845656477,2154496
4038.3403865873,2162688
4038.3028008500537,2170880
4038.0354756316797,2179072
4037.9953065989043,2187264
4037.975841774369,2195456
4038.020240984731,2203648
4037.985966135473,2211840
4038.1993754084783,2220032
4038.135582843685,2228224
4038.123492839431,2236416
4038.193319589157,2244608
4038.295521974055,2252800
4038.216187850642,2260992
4038.1821813508104,2269184
4038.3499692039504,2277376
4038.250158712232,2285568
4038.3900577461404,2293760
4038.399554013998,2301952
4038.2868349152172,2310144
4038.269465996399,2318336
4038.4491224941967,2326528
4038.645013513098,2334720
4038.8736711447814,2342912
4038.7868569941816,2351104
4038.526259212502,2359296
4038.257060657315,2367488
4038.2170802920373,2375680
4038.4668139554583,2383872
4038.384627342932,2387968
4038.481355842019,2396160
4038.487144912789,2404352
4038.425910830673,2412544
4038.5692349294195,2420736
4038.613456981072,2428928
4038.7242122610724,2437120
4038.6817491945735,2445312
4038.8858065748436,2453504
4038.7569906121475,2461696
4038.509388245356,2469888
4038.4255985038276,2478080
4038.6278484226505,2486272
4038.7466106181414,2494464
4038.8307462865278,2502656
4038.738663343016,2510848
4038.4900911418326,2519040
4038.235930106769,2527232
4038.26568045027,2535424
4038.4220773157654,2543616
4038.1368354812444,2551808
4037.7124839506337,2560000
