4140.655826836196,8192
4154.602862901773,16384
4144.358858335319,24576
4143.436741595407,32768
4164.283325114155,40960
4180.081275750183,49152
4181.88989536629,57344
4192.338733969677,65536
4189.013113299409,73728
4188.026076415961,81920
4186.201609439256,90112
4186.198615235608,98304
4189.777448494122,106496
4179.585088815948,114688
4187.856866820925,122880
4189.301259282096,131072
4191.364921287379,139264
4191.064358519732,147456
4193.878005568116,155648
4190.57323362037,163840
4189.658443225846,172032
4189.00639451816,180224
4189.030830090362,188416
4190.4796846165855,196608
4191.240172974416,204800
4187.6003670013815,212992
4186.3771252667975,221184
4187.40773475559,229376
4185.7823041150405,237568
4187.912381725212,245760
4184.1083789617305,253952
4180.842546740982,262144
4178.516047074988,270336
4176.689921474327,278528
4177.035704490257,286720
4176.864352912498,294912
4173.729697853008,303104
4171.624679245095,311296
4170.21358133926,319488
4171.772410304089,327680
4170.591883520583,335872
4170.890510004603,344064
4168.585875082313,352256
4169.321471874442,360448
4170.405584317492,368640
4171.084197439738,376832
4169.994113015655,385024
4171.586021171376,393216
4169.972621340475,401408
4168.664540271039,409600
4169.235731614073,417792
4168.5196615759505,425984
4167.366533846264,434176
4165.658631696849,442368
4166.843912757945,450560
4161.672018093598,458752
4161.231728249884,466944
4160.04575753473,475136
4159.850029764786,483328
4161.0963293884415,491520
4160.294829810699,499712
4158.853598248396,507904
4157.386599599878,516096
4157.428828004574,524288
4156.532689328439,532480
4155.835871088441,540672
4156.746755139274,548864
4156.970390302429,557056
4156.32726751775,565248
4155.300823838571,573440
4155.57386759,581632
4153.430840713092,589824
4154.802928552069,598016
4154.001089844241,606208
4154.141589985058,614400
4154.367643680932,622592
4152.997478115895,630784
4152.145540417298,638976
4151.879710606321,647168
4150.837567420973,655360
4150.419582990317,663552
4148.938551021206,671744
4148.670101612579,679936
4147.558029192779,688128
4146.878243568205,696320
4146.10623480171,704512
4145.953741435578,712704
4145.273603239055,720896
4144.557073620465,729088
4143.968031425168,737280
4142.429711896563,745472
4142.433614296081,753664
4142.461221019781,761856
4141.022496797237,770048
4140.536282714073,778240
4138.024598740735,786432
4137.559875240594,794624
4137.150904890212,802816
4135.9788588945175,811008
4135.891099832072,819200
4134.403756097001,827392
4134.118196122853,835584
4133.776692526831,843776
4133.068338032691,851968
4133.052654677033,860160
4132.255459888487,868352
4131.62790200918,876544
4131.119268918478,884736
4131.1027804000905,892928
4130.474835706776,901120
4129.374382930512,909312
4128.463655155588,917504
4128.000347846593,925696
4127.573050034222,933888
4127.2912955137,942080
4126.1638235896935,950272
4125.535425077906,958464
4124.784422720852,966656
4123.824016769464,974848
4123.5306139022505,983040
4123.397293296573,991232
4122.409342669453,999424
4121.91004648904,1007616
4121.175210929529,1015808
4120.865106148587,1024000
4119.355522040542,1032192
4117.693349366509,1040384
4117.485201769763,1048576
4116.645153485762,1056768
4116.892197258143,1064960
4116.498915735919,1073152
4115.613070861702,1081344
4114.827920568866,1089536
4113.907507958243,1097728
4113.318867623496,1105920
4112.621560969757,1114112
4111.99299961255,1122304
4111.535680950002,1130496
4110.201561881497,1138688
4108.913291583237,1146880
4108.160340807997,1155072
4107.146421987543,1163264
4107.024984491022,1171456
4107.329535614764,1179648
4106.905480057379,1187840
4105.684737839471,1196032
4105.534344843271,1204224
4104.290725910076,1212416
4103.997299253242,1220608
4103.961414675895,1228800
4103.368416540439,1236992
4103.069561288241,1245184
4102.337533309157,1253376
4101.6390671553445,1261568
4101.489328121243,1269760
4100.410043120342,1277952
4099.290551796348,1286144
4099.303120767898,1294336
4098.97916393892,1302528
4098.372704402851,1310720
4099.072771241081,1318912
4098.9252310375205,1327104
4098.634040275688,1335296
4097.691587067004,1343488
4097.067207054889,1351680
4096.603347764133,1359872
4095.7060828310596,1368064
4094.9204832938135,1376256
4094.8873564514056,1384448
4094.4643062070786,1392640
4093.082730208208,1400832
4091.603381556438,1409024
4090.879516184202,1417216
4089.8770256329676,1425408
4089.219930060422,1433600
4088.3834933321045,1441792
4088.142328640624,1449984
4088.016530407908,1458176
4087.978911713379,1466368
4087.6987729870802,1474560
4086.912490052712,1482752
4086.3611050871214,1490944
4085.771573671484,1499136
4085.6598426841106,1507328
4085.078783967072,1515520
4084.389124222337,1523712
4083.911704014055,1531904
4083.3311873542266,1540096
4083.368136087786,1548288
4083.2075295486534,1556480
4082.83017114249,1564672
4082.306035634873,1572864
4082.0513028966466,1581056
4082.1280987196137,1589248
4081.524929860924,1597440
4081.443193397647,1605632
4080.740991752802,1613824
4080.748256740875,1622016
4080.2524906591916,1630208
4079.869653334436,1638400
4079.7204199280222,1646592
4079.053559951315,1654784
4078.119055247429,1662976
4077.689313314139,1671168
4077.365287152966,1679360
4076.854369216995,1687552
4075.87228693488,1695744
4075.1815601619437,1703936
4074.6813454015305,1712128
4074.5746108144185,1720320
4074.3220832329716,1728512
4074.2136240929776,1736704
4074.0129383720923,1744896
4073.29738090053,1753088
4073.177232216732,1761280
4072.968572237743,1769472
4072.8349462071465,1777664
4072.3840188250597,1785856
4071.485490879371,1794048
4070.4577115637344,1802240
4070.023653627575,1810432
4069.6780270546396,1818624
4069.5744938685093,1826816
4069.339712269465,1835008
4068.6780141478084,1843200
4068.2280890916413,1851392
4068.405533999527,1859584
4068.018632972112,1867776
4067.250514944548,1875968
4066.593322548403,1884160
4065.52946153325,1892352
4064.840777672375,1900544
4064.4510679055634,1908736
4063.897258580755,1916928
4063.1217224987877,1925120
4062.2516526298277,1933312
4061.77584706304,1941504
4060.918701071713,1949696
4059.8072077033007,1957888
4059.514330578545,1966080
4059.3940153316976,1974272
4058.9190086482413,1982464
4058.2874180734584,1990656
4057.741128733373,1998848
4057.5416169053747,2007040
4057.1299196317896,2015232
4056.7796451525014,2023424
4055.994092860308,2031616
4055.3002074553838,2039808
4054.228021949058,2048000
4054.190598816345,2056192
4053.553007079563,2064384
4052.8397536507046,2072576
4052.504169337156,2080768
4052.144511694179,2088960
4051.836117538173,2097152
4051.388359609278,2105344
4051.038593386322,2113536
4051.098316223349,2121728
4050.99228617947,2129920
4050.518142595162,2138112
4049.887488954195,2146304
4049.5826859474023,2154496
4049.280287872545,2162688
4048.6126778291537,2170880
4047.82200600054,2179072
4047.2361742590706,2187264
4046.909412035007,2195456
4046.3532489276295,2203648
4045.825346043228,2211840
4045.4166760954718,2220032
4044.6129846339277,2228224
4043.6369558215006,2236416
4043.4170588705606,2244608
4043.078583037617,2252800
4042.451231860088,2260992
4042.022604365594,2269184
4041.5864574585216,2277376
4041.3092743672933,2285568
4040.83176892979,2293760
4040.380137768715,2301952
4039.8934505946568,2310144
4039.1073712948028,2318336
4038.816564874374,2326528
4038.4278458749263,2334720
4038.0192880816658,2342912
4037.428754981539,2351104
4037.1355810186024,2359296
4036.704746388207,2367488
4036.1518947948357,2375680
4035.8981505444654,2383872
4035.5289875367057,2392064
4035.4012904259685,2400256
4034.640116102903,2408448
4034.205189238832,2416640
4033.996946064692,2424832
4033.422382402378,2433024
4033.0592272832955,2441216
4032.5801620146735,2449408
4032.0471546157182,2457600
4031.847833409977,2465792
4032.120561803081,2473984
4031.4086170472633,2482176
4031.049805447327,2490368
4030.538551286202,2498560
4029.9721112431052,2506752
4029.678226241631,2510848
4029.2906624028974,2519040
4028.963226369839,2527232
4028.8461760768864,2535424
4028.3734810239775,2543616
4027.593278274636,2551808
4026.794709935381,2560000
