3963.2534952602323,32768
3968.853223866827,65536
3970.48299805369,98304
3972.8304046021844,131072
3971.3858136419526,163840
3971.3470560158767,196608
3972.952053568244,229376
3974.665548095214,262144
3973.8986702110556,294912
3972.659344582633,327680
3973.2188602987853,360448
3972.1137571680197,393216
3972.3808031141552,425984
3972.8099722713537,458752
3974.237493230362,491520
3974.611296412534,524288
3975.3867073268384,557056
3975.0507273779476,589824
3975.227584732919,622592
3975.7814491163413,655360
3974.848039539298,688128
3976.4283660483943,720896
3977.5981973985713,753664
3978.541048646131,786432
3978.588413596054,819200
3979.5161642445914,851968
3979.3188369131144,884736
3979.586135559133,917504
3979.3065650615367,950272
3979.2692917254294,983040
3978.905015818333,1015808
3978.368256730609,1048576
3978.7167082381593,1081344
3979.087771861277,1114112
3979.1030593274245,1146880
3978.662149740411,1179648
3978.5572596226116,1212416
3978.293748929182,1245184
3978.543602457233,1277952
3978.8761250964017,1310720
3978.9239529349234,1343488
3978.8388618670974,1376256
3979.0231733207743,1409024
3978.8003296427696,1441792
3978.7053633817914,1474560
3978.7133462712554,1507328
3978.904416811322,1540096
3978.7843612394718,1572864
3979.022951798643,1605632
3979.120103295094,1638400
3979.388908131579,1671168
3979.290431470649,1703936
3979.127437976173,1736704
3979.477315379087,1769472
3979.361003516208,1802240
3979.2338047991734,1835008
3978.922670208516,1867776
3979.2713636688277,1900544
3979.2256717451746,1933312
3979.0834711426173,1966080
3978.9695141596867,1998848
3979.1104180371676,2031616
3979.0818086811873,2064384
3978.9728636316386,2097152
3978.869141667464,2129920
3978.6996909657382,2162688
3978.672183066055,2195456
3978.6038585677325,2228224
3978.567924549848,2260992
3978.4366995892924,2293760
3978.585933956259,2326528
3978.520918186197,2359296
3978.4533188170963,2392064
3978.3605788781874,2424832
3978.143243266593,2457600
3978.005016299868,2490368
3978.061300169648,2523136
3977.8455244945476,2555904
3977.93476609995,2588672
3977.9751158989875,2621440
3977.9336313830995,2654208
3977.808913992766,2686976
3977.7096462559625,2719744
3977.646884696749,2752512
3977.493714268702,2785280
3977.5797313111098,2818048
3977.3761827006256,2850816
3977.303430344152,2883584
3977.1137532025195,2916352
3977.07722910928,2949120
3977.0024132204458,2981888
3977.1369630667164,3014656
3977.160830083907,3047424
3976.9908349728685,3080192
3977.263392974837,3112960
3977.1631114420493,3145728
3977.359734637865,3178496
3977.451988462609,3211264
3977.463144033688,3244032
3977.457500209266,3276800
3977.661538240012,3309568
3977.527987397586,3342336
3977.5218046599757,3375104
3977.4315606479527,3407872
3977.3211460716707,3440640
3977.320489356185,3473408
3977.349338785921,3506176
3977.3845731136375,3538944
3977.4427554802337,3571712
3977.3516023979223,3604480
3977.525836473462,3637248
3977.6500910070513,3670016
3977.759124679791,3702784
3977.6703842303464,3735552
3977.6164714111223,3768320
3977.4812797144687,3801088
3977.448613758825,3833856
3977.4337960003327,3866624
3977.5169582520844,3899392
3977.5544176260682,3932160
3977.5691879781702,3964928
3977.5119236606033,3997696
3977.4453835780296,4030464
3977.4612872920675,4063232
3977.417823544965,4096000
3977.3177323110117,4128768
3977.229822192248,4161536
3977.2520682241534,4194304
3977.2234549514696,4227072
3977.2377049860047,4259840
3977.105116044781,4292608
3977.2255873315266,4325376
3977.140255966598,4358144
3977.115357047355,4390912
3977.082848130149,4423680
3976.9957663868495,4456448
3976.9435106493315,4489216
3976.8022817938677,4521984
3976.745924248021,4554752
3976.9031357083054,4587520
3976.9077852866612,4620288
3976.948533545056,4653056
3976.8772653095816,4685824
3976.929327043074,4718592
3976.975518453622,4751360
3977.0191033058304,4784128
3977.055077630264,4816896
3977.1112218389876,4849664
3977.111094389516,4882432
3977.1432081530097,4915200
3977.175549910082,4947968
3977.107228673087,4980736
3977.027282973273,5013504
3977.0333446469754,5046272
3977.150470950105,5079040
3977.1550575771867,5111808
3977.181521935687,5144576
3977.1410831697276,5177344
3977.114154173168,5210112
3977.1020696314154,5242880
3976.949990775527,5275648
3977.0420120767844,5308416
3977.1331856036804,5341184
3977.087190199702,5373952
3977.183284359123,5406720
3977.150564556616,5439488
3977.1568244577934,5472256
3977.2776118117495,5505024
3977.289981252789,5537792
3977.31400830841,5570560
3977.4072728033784,5603328
3977.529712789263,5636096
3977.50484093085,5668864
3977.536369011703,5701632
3977.5238167194307,5734400
3977.4651771343215,5767168
3977.489536797482,5799936
3977.519376717511,5832704
3977.4543702914902,5865472
3977.4141947557146,5898240
3977.394497977068,5931008
3977.330417565847,5963776
3977.2224759791684,5996544
3977.2424027774714,6029312
3977.2649436326196,6062080
3977.3441789819303,6094848
3977.449222118749,6127616
3977.387479985032,6160384
3977.3879447857425,6193152
3977.425737284994,6225920
3977.4249245079905,6258688
3977.407742441544,6291456
3977.3885176500094,6324224
3977.458356612029,6356992
3977.416854830065,6389760
3977.52278247499,6422528
3977.5675025777027,6455296
3977.5879194279087,6488064
3977.6048525201422,6520832
3977.579093063754,6553600
3977.58638991764,6586368
3977.5723944881947,6619136
3977.618837767184,6651904
3977.616944205585,6684672
3977.656185537078,6717440
3977.623248048122,6750208
3977.616137889483,6782976
3977.670045396627,6815744
3977.7357256641803,6848512
3977.6793182251918,6881280
3977.677254750756,6914048
3977.5998264472637,6946816
3977.6288585515917,6979584
3977.605097386782,7012352
3977.73463393001,7045120
3977.70997020488,7077888
3977.7025256913757,7110656
3977.7124809588545,7143424
3977.6543409342053,7176192
3977.7135321443,7208960
3977.695426725419,7241728
3977.7512686950304,7274496
3977.756937768948,7307264
3977.688109689781,7340032
3977.683842622568,7372800
3977.705915509642,7405568
3977.744004001513,7438336
3977.7046580985966,7471104
3977.6818899990703,7503872
3977.801921103372,7536640
3977.845405748131,7569408
3977.8639393635335,7602176
3977.9492968917984,7634944
3977.884108846139,7667712
3977.8649348670438,7700480
3977.8615800127354,7733248
3977.878646024548,7766016
3977.887981470362,7798784
3977.842144430382,7831552
3977.9111136566144,7864320
3977.9749781611854,7897088
3977.9483014796,7929856
3978.0066169432353,7962624
3977.979282743971,7995392
3977.9993994774954,8028160
3978.0427937934332,8060928
3978.0519235585725,8093696
3977.9478717717266,8126464
3978.0070081844315,8159232
3977.9618607587763,8192000
3977.88033138943,8224768
3977.8170936715997,8257536
3977.896892374071,8290304
3977.91508191182,8323072
3977.926508578422,8355840
3977.9305550784666,8388608
3977.927322300739,8421376
3977.875121003857,8454144
3977.7851245426664,8486912
3977.746990189062,8519680
3977.6962710901316,8552448
3977.63592065874,8585216
3977.5911889252766,8617984
3977.515933145858,8650752
3977.559896431045,8683520
3977.4608969776914,8716288
3977.437339478374,8749056
3977.4633541954095,8781824
3977.481039264772,8814592
3977.499787579161,8847360
3977.429040120481,8880128
3977.4388745298265,8912896
3977.4601554494934,8945664
3977.4173229584662,8978432
3977.3821128165205,9011200
3977.2994561370374,9043968
3977.317125563992,9076736
3977.264046303947,9109504
3977.3259681082727,9142272
3977.32105576051,9175040
3977.3576998292224,9207808
3977.332614453538,9240576
3977.3611849473664,9273344
3977.352892100048,9306112
3977.4467794453076,9338880
3977.449677738606,9371648
3977.5041013204986,9404416
3977.5375085383507,9437184
3977.491774338635,9469952
3977.5107623127155,9502720
3977.5426160750185,9535488
3977.5993112243927,9568256
3977.590641135466,9601024
3977.5897070055894,9633792
3977.6315604215,9666560
3977.621715799886,9699328
3977.626306258253,9732096
3977.6609838132254,9764864
3977.6815881703646,9797632
3977.7024219692585,9830400
3977.717383161286,9863168
3977.7165062642885,9895936
3977.7020764288745,9928704
3977.6623731721693,9961472
3977.6697819991755,9994240
3977.670906850795,10027008
3977.737686633241,10059776
3977.7511218957766,10092544
3977.7442684034986,10108928
3977.692656701016,10141696
3977.6156492131413,10174464
3977.555504163722,10207232
3977.5447963331703,10240000
