3.594428673386574,8192
3.487261012196541,8192
3.9586644619703293,8192
4.2324598878622055,8192
3.484155610203743,8192
3.9954524487257004,8192
3.5207100212574005,8192
3.7965070456266403,8192
3.624202683568001,8192
3.945828601717949,8192
3.579990565776825,8192
4.171456769108772,8192
3.682500496506691,8192
4.136333614587784,8192
3.7887301295995712,8192
4.049324989318848,8192
3.5652853548526764,8192
3.8054320961236954,8192
3.837398439645767,8192
4.0526848286390305,8192
3.7824321538209915,8192
3.548895940184593,8192
3.7414424121379852,8192
4.14256677031517,8192
4.236030951142311,8192
3.6339610815048218,8192
3.670140355825424,8192
3.6796193569898605,8192
3.886815905570984,8192
4.115292057394981,8192
3.8267716765403748,8192
3.6478374153375626,8192
4.074249044060707,8192
4.172099009156227,8192
4.694915190339088,8192
3.715723007917404,8192
3.675558418035507,8192
3.7968598306179047,8192
3.40290367603302,8192
3.730635344982147,8192
3.421875089406967,8192
3.329223021864891,8192
3.175775334239006,8192
3.6084093153476715,8192
3.7226617336273193,8192
3.377341106534004,8192
3.175269439816475,8192
3.217444196343422,8192
3.560274839401245,8192
4.19364795088768,8192
3.588932752609253,8192
3.8039274513721466,8192
4.178272932767868,8192
4.244372993707657,8192
3.846762701869011,8192
3.1707685440778732,8192
3.906378895044327,8192
4.263149946928024,8192
3.567665070295334,8192
3.9605438709259033,8192
3.3978987485170364,8192
3.95086333155632,8192
3.329204022884369,8192
3.5768184810876846,8192
3.772971034049988,8192
3.568728268146515,8192
3.2734785228967667,8192
3.9181191474199295,8192
3.7419546395540237,8192
4.047352448105812,8192
3.9154652506113052,8192
3.515379875898361,8192
3.6117766052484512,8192
3.9605487138032913,8192
4.003938287496567,8192
3.8396768271923065,8192
3.723488003015518,8192
3.9131082594394684,8192
3.958301991224289,8192
3.487972542643547,8192
3.8975324481725693,8192
3.575025126338005,8192
3.799654543399811,8192
3.7580475211143494,8192
3.686029464006424,8192
3.9929158985614777,8192
3.784547746181488,8192
3.8644179701805115,8192
3.9739027619361877,8192
3.581727296113968,8192
3.6803875118494034,8192
3.393308073282242,8192
3.6084868013858795,8192
3.0807530507445335,8192
3.3364810049533844,8192
3.3103853464126587,8192
3.7947457283735275,8192
3.884400427341461,8192
3.3817194402217865,8192
4.088747873902321,8192
4.179850220680237,8192
3.9262063801288605,8192
3.7859823554754257,8192
4.096749797463417,8192
3.8015268743038177,8192
3.725205734372139,8192
3.794778510928154,8192
3.9635159075260162,8192
3.7025265395641327,8192
3.6415454000234604,8192
4.088307544589043,8192
3.4418314695358276,8192
3.7641357630491257,8192
3.8086533546447754,8192
3.76775786280632,8192
3.4294873476028442,8192
3.724394738674164,8192
3.959311544895172,8192
3.540806472301483,8192
3.6781970411539078,8192
3.812316805124283,8192
3.427192196249962,8192
4.210526496171951,8192
4.2591385543346405,8192
3.8214515894651413,8192
3.76644991338253,8192
3.6150235682725906,8192
3.809669613838196,8192
3.297380730509758,8192
3.6070026457309723,8192
3.7061329931020737,8192
3.8550246506929398,8192
3.997451812028885,8192
3.418159857392311,8192
3.6231882870197296,8192
3.6545369774103165,8192
3.7196435034275055,8192
3.692493960261345,8192
3.3070866018533707,8192
4.322047159075737,8192
3.861916810274124,8192
4.155079275369644,8192
3.678516298532486,8192
3.9162833243608475,8192
3.4009259194135666,8192
3.353293240070343,8192
3.4372903406620026,8192
4.06581237912178,8192
3.616303950548172,8192
3.6150161176919937,8192
3.587716445326805,8192
3.5257410258054733,8192
3.1960122287273407,8192
3.925720974802971,8192
3.5719577223062515,8192
4.0505509823560715,8192
3.977784514427185,8192
3.3044595271348953,8192
4.03410941362381,8192
3.777461498975754,8192
3.575890138745308,8192
3.8118023425340652,8192
3.8059458136558533,8192
4.2507316917181015,8192
3.7214502692222595,8192
3.987341746687889,8192
3.4703604876995087,8192
3.6059536039829254,8192
4.233148694038391,8192
3.172158822417259,8192
3.5474907606840134,8192
3.8220278918743134,8192
3.68557870388031,8192
3.6650922149419785,8192
4.057052358984947,8192
3.5106223076581955,8192
3.6631181836128235,8192
3.132633864879608,8192
4.2007192969322205,8192
3.5640742629766464,8192
3.4353435039520264,8192
3.8920171558856964,8192
3.6496348679065704,8192
3.305407613515854,8192
3.885418176651001,8192
3.53953018784523,8192
3.6816544830799103,8192
4.0226273238658905,8192
3.7931621074676514,8192
3.9979755878448486,8192
3.628082200884819,8192
4.135582223534584,8192
3.551609441637993,8192
3.6794111132621765,8192
3.9038099348545074,8192
3.7643209099769592,8192
4.029363766312599,8192
4.343365132808685,8192
4.406724497675896,8192
4.219929128885269,8192
3.631886839866638,8192
3.806913271546364,8192
3.7409361451864243,8192
3.769195079803467,8192
3.4433960914611816,8192
3.549930453300476,8192
3.721359372138977,8192
3.979353979229927,8192
4.252910614013672,8192
3.5437263548374176,8192
3.7196680903434753,8192
3.2634031027555466,8192
3.884538635611534,8192
3.7557095289230347,8192
3.651505336165428,8192
3.5864297300577164,8192
3.1533684581518173,8192
3.4071549773216248,8192
3.780718520283699,8192
3.8905583322048187,8192
3.4624770283699036,8192
3.3826638013124466,8192
4.516822844743729,8192
3.571990504860878,8192
4.007954895496368,8192
3.338533639907837,8192
3.3395756036043167,8192
3.8944318890571594,8192
3.595249727368355,8192
3.5979170352220535,8192
3.666773810982704,8192
3.603912889957428,8192
3.3159349113702774,8192
4.0701523423194885,8192
3.5388819873332977,8192
4.366038367152214,8192
4.123057425022125,8192
4.25296425819397,8192
2.841242030262947,8192
3.990790620446205,8192
3.5586610436439514,8192
3.5950805991888046,8192
3.722972050309181,8192
3.3055391162633896,8192
4.071817919611931,8192
4.01296503841877,8192
3.3640552312135696,8192
3.94313745200634,8192
3.2286863774061203,8192
3.580067679286003,8192
3.7530072033405304,8192
4.156928136944771,8192
3.728596493601799,8192
3.740985691547394,8192
3.5570677369832993,8192
4.086864739656448,8192
3.0948368832468987,8192
3.8210321217775345,8192
4.181075096130371,8192
3.8821954280138016,8192
3.854912146925926,8192
3.853239119052887,8192
4.052501916885376,8192
4.066240414977074,8192
3.642190992832184,8192
3.840727359056473,8192
3.6807868629693985,8192
4.291044920682907,8192
3.2747842371463776,8192
3.5605452954769135,8192
4.243328422307968,8192
3.4537389874458313,8192
3.8853883743286133,8192
3.6717399954795837,8192
4.359626770019531,8192
3.222864121198654,8192
3.702593222260475,8192
3.4723274409770966,8192
3.523809462785721,8192
3.732718899846077,8192
3.5016048699617386,8192
3.472117707133293,8192
3.609991818666458,8192
3.474961966276169,8192
3.3174604177474976,8192
3.623747080564499,8192
3.8461539894342422,8192
3.6259837448596954,8192
3.839271143078804,8192
3.499453142285347,8192
3.63931767642498,8192
3.7320423871278763,8192
3.715796023607254,8192
3.988868370652199,8192
3.6368925124406815,8192
3.9117835462093353,8192
3.397386521100998,8192
4.132628440856934,8192
3.651685267686844,8192
3.889942914247513,8192
3.946520760655403,8192
4.124397039413452,8192
3.6152463406324387,8192
3.7813063710927963,8192
3.9974819868803024,8192
3.952569141983986,8192
3.632122650742531,8192
3.609991818666458,8192
3.854556754231453,8192
3.6552701145410538,8192
3.3572766929864883,8192
3.659116104245186,8192
3.5962145775556564,4096
