3792.569171934492,8192
3699.157488236207,16384
3726.884670257421,24576
3726.539629327989,32768
3734.7245412477123,40960
3737.348187536705,49152
3729.593811646697,57344
3730.4990045848003,65536
3731.588703540512,73728
3728.0028815792357,81920
3734.086466689339,90112
3729.0785744281466,98304
3717.594200478157,106496
3703.6039157742753,114688
3704.455317413112,122880
3706.7966396726856,131072
3705.557035788117,139264
3706.7476644537346,147456
3705.3615717161815,155648
3705.1051821619376,163840
3702.7538868881743,172032
3705.351697635713,180224
3702.479397612986,188416
3700.1671623359825,196608
3692.6782417951354,204800
3689.1288414736046,212992
3688.2499907231945,221184
3691.851600608154,229376
3691.2760514475012,237568
3686.518473893042,245760
3688.3670623909834,253952
3688.7010379850794,262144
3689.6786116201806,270336
3689.37739430641,278528
3691.4293270635635,286720
3690.6462085960193,294912
3691.047893488184,303104
3689.5361806869705,311296
3690.4007645855763,319488
3689.7109442919214,327680
3691.3910025083765,335872
3692.4905177947962,344064
3693.3474349869157,352256
3692.2437131992424,360448
3691.1938910277986,368640
3691.265353415387,376832
3689.6468000637465,385024
3687.035103840254,393216
3685.7962996476354,401408
3686.026069080492,409600
3687.5477981599424,417792
3687.6671046706047,425984
3688.321836127006,434176
3687.1383375857854,442368
3687.2833753996706,450560
3687.4507436396975,458752
3685.853041764033,466944
3687.2561454754477,475136
3687.5234663738543,483328
3688.352973502854,491520
3687.0015929211,499712
3687.028442385053,507904
3686.6434521260476,516096
3685.9965519294024,524288
3686.978099644985,532480
3684.9292768102837,540672
3685.5761054660725,548864
3685.2572980290793,557056
3684.3124990596652,565248
3683.769455631925,573440
3684.6360623887604,581632
3685.3105275427283,589824
3684.6277246655527,598016
3685.165622322223,606208
3685.282289904965,614400
3685.2374567357438,622592
3685.3690600647637,630784
3687.130984357837,638976
3687.6094412101356,647168
3688.132052591918,655360
3687.869784881786,663552
3687.558006920188,671744
3688.6801072836884,679936
3688.3060739676894,688128
3686.6092155178476,696320
3686.534281120975,704512
3685.6377655125966,712704
3687.084484569626,720896
3687.623535860725,729088
3687.0981474651726,737280
3687.346458765803,745472
3687.609953630144,753664
3687.102680836427,761856
3687.2993995073543,770048
3686.529545400345,778240
3687.4557569299027,786432
3686.44460184999,794624
3686.5024976489235,802816
3685.7525309864877,811008
3685.967645782833,819200
3685.884587463753,827392
3685.850509729654,835584
3686.3455866961294,843776
3686.5135946829796,851968
3685.9479807312373,860160
3685.7100865268953,868352
3685.961819076035,876544
3686.002933479278,884736
3686.361876357898,892928
3686.4165082478776,901120
3685.0381228944343,909312
3685.1519003966405,917504
3686.166579835936,925696
3686.1582208723726,933888
3686.9774693204486,942080
3687.014398048611,950272
3687.2583705866,958464
3687.888386386486,966656
3687.474440315242,974848
3687.56637131321,983040
3687.59098322832,991232
3687.9626491512217,999424
3688.6127762720184,1007616
3689.1691681755015,1015808
3689.2927642025393,1024000
3689.04732388494,1032192
3688.628432602967,1040384
3688.738167656827,1048576
3688.3154947276125,1056768
3686.0687663184813,1064960
3686.3220585122403,1073152
3687.3261966315213,1081344
3687.2849007248324,1089536
3687.782484654408,1097728
3688.8443731829393,1105920
3688.7351493515316,1114112
3689.4966894025993,1122304
3689.402149621536,1130496
3689.9641110289626,1138688
3690.934766143623,1146880
3690.409493115367,1155072
3690.552124599558,1163264
3691.0809406631543,1171456
3690.938059812303,1179648
3690.5241244345752,1187840
3690.7635610703123,1196032
3690.84111871099,1204224
3689.873094781823,1212416
3689.1139112872756,1220608
3689.2683607735235,1228800
3688.956310774869,1236992
3689.1026756401575,1245184
3689.3452798342573,1253376
3689.2048900964164,1261568
3689.3309381828008,1269760
3689.0220783477575,1277952
3689.1464240337555,1286144
3689.0115222732193,1294336
3688.45678509015,1302528
3688.7735057773966,1310720
3688.8325809675016,1318912
3688.400329610806,1327104
3688.147630600671,1335296
3687.6910875069802,1343488
3688.3310265779537,1351680
3688.6897282658924,1359872
3688.265412974605,1368064
3688.3156631991437,1376256
3688.0891540313396,1384448
3688.092881715645,1392640
3687.9918316125627,1400832
3688.011090927106,1409024
3688.614615400485,1417216
3687.9137988844395,1425408
3688.026789536078,1433600
3687.59026389095,1441792
3688.0602685521185,1449984
3688.0938280926243,1458176
3687.9606635068208,1466368
3688.530005080518,1474560
3688.0790892932655,1482752
3687.090166910499,1490944
3686.87858566033,1499136
3687.203845369324,1507328
3687.330740014872,1515520
3686.3232610945156,1523712
3685.8933428309338,1531904
3685.8321398167286,1540096
3686.196091096286,1548288
3686.331651076901,1556480
3686.4628145974525,1564672
3686.321542892587,1572864
3686.5164488528094,1581056
3686.5308635678307,1589248
3686.0325497989425,1597440
3686.6484389064317,1605632
3686.3278645494797,1613824
3686.6743948430653,1622016
3686.396058164484,1630208
3685.959156553996,1638400
3685.4459363043816,1646592
3685.901362693314,1654784
3685.5811408818504,1662976
3686.0749488669353,1671168
3685.8274789138795,1679360
3685.6771764346427,1687552
3685.4612970277494,1695744
3685.32847600638,1703936
3685.837764831244,1712128
3685.8976970621434,1720320
3685.9105318494508,1728512
3686.273237214246,1736704
3686.8181738527114,1744896
3686.9510062283384,1753088
3686.8033932230924,1761280
3686.739353493462,1769472
3686.41789329571,1777664
3686.429140825831,1785856
3686.5400740725786,1794048
3686.7452193316194,1802240
3686.4063723412664,1810432
3686.4327352258797,1818624
3686.1393743852254,1826816
3686.201595004453,1835008
3686.2223590820577,1843200
3686.8128483273017,1851392
3686.914877883163,1859584
3687.077888750646,1867776
3686.744514116975,1875968
3687.2486834570955,1884160
3687.161095696738,1892352
3687.2019138586247,1900544
3687.47687344647,1908736
3687.4622247579337,1916928
3687.3812746090234,1925120
3687.1971582065685,1933312
3687.1518432487906,1941504
3687.2571384550733,1949696
3687.7830349387086,1957888
3687.873571114939,1966080
3687.8424793360314,1974272
3687.681984170126,1982464
3687.3805309000563,1990656
3687.03110605146,1998848
3687.2877282539735,2007040
3687.181278662744,2015232
3687.2126317938746,2023424
3687.460566305229,2031616
3687.246889566379,2039808
3688.0077224695046,2048000
3687.3814037413645,2056192
3687.8944584263004,2064384
3687.9536444310143,2072576
3687.5483783074187,2080768
3687.5063424745595,2088960
3687.760718299922,2097152
3687.5367033514817,2105344
3687.209381142147,2113536
3686.866831209034,2121728
3687.274092429094,2129920
3686.7933245980903,2138112
3686.834827844584,2146304
3686.3767665314044,2154496
3686.0795388310107,2162688
3685.913389869385,2170880
3686.448617986608,2179072
3686.192887481083,2187264
3686.2584933620547,2195456
3686.072200406151,2203648
3685.8886767250624,2211840
3685.8380900323614,2220032
3685.5704409165696,2228224
3685.0251737332133,2236416
3685.0250411982615,2244608
3684.754560203727,2252800
3684.8882326342587,2260992
3684.374533342526,2269184
3684.2936032955217,2277376
3683.578908087867,2285568
3683.0049804814303,2293760
3683.2118380435268,2301952
3683.2019203536665,2310144
3683.0952116416092,2318336
3683.3958493568566,2326528
3683.2651202374823,2334720
3683.034209905196,2342912
3682.8130977674837,2351104
3682.8630897385624,2359296
3682.8408261323393,2367488
3683.026342086764,2375680
3682.9797105195353,2383872
3682.7631997345684,2392064
3682.704974034535,2400256
3682.333439816689,2408448
3682.248919361176,2416640
3681.953025313065,2424832
3682.307801113642,2433024
3682.2764217903346,2441216
3682.315557020663,2449408
3682.014859565248,2457600
3681.781077250872,2465792
3681.9774687782706,2473984
3681.827156397622,2482176
3681.840462950338,2490368
3681.2869923055014,2498560
3681.3285927139277,2506752
3681.455464263154,2514944
3681.197260990392,2523136
3681.1170672659923,2531328
3681.300237376654,2539520
3681.304912398616,2547712
3681.31320326018,2555904
3681.389072945174,2560000
