2735.056924332002,8192
2744.756290620801,16384
2741.5084588514324,24576
2744.803735095719,32768
2747.123100602381,40960
2727.6949909795917,49152
2734.220143497906,57344
2725.884251816691,65536
2724.4726162956135,73728
2730.3104533549667,81920
2722.4251176758016,90112
2728.181483564791,98304
2729.112735412857,106496
2728.0405255828305,114688
2726.472941950241,122880
2720.163899480528,131072
2722.5028205581407,139264
2720.5971120608997,147456
2722.2038753537777,155648
2725.828198392951,163840
2723.0106422216954,172032
2725.8555824512146,180224
2725.655376024952,188416
2725.074703162754,196608
2723.646812498927,204800
2724.2454557134965,212992
2724.158245027585,221184
2725.0711839109827,229376
2723.0041394058117,237568
2724.612377375022,245760
2726.721196528344,253952
2725.63380755101,262144
2723.3444835374544,270336
2723.2025587859166,278528
2720.2008131021344,286720
2718.0703523976813,294912
2717.8787625868654,303104
2718.7099980396897,311296
2717.2875709671275,319488
2718.357949084291,327680
2719.1239448357223,335872
2717.262065183557,344064
2718.067746011643,352256
2716.7999604828287,360448
2716.2749933823957,368640
2716.01627251295,376832
2714.3862562710005,385024
2713.3880548190614,393216
2712.0751508961803,401408
2710.5670861920325,409600
2711.9127743318395,417792
2712.2423633789786,425984
2714.2883957868007,434176
2712.333797584187,442368
2713.2250123079775,450560
2713.0068403808136,458752
2713.677103953229,466944
2712.4637038862525,475136
2711.650706595856,483328
2711.549322171325,491520
2713.700608232796,499712
2713.4518513074195,507904
2714.3412963910296,516096
2714.5602140947626,524288
2715.141391450176,532480
2716.141881956723,540672
2714.769416485322,548864
2714.942405207576,557056
2714.5762526065237,565248
2714.211142359935,573440
2714.5203929732197,581632
2714.2985078266197,589824
2714.0652744030954,598016
2713.7388105431824,606208
2713.749646920243,614400
2713.788190048012,622592
2713.6143564244776,630784
2712.9159650758606,638976
2713.5821305490776,647168
2712.022174663728,655360
2711.6153936141604,663552
2711.180392170473,671744
2711.6907365169873,679936
2711.2320772982616,688128
2711.6102317643276,696320
2710.68419334889,704512
2711.4512322994383,712704
2711.376738055655,720896
2709.3572375786234,729088
2709.654365009881,737280
2710.045872557029,745472
2710.5281620179876,753664
2709.858346506292,761856
2710.0328488658715,770048
2710.117226356138,778240
2710.0313131805183,786432
2709.9022936630995,794624
2709.904732851632,802816
2709.7017776437633,811008
2709.839325960871,819200
2709.1991942119503,827392
2709.530043447979,835584
2708.9189325832062,843776
2708.988948516028,851968
2708.6681829430986,860160
2707.749775152265,868352
2708.1857919394,876544
2707.05788666228,884736
2707.95906132023,892928
2707.987919472927,901120
2708.1624095192824,909312
2708.1582459702813,917504
2708.055135495106,925696
2707.94431199285,933888
2708.042985266341,942080
2708.300982525532,950272
2707.3539046453216,958464
2707.7350191862242,966656
2707.728421113762,974848
2707.7752684920865,983040
2707.122493323263,991232
2707.6572182823734,999424
2707.679462644745,1007616
2707.5826813411027,1015808
2707.447543870542,1024000
2707.4052332839433,1032192
2707.06036046384,1040384
2707.3109787831554,1048576
2707.0882379158197,1056768
2707.406467371135,1064960
2707.768179809095,1073152
2707.287500407217,1081344
2706.8202271666646,1089536
2706.815878348358,1097728
2706.605470908715,1105920
2706.4913198401637,1114112
2706.379584078165,1122304
2706.128433435902,1130496
2706.035606927852,1138688
2705.5871731439333,1146880
2705.7160519388135,1155072
2705.4485075229363,1163264
2705.239341594471,1171456
2705.5650371042716,1179648
2705.5707778084748,1187840
2705.425394096471,1196032
2705.1087144212843,1204224
2704.9095892283995,1212416
2704.6507266246817,1220608
2704.0986292014095,1228800
2703.454785593749,1236992
2703.1009365022314,1245184
2703.2769377695436,1253376
2703.274472969827,1261568
2703.7232597738002,1269760
2703.1207853220094,1277952
2702.9156834213745,1286144
2702.5279287316166,1294336
2702.6636446663283,1302528
2702.881467937321,1310720
2702.9461453791455,1318912
2702.5474712500277,1327104
2702.549649446535,1335296
2701.848007864843,1343488
2701.5088623900733,1351680
2701.091955908307,1359872
2701.217003119051,1368064
2701.1332296232135,1376256
2700.7346132068824,1384448
2701.0217628592995,1392640
2701.056038918559,1400832
2700.831337278245,1409024
2700.651792489534,1417216
2700.7680722720465,1425408
2700.9878857221693,1433600
2700.9356378200478,1441792
2700.546373609987,1449984
2700.2715309651035,1458176
2700.3705503438737,1466368
2700.124762093956,1474560
2699.7583371627975,1482752
2699.7823510115195,1490944
2699.809873277795,1499136
2699.62036330122,1507328
2699.626891221954,1515520
2699.821229976282,1523712
2699.340256609382,1531904
2699.291850500318,1540096
2699.340185228751,1548288
2698.725492862485,1556480
2698.9186181561226,1564672
2698.5925539633627,1572864
2698.6831023689138,1581056
2698.72198868764,1589248
2698.3701678025373,1597440
2697.831347992371,1605632
2697.6948490685227,1613824
2697.145151276483,1622016
2697.1190148888154,1630208
2697.3974617355457,1638400
2697.5932793237416,1646592
2697.430517584109,1654784
2697.143987407348,1662976
2696.92150636149,1671168
2696.5698935470305,1679360
2696.506821430524,1687552
2695.9767301429224,1695744
2695.5646252935826,1703936
2695.9870028791534,1712128
2695.8921713807576,1720320
2695.7587099724856,1728512
2695.7708316575086,1736704
2695.56215565258,1744896
2695.554696284506,1753088
2695.610252710084,1761280
2695.797063797048,1769472
2695.468814516877,1777664
2695.327975830245,1785856
2695.403038391092,1794048
2695.350470655598,1802240
2695.247128425673,1810432
2695.4437018245244,1818624
2695.731259826228,1826816
2695.54794101491,1835008
2695.75866535107,1843200
2695.8467715640736,1851392
2695.7653835121905,1859584
2695.5216904815734,1867776
2695.2368379799727,1875968
2695.4994606290384,1884160
2695.5697801894103,1892352
2695.360803688742,1900544
2695.4678329447593,1908736
2695.4768984661728,1916928
2695.3933244122813,1925120
2695.5673766588798,1933312
2695.5341856782625,1941504
2695.5226492170154,1949696
2695.500867647566,1957888
2695.07333485306,1966080
2695.4850146207705,1974272
2695.609846817706,1982464
2695.6128987298534,1990656
2695.2425620869917,1998848
2694.875251653095,2007040
2694.9757854536037,2015232
2694.7843140780033,2023424
2694.568682009946,2031616
2694.454233633561,2039808
2694.2197300561666,2048000
2693.9194113371386,2056192
2693.4881979583383,2064384
2693.239736091681,2072576
2693.4097850055023,2080768
2693.267004309979,2088960
2693.0223280293853,2097152
2693.1781173298805,2105344
2693.275562943619,2113536
2693.1429151745356,2121728
2693.0669617485673,2129920
2692.968463665807,2138112
2692.7367066509582,2146304
2692.79858540693,2154496
2692.582081165391,2162688
2692.6027735133075,2170880
2692.81101880458,2179072
2692.4991495072904,2187264
2692.513504368023,2195456
2692.3584648260717,2203648
2692.1167616885828,2211840
2692.126184865654,2220032
2692.447007566448,2228224
2692.3984521007637,2236416
2691.972120686186,2244608
2691.9336305941492,2252800
2692.047055956379,2260992
2691.75520462645,2269184
2691.8030972017928,2277376
2691.63080160814,2285568
2691.4043058163124,2293760
2691.2038365939675,2301952
2690.7552523595195,2310144
2690.7120287580497,2318336
2690.7576755937152,2326528
2690.971667217298,2334720
2690.6979541592623,2342912
2690.5227212412065,2351104
2690.5612873921705,2359296
2690.477374122592,2367488
2690.864041906324,2375680
2690.794576171735,2383872
2690.515757967554,2392064
2690.5622631434508,2400256
2690.5013040630115,2408448
2690.564014030605,2412544
2690.2610189249817,2420736
2690.1976161989132,2428928
2690.2222235996555,2437120
2690.061183206711,2445312
2689.6530784684383,2453504
2689.5483588611587,2461696
2689.6971091683004,2469888
2689.8670851908496,2478080
2689.7497220900696,2486272
2689.2678003261094,2494464
2689.1870530454985,2502656
2689.046483473818,2510848
2688.9930112126203,2519040
2688.9564034376053,2527232
2688.9780896547722,2535424
2688.992347772221,2543616
2688.9828583178078,2551808
2688.732525864215,2560000
