2867.114716061828,8192
2894.7734085252937,16384
2895.195361834115,24576
2881.161242040315,32768
2871.5282518560907,40960
2868.5920708494396,49152
2871.775001554163,57344
2876.2227294519853,65536
2880.9461288823873,73728
2877.962578920619,81920
2877.6090786544255,90112
2875.790628312264,98304
2873.63531232043,106496
2874.540403573142,114688
2872.8578288031867,122880
2874.6864711897742,131072
2879.1532800416867,139264
2878.413222929863,147456
2881.067334052085,155648
2879.992955326856,163840
2877.706639645724,172032
2879.9719565866994,180224
2880.526730047633,188416
2883.442326120313,196608
2883.7383940647296,204800
2882.359404457856,212992
2880.439516969048,221184
2879.0881205496958,229376
2877.810146654215,237568
2873.1885381631796,245760
2877.7171345513952,253952
2878.216966735699,262144
2879.501231322778,270336
2880.863516984122,278528
2881.6960018469845,286720
2882.2342237162193,294912
2883.0470988401203,303104
2881.985142432803,311296
2883.892127162179,319488
2883.6919788282025,327680
2884.9536288784884,335872
2884.7772279329943,344064
2884.864989959234,352256
2886.546338011689,360448
2886.2985540686373,368640
2886.7184355136087,376832
2886.153766323563,385024
2883.993955945292,393216
2884.2122519322725,401408
2885.536560701829,409600
2885.7870838360795,417792
2886.5646140369204,425984
2887.043477050299,434176
2886.6103627601688,442368
2885.948398748047,450560
2884.929142237576,458752
2885.696923404432,466944
2886.9332437359985,475136
2886.3008390811115,483328
2886.0928894903923,491520
2885.750488466968,499712
2885.6222309917393,507904
2886.0970060679115,516096
2885.9075734017,524288
2885.518262993647,532480
2883.9285463473943,540672
2883.8039722765793,548864
2884.907503421488,557056
2884.054691893991,565248
2883.8408467269574,573440
2883.4507492076086,581632
2883.845782438633,589824
2883.548876720815,598016
2884.0540516847987,606208
2883.2413936195,614400
2883.472089340064,622592
2882.3026825490797,630784
2882.0943481725503,638976
2882.940924750398,647168
2881.962631243001,655360
2882.1510169707344,663552
2882.3778289122415,671744
2882.0738718810007,679936
2881.7159198186037,688128
2882.0390321964874,696320
2882.0428979961084,704512
2882.278666847438,712704
2881.6630356876535,720896
2882.2013337198814,729088
2881.6942744078365,737280
2881.435182341764,745472
2881.2740936492187,753664
2882.0176401856097,761856
2882.0311705267327,770048
2881.3259526555344,778240
2881.2932057116955,786432
2881.557598722226,794624
2881.184968997407,802816
2881.0458171092428,811008
2880.295643831573,819200
2880.941771901456,827392
2881.23857572099,835584
2881.9585590981196,843776
2881.381343016182,851968
2881.6389314698995,860160
2882.4483618684535,868352
2882.628486875534,876544
2882.4313615191595,884736
2882.083992687274,892928
2882.513778583199,901120
2882.229663167887,909312
2882.4562344513924,917504
2882.0134770216428,925696
2882.3197043243745,933888
2881.6382714599845,942080
2882.2235974861223,950272
2881.6565703200013,958464
2881.133631386187,966656
2881.36029766083,974848
2881.800356796115,983040
2882.4162414477,991232
2882.4305543321875,999424
2883.0211147553036,1007616
2883.1122411066667,1015808
2883.452557927408,1024000
2883.825578542446,1032192
2883.4474176151284,1040384
2883.611139824904,1048576
2883.576863467526,1056768
2884.060196169919,1064960
2883.0644696775544,1073152
2882.327216389966,1081344
2882.223448185321,1089536
2882.439595886696,1097728
2881.7476917256836,1105920
2881.2653732718045,1114112
2881.424578493977,1122304
2881.47859276283,1130496
2881.65515931675,1138688
2880.862681796043,1146880
2881.0439585226586,1155072
2880.774506516777,1163264
2880.5967936617794,1171456
2880.2497925510665,1179648
2880.736506612628,1187840
2880.609239883532,1196032
2880.491101046956,1204224
2880.782568481441,1212416
2880.888890194129,1220608
2880.574775361256,1228800
2880.6838409804504,1236992
2880.35216111243,1245184
2880.4628097181726,1253376
2880.9539996626436,1261568
2880.7892045325616,1269760
2880.4670937450956,1277952
2880.4902779675062,1286144
2880.7669712319557,1294336
2881.180313919791,1302528
2881.062756228882,1310720
2881.3908176555738,1318912
2881.174670979908,1327104
2881.170397507915,1335296
2880.6382986451745,1343488
2880.4174615011916,1351680
2879.8422930662755,1359872
2879.5255910984574,1368064
2879.2103645487473,1376256
2878.581006837646,1384448
2878.7152977134415,1392640
2878.1299289197054,1400832
2878.2265598734934,1409024
2878.7580701494053,1417216
2878.8428372138223,1425408
2878.731474601069,1433600
2879.2432987120606,1441792
2878.8164363742035,1449984
2879.0164464487925,1458176
2878.8420534400293,1466368
2878.696215303686,1474560
2878.648921335504,1482752
2878.1924561408214,1490944
2877.8657750316356,1499136
2877.969792556931,1507328
2877.9130608665955,1515520
2877.6422176986985,1523712
2877.5129049551115,1531904
2877.8787328806343,1540096
2877.891841439481,1548288
2877.8013503414504,1556480
2877.287974719818,1564672
2877.19623767068,1572864
2877.260690393039,1581056
2877.228610340955,1589248
2877.307279488301,1597440
2876.8080023206994,1605632
2876.9657238716145,1613824
2876.6367413862217,1622016
2876.47826866368,1630208
2876.738277549574,1638400
2876.4020078707617,1646592
2876.038358237831,1654784
2876.151808085306,1662976
2876.058908307659,1671168
2875.8390891107483,1679360
2875.2762376367623,1687552
2875.3033454685656,1695744
2875.4708886304165,1703936
2875.3109874356346,1712128
2874.9934841890536,1720320
2874.6123915621893,1728512
2874.705582649393,1736704
2874.686797388207,1744896
2874.448568965749,1753088
2874.1499785480373,1761280
2874.4883750242534,1769472
2874.3474052260835,1777664
2874.512895637846,1785856
2874.7388878787133,1794048
2874.535275959724,1802240
2874.184818946777,1810432
2874.164909070868,1818624
2873.7952978361154,1826816
2873.282528323992,1835008
2873.0844106886198,1843200
2873.0856473470444,1851392
2873.048115199097,1859584
2873.0877756667905,1867776
2872.7966009637594,1875968
2872.444415237216,1884160
2872.2025492032826,1892352
2872.0856998615304,1900544
2871.9621527939735,1908736
2871.6097457047626,1916928
2871.4995268539747,1925120
2871.9615725400085,1933312
2872.132533128116,1941504
2871.700509995763,1949696
2871.5818181568407,1957888
2871.329466258756,1966080
2871.0765151178243,1974272
2871.0816017193383,1982464
2870.8629212389046,1990656
2870.7415608636306,1998848
2870.719205355927,2007040
2870.9335418227793,2015232
2871.180634942764,2023424
2870.946078694189,2031616
2870.7926665725136,2039808
2870.749855816866,2048000
2870.633218467522,2056192
2870.780577129527,2064384
2870.7356220951237,2072576
2870.84831469891,2080768
2870.776636606714,2088960
2870.7244116549614,2097152
2870.5551635517786,2105344
2870.5060838838317,2113536
2870.3538636570297,2121728
2869.9386488449395,2129920
2869.5158074131646,2138112
2869.195198299869,2146304
2868.953795836472,2154496
2869.0683350622176,2162688
2868.9956601033928,2170880
2868.9978182907253,2179072
2869.098661134849,2187264
2869.0939562498743,2195456
2868.7942979256127,2203648
2868.766431592856,2211840
2868.705022594324,2220032
2868.8027293591604,2228224
2868.225580263007,2236416
2868.4158813720655,2244608
2868.3477200124585,2252800
2868.537892555584,2260992
2868.3199192119328,2269184
2867.89015544731,2277376
2867.5720508981685,2285568
2868.021634253863,2293760
2867.906383894791,2301952
2867.972118023151,2310144
2867.9138450228675,2318336
2867.6679488108443,2326528
2867.6371336665,2334720
2867.5905321983428,2342912
2867.5721846411548,2351104
2867.430553869303,2359296
2867.404234664365,2367488
2867.379719078703,2375680
2867.1810304972914,2383872
2866.9526435129183,2392064
2866.798791901401,2400256
2866.4844701996503,2408448
2866.3501658426126,2416640
2866.061481358295,2424832
2866.1907151545465,2433024
2865.9309241898864,2441216
2865.8211155224067,2449408
2865.610333371561,2457600
2865.621708215981,2465792
2865.4113905874547,2473984
2865.017265185531,2482176
2864.837437132634,2490368
2864.8750706939254,2498560
2865.244412719444,2506752
2865.3538419567994,2514944
2865.136764319615,2523136
2865.2215730998355,2531328
2865.314713667037,2539520
2865.225989870943,2547712
2865.2087190146317,2555904
2864.836382382796,2560000
