4001.826148309454,8192
4028.7765886583884,16384
4042.434162938512,24576
4040.2540123500303,32768
4055.776243722362,40960
4050.466660121158,49152
4049.925808618542,57344
4060.9512009393675,65536
4060.9572791273763,73728
4069.9341663681976,81920
4068.3086113916133,90112
4063.5259930737925,98304
4057.183685628077,106496
4053.5839640336235,114688
4056.454470407196,122880
4051.1838411622853,131072
4050.882541200951,139264
4054.289441675785,147456
4052.633844587046,155648
4054.1257643440135,163840
4054.0769754167063,172032
4054.6238466863515,180224
4054.1158464160867,188416
4054.714453633592,196608
4054.230774836144,204800
4056.684287820502,212992
4056.9835487583127,221184
4053.438723047859,229376
4050.680875028587,237568
4049.5049306343967,245760
4049.6713491044343,253952
4050.152173911733,262144
4051.4741050648986,270336
4052.6646741047066,278528
4051.183903254414,286720
4050.307428978337,294912
4049.1739507394727,303104
4049.165774387165,311296
4049.886237816604,319488
4050.406239534765,327680
4049.955496031744,335872
4051.344076508383,344064
4052.2507652462464,352256
4052.6321479179464,360448
4052.7976018217764,368640
4052.812354385829,376832
4050.8767294484096,385024
4051.83521691375,393216
4050.8520807557047,401408
4050.2497811225553,409600
4049.5198860933306,417792
4050.541416399245,425984
4049.0366587582985,434176
4047.754148103011,442368
4047.772065111338,450560
4048.2830737200557,458752
4047.9869768848257,466944
4048.2959563572613,475136
4049.066671334812,483328
4047.9349185614788,491520
4048.4295529367346,499712
4048.7322903766367,507904
4049.8513218920075,516096
4050.1652099583193,524288
4050.46132150102,532480
4049.0019775002884,540672
4048.4720786120133,548864
4049.39973284662,557056
4047.9096888923364,565248
4048.1469434321525,573440
4047.948345747635,581632
4048.0571346025968,589824
4047.7121234190886,598016
4048.948366923446,606208
4049.4412096397755,614400
4049.551900526235,622592
4050.2904873137213,630784
4050.5909657890334,638976
4050.669724358877,647168
4051.2712057237222,655360
4050.6614990752882,663552
4050.9444696320484,671744
4051.5133962571254,679936
4052.100781131294,688128
4052.2443060452724,696320
4052.083335805412,704512
4052.6355069822976,712704
4052.585901245159,720896
4051.689675109222,729088
4051.939866451112,737280
4052.579957744036,745472
4052.5919257518876,753664
4052.660903301585,761856
4052.513337895603,770048
4052.9434546688517,778240
4053.241320313023,786432
4053.0315055744554,794624
4052.6881444115784,802816
4052.805066448502,811008
4052.8532503201714,819200
4053.0297163527666,827392
4052.8827070520397,835584
4052.418788856146,843776
4052.1556490380976,851968
4051.873616899319,860160
4052.270722129039,868352
4052.0142943099936,876544
4051.8057440759403,884736
4051.6649808437273,892928
4052.553322471898,901120
4052.2617232570583,909312
4052.3004804183006,917504
4052.4103728175487,925696
4052.3909399634263,933888
4051.8672214266426,942080
4051.7009100456935,950272
4051.020914526518,958464
4050.5436009261825,966656
4050.1226613985687,974848
4050.0048534078987,983040
4050.1652059680914,991232
4050.2976069626716,999424
4050.728163040982,1007616
4050.713836608505,1015808
4050.982029950011,1024000
4050.569486176176,1032192
4050.7574419990056,1040384
4050.472866802104,1048576
4050.400258985543,1056768
4050.5126379164676,1064960
4050.5380837160055,1073152
4050.8727161631405,1081344
4050.642577425559,1089536
4050.072113760795,1097728
4050.1287627794977,1105920
4050.0440814250605,1114112
4050.0897325704896,1122304
4050.1247584659623,1130496
4049.7642656540866,1138688
4050.5017200176594,1146880
4050.3983215521666,1155072
4050.602224007168,1163264
4050.468825645416,1171456
4050.3589584524975,1179648
4050.2514353894594,1187840
4049.893988144615,1196032
4049.911673113259,1204224
4049.8792486618295,1212416
4049.7377966096524,1220608
4050.4262551624875,1228800
4050.549541184411,1236992
4051.0673910532473,1245184
4051.3607252856254,1253376
4051.3113107733006,1261568
4051.6610267671053,1269760
4051.00179591937,1277952
4050.821657906576,1286144
4051.0815236279686,1294336
4050.996813022211,1302528
4051.1641614561227,1310720
4051.2974008509777,1318912
4051.015218558989,1327104
4050.8611813027264,1335296
4050.6355837693127,1343488
4050.771706102256,1351680
4051.4527160496827,1359872
4051.7832688814055,1368064
4051.6279046794198,1376256
4051.8690363006262,1384448
4051.9750487852834,1392640
4051.6180249492872,1400832
4051.5317797771027,1409024
4051.679728170601,1417216
4051.0518317289275,1425408
4051.2549924628574,1433600
4051.2892987959144,1441792
4051.1665358941286,1449984
4051.053555607902,1458176
4050.3379840211287,1466368
4050.0224809450374,1474560
4050.6170107874013,1482752
4050.8808243522126,1490944
4050.7338266234506,1499136
4050.4938539478167,1507328
4050.209365800047,1515520
4049.715555484564,1523712
4049.4851013987573,1531904
4049.3874248610628,1540096
4049.452018742212,1548288
4049.497274576728,1556480
4049.2632787303387,1564672
4049.623324008143,1572864
4049.726342789439,1581056
4049.81187775763,1589248
4050.068937329479,1597440
4050.0089279640247,1605632
4050.0685177540727,1613824
4050.2800196912463,1622016
4050.1500922242053,1630208
4049.981801468726,1638400
4049.8687637688145,1646592
4050.024989807754,1654784
4049.80185509118,1662976
4049.5872809985985,1671168
4049.4822270696914,1679360
4049.5024310177946,1687552
4049.2654340703953,1695744
4049.2512841969556,1703936
4049.1934245416337,1712128
4049.2087330589598,1720320
4048.9061197505425,1728512
4049.072923880018,1736704
4048.9755845612117,1744896
4049.1171582115494,1753088
4049.1411042725917,1761280
4049.047302416754,1769472
4049.0500132418206,1777664
4048.981262493947,1785856
4048.865605947296,1794048
4048.901242256671,1802240
4048.650388538594,1810432
4048.9760228337746,1818624
4048.7933080220873,1826816
4048.8175462189056,1835008
4049.0409359978817,1843200
4049.023559208792,1851392
4048.960577015596,1859584
4048.92544863841,1867776
4048.792375586558,1875968
4048.7590576473904,1884160
4048.6450450592365,1892352
4049.105597877786,1900544
4049.346134155682,1908736
4049.5408102370793,1916928
4049.402169556692,1925120
4049.1982423209092,1933312
4049.3116850008832,1941504
4049.550062212802,1949696
4049.3498136000335,1957888
4049.279481890151,1966080
4049.1874306106815,1974272
4049.2728025216966,1982464
4049.163118450313,1990656
4049.1177822284994,1998848
4048.974042293725,2007040
4048.8608437241573,2015232
4048.923916602631,2023424
4048.8804655634967,2031616
4049.0345728025914,2039808
4048.9449513794425,2048000
4049.042269101407,2056192
4048.8622496661687,2064384
4049.1325686644905,2072576
4049.312275633477,2080768
4049.4144796815035,2088960
4049.2263145590646,2097152
4049.355824127318,2105344
4049.2819040560175,2113536
4049.367855071531,2121728
4049.3306385171954,2129920
4049.2490835566996,2138112
4049.43437525537,2146304
4049.4341565114732,2154496
4049.6837526649265,2162688
4049.9096327542616,2170880
4049.8880423701917,2179072
4050.0118053463184,2187264
4050.067617179992,2195456
4049.926333712266,2203648
4049.8778508620635,2211840
4049.9663600249264,2220032
4049.918895413695,2228224
4049.9104867355254,2236416
4049.836734816772,2244608
4050.13162181361,2252800
4050.017421574199,2260992
4050.0130591264865,2269184
4049.824462945633,2277376
4049.96962521265,2285568
4049.9047452886107,2293760
4050.0569761331253,2301952
4049.8890855324235,2310144
4049.7749298218887,2318336
4049.7603912703316,2326528
4049.7436510641305,2334720
4049.6747816676257,2342912
4049.610712883935,2351104
4049.441920327158,2359296
4049.193609052022,2367488
4049.1396060983407,2375680
4049.145769133366,2383872
4049.2037702549615,2392064
4049.2761113115953,2400256
4049.23360778849,2408448
4049.070964791365,2416640
4049.0692346993496,2420736
4049.0305894518724,2428928
4049.223208234438,2437120
4049.2291822657157,2445312
4049.3252956830056,2453504
4049.0746740890218,2461696
4049.1038659650626,2469888
4049.1327756870696,2478080
4049.309204874622,2486272
4049.188352093045,2494464
4049.2463690278983,2502656
4049.0971564825127,2510848
4049.264573189211,2519040
4049.167801695303,2527232
4049.0222010465927,2535424
4049.120458859129,2543616
4049.09651356157,2551808
4049.0576958262322,2560000
