4017.760889906492,8192
4028.985990771578,16384
4058.2145204069466,24576
4050.570313945708,32768
4047.917353726958,40960
4036.6241099310664,49152
4036.511647460719,57344
4034.825292486265,65536
4038.2453412949076,73728
4037.0664560486134,81920
4032.199643024894,90112
4033.5321212652593,98304
4032.8371163878633,106496
4027.5242454563854,114688
4024.2617873176864,122880
4025.4463495210894,131072
4027.483124945681,139264
4029.22955982619,147456
4027.8036334605927,155648
4026.704478879968,163840
4025.53933123633,172032
4024.922321313558,180224
4021.26769942761,188416
4021.1231191227203,196608
4020.753131430134,204800
4022.551962127585,212992
4024.5680866439116,221184
4025.518673525426,229376
4027.620402711464,237568
4029.164919732061,245760
4028.2227387622693,253952
4029.8005292024304,262144
4029.7354915183205,270336
4028.438607453438,278528
4027.816716710666,286720
4027.665829498148,294912
4028.075303250516,303104
4029.201976540222,311296
4029.920329693855,319488
4030.137128273246,327680
4031.0118350588073,335872
4030.946152560139,344064
4033.0234080837977,352256
4033.5954170667883,360448
4033.148070323014,368640
4033.0203785776907,376832
4033.1090909356167,385024
4032.5016643058734,393216
4033.2629414319845,401408
4032.7670899712434,409600
4032.4271452616354,417792
4032.9929568944335,425984
4033.320414484397,434176
4032.128115237645,442368
4031.209397999158,450560
4030.489998807041,458752
4030.9551320276587,466944
4031.322811190074,475136
4032.1053220849653,483328
4033.0762518124625,491520
4033.1047214543087,499712
4032.676264627659,507904
4032.684781453621,516096
4032.6435167993727,524288
4032.0419576025306,532480
4031.5690458806316,540672
4031.4330141114856,548864
4031.3185143210976,557056
4031.6552129589613,565248
4030.548808990453,573440
4031.2425904528686,581632
4031.5937556174877,589824
4031.102281156536,598016
4031.3791293243294,606208
4031.5373694816885,614400
4031.6567966651946,622592
4031.3903413609796,630784
4031.778862017646,638976
4031.4062489344847,647168
4031.48870775694,655360
4031.4841676587503,663552
4031.23251171429,671744
4031.2170869282245,679936
4030.938098033333,688128
4031.413838043222,696320
4032.3631248404627,704512
4032.9541001353073,712704
4033.205516727742,720896
4032.5366033727605,729088
4032.9173410761077,737280
4032.920588416877,745472
4032.819587481271,753664
4032.204037239139,761856
4031.848651645896,770048
4031.643683596382,778240
4031.3005447892924,786432
4031.7095260021706,794624
4032.0696290448427,802816
4032.3374196451587,811008
4032.0641506999164,819200
4033.4442961339955,827392
4033.391720035316,835584
4033.9420931893446,843776
4033.189485757851,851968
4033.725265659072,860160
4033.7908729587025,868352
4033.7998516090674,876544
4033.4167582527557,884736
4033.3692231202285,892928
4032.2871444225875,901120
4031.754032108438,909312
4032.263844948631,917504
4032.8422636082396,925696
4032.7099274678094,933888
4032.5095368378206,942080
4032.433182815007,950272
4032.2273228667,958464
4032.510469214904,966656
4032.644994333036,974848
4033.27728703144,983040
4033.4446659683854,991232
4033.5022308117736,999424
4033.562988612637,1007616
4033.468434463177,1015808
4033.165226610367,1024000
4032.629138843962,1032192
4033.2762799930156,1040384
4033.613082586473,1048576
4033.9401877523205,1056768
4034.017748955945,1064960
4034.2179156229563,1073152
4034.1524163179297,1081344
4034.7153645687767,1089536
4034.538037621207,1097728
4034.626577807017,1105920
4034.604354981425,1114112
4034.578328168438,1122304
4034.760178300938,1130496
4034.470182769688,1138688
4034.1607720587413,1146880
4034.3248599424614,1155072
4034.0837235548374,1163264
4034.1842259025298,1171456
4034.0493987866803,1179648
4033.5837731694196,1187840
4033.265602849615,1196032
4033.479524201824,1204224
4033.248230973612,1212416
4033.440344234641,1220608
4033.7321020849627,1228800
4033.7693229424317,1236992
4033.637045778941,1245184
4033.7299659430782,1253376
4033.3982641576868,1261568
4033.300334675429,1269760
4032.9059260953027,1277952
4033.083530687669,1286144
4033.0950116137237,1294336
4033.275103757978,1302528
4033.2067296440036,1310720
4033.479008815429,1318912
4033.478078204161,1327104
4033.4144807734433,1335296
4033.4167930004132,1343488
4033.8470480998426,1351680
4033.463600034646,1359872
4033.3384791768644,1368064
4033.640516555821,1376256
4033.757397095924,1384448
4033.693617007174,1392640
4033.7884395038277,1400832
4033.8634633899765,1409024
4033.8235897659742,1417216
4033.849794045945,1425408
4033.3842797307652,1433600
4033.6273494761977,1441792
4033.556135895886,1449984
4033.5689674029913,1458176
4033.7999146768084,1466368
4033.857477693582,1474560
4033.7150444197855,1482752
4033.7047392598975,1490944
4033.6965437398158,1499136
4034.022414097324,1507328
4034.095750655645,1515520
4034.2169704487496,1523712
4034.239457399019,1531904
4034.107383570879,1540096
4034.251656315277,1548288
4034.283204058616,1556480
4034.529057159594,1564672
4034.5180526389695,1572864
4034.6951011753035,1581056
4034.489422666081,1589248
4034.1906667686053,1597440
4034.395360615136,1605632
4034.2814921081836,1613824
4034.5135121385815,1622016
4034.528011359214,1630208
4034.5505995957556,1638400
4034.270999512074,1646592
4034.5962293315124,1654784
4034.289703333852,1662976
4033.8283639071105,1671168
4033.5211441804245,1679360
4033.333854266232,1687552
4033.2646096171306,1695744
4033.118458367048,1703936
4033.412305529612,1712128
4033.4559394826174,1720320
4033.5821283630967,1728512
4033.500477035976,1736704
4033.848915599582,1744896
4033.8533135228445,1753088
4034.343851566412,1761280
4034.320303815447,1769472
4034.256619999984,1777664
4034.295970510357,1785856
4034.12298938008,1794048
4034.215628584818,1802240
4033.970022082971,1810432
4033.975760970233,1818624
4033.6028800244826,1826816
4033.6554571997617,1835008
4033.6708604319206,1843200
4033.765430613357,1851392
4033.8905050438825,1859584
4033.842229258693,1867776
4033.377434104069,1875968
4033.538409749168,1884160
4033.7808639964096,1892352
4034.0537609410103,1900544
4033.952735114911,1908736
4033.8474459495487,1916928
4034.0814967437254,1925120
4034.0606337502504,1933312
4033.911547962035,1941504
4033.5406712390172,1949696
4033.871801885662,1957888
4033.8639427729167,1966080
4033.6040914593345,1974272
4033.4824485857334,1982464
4033.1104019890736,1990656
4032.876332090602,1998848
4032.6246276446404,2007040
4032.7985674456277,2015232
4032.7147620837814,2023424
4032.59162558573,2031616
4032.723272677821,2039808
4032.420554322994,2048000
4032.2802148885676,2056192
4032.016144240461,2064384
4032.0319686038083,2072576
4032.242040423297,2080768
4032.250883889367,2088960
4032.244336549592,2097152
4032.298574667605,2105344
4032.26159138028,2113536
4032.1635606246587,2121728
4032.0858233254025,2129920
4032.3518066122924,2138112
4032.3707244902134,2146304
4032.535092487333,2154496
4032.5435738400597,2162688
4032.4125746053064,2170880
4032.201694521516,2179072
4032.146461041479,2187264
4032.2688439556396,2195456
4032.157133262242,2203648
4031.80204384315,2211840
4031.8711109714673,2220032
4032.033903220671,2224128
4032.1535600031734,2232320
4032.092251751639,2240512
4032.2884213491725,2248704
4032.2189430591,2256896
4032.206793980452,2265088
4032.450657223835,2273280
4032.383689436948,2281472
4032.3919391345817,2289664
4032.4837606212113,2297856
4032.428371955436,2306048
4032.5348797748306,2314240
4032.728585245163,2322432
4032.823482483961,2330624
4032.8274865999565,2338816
4032.9918303858663,2347008
4033.24131635422,2355200
4033.315746544706,2363392
4033.1582403596262,2371584
4033.2132172880465,2379776
4033.0956098437287,2387968
4033.1287533470777,2396160
4033.0193794976635,2404352
4032.8407780632997,2412544
4032.8232301166245,2420736
4032.910220735912,2428928
4032.6483424687435,2437120
4032.763291054119,2445312
4032.866880994719,2453504
4032.947219309483,2461696
4032.9683961669557,2469888
4032.9800243489326,2478080
4032.8291280348567,2486272
4032.623226986791,2494464
4032.622563657906,2502656
4032.655080377006,2510848
4033.003184835426,2519040
4033.107693762335,2527232
4033.0253923760047,2535424
4033.1426594793325,2543616
4033.239469610847,2551808
4033.2179185449386,2560000
