4104.86905685061,8192
4055.405716821457,16384
4059.6609484363657,24576
4059.055411714036,32768
4062.0292479861087,40960
4068.745469719212,49152
4065.145352433223,57344
4062.5732702157416,65536
4057.856326320079,73728
4058.365848633222,81920
4058.4506103865183,90112
4062.113376030863,98304
4061.273440199776,106496
4055.019257861501,114688
4057.912396872562,122880
4059.1855767441402,131072
4059.9173168097195,139264
4060.10878755271,147456
4063.6290972359598,155648
4059.9793350319214,163840
4057.5616123820114,172032
4054.806996087771,180224
4051.7223011537812,188416
4047.6382889716297,196608
4047.4192390301673,204800
4046.5225068075197,212992
4044.679206442097,221184
4042.516269621448,229376
4040.720262715382,237568
4039.9992029327236,245760
4041.452997288868,253952
4040.351063131437,262144
4039.6962873898096,270336
4039.9762596926857,278528
4037.782628231525,286720
4034.9448466602094,294912
4034.540284274552,303104
4033.4340322202574,311296
4032.3244458353697,319488
4030.607784769997,327680
4030.8807568755337,335872
4031.3397456368293,344064
4029.4265883410385,352256
4027.3706978204045,360448
4026.4312604353177,368640
4027.5180665473,376832
4027.733132981244,385024
4026.6110839588623,393216
4024.9004015301966,401408
4024.597893365961,409600
4024.7255449212835,417792
4023.8883636070104,425984
4023.806838890585,434176
4022.184818046655,442368
4019.9473977966904,450560
4018.520378127457,458752
4017.181480866711,466944
4018.578366584205,475136
4016.996518897916,483328
4016.001660486666,491520
4014.4157580282526,499712
4014.053948807574,507904
4013.657966766238,516096
4012.615786292459,524288
4011.420415250051,532480
4010.2881473407633,540672
4009.6447162758404,548864
4008.0210898521386,557056
4006.41735628609,565248
4005.3121834706612,573440
4005.5916262006626,581632
4004.8587153168296,589824
4003.5651491838134,598016
4002.808950393814,606208
4001.493623090009,614400
4000.5929758014704,622592
4000.0977740007443,630784
3999.089914690233,638976
3998.0074746191885,647168
3996.366500686915,655360
3996.8144414288117,663552
3996.0954975774966,671744
3995.1611214919967,679936
3993.9837461557113,688128
3993.2193797628447,696320
3992.053549948072,704512
3991.9138175934563,712704
3991.292483445166,720896
3989.8151799307675,729088
3989.307411680219,737280
3987.960902640648,745472
3987.5525466563554,753664
3987.3170530487923,761856
3985.7174755737706,770048
3984.433014114114,778240
3983.440757321207,786432
3982.823562198733,794624
3982.859491334577,802816
3981.867306948993,811008
3981.2669365207385,819200
3980.6381744044324,827392
3979.4541312824294,835584
3978.630732909375,843776
3978.2467024978573,851968
3977.994274093255,860160
3976.8574399153176,868352
3976.0904429127568,876544
3975.5560729315125,884736
3974.763303407041,892928
3974.062106045583,901120
3973.2631946114548,909312
3972.288103919216,917504
3971.3770255229274,925696
3970.864129045449,933888
3969.189954453532,942080
3968.4383972205724,950272
3967.2987857052804,958464
3966.6836045435525,966656
3965.8215689211293,974848
3964.83962900771,983040
3964.7162097212376,991232
3963.8927109212063,999424
3962.870232388786,1007616
3962.115221151432,1015808
3960.961450974163,1024000
3959.914888833229,1032192
3959.4401729715128,1040384
3958.479216542445,1048576
3957.4088399189354,1056768
3956.3181503884343,1064960
3955.83271168449,1073152
3954.8672841353286,1081344
3955.073146124239,1089536
3954.528419855293,1097728
3953.5174962108363,1105920
3952.4921186534293,1114112
3951.719718382578,1122304
3951.0325994454106,1130496
3949.8379270502815,1138688
3948.9787579680747,1146880
3948.2650257557257,1155072
3947.5519016164576,1163264
3946.57585141923,1171456
3945.3494206001888,1179648
3944.1423027311284,1187840
3943.145613515921,1196032
3942.5213873540943,1204224
3941.302499942635,1212416
3940.3940243473335,1220608
3939.397356059677,1228800
3939.3140283552357,1236992
3938.3689296275174,1245184
3937.379370643548,1253376
3936.1115159221044,1261568
3935.284145886293,1269760
3934.551570259753,1277952
3933.9094432179727,1286144
3933.0584662862116,1294336
3931.9712319617006,1302528
3930.9721098727514,1310720
3930.361157354308,1318912
3929.367265500572,1327104
3928.3062913443778,1335296
3927.305399678097,1343488
3926.355310715402,1351680
3925.3847583851466,1359872
3924.418512579557,1368064
3923.2726686731658,1376256
3921.893188161417,1384448
3921.2306196043055,1392640
3920.0374944421255,1400832
3918.789850950868,1409024
3917.527219224945,1417216
3916.1952738219134,1425408
3915.238710241319,1433600
3914.1373983663025,1441792
3912.8916611377144,1449984
3911.929939387795,1458176
3910.880117480474,1466368
3909.6367076012325,1474560
3908.8012883855326,1482752
3907.353101716364,1490944
3906.1091721246876,1499136
3905.172427756943,1507328
3903.7279726291963,1515520
3902.489857472397,1523712
3901.269150821659,1531904
3899.9630457882563,1540096
3898.6531332076484,1548288
3897.806497833204,1556480
3896.624151281333,1564672
3895.584655691607,1572864
3894.013228233884,1581056
3892.6835413107337,1589248
3891.275372292304,1597440
3890.508076168713,1605632
3889.329185337609,1613824
3888.4473347933895,1622016
3886.9809267748333,1630208
3885.810079558921,1638400
3884.6418484813466,1646592
3883.2056448139697,1654784
3882.0200982872843,1662976
3880.571791585096,1671168
3879.4226350739705,1679360
3877.970977773208,1687552
3876.7987672534964,1695744
3875.6432948995493,1703936
3874.1527876417813,1712128
3873.019158431284,1720320
3871.564830703557,1728512
3870.3195103133426,1736704
3868.8514341003593,1744896
3867.6421962305626,1753088
3866.133467495041,1761280
3864.6903758108733,1769472
3863.231488708511,1777664
3861.9739553645654,1785856
3860.692769215709,1794048
3859.1086335758446,1802240
3857.816746258309,1810432
3856.5071865146147,1818624
3855.2616954072864,1826816
3853.95440948058,1835008
3852.42965786835,1843200
3851.120160130665,1851392
3849.4893254434705,1859584
3847.8466640035904,1867776
3846.5327751126374,1875968
3845.5500121826885,1884160
3844.3225672570657,1892352
3843.136501220696,1900544
3841.8125653494862,1908736
3840.4354868018054,1916928
3838.961543657548,1925120
3837.4524846688937,1933312
3835.9384394057092,1941504
3834.2572986949413,1949696
3832.9294959962876,1957888
3831.558827438937,1966080
3830.0732189883065,1974272
3828.847346164489,1982464
3827.661228093338,1990656
3826.2521457550447,1998848
3824.942176847173,2007040
3823.5411409048106,2015232
3822.3559539154116,2023424
3820.578478758275,2031616
3819.15178162101,2039808
3817.630726861899,2048000
3816.249537586694,2056192
3815.0630297239345,2064384
3813.3572976640917,2072576
3812.122023973796,2080768
3810.8682297561186,2088960
3809.499609259325,2097152
3807.842441869802,2105344
3806.622131067615,2113536
3805.4544511675663,2121728
3804.1016066053085,2129920
3802.59185349645,2138112
3801.3161242103333,2146304
3799.833209006453,2154496
3798.2479411644945,2162688
3796.8862460568025,2170880
3795.332124865965,2179072
3793.91727343497,2187264
3792.514460334563,2195456
3790.8383608201366,2203648
3789.4128730913762,2211840
3787.6723500907,2220032
3786.2166952063485,2228224
3784.674222402478,2236416
3783.199934574608,2244608
3782.0738688083543,2252800
3780.5501411112523,2260992
3779.252653362692,2269184
3777.8357291298894,2277376
3776.4711436993616,2285568
3775.221316833671,2293760
3773.8865776548732,2301952
3772.157105131831,2310144
3770.6830630609957,2318336
3769.2355903667467,2326528
3767.6592330501467,2334720
3766.130530810744,2342912
3764.6100305249993,2351104
3763.2816475191603,2359296
3762.1444453382105,2367488
3760.9435920922306,2375680
3759.4258742186603,2383872
3757.8850379862315,2392064
3756.4698343781665,2400256
3754.897427243731,2408448
3753.5162315074863,2416640
3752.1995497373628,2424832
3750.843328699954,2433024
3749.4064612612415,2441216
3748.017286760444,2449408
3746.8320606761044,2457600
3745.27985939143,2465792
3744.040525655044,2473984
3742.630651904146,2482176
3741.156076352253,2490368
3739.9154794873657,2498560
3738.342746914742,2506752
3736.825130415829,2514944
3735.4331992869306,2523136
3734.0128639654936,2531328
3732.4916486291054,2539520
3731.0001421990614,2547712
3729.7326424978755,2555904
3729.0013806566344,2560000
