2.8234239667654037,8192
2.6465926319360733,8192
2.602842263877392,8192
2.883543074131012,8192
2.513553388416767,8192
2.3270439356565475,8192
2.3230088874697685,8192
2.747252769768238,8192
2.666666731238365,8192
3.071906603872776,8192
2.614060789346695,8192
3.185233473777771,8192
2.859315648674965,8192
2.940199337899685,8192
2.6780279353260994,8192
2.550147660076618,8192
3.0391205102205276,8192
2.7376553043723106,8192
2.6711996644735336,8192
3.021148033440113,8192
2.894534170627594,8192
3.2454360276460648,8192
2.889722026884556,8192
3.27790230512619,8192
3.394777327775955,8192
3.2615385949611664,8192
2.9334211722016335,8192
3.1945496797561646,8192
3.0978934839367867,8192
2.9779819771647453,8192
3.1578946858644485,8192
3.1441595405340195,8192
3.252788260579109,8192
3.0472636222839355,8192
3.191489353775978,8192
3.199741616845131,8192
2.870967797935009,8192
3.432237356901169,8192
3.2475490123033524,8192
3.5612985491752625,8192
3.1997304409742355,8192
3.086325526237488,8192
3.171820193529129,8192
2.4177195504307747,8192
2.9817303642630577,8192
2.730664797127247,8192
3.4260179847478867,8192
3.3443164080381393,8192
3.0715590342879295,8192
2.8089025989174843,8192
2.8657857328653336,8192
3.0791575089097023,8192
2.9438406229019165,8192
3.2928388565778732,8192
3.5532187670469284,8192
2.9983792454004288,8192
3.3273380249738693,8192
2.99074687063694,8192
3.2761063426733017,8192
2.7915138751268387,8192
3.1547710299491882,8192
3.3565353602170944,8192
3.122560493648052,8192
2.9784537851810455,8192
3.2038383185863495,8192
3.1362708657979965,8192
2.9330290853977203,8192
2.91574839502573,8192
3.268277645111084,8192
3.180212154984474,8192
3.4011490643024445,8192
3.2119207084178925,8192
3.272835537791252,8192
3.4056708216667175,8192
3.019169345498085,8192
3.173374757170677,8192
3.1639792025089264,8192
3.2869990915060043,8192
3.4285712987184525,8192
2.8288543224334717,8192
3.107438050210476,8192
3.293365240097046,8192
3.12877856194973,8192
3.0141573399305344,8192
3.041825070977211,8192
3.064202331006527,8192
3.19066159427166,8192
3.0615586787462234,8192
3.2514002174139023,8192
3.269537538290024,8192
2.9570305719971657,8192
2.744097076356411,8192
3.4032564610242844,8192
3.165045380592346,8192
3.072715550661087,8192
3.3237650990486145,8192
3.165905550122261,8192
3.1333137303590775,8192
3.627399355173111,8192
3.097696602344513,8192
3.290083259344101,8192
3.0910219997167587,8192
3.1859755516052246,8192
3.6004461348056793,8192
3.47663015127182,8192
3.274977207183838,8192
2.91447676718235,8192
3.340938687324524,8192
2.9674988240003586,8192
3.493589907884598,8192
3.1778573989868164,8192
3.3029045909643173,8192
3.4661781042814255,8192
3.0783159658312798,8192
3.091755323112011,8192
3.6515966057777405,8192
3.7580925971269608,8192
3.251514211297035,8192
3.258563205599785,8192
3.330191597342491,8192
2.9416318982839584,8192
3.4850414842367172,8192
3.373231738805771,8192
3.1852204352617264,8192
3.190789371728897,8192
3.345605731010437,8192
3.452899679541588,8192
3.8461539894342422,8192
3.2888755202293396,8192
3.139013424515724,8192
3.291177749633789,8192
3.4235313534736633,8192
2.8535980731248856,8192
3.3288948237895966,8192
3.2238349318504333,8192
2.9489368200302124,8192
3.0148185789585114,8192
3.3927347511053085,8192
2.9254022985696793,8192
3.5934779793024063,8192
3.385767713189125,8192
3.4094616770744324,8192
3.3301465213298798,8192
3.257904201745987,8192
3.2436974346637726,8192
3.366640955209732,8192
3.2119572162628174,8192
3.1848184764385223,8192
3.101123683154583,8192
3.7896111607551575,8192
3.2970499247312546,8192
3.263598307967186,8192
3.567054495215416,8192
3.1770750880241394,8192
3.3743299543857574,8192
3.140956163406372,8192
3.2603703439235687,8192
3.4040533006191254,8192
2.991131879389286,8192
3.8034122437238693,8192
3.8657017052173615,8192
3.6163773387670517,8192
3.2774504274129868,8192
3.37301604449749,8192
3.161555528640747,8192
3.5652771592140198,8192
3.77822145819664,8192
3.611738234758377,8192
3.3609431236982346,8192
3.6066584289073944,8192
3.7735849618911743,8192
3.74191552400589,8192
3.7006165832281113,8192
3.067193739116192,8192
3.998740389943123,8192
3.1462162733078003,8192
2.9387755319476128,8192
3.6937743425369263,8192
3.9003074169158936,8192
3.64510640501976,8192
3.4192267805337906,8192
3.1587302684783936,8192
3.873659297823906,8192
3.3609647303819656,8192
3.0547641217708588,8192
3.267265483736992,8192
3.2923754304647446,8192
3.3080019056797028,8192
3.2055214047431946,8192
3.2181356102228165,8192
3.390393778681755,8192
3.706599771976471,8192
3.5016942769289017,8192
3.9318259805440903,8192
3.034074977040291,8192
3.722285106778145,8192
3.4391533583402634,8192
3.668500855565071,8192
3.7452593445777893,8192
3.49566787481308,8192
3.95742766559124,8192
3.7962038069963455,8192
3.354531154036522,8192
3.496398404240608,8192
3.5665296018123627,8192
3.347768262028694,8192
3.2003574073314667,8192
3.533303365111351,8192
3.466973453760147,8192
3.5418733954429626,8192
3.3008821308612823,8192
3.266787528991699,8192
3.534853085875511,8192
3.4766118973493576,8192
3.2605353742837906,8192
3.891633078455925,8192
3.6246053874492645,8192
3.6502018570899963,8192
3.817039728164673,8192
3.5883747041225433,8192
3.8875501602888107,8192
3.747657686471939,8192
3.5892020910978317,8192
3.6283042281866074,8192
3.8588587194681168,8192
4.015819728374481,8192
3.5810064524412155,8192
3.9132483303546906,8192
3.2982133328914642,8192
3.7780966609716415,8192
3.8598190993070602,8192
3.7301328033208847,8192
3.758244961500168,8192
3.320428729057312,8192
3.310736268758774,8192
4.011553153395653,8192
3.302111476659775,8192
3.784206509590149,8192
3.9145909249782562,8192
3.889065980911255,8192
3.8235295563936234,8192
3.9142441004514694,8192
3.385930135846138,8192
3.672441840171814,8192
3.6457542330026627,8192
3.8538001477718353,8192
4.012688249349594,8192
3.6993835121393204,8192
3.947772830724716,8192
4.015267267823219,8192
3.8849394768476486,8192
3.551957756280899,8192
3.430531546473503,8192
4.015544056892395,8192
3.8983315229415894,8192
3.8502510637044907,8192
3.5200249403715134,8192
3.436688706278801,8192
3.859538212418556,8192
3.8707662373781204,8192
3.876558318734169,8192
3.079470247030258,8192
3.2087277621030807,8192
3.251347690820694,8192
3.9485909044742584,8192
4.046597331762314,8192
3.7586860358715057,8192
3.8114819675683975,8192
3.588244691491127,8192
4.214384034276009,8192
3.688250854611397,8192
3.629332035779953,8192
3.8304314017295837,8192
3.672008588910103,8192
3.6363635212183,8192
3.7543699145317078,8192
3.883495181798935,8192
3.813430666923523,8192
4.323245584964752,8192
3.7762679159641266,8192
3.47222238779068,8192
4.0312498807907104,8192
3.7483487278223038,8192
3.5765837877988815,8192
3.1698469072580338,8192
3.6012861877679825,8192
3.441682457923889,8192
3.8025349378585815,8192
3.448275849223137,8192
3.394091874361038,8192
3.8824763149023056,8192
3.9409615099430084,8192
3.6632776260375977,8192
3.8120847195386887,8192
3.6572135984897614,8192
3.649870678782463,8192
3.72026190161705,8192
3.6735370755195618,8192
3.7144701927900314,8192
3.207607939839363,8192
3.500855714082718,8192
4.155033826828003,8192
3.5437945276498795,8192
3.9473682641983032,8192
3.712225705385208,8192
3.5604193806648254,8192
3.6650005728006363,8192
3.328532725572586,8192
3.4070726484060287,8192
3.914428874850273,8192
3.957574814558029,8192
3.6492735147476196,8192
3.918285295367241,4096
