7.685112953186035,8192
7.722007483243942,8192
7.468415051698685,8192
7.921621203422546,8192
8.39974507689476,8192
7.569184899330139,8192
7.5798675417900085,8192
8.730680495500565,8192
7.610701024532318,8192
7.664801180362701,8192
8.046712726354599,8192
7.866772264242172,8192
8.471007645130157,8192
7.849562913179398,8192
7.344632595777512,8192
8.49483236670494,8192
7.769013196229935,8192
8.148147910833359,8192
8.205775916576385,8192
7.5515203177928925,8192
8.470828086137772,8192
8.011823147535324,8192
7.999999821186066,8192
7.836124300956726,8192
7.628338038921356,8192
7.749766856431961,8192
8.472922444343567,8192
7.49233216047287,8192
8.350983262062073,8192
7.883096486330032,8192
7.71375447511673,8192
7.677604258060455,8192
7.493141293525696,8192
7.533524185419083,8192
8.557306230068207,8192
7.639333605766296,8192
8.064758032560349,8192
8.924414217472076,8192
6.994655728340149,8192
7.517991214990616,8192
7.942749559879303,8192
7.991190999746323,8192
8.131730556488037,8192
8.568662405014038,8192
8.614523708820343,8192
8.034610748291016,8192
7.551085203886032,8192
8.293461054563522,8192
8.325187116861343,8192
7.979653775691986,8192
8.42537060379982,8192
7.783505320549011,8192
8.228623867034912,8192
8.191905915737152,8192
8.33333358168602,8192
7.790716737508774,8192
7.020103931427002,8192
7.731559872627258,8192
8.124689012765884,8192
7.504255324602127,8192
8.210526406764984,8192
7.912355661392212,8192
8.535844832658768,8192
8.220817148685455,8192
7.8599222004413605,8192
7.841484248638153,8192
8.537574857473373,8192
8.179591596126556,8192
8.347798883914948,8192
7.298491895198822,8192
7.06513375043869,8192
8.113007992506027,8192
8.271361142396927,8192
8.276775479316711,8192
7.282204180955887,8192
8.480953425168991,8192
8.752699196338654,8192
7.569532096385956,8192
8.803828060626984,8192
7.626980543136597,8192
8.441558480262756,8192
8.681266754865646,8192
8.038841187953949,8192
7.860615849494934,8192
7.896494120359421,8192
8.557818830013275,8192
8.070576936006546,8192
7.511090487241745,8192
7.900826632976532,8192
8.189920336008072,8192
7.965588569641113,8192
7.716289907693863,8192
8.124999701976776,8192
8.82885828614235,8192
7.600398361682892,8192
7.619958370923996,8192
8.547691255807877,8192
8.124487847089767,8192
8.518456667661667,8192
7.9515039920806885,8192
8.287029713392258,8192
8.278580754995346,8192
7.652255892753601,8192
7.452104240655899,8192
7.68856480717659,8192
7.839180529117584,8192
8.17866325378418,8192
7.842227071523666,8192
8.005531877279282,8192
8.122605085372925,8192
8.318863809108734,8192
7.510241121053696,8192
7.933054119348526,8192
7.536374032497406,8192
8.67963433265686,8192
7.999999821186066,8192
8.250166475772858,8192
7.671107351779938,8192
7.581169158220291,8192
7.481923699378967,8192
7.3867067694664,8192
6.959082186222076,8192
7.813745737075806,8192
7.739369571208954,8192
7.929857075214386,8192
7.826226204633713,8192
7.793650776147842,8192
7.964889705181122,8192
7.765273004770279,8192
8.525528758764267,8192
7.7256664633750916,8192
8.086253702640533,8192
7.771562784910202,8192
7.695803791284561,8192
7.98209011554718,8192
8.706506341695786,8192
8.35178717970848,8192
7.923930138349533,8192
8.235294371843338,8192
8.155276626348495,8192
7.534551620483398,8192
7.806212455034256,8192
7.7449508011341095,8192
7.8127264976501465,8192
8.573178201913834,8192
7.728658616542816,8192
8.409448713064194,8192
7.6923079788684845,8192
7.689747214317322,8192
7.898426800966263,8192
7.936754077672958,8192
7.716944068670273,8192
8.429617434740067,8192
7.512674480676651,8192
7.593496143817902,8192
7.638683170080185,8192
8.383233845233917,8192
8.368996530771255,8192
8.309131860733032,8192
8.366666734218597,8192
8.077676594257355,8192
7.640624791383743,8192
7.987567782402039,8192
8.198284357786179,8192
7.528830319643021,8192
8.382033556699753,8192
8.232584595680237,8192
7.887234538793564,8192
7.516636699438095,8192
8.045607805252075,8192
7.479270547628403,8192
8.135268837213516,8192
7.8184716403484344,8192
8.105632662773132,8192
7.492891699075699,8192
7.717462629079819,8192
7.865826785564423,8192
7.990506291389465,8192
8.391500264406204,8192
7.490518689155579,8192
7.7965036034584045,8192
7.231149822473526,8192
8.257587254047394,8192
8.107270300388336,8192
8.492670208215714,8192
8.391497284173965,8192
8.248407393693924,8192
7.617218792438507,8192
7.737725228071213,8192
8.428281545639038,8192
8.445384353399277,8192
8.163587749004364,8192
7.9708032310009,8192
8.287931233644485,8192
7.980784028768539,8192
7.765941321849823,8192
8.262748271226883,8192
8.81863534450531,8192
8.638785779476166,8192
7.904525846242905,8192
7.6994724571704865,8192
7.9873718321323395,8192
8.008898794651031,8192
8.434128761291504,8192
8.410469442605972,8192
8.097472041845322,8192
7.6369330286979675,8192
7.724983990192413,8192
8.094948530197144,8192
7.945801317691803,8192
7.729897648096085,8192
7.424749433994293,8192
8.085302263498306,8192
8.397284895181656,8192
7.524231821298599,8192
7.496464252471924,8192
7.9908303916454315,8192
8.031674474477768,8192
7.576940953731537,8192
8.007224649190903,8192
8.051055669784546,8192
8.08563083410263,8192
8.004491776227951,8192
8.461538702249527,8192
7.720532268285751,8192
8.210180699825287,8192
8.044930547475815,8192
8.546475321054459,8192
8.868549764156342,8192
8.672985434532166,8192
7.780179381370544,8192
8.036171644926071,8192
7.908519357442856,8192
7.441791892051697,8192
7.274416089057922,8192
8.162283152341843,8192
7.918163388967514,8192
8.054978400468826,8192
7.736816257238388,8192
8.339865505695343,8192
7.685297727584839,8192
7.663197815418243,8192
8.193639665842056,8192
8.020637929439545,8192
8.265336602926254,8192
7.344111055135727,8192
7.364804297685623,8192
7.714094966650009,8192
7.94033482670784,8192
7.864617556333542,8192
7.824037969112396,8192
7.69103541970253,8192
7.582434266805649,8192
8.437760919332504,8192
8.470627665519714,8192
8.347053080797195,8192
7.502435892820358,8192
8.84985625743866,8192
7.911139726638794,8192
8.40177983045578,8192
8.492287248373032,8192
7.890327274799347,8192
8.11355859041214,8192
7.922979444265366,8192
8.105214685201645,8192
8.15165862441063,8192
7.483210414648056,8192
7.779433578252792,8192
8.587493747472763,8192
7.853081077337265,8192
8.491696417331696,8192
8.063076436519623,8192
7.876401394605637,8192
8.080808073282242,8192
7.658367604017258,8192
8.778566122055054,8192
8.340943604707718,8192
8.203813433647156,8192
8.332045376300812,8192
7.913017272949219,8192
7.096774131059647,4096
8.150871098041534,8192
8.485856652259827,8192
7.626856118440628,8192
8.609271794557571,8192
8.26522707939148,8192
8.781086653470993,8192
8.26789140701294,8192
7.677075266838074,8192
7.46132880449295,8192
7.405724376440048,8192
7.152537256479263,8192
9.077256917953491,8192
7.69353061914444,8192
7.8958481550216675,8192
8.318863809108734,8192
8.607395738363266,8192
7.166367769241333,8192
7.555072754621506,8192
8.017686009407043,8192
7.695910334587097,8192
7.419465482234955,8192
8.195500075817108,8192
8.163940161466599,8192
8.146247267723083,8192
7.988077402114868,8192
8.67404192686081,8192
7.808326929807663,8192
8.415263891220093,8192
8.634790778160095,8192
7.974044978618622,8192
8.473539352416992,8192
8.456950634717941,8192
