3.9199192076921463,8192
3.2066509127616882,8192
3.600330278277397,8192
3.7709712982177734,8192
3.25559563934803,8192
3.3825337886810303,8192
3.7699010223150253,8192
3.89738529920578,8192
4.143214598298073,8192
3.977091982960701,8192
3.698273003101349,8192
3.7807784974575043,8192
3.4299589693546295,8192
3.7818673998117447,8192
4.592746868729591,8192
3.9122138172388077,8192
3.752012923359871,8192
3.727353736758232,8192
3.384353592991829,8192
3.341902419924736,8192
4.041032120585442,8192
3.5653386265039444,8192
3.6255665123462677,8192
3.428132086992264,8192
3.218390792608261,8192
4.178652539849281,8192
3.959110751748085,8192
3.7467017769813538,8192
3.550295904278755,8192
3.9607256650924683,8192
4.046072065830231,8192
3.574240207672119,8192
3.8147564977407455,8192
3.618929907679558,8192
3.876226767897606,8192
3.5665296018123627,8192
3.51828895509243,8192
4.013961553573608,8192
3.802051767706871,8192
3.766727074980736,8192
3.626265749335289,8192
3.798641264438629,8192
3.486771509051323,8192
3.759043663740158,8192
4.088875278830528,8192
4.0489643812179565,8192
3.933291509747505,8192
3.5483337938785553,8192
3.482428193092346,8192
3.7116818130016327,8192
3.970678150653839,8192
3.57142873108387,8192
3.5454105585813522,8192
3.760099411010742,8192
4.181453585624695,8192
3.9916280657052994,8192
3.361757844686508,8192
3.3607054501771927,8192
3.839312121272087,8192
3.511032462120056,8192
3.8991179317235947,8192
3.907863423228264,8192
3.9260219782590866,8192
4.467084631323814,8192
3.4663699567317963,8192
3.9760515093803406,8192
4.002407565712929,8192
3.935040533542633,8192
3.500397875905037,8192
3.6202073097229004,8192
4.088244214653969,8192
4.209065809845924,8192
4.106280207633972,8192
3.5297680646181107,8192
3.8507822901010513,8192
3.752252832055092,8192
4.095194116234779,8192
3.56435626745224,8192
3.722529485821724,8192
4.086389020085335,8192
3.8929440081119537,8192
3.407968208193779,8192
4.05183732509613,8192
3.4347694367170334,8192
4.158065468072891,8192
4.159657284617424,8192
3.9475690573453903,8192
3.326369822025299,8192
3.8785047829151154,8192
3.8544226437807083,8192
4.071740061044693,8192
4.144172742962837,8192
4.160125553607941,8192
3.618929907679558,8192
3.6142703145742416,8192
3.5830091685056686,8192
3.532698005437851,8192
3.410620614886284,8192
3.7444598972797394,8192
3.5537563264369965,8192
3.905627131462097,8192
3.922761231660843,8192
4.396079480648041,8192
4.046419262886047,8192
3.89716736972332,8192
4.41112257540226,8192
4.0597014129161835,8192
3.8763415068387985,8192
3.7912510335445404,8192
3.4174878150224686,8192
4.721610993146896,8192
3.971119225025177,8192
3.9283469319343567,8192
3.690280020236969,8192
4.190508276224136,8192
4.310204088687897,8192
3.7243355065584183,8192
4.218479618430138,8192
4.444069042801857,8192
4.005610942840576,8192
3.776578977704048,8192
3.9226725697517395,8192
4.424647241830826,8192
4.357067123055458,8192
3.5258933901786804,8192
4.176646843552589,8192
4.406474903225899,8192
4.037826508283615,8192
4.4410645961761475,8192
3.9094965904951096,8192
3.5439137369394302,8192
4.040097072720528,8192
4.121192544698715,8192
3.6285851150751114,8192
4.23462986946106,8192
4.150166362524033,8192
4.557271674275398,8192
5.02978153526783,8192
3.8042619824409485,8192
4.666876047849655,8192
3.9901476353406906,8192
4.287711530923843,8192
4.4052209705114365,8192
4.661932587623596,8192
4.306295141577721,8192
3.9184704422950745,8192
4.574651271104813,8192
3.8283422589302063,8192
4.753643274307251,8192
4.642582684755325,8192
3.8069874048233032,8192
4.333333298563957,8192
3.981056809425354,8192
4.485625401139259,8192
4.169381037354469,8192
4.09591905772686,8192
4.514672607183456,8192
4.739704728126526,8192
4.6926844865083694,8192
4.104885458946228,8192
4.436077922582626,8192
4.828943312168121,8192
4.651162773370743,8192
3.820468857884407,8192
4.873949661850929,8192
4.6661172062158585,8192
4.262349382042885,8192
4.259787127375603,8192
4.854216054081917,8192
3.9512675255537033,8192
3.6961629986763,8192
5.041360855102539,8192
4.044357314705849,8192
4.981084540486336,8192
4.179591685533524,8192
4.396774619817734,8192
4.5896656811237335,8192
4.446923732757568,8192
4.313788190484047,8192
4.07523512840271,8192
4.946344718337059,8192
4.092441126704216,8192
4.229557141661644,8192
4.149933159351349,8192
4.257871210575104,8192
4.072327166795731,8192
3.950819745659828,8192
4.250238835811615,8192
4.286372661590576,8192
4.158065468072891,8192
4.874673113226891,8192
4.204580932855606,8192
4.249820485711098,8192
4.658875614404678,8192
4.566062241792679,8192
4.908459633588791,8192
4.394278675317764,8192
3.843490406870842,8192
4.268696159124374,8192
4.286792501807213,8192
4.481169581413269,8192
4.592253640294075,8192
4.464973136782646,8192
4.157694056630135,8192
4.764767736196518,8192
4.431195557117462,8192
4.310344904661179,8192
4.59538921713829,8192
4.463547840714455,8192
4.225999116897583,8192
3.9828624576330185,8192
5.18200621008873,8192
4.493124410510063,8192
4.3541837483644485,8192
4.460431635379791,8192
4.50025275349617,8192
4.416505619883537,8192
4.238805919885635,8192
4.903909936547279,8192
4.226918891072273,8192
4.580038785934448,8192
4.390322044491768,8192
3.8959015160799026,8192
4.388466477394104,8192
4.137204587459564,8192
4.60624061524868,8192
4.057087749242783,8192
3.8552694022655487,8192
4.694691672921181,8192
4.07974049448967,8192
3.8609419018030167,8192
4.04929593205452,8192
4.8737045377492905,8192
4.527986794710159,8192
4.473304376006126,8192
4.184165596961975,8192
4.122113808989525,8192
4.399070516228676,8192
4.862002655863762,8192
4.6515196561813354,8192
4.992729052901268,8192
4.283824190497398,8192
4.814473912119865,8192
4.551965743303299,8192
3.857142850756645,8192
4.834523051977158,8192
4.704628512263298,8192
4.842359200119972,8192
4.151971638202667,8192
4.372825101017952,8192
4.548286646604538,8192
4.642510414123535,8192
4.607989266514778,8192
4.100549966096878,8192
4.664546251296997,8192
4.369230940937996,8192
4.145249724388123,8192
5.2108775824308395,8192
4.2553190141916275,8192
4.904447868466377,8192
4.67914454638958,8192
4.449152573943138,8192
4.929917678236961,8192
4.876893758773804,8192
4.465988650918007,8192
5.181266367435455,8192
5.098529905080795,8192
4.426751658320427,8192
4.510725662112236,8192
3.830455243587494,8192
4.484605044126511,8192
4.950181767344475,8192
4.372469708323479,8192
4.7460198402404785,8192
4.58715595304966,8192
4.466461017727852,8192
4.201925918459892,8192
5.114169418811798,8192
4.205530881881714,8192
4.672584310173988,8192
3.7527594715356827,8192
4.192546755075455,8192
4.145398363471031,8192
4.732510447502136,8192
3.8421444594860077,8192
4.550934210419655,8192
4.8910487443208694,8192
4.546208679676056,8192
4.494208469986916,8192
5.365698039531708,8192
4.4686563313007355,8192
4.921000823378563,8192
4.494382068514824,8192
5.4651714861392975,8192
5.145079270005226,8192
4.319191351532936,8192
4.196226596832275,8192
5.014558508992195,8192
5.255046859383583,8192
4.173539951443672,8192
4.334108158946037,8192
4.668343439698219,8192
4.746393486857414,8192
5.091889947652817,8192
4.454134777188301,8192
4.603150486946106,8192
4.221720993518829,4096
4.569807648658752,8192
4.49141338467598,8192
4.867256805300713,8192
4.7073207795619965,8192
4.592154547572136,8192
4.4820718467235565,8192
