4.651162773370743,8192
5.124632269144058,8192
4.985013231635094,8192
5.4011620581150055,8192
4.628649353981018,8192
4.972194880247116,8192
4.810495674610138,8192
4.955894127488136,8192
5.121293663978577,8192
4.301610961556435,8192
4.279733449220657,8192
4.118858650326729,8192
4.965430498123169,8192
4.917517676949501,8192
4.502331465482712,8192
4.8964496701955795,8192
5.069476366043091,8192
4.639257863163948,8192
4.59221713244915,8192
4.511970654129982,8192
4.805156588554382,8192
4.58841472864151,8192
4.220325872302055,8192
4.747912287712097,8192
4.8589106649160385,8192
4.9785953015089035,8192
4.8703256994485855,8192
4.516616463661194,8192
4.316888004541397,8192
4.0971167385578156,8192
4.345620423555374,8192
4.429678991436958,8192
4.674220830202103,8192
4.652334749698639,8192
4.5303866267204285,8192
5.1721323281526566,8192
5.054204538464546,8192
4.440869018435478,8192
4.818153381347656,8192
4.620514437556267,8192
4.268801212310791,8192
5.148328468203545,8192
4.554020240902901,8192
4.745139926671982,8192
4.504792392253876,8192
4.250664263963699,8192
4.2465124279260635,8192
4.810593277215958,8192
4.768694564700127,8192
4.931210353970528,8192
4.974127933382988,8192
4.462995752692223,8192
4.134241119027138,8192
4.690251499414444,8192
4.423355311155319,8192
4.363531246781349,8192
4.740441590547562,8192
4.497313871979713,8192
4.7144439071416855,8192
4.974963515996933,8192
5.026454851031303,8192
5.216941982507706,8192
4.6478621661663055,8192
4.256603866815567,8192
4.505512118339539,8192
4.666553437709808,8192
4.310477152466774,8192
4.48959544301033,8192
5.369362980127335,8192
4.435418173670769,8192
4.6609509736299515,8192
4.427165910601616,8192
4.571984335780144,8192
4.503927007317543,8192
4.3593913316726685,8192
4.3442487716674805,8192
4.801740124821663,8192
5.146236345171928,8192
4.611170291900635,8192
4.498714581131935,8192
4.6214509755373,8192
4.556882381439209,8192
4.86111119389534,8192
4.312876611948013,8192
4.572098329663277,8192
4.586732387542725,8192
4.806946963071823,8192
4.810892418026924,8192
4.591912403702736,8192
4.546184837818146,8192
4.346480965614319,8192
4.315720498561859,8192
4.708484932780266,8192
4.637189954519272,8192
5.018157884478569,8192
4.7207653522491455,8192
5.198380723595619,8192
4.1718751192092896,8192
4.852386936545372,8192
4.630395397543907,8192
4.615866020321846,8192
4.857143014669418,8192
4.447632655501366,8192
5.056093260645866,8192
4.4388871639966965,8192
4.555116966366768,8192
4.439288377761841,8192
4.870434105396271,8192
4.999221488833427,8192
4.603200778365135,8192
4.804706573486328,8192
4.469101503491402,8192
4.766214266419411,8192
5.356527864933014,8192
4.406938701868057,8192
4.798056557774544,8192
4.743833094835281,8192
4.503270983695984,8192
4.40727025270462,8192
4.576326161623001,8192
4.896608740091324,8192
5.038695782423019,8192
4.732704535126686,8192
4.592300578951836,8192
4.441305622458458,8192
4.36878576874733,8192
5.064283311367035,8192
4.77386936545372,8192
4.577520117163658,8192
4.693439230322838,8192
4.907392710447311,8192
5.239758640527725,8192
4.413381591439247,8192
5.176545679569244,8192
4.524181038141251,8192
5.275590717792511,8192
4.7709621489048,8192
4.52038012444973,8192
4.45733480155468,8192
4.749999940395355,8192
4.519424214959145,8192
4.797161743044853,8192
5.227963626384735,8192
4.69604879617691,8192
4.242889955639839,8192
4.453376308083534,8192
4.4799018651247025,8192
4.489602893590927,8192
4.602956771850586,8192
5.0919149070978165,8192
4.733822122216225,8192
4.549777880311012,8192
4.934807866811752,8192
5.263157933950424,8192
4.785894230008125,8192
4.715672507882118,8192
4.497138038277626,8192
4.614422097802162,8192
4.803710430860519,8192
4.3387435376644135,8192
4.367886856198311,8192
5.072348564863205,8192
4.933948814868927,8192
4.4293273240327835,8192
4.439879953861237,8192
4.801074415445328,8192
5.242566391825676,8192
4.332130029797554,8192
4.603058844804764,8192
5.171309784054756,8192
4.343675449490547,8192
4.442217946052551,8192
4.746734723448753,8192
4.626569896936417,8192
4.703183099627495,8192
4.631481692194939,8192
5.123785510659218,8192
4.846373200416565,8192
4.5054033398628235,8192
4.7791797667741776,8192
4.554109647870064,8192
4.903590306639671,8192
4.754204303026199,8192
4.5923300087451935,8192
5.094936862587929,8192
4.899360239505768,8192
5.152371898293495,8192
4.595757648348808,8192
4.53789122402668,8192
4.396470263600349,8192
4.735769331455231,8192
4.889406263828278,8192
4.382532462477684,8192
5.067218095064163,8192
4.909520223736763,8192
4.897696152329445,8192
4.428044334053993,8192
4.09657321870327,8192
5.079217255115509,8192
5.056910589337349,8192
4.492155089974403,8192
3.721560910344124,8192
4.683462530374527,8192
4.807543754577637,8192
5.359877645969391,8192
4.952380806207657,8192
4.632377251982689,8192
4.996120929718018,8192
4.669703915715218,8192
4.683109745383263,8192
4.04258593916893,8192
4.045549780130386,8192
4.38992902636528,8192
4.432594403624535,8192
4.438347369432449,8192
4.766369611024857,8192
4.607739672064781,8192
4.975972697138786,8192
4.205378890037537,8192
4.630668088793755,8192
4.203472286462784,8192
5.003291741013527,8192
4.366883262991905,8192
4.350453242659569,8192
4.838970676064491,8192
4.911147058010101,8192
4.374009370803833,8192
4.8012468963861465,8192
4.595757648348808,8192
4.256376251578331,8192
4.8035629093647,8192
4.513778910040855,8192
5.273556336760521,8192
5.075310915708542,8192
4.841897264122963,8192
5.257393047213554,8192
4.875455796718597,8192
4.707692191004753,8192
5.0550151616334915,8192
4.75282147526741,8192
4.6897899359464645,8192
4.487597942352295,8192
4.476248472929001,8192
5.272579193115234,8192
4.408654570579529,8192
4.527590051293373,8192
4.697320610284805,8192
4.59207110106945,8192
4.895001649856567,8192
5.149583145976067,8192
4.655464738607407,8192
4.1976455599069595,8192
4.233059659600258,8192
4.697681590914726,8192
4.869085922837257,8192
4.6041373163461685,8192
4.415883868932724,8192
4.560260474681854,8192
4.460275545716286,8192
4.581795632839203,8192
4.934898018836975,8192
4.840848967432976,8192
5.003921687602997,8192
4.513207450509071,8192
4.680658131837845,8192
5.329661443829536,8192
4.296388477087021,8192
4.723022878170013,8192
5.091078951954842,8192
5.016077309846878,8192
4.907377436757088,8192
4.437728598713875,8192
5.366869643330574,8192
4.852987825870514,8192
5.143598839640617,8192
5.293727293610573,8192
4.824165999889374,8192
4.8201873898506165,8192
4.6053677797317505,8192
4.824630916118622,8192
4.942671209573746,8192
4.990898072719574,8192
4.508611932396889,8192
4.234813153743744,8192
4.8376623541116714,8192
4.515933990478516,8192
4.614894837141037,8192
4.108216613531113,8192
4.67463880777359,8192
4.793061316013336,8192
5.337311327457428,8192
4.5333728194236755,8192
4.7317661345005035,8192
4.710252583026886,8192
4.478537291288376,8192
4.6623025089502335,8192
4.5363906770944595,8192
4.491456598043442,8192
4.543382301926613,8192
4.184100404381752,8192
4.838709533214569,8192
4.448621720075607,8192
4.229884967207909,8192
4.878436401486397,8192
5.293644592165947,8192
5.511021986603737,8192
4.5175861567258835,4096
4.570237174630165,8192
5.0764624029397964,8192
5.187549814581871,8192
5.156915262341499,8192
5.061709135770798,8192
4.4383227825164795,8192
