5.587761849164963,8192
5.1246751099824905,8192
5.9419311583042145,8192
6.032298877835274,8192
5.671590939164162,8192
5.082819238305092,8192
5.818122625350952,8192
5.017805099487305,8192
5.699481815099716,8192
5.131871625781059,8192
5.999999865889549,8192
5.269224569201469,8192
5.008581653237343,8192
5.737568438053131,8192
5.163537338376045,8192
5.085017532110214,8192
5.2703943103551865,8192
6.2134623527526855,8192
5.132578685879707,8192
5.757715180516243,8192
5.759162455797195,8192
5.005526542663574,8192
5.483490601181984,8192
5.240590870380402,8192
5.841197445988655,8192
5.430422723293304,8192
5.393355339765549,8192
5.597186088562012,8192
5.968688800930977,8192
5.533917620778084,8192
5.49401193857193,8192
5.038265138864517,8192
5.2031248807907104,8192
5.2622925490140915,8192
5.649459362030029,8192
5.362583696842194,8192
5.4268114268779755,8192
5.354031547904015,8192
5.73977455496788,8192
5.1705509424209595,8192
5.081785097718239,8192
6.173883751034737,8192
5.979049205780029,8192
5.0576478242874146,8192
5.249503999948502,8192
6.040592864155769,8192
5.993233621120453,8192
5.464393645524979,8192
5.297397822141647,8192
6.033898144960403,8192
6.370250880718231,8192
5.746763572096825,8192
5.593385174870491,8192
5.6823547929525375,8192
5.386937782168388,8192
4.711388424038887,8192
5.730302259325981,8192
5.748390033841133,8192
5.508346110582352,8192
5.505741760134697,8192
5.955130234360695,8192
5.181918293237686,8192
5.552147328853607,8192
5.234833806753159,8192
5.255046859383583,8192
5.984251946210861,8192
5.646054074168205,8192
5.585528537631035,8192
5.670350790023804,8192
5.617254227399826,8192
4.913030192255974,8192
5.246473476290703,8192
5.419799312949181,8192
5.484120920300484,8192
5.283726751804352,8192
5.57565800845623,8192
5.452562868595123,8192
4.96855340898037,8192
5.427291616797447,8192
5.588585138320923,8192
5.295897647738457,8192
5.354486778378487,8192
5.763840302824974,8192
5.262388661503792,8192
5.19968681037426,8192
5.79439252614975,8192
5.474333837628365,8192
5.7770270854234695,8192
5.68111464381218,8192
5.6023720651865005,8192
4.849524423480034,8192
5.404525622725487,8192
5.581241846084595,8192
5.668345093727112,8192
5.390702188014984,8192
5.325927212834358,8192
5.266700312495232,8192
5.173807591199875,8192
5.614714324474335,8192
5.066214874386787,8192
5.276958271861076,8192
5.317434668540955,8192
5.343159660696983,8192
5.463336035609245,8192
5.839768424630165,8192
4.731707274913788,8192
5.457089468836784,8192
5.8648731559515,8192
5.4215919226408005,8192
5.139152333140373,8192
5.6720685213804245,8192
5.239079147577286,8192
5.268817022442818,8192
5.692995712161064,8192
5.926171317696571,8192
5.395136773586273,8192
5.231162905693054,8192
5.4304637014865875,8192
5.328867211937904,8192
5.072804167866707,8192
5.955414101481438,8192
5.103643238544464,8192
5.856071412563324,8192
5.01861497759819,8192
5.135050415992737,8192
5.549626424908638,8192
5.506424233317375,8192
5.4619863629341125,8192
5.539223179221153,8192
6.206896528601646,8192
5.5501144379377365,8192
5.4612427949905396,8192
5.815225839614868,8192
5.9334781020879745,8192
6.0102686285972595,8192
5.0340767949819565,8192
5.185305699706078,8192
5.529667437076569,8192
5.216996744275093,8192
5.314773693680763,8192
4.798523709177971,8192
5.0867244601249695,8192
5.632059276103973,8192
5.7371895760297775,8192
5.79451397061348,8192
5.350523814558983,8192
5.962521210312843,8192
5.634665489196777,8192
5.31177818775177,8192
5.165289342403412,8192
5.499999970197678,8192
4.890303313732147,8192
5.595584958791733,8192
5.72916679084301,8192
5.660677328705788,8192
5.381747335195541,8192
5.3916096687316895,8192
5.26714101433754,8192
5.848529562354088,8192
5.6765880435705185,8192
5.28196357190609,8192
5.977543070912361,8192
6.075353175401688,8192
5.7743217796087265,8192
5.672203004360199,8192
5.464562401175499,8192
5.288773402571678,8192
5.620872974395752,8192
5.682754144072533,8192
5.726128444075584,8192
5.480116233229637,8192
5.210800468921661,8192
5.674633756279945,8192
5.53472600877285,8192
5.646480992436409,8192
5.341026932001114,8192
5.280816927552223,8192
5.371012911200523,8192
5.268917977809906,8192
5.864909291267395,8192
5.232363939285278,8192
5.754030868411064,8192
5.841399356722832,8192
5.424242466688156,8192
5.731450021266937,8192
5.577563121914864,8192
4.824760928750038,8192
6.160130724310875,8192
5.81451989710331,8192
5.400696769356728,8192
5.410536378622055,8192
5.099984630942345,8192
5.472184345126152,8192
5.113362148404121,8192
5.625101551413536,8192
5.727653950452805,8192
5.376019328832626,8192
5.5174775421619415,8192
5.521472543478012,8192
5.9500958770513535,8192
5.083665251731873,8192
5.539498850703239,8192
5.043317005038261,8192
5.840934440493584,8192
5.247953906655312,8192
5.234327539801598,8192
6.161532178521156,8192
5.874431878328323,8192
5.6114427745342255,8192
5.625942721962929,8192
5.913331359624863,8192
6.0141511261463165,8192
5.413105338811874,8192
5.84082156419754,8192
5.275299772620201,8192
5.828313156962395,8192
6.012709811329842,8192
5.705560743808746,8192
5.247224867343903,8192
5.190568044781685,8192
5.973659455776215,8192
5.537306517362595,8192
5.582137033343315,8192
5.293387174606323,8192
5.695364251732826,8192
5.774489417672157,8192
5.8897241950035095,8192
5.559869483113289,8192
6.0042668133974075,8192
5.483720079064369,8192
5.950308591127396,8192
5.096262693405151,8192
5.493341386318207,8192
5.874212086200714,8192
5.759561061859131,8192
6.127605959773064,8192
4.853324964642525,8192
5.438467115163803,8192
5.492547154426575,8192
5.982490256428719,8192
5.793853849172592,8192
5.1361385732889175,8192
5.968504026532173,8192
6.120910495519638,8192
5.476227775216103,8192
5.204572901129723,8192
5.135134980082512,8192
6.03475496172905,4096
5.900321528315544,8192
5.640460178256035,8192
5.119617283344269,8192
5.94044141471386,8192
5.60050755739212,8192
5.184844136238098,8192
5.305550619959831,8192
5.364910513162613,8192
5.439264327287674,8192
5.382775142788887,8192
5.168210715055466,8192
5.472322925925255,8192
5.349276214838028,8192
5.776173248887062,8192
5.0749532878398895,8192
5.46962209045887,8192
5.534941330552101,8192
5.326512083411217,8192
5.728234350681305,8192
5.291005223989487,8192
5.75772263109684,8192
5.317401140928268,8192
5.880527570843697,8192
5.414383113384247,8192
5.416051298379898,8192
5.541441589593887,8192
5.652636289596558,8192
5.655655637383461,8192
5.527479574084282,8192
6.032000109553337,8192
5.1161278039216995,8192
5.65149150788784,8192
5.270588397979736,8192
5.576088652014732,8192
4.703383520245552,8192
5.363162606954575,8192
5.651069059967995,8192
4.964539036154747,8192
6.38505294919014,8192
5.576012656092644,8192
4.86358255147934,8192
5.677850171923637,8192
5.472154915332794,8192
5.522434785962105,8192
5.2317362278699875,8192
5.597809702157974,8192
5.57689368724823,8192
5.662268400192261,8192
5.585063621401787,8192
6.049208715558052,8192
5.974938720464706,8192
5.365194007754326,8192
5.356248840689659,8192
5.276853963732719,8192
5.2939265966415405,8192
5.487421527504921,8192
5.455672740936279,8192
5.222658812999725,8192
4.919063299894333,8192
5.81631064414978,8192
5.08025549352169,8192
5.610205978155136,8192
6.339020282030106,8192
5.792773887515068,8192
5.647249147295952,8192
