3.64975705742836,8192
3.662494197487831,8192
4.147610813379288,8192
3.783293068408966,8192
3.817039728164673,8192
4.22809012234211,8192
4.215851426124573,8192
3.763267770409584,8192
3.4210074692964554,8192
4.175233095884323,8192
4.300904646515846,8192
3.549259901046753,8192
4.360376670956612,8192
4.2370229959487915,8192
3.8819875568151474,8192
4.217417910695076,8192
3.7481747567653656,8192
3.888978436589241,8192
4.306362569332123,8192
4.239743947982788,8192
4.3396227061748505,8192
3.8242731243371964,8192
3.8753680884838104,8192
3.538743034005165,8192
3.78132127225399,8192
3.903162106871605,8192
3.978867456316948,8192
3.5478051751852036,8192
3.824959322810173,8192
4.3227192014455795,8192
3.943193703889847,8192
3.5430114716291428,8192
3.563838452100754,8192
4.078229144215584,8192
3.919089585542679,8192
3.9315447211265564,8192
3.7277918308973312,8192
3.6595892161130905,8192
4.480201750993729,8192
3.8805466145277023,8192
3.5567715764045715,8192
3.2242462038993835,8192
3.930671513080597,8192
4.149976000189781,8192
3.638625517487526,8192
3.63180972635746,8192
4.442387819290161,8192
3.979320079088211,8192
3.4651126712560654,8192
3.9716996252536774,8192
3.850187361240387,8192
3.7847425788640976,8192
3.9847910404205322,8192
4.094117507338524,8192
4.012706875801086,8192
4.1703250259160995,8192
3.766358271241188,8192
3.764965385198593,8192
4.199696332216263,8192
4.214751720428467,8192
4.2562998831272125,8192
3.7612035870552063,8192
4.20287549495697,8192
4.046062752604485,8192
4.044229164719582,8192
3.739761933684349,8192
3.49050834774971,8192
4.204636439681053,8192
4.4380586594343185,8192
4.018454998731613,8192
3.7542663514614105,8192
4.3641481548547745,8192
3.75727079808712,8192
3.8719285279512405,8192
3.9018768817186356,8192
3.824060410261154,8192
3.7640731781721115,8192
4.038936644792557,8192
4.363803565502167,8192
3.99935245513916,8192
3.794855624437332,8192
3.994131088256836,8192
3.8620688021183014,8192
4.077906161546707,8192
3.9684943854808807,8192
4.570319503545761,8192
3.913922607898712,8192
4.021791368722916,8192
4.285714402794838,8192
3.979739546775818,8192
3.8156289607286453,8192
4.134484380483627,8192
4.2377956211566925,8192
4.030797258019447,8192
4.404842108488083,8192
4.220325872302055,8192
4.284205660223961,8192
4.32620570063591,8192
3.80055233836174,8192
4.486345872282982,8192
3.9918914437294006,8192
4.734600335359573,8192
4.256612807512283,8192
3.936651721596718,8192
4.717607796192169,8192
3.634459897875786,8192
3.784352168440819,8192
4.134810343384743,8192
4.384591430425644,8192
3.9055265486240387,8192
4.006941244006157,8192
4.384535551071167,8192
4.543310776352882,8192
4.561900347471237,8192
3.9193905889987946,8192
3.7795040756464005,8192
3.9993304759263992,8192
4.1174594312906265,8192
3.7647437304258347,8192
4.1487399488687515,8192
3.8698185235261917,8192
4.0846217423677444,8192
4.568951204419136,8192
4.663858935236931,8192
4.303215816617012,8192
4.046072065830231,8192
3.9431672543287277,8192
4.6317387372255325,8192
4.177938029170036,8192
4.228520020842552,8192
3.9041556417942047,8192
3.9944693446159363,8192
4.281345382332802,8192
3.905511647462845,8192
4.121673107147217,8192
4.56993393599987,8192
4.428725317120552,8192
4.400864616036415,8192
4.0142592042684555,8192
4.3442487716674805,8192
4.274590685963631,8192
4.160572215914726,8192
3.5505618900060654,8192
3.9206918329000473,8192
4.472272098064423,8192
4.310745745897293,8192
4.473097622394562,8192
4.150653257966042,8192
4.280510172247887,8192
4.216677322983742,8192
3.812224417924881,8192
4.247221723198891,8192
3.873181715607643,8192
4.036545008420944,8192
4.668346047401428,8192
4.449862986803055,8192
4.202498868107796,8192
4.158354923129082,8192
4.288754239678383,8192
4.27015982568264,8192
4.078880697488785,8192
3.4696031361818314,8192
4.531673714518547,8192
4.03890535235405,8192
3.965599462389946,8192
4.71755713224411,8192
4.626445844769478,8192
4.0809329599142075,8192
4.070599377155304,8192
4.37578409910202,8192
4.507042095065117,8192
4.473257809877396,8192
4.342469945549965,8192
4.236635193228722,8192
3.6862004548311234,8192
4.05043326318264,8192
3.6952629685401917,8192
4.837164655327797,8192
4.54767718911171,8192
3.9840638637542725,8192
3.950931876897812,8192
4.02061864733696,8192
4.923029989004135,8192
3.99075485765934,8192
4.425040632486343,8192
4.130434617400169,8192
4.394757002592087,8192
4.3510545045137405,8192
4.976019263267517,8192
4.705144464969635,8192
4.445228353142738,8192
4.360974207520485,8192
4.207407310605049,8192
3.7361547350883484,8192
4.628877714276314,8192
4.107744246721268,8192
4.296017438173294,8192
4.299889877438545,8192
4.5733679085969925,8192
4.634381085634232,8192
4.135214909911156,8192
4.078624024987221,8192
4.326069355010986,8192
4.074073955416679,8192
4.431216791272163,8192
4.371499642729759,8192
4.962139576673508,8192
4.419555142521858,8192
4.019268229603767,8192
4.489663988351822,8192
4.521942138671875,8192
4.843881726264954,8192
4.919281229376793,8192
4.35723103582859,8192
4.552590101957321,8192
4.35989536345005,8192
4.888744652271271,8192
4.631828889250755,8192
4.242142662405968,8192
4.561229422688484,8192
4.109993949532509,8192
4.435667768120766,8192
4.537114128470421,8192
4.09444123506546,8192
4.4714149087667465,8192
4.725292325019836,8192
4.01785708963871,8192
4.390779510140419,8192
4.222835972905159,8192
4.574232175946236,8192
3.9178516715765,8192
4.534568265080452,8192
4.139290377497673,8192
4.354661330580711,8192
4.046342894434929,8192
4.669959470629692,8192
4.581704363226891,8192
4.123874381184578,8192
4.2090971022844315,8192
4.5579686760902405,8192
4.740406200289726,8192
3.8711775094270706,8192
4.309806227684021,8192
4.578455910086632,8192
4.527194052934647,8192
4.290635883808136,8192
4.1700080037117,8192
4.492705687880516,8192
4.371410235762596,8192
4.466079548001289,8192
4.330405220389366,8192
4.415372014045715,8192
3.9319247007369995,8192
4.073012620210648,8192
3.954802080988884,8192
4.619565233588219,8192
4.448681324720383,8192
3.977000340819359,8192
4.389465227723122,8192
4.9232229590415955,8192
4.788330569863319,8192
4.593528062105179,8192
4.78452667593956,8192
3.9988018572330475,8192
4.177631437778473,8192
4.364963620901108,8192
4.255658388137817,8192
4.359840229153633,8192
4.718516021966934,8192
3.959311544895172,8192
4.121510684490204,8192
3.9437081664800644,8192
3.6876704543828964,8192
4.106675460934639,8192
4.320790991187096,8192
4.191321507096291,8192
4.410669207572937,8192
3.994967043399811,8192
4.654700309038162,4096
4.377104341983795,8192
4.205530881881714,8192
4.324500262737274,8192
4.438149183988571,8192
4.02057021856308,8192
4.275572672486305,8192
3.925323113799095,8192
4.482974112033844,8192
4.3062973767519,8192
4.129345715045929,8192
4.153506085276604,8192
4.228295758366585,8192
3.945726901292801,8192
5.170821771025658,8192
4.0181465446949005,8192
4.579784721136093,8192
4.207269847393036,8192
3.9801843464374542,8192
4.3257758021354675,8192
3.945726901292801,8192
4.617064446210861,8192
4.604952037334442,8192
4.414469748735428,8192
4.026743769645691,8192
4.110489785671234,8192
3.87127622961998,8192
4.366038367152214,8192
4.764107242226601,8192
3.987034037709236,8192
4.4113218784332275,8192
5.057781934738159,8192
4.125916957855225,8192
4.117448627948761,8192
4.893683642148972,8192
