3984.916984583117,8192
3941.8600234260366,16384
3930.9501400106824,24576
3906.7806484887847,32768
3912.182872739272,40960
3905.670208531507,49152
3914.7567942544833,57344
3922.0012241422132,65536
3941.270491702304,73728
3932.098079333177,81920
3927.1722108388403,90112
3925.6662592798234,98304
3917.5583818521764,106496
3911.5015543099894,114688
3914.70481140724,122880
3906.8230296523047,131072
3910.360531526766,139264
3910.97017088925,147456
3903.666193349002,155648
3899.8701990563623,163840
3902.433600686447,172032
3900.2393139123706,180224
3898.595601007061,188416
3898.6953548905412,196608
3894.8442927690185,204800
3896.817339931243,212992
3898.2477299651205,221184
3897.4848190998187,229376
3897.8390605688596,237568
3898.8398051931163,245760
3897.243482976656,253952
3894.9068021978687,262144
3895.7541915903994,270336
3893.694440950302,278528
3894.3449591005015,286720
3892.880684755237,294912
3891.0242692740508,303104
3894.120311499902,311296
3891.602011918796,319488
3893.5658531115496,327680
3892.435902057608,335872
3894.2198898669135,344064
3893.4911409159217,352256
3892.3557425744375,360448
3893.213775747644,368640
3893.427062860499,376832
3890.6205247412845,385024
3889.9161647038322,393216
3890.645680684246,401408
3890.4557366186177,409600
3887.980894314914,417792
3886.298939174616,425984
3883.838163876822,434176
3883.99898862977,442368
3885.421020643769,450560
3883.017298962478,458752
3883.3832303790437,466944
3883.9521700338073,475136
3884.9865383221063,483328
3886.4288981504387,491520
3884.0681858631924,499712
3884.1188815370306,507904
3883.7223103293577,516096
3883.13176716262,524288
3882.0033749502527,532480
3882.1086145704207,540672
3881.4199266902815,548864
3881.403635900934,557056
3880.809341103751,565248
3879.0589749140013,573440
3877.2881023895793,581632
3876.136580112595,589824
3875.787802162338,598016
3874.8514365984893,606208
3875.3545157459093,614400
3875.722248434006,622592
3876.5896560156452,630784
3874.775536772788,638976
3873.367204371207,647168
3873.7250453152624,655360
3873.9554008606137,663552
3873.9157634274547,671744
3873.7751525426806,679936
3872.8165522427194,688128
3872.3812995325793,696320
3873.087858343945,704512
3871.6172135229067,712704
3871.8935266834674,720896
3871.2329727010856,729088
3869.444063164194,737280
3868.7300183770126,745472
3867.4974601732797,753664
3865.7901661046412,761856
3864.788754524879,770048
3865.673836983518,778240
3865.143780745675,786432
3863.738915233023,794624
3864.061089107877,802816
3864.482689404553,811008
3864.366134275508,819200
3864.154980988292,827392
3863.9494964939477,835584
3863.2762851493994,843776
3862.65605263049,851968
3862.695245272294,860160
3862.547637154394,868352
3861.843049288284,876544
3861.4172109382203,884736
3861.0358506531406,892928
3861.058046006746,901120
3861.2301849263704,909312
3859.5506160680043,917504
3858.958434360351,925696
3857.9637618014995,933888
3858.2696212833553,942080
3857.576268492331,950272
3858.136819103791,958464
3858.267180373819,966656
3858.7073650378684,974848
3858.298808353229,983040
3858.7229737417724,991232
3858.823159733555,999424
3858.6254033603423,1007616
3857.97230766534,1015808
3857.278739697495,1024000
3856.256020763656,1032192
3855.970942803326,1040384
3855.298837570118,1048576
3854.14157106854,1056768
3853.5122775941504,1064960
3854.021432571076,1073152
3853.3732033614424,1081344
3852.8268793796374,1089536
3852.89205321717,1097728
3852.338294290092,1105920
3851.373908889741,1114112
3850.5962408714263,1122304
3849.582525682844,1130496
3849.5045100613515,1138688
3849.5485489267567,1146880
3849.336077702409,1155072
3849.6134635090916,1163264
3849.4050466818435,1171456
3848.706496231799,1179648
3848.704491568309,1187840
3848.457007048764,1196032
3847.8791297864486,1204224
3847.1014774216465,1212416
3846.5387806108674,1220608
3846.4115293785803,1228800
3846.231286635241,1236992
3845.3945644644086,1245184
3845.6744251116,1253376
3846.076044759792,1261568
3845.9056617186975,1269760
3845.551932969775,1277952
3845.7590327774465,1286144
3845.5837148894093,1294336
3845.5715350906653,1302528
3845.984584042543,1310720
3846.400383158493,1318912
3845.9974282147646,1327104
3845.7933211573813,1335296
3846.263943160526,1343488
3846.3101943612355,1351680
3845.7985440630487,1359872
3845.1109643128375,1368064
3845.8924792813064,1376256
3845.937832685366,1384448
3845.5917917190286,1392640
3845.2878938880503,1400832
3845.1442724231015,1409024
3844.8268190609806,1417216
3844.3830955824997,1425408
3844.2980883344803,1433600
3844.139539758053,1441792
3844.5227510329637,1449984
3843.7970178678393,1458176
3843.838021874198,1466368
3843.844315921555,1474560
3843.9183681148897,1482752
3844.557812113035,1490944
3843.611877053663,1499136
3843.405311680135,1507328
3842.511585692907,1515520
3842.348616456526,1523712
3842.0936574511097,1531904
3841.5987819526426,1540096
3840.2947706199507,1548288
3839.833049570655,1556480
3840.42242255733,1564672
3840.388186330217,1572864
3839.5690087749153,1581056
3840.107377784599,1589248
3840.0571259461963,1597440
3840.4307029393567,1605632
3840.290450766256,1613824
3840.195789582885,1622016
3840.0733366117097,1630208
3839.6891848444134,1638400
3839.822186471762,1646592
3839.98870182729,1654784
3839.6738942803713,1662976
3839.1785175997497,1671168
3839.3715709857174,1679360
3838.9326980654937,1687552
3838.5568630324788,1695744
3837.9741417025107,1703936
3837.549232795069,1712128
3837.439075318077,1720320
3837.2513286653725,1728512
3837.2183141419637,1736704
3836.5122488139136,1744896
3835.9742810964212,1753088
3835.5521983843278,1761280
3835.5048126718443,1769472
3835.2385387320787,1777664
3834.521899636078,1785856
3834.3908638770276,1794048
3834.489271149405,1802240
3833.957152190105,1810432
3833.2409205405497,1818624
3833.1048908641583,1826816
3832.985420178441,1835008
3832.739276467813,1843200
3832.396886753434,1851392
3832.2686594476845,1859584
3832.0086829622205,1867776
3832.073075975567,1875968
3831.7982380237786,1884160
3831.8355972264035,1892352
3831.5759501048155,1900544
3831.997280692389,1908736
3831.608397259437,1916928
3832.156358712893,1925120
3831.052658577597,1933312
3831.0440971910516,1941504
3830.8889922789444,1949696
3831.274920484782,1957888
3830.6981343417656,1966080
3830.522732573795,1974272
3830.648640199873,1982464
3830.268174377645,1990656
3829.6334189804566,1998848
3829.217060819309,2007040
3828.8949442978055,2015232
3828.808290186381,2023424
3828.735204936279,2031616
3828.5862808996826,2039808
3828.1255374788643,2048000
3827.7745125887864,2056192
3827.659659369292,2064384
3827.299385247057,2072576
3826.87522492343,2080768
3826.8410283314383,2088960
3826.226811284203,2097152
3826.0705663648037,2105344
3825.846271277983,2113536
3825.4650825145995,2121728
3824.975408157764,2129920
3824.6447508517535,2138112
3824.2440097931526,2146304
3824.3007668034834,2154496
3823.817251780474,2162688
3824.001624954665,2170880
3823.308694213973,2179072
3823.4749387800216,2187264
3823.2227740991134,2195456
3822.940880690003,2203648
3822.9456638068737,2211840
3822.996745143495,2220032
3823.090452469741,2228224
3823.257345964344,2236416
3823.3453657172677,2244608
3823.1793173233755,2252800
3823.162154758151,2260992
3822.6900338271294,2269184
3822.716419008522,2277376
3822.5010895771848,2281472
3822.0333677316953,2289664
3822.1037881283664,2297856
3822.123960224207,2306048
3821.965829970603,2314240
3822.015196639323,2322432
3822.060398933262,2330624
3821.952081435063,2338816
3821.824244626312,2347008
3821.9018131416724,2355200
3821.565582820068,2363392
3821.403508764026,2371584
3821.266868948477,2379776
3821.2699128649456,2387968
3820.5027001715143,2396160
3820.701468637625,2404352
3820.6949933718397,2412544
3820.4616116441475,2420736
3820.832225459136,2428928
3820.370237304687,2437120
3820.320335402184,2445312
3819.987586266621,2453504
3819.6823067579676,2461696
3819.234577485888,2469888
3819.090890319067,2478080
3819.1326134866995,2486272
3819.301765170329,2494464
3819.2749017888273,2502656
3818.849350286766,2510848
3818.968015017343,2519040
3818.5511378125566,2527232
3817.723977212122,2535424
3817.457436710788,2543616
3817.5853374382673,2551808
3817.118375854294,2560000
