4430.171184241183,32768
4411.529939546354,65536
4429.424840965122,98304
4435.4565664080865,131072
4437.596395303842,163840
4439.758779740243,196608
4443.856944572487,229376
4449.588662698596,262144
4447.999594524359,294912
4449.946082338895,327680
4448.073764872904,360448
4449.084957333802,393216
4449.618897442604,425984
4450.174222711446,458752
4451.992488374004,491520
4452.6455327528565,524288
4452.561355434926,557056
4452.704038730215,589824
4452.525294953034,622592
4451.860235198123,655360
4453.081312899709,688128
4454.702410654247,720896
4455.964479311565,753664
4456.308120129287,786432
4453.342502144344,819200
4452.399739829669,851968
4453.5132929887895,884736
4452.031822397113,917504
4451.832938842569,950272
4451.043805667022,983040
4452.273648136714,1015808
4450.9616332786545,1048576
4450.621244859565,1081344
4450.787008205748,1114112
4449.883577676934,1146880
4449.616304201141,1179648
4448.8599513991385,1212416
4448.324487126916,1245184
4449.156163778928,1277952
4449.372675906961,1310720
4449.443054945135,1343488
4448.744925944155,1376256
4449.130035092593,1409024
4449.744564305761,1441792
4450.180487693132,1474560
4450.857430063007,1507328
4450.955164528177,1540096
4450.441679596428,1572864
4449.618464433722,1605632
4449.142633922683,1638400
4447.887309215901,1671168
4447.585018304168,1703936
4447.136109467863,1736704
4446.763397071962,1769472
4447.208169799903,1802240
4447.702920907117,1835008
4447.250024504317,1867776
4447.560696976697,1900544
4447.3921274645645,1933312
4447.804893603327,1966080
4447.61419709163,1998848
4447.81208635242,2031616
4447.743940641999,2064384
4447.595611989763,2097152
4446.661517205465,2129920
4446.157109100006,2162688
4446.7326158892365,2195456
4446.704638856413,2228224
4446.806846336118,2260992
4446.205109731301,2293760
4446.283989830251,2326528
4446.346251109627,2359296
4445.675539661307,2392064
4444.930595317917,2424832
4445.141104497909,2457600
4444.866832651159,2490368
4444.763416961946,2523136
4445.164378946622,2555904
4445.478697785408,2588672
4445.0460799340135,2621440
4445.026567566405,2654208
4445.263848409853,2686976
4445.992296796755,2719744
4445.997545142851,2752512
4446.008556179496,2785280
4445.164233594056,2818048
4445.64891177477,2850816
4445.658160380204,2883584
4445.838412880118,2916352
4445.787405964179,2949120
4445.426582841481,2981888
4445.79402379581,3014656
4445.726950000048,3047424
4445.896659691014,3080192
4445.98831165556,3112960
4445.583933955728,3145728
4445.369172642693,3178496
4445.182595954899,3211264
4445.195226352935,3244032
4445.208579212406,3276800
4445.1701668731785,3309568
4445.352578291646,3342336
4445.555081520796,3375104
4445.539879974168,3407872
4445.359950373547,3440640
4445.369274072461,3473408
4445.047957332509,3506176
4444.945501913213,3538944
4444.906257566828,3571712
4445.014936916504,3604480
4445.150113033911,3637248
4445.387501678467,3670016
4445.5435622058385,3702784
4445.386060636942,3735552
4445.41245460933,3768320
4445.535976341454,3801088
4445.278006499892,3833856
4444.512670887856,3866624
4444.05748804087,3899392
4443.447280783334,3932160
4443.33932423398,3964928
4443.008077406018,3997696
4443.291841042468,4030464
4442.993932946387,4063232
4442.722605490661,4096000
4442.68172984981,4128768
4442.794493965303,4161536
4443.043967703955,4194304
4442.827564921139,4227072
4443.0047613977,4259840
4442.7223935804595,4292608
4442.9638866308915,4325376
4442.780465626153,4358144
4442.370660925218,4390912
4442.485692563354,4423680
4442.526543297001,4456448
4442.315259020279,4489216
4442.082058567515,4521984
4442.0885075443475,4554752
4441.662690846652,4587520
4441.571893313415,4620288
4441.838669115068,4653056
4441.58827589624,4685824
4441.60469469952,4718592
4441.72880058597,4751360
4441.767156323123,4784128
4441.831818842833,4816896
4441.618036675151,4849664
4441.493610597518,4882432
4441.626516411114,4915200
4441.365054531746,4947968
4441.285327235757,4980736
4441.312780560847,5013504
4441.25541401797,5046272
4441.054320685536,5079040
4441.098499420796,5111808
4441.247030943989,5144576
4441.2935073234285,5177344
4441.523478455309,5210112
4441.375426718386,5242880
4441.328925020684,5275648
4441.17731987739,5308416
4441.27157081341,5341184
4441.294528941805,5373952
4440.771854976412,5406720
4440.900743382432,5439488
4440.983684921752,5472256
4440.679586844251,5505024
4440.7573382782375,5537792
4440.731986801736,5570560
4440.785391396827,5603328
4440.86558084667,5636096
4440.825893030688,5668864
4440.8538634731785,5701632
4440.536616826337,5734400
4440.195641613558,5767168
4440.331697825315,5799936
4440.192263259809,5832704
4440.16666218106,5865472
4440.102953534444,5898240
4440.066666018319,5931008
4440.0395719718645,5963776
4439.915570867633,5996544
4439.732884403964,6029312
4439.600881733823,6062080
4439.485325526837,6094848
4439.456498326719,6127616
4439.523554082551,6160384
4439.452827313682,6193152
4439.388283144207,6225920
4439.347313094221,6258688
4439.293804644888,6291456
4439.382207219658,6324224
4439.321475699863,6356992
4439.334295122887,6389760
4439.1771857614995,6422528
4439.221488377403,6455296
4438.829923183329,6488064
4438.587777363428,6520832
4438.627795355993,6553600
4438.413524429415,6586368
4438.226571316705,6619136
4438.0104022362375,6651904
4438.1644975986255,6684672
4438.395989131919,6717440
4438.371046145071,6750208
4438.595183032647,6782976
4438.689876883482,6815744
4438.762480590719,6848512
4438.773819308161,6881280
4438.552634368576,6914048
4438.416125777038,6946816
4438.266933304652,6979584
4438.085200954637,7012352
4438.209411539265,7045120
4438.268671522268,7077888
4438.165102346212,7110656
4438.050234892649,7143424
4438.090274596604,7176192
4438.081219109512,7208960
4437.802198887328,7241728
4437.847387977465,7274496
4437.911132240553,7307264
4437.933099411215,7340032
4437.886175993601,7372800
4438.004017637077,7405568
4438.085584316398,7438336
4438.061069628407,7471104
4438.103158015576,7503872
4437.723008159525,7536640
4437.552847830924,7569408
4437.690996590556,7602176
4437.733148018001,7634944
4437.800188105488,7667712
4437.904875386422,7700480
4437.950518469519,7733248
4438.005973908469,7766016
4438.023156533263,7798784
4437.919457289082,7831552
4437.966113067585,7864320
4437.886798760012,7897088
4437.765609447572,7929856
4437.87772046229,7962624
4437.679007217876,7995392
4437.665386430773,8028160
4437.589909649293,8060928
4437.446101110425,8093696
4437.520833882133,8126464
4437.535294848809,8159232
4437.4179768554495,8192000
4437.451109510629,8224768
4437.380130829488,8257536
4437.288237877686,8290304
4437.371170824806,8323072
4437.404879709103,8355840
4437.229695855859,8388608
4437.235716563379,8421376
4437.132291457326,8454144
4437.2600521942195,8486912
4437.079744362316,8519680
4436.730779973617,8552448
4436.594859874379,8585216
4436.556855780061,8617984
4436.544702248632,8650752
4436.407196875431,8683520
4436.235452212427,8716288
4436.223007747183,8749056
4436.256562677146,8781824
4436.167633673499,8814592
4436.1227052679305,8847360
4436.136182088027,8880128
4436.1851627152455,8912896
4436.180397680973,8945664
4436.282639743091,8978432
4436.32097033725,9011200
4436.241496568715,9043968
4436.333110418676,9076736
4436.302042158398,9109504
4436.04656291541,9142272
4436.047458575534,9175040
4436.154594538037,9207808
4436.247620889935,9240576
4436.199464847563,9273344
4436.155923785336,9306112
4436.156123139073,9338880
4436.2034649726065,9371648
4436.158758301696,9404416
4436.136088529369,9437184
4436.02791043924,9469952
4435.919518229757,9502720
4435.82375049848,9535488
4435.909269908171,9568256
4435.624870151006,9601024
4435.586194199875,9633792
4435.616222386705,9666560
4435.287841962667,9699328
4435.240739370704,9732096
4435.34852577614,9764864
4435.294433067627,9797632
4435.109030684571,9830400
4435.0211491798555,9863168
4434.988905034834,9895936
4434.915053704949,9928704
4434.971146993923,9961472
4434.688395572642,9994240
4434.52260615191,10027008
4434.363206318602,10059776
4434.217767010863,10092544
4434.146010098314,10125312
4434.102149115676,10158080
4433.979165218911,10190848
4433.659161648621,10223616
4433.513331165989,10240000
