3931.3350403952063,8192
3915.1810918312735,16384
3912.041596713563,24576
3914.696660260726,32768
3905.7634522366034,40960
3893.988313704853,49152
3903.2301152115765,57344
3904.9563657790964,65536
3903.3038550838182,73728
3892.0908806806838,81920
3886.0692548183783,90112
3878.711224340422,98304
3881.248377196865,106496
3876.056099830065,114688
3870.79900987563,122880
3880.7522370725405,131072
3877.9914495459234,139264
3877.2174133036065,147456
3873.6076397250063,155648
3876.591891023251,163840
3877.6563964121956,172032
3880.193220022368,180224
3879.2236940902426,188416
3878.869977509734,196608
3880.855144011673,204800
3877.575291390028,212992
3874.927356548799,221184
3869.8187995434278,229376
3871.252842616403,237568
3871.422182127519,245760
3869.807192195908,253952
3867.660777594343,262144
3864.4698089368358,270336
3866.5600085208875,278528
3868.496070070777,286720
3866.682798573223,294912
3863.077112431628,303104
3863.5311423863864,311296
3862.4489436196427,319488
3862.994912680776,327680
3863.829406194232,335872
3866.5004883429197,344064
3867.6566146438036,352256
3865.5761593557554,360448
3865.2026715753223,368640
3865.255964332528,376832
3863.9325791235506,385024
3864.7813323860782,393216
3864.3494742878574,401408
3863.2338299999788,409600
3862.950173536426,417792
3863.5884994776043,425984
3863.58363569495,434176
3863.6298544051215,442368
3862.5320409096503,450560
3862.676677446388,458752
3862.7993113184802,466944
3862.830830337457,475136
3863.858188837535,483328
3861.540543713284,491520
3864.1121322146396,499712
3863.7885659153567,507904
3864.307615507329,516096
3861.487145627931,524288
3862.855417644557,532480
3861.829921729317,540672
3861.5974328615835,548864
3861.899673142432,557056
3863.0157008613105,565248
3863.142408630659,573440
3862.0351918684005,581632
3860.4171913816135,589824
3860.59083897516,598016
3859.608281945495,606208
3859.277456363941,614400
3859.070807336051,622592
3859.337559454868,630784
3858.4107558874393,638976
3859.051873224408,647168
3860.505719073208,655360
3860.5101296878506,663552
3861.677388098452,671744
3862.0963092066067,679936
3860.899683919641,688128
3861.1905776531194,696320
3861.1809452040907,704512
3860.345052116085,712704
3860.450256022844,720896
3861.331217514456,729088
3862.0146938115813,737280
3862.000943130584,745472
3861.928842851866,753664
3862.5749926886933,761856
3861.4735513690266,770048
3860.7127722695404,778240
3860.4431159329447,786432
3860.593990376604,794624
3860.405025905292,802816
3860.5842513701878,811008
3860.6730451763383,819200
3860.630416078481,827392
3860.018247756138,835584
3860.2585143434367,843776
3860.0344557595713,851968
3858.7892504660053,860160
3858.5884289812516,868352
3858.583543191669,876544
3858.357385356507,884736
3858.511956719704,892928
3857.993302639969,901120
3857.412475048805,909312
3857.3169133788547,917504
3856.730641474251,925696
3856.8594375705807,933888
3856.835062288717,942080
3856.3617661486023,950272
3856.188546822108,958464
3856.559601454441,966656
3856.014118034295,974848
3855.4966146060847,983040
3855.480523696103,991232
3855.9069696195183,999424
3855.9954010438587,1007616
3854.9806364390647,1015808
3855.707361207075,1024000
3855.1200685857552,1032192
3854.822741171589,1040384
3854.2987039898367,1048576
3855.0355568455598,1056768
3854.8218727672547,1064960
3854.687593957344,1073152
3854.177330585594,1081344
3853.427943636199,1089536
3853.7578291359937,1097728
3852.8405050632173,1105920
3852.895056213076,1114112
3852.2021912554874,1122304
3852.301565761596,1130496
3852.5485876849834,1138688
3852.3716994934452,1146880
3852.2967029947717,1155072
3852.5914520268216,1163264
3851.6594922136155,1171456
3850.5679218487617,1179648
3849.1859529886165,1187840
3849.4176568702337,1196032
3849.0516657351545,1204224
3848.6648378260757,1212416
3848.413096799855,1220608
3848.8595024588385,1228800
3848.22457544758,1236992
3847.7930690121643,1245184
3847.8164221734114,1253376
3847.6268803743187,1261568
3847.7333646657653,1269760
3847.2055588807375,1277952
3847.087961983104,1286144
3846.6828256161216,1294336
3846.393333185501,1302528
3845.812452671225,1310720
3846.094543798082,1318912
3846.0006885085595,1327104
3845.771382916529,1335296
3845.8288302284336,1343488
3845.744588499626,1351680
3846.285973280374,1359872
3846.6877830620747,1368064
3846.4661504934484,1376256
3845.807140682392,1384448
3845.689713670407,1392640
3845.670090197669,1400832
3845.42016126456,1409024
3845.635785189781,1417216
3846.2132201883524,1425408
3846.3761329277227,1433600
3846.187765615719,1441792
3846.073691262823,1449984
3845.7820908608155,1458176
3845.6283172297276,1466368
3845.822775598852,1474560
3845.6842532538512,1482752
3845.757010809469,1490944
3845.7166413267455,1499136
3845.9057985516897,1507328
3845.6508718084624,1515520
3845.541472237047,1523712
3845.354507689721,1531904
3845.6605460868573,1540096
3845.1569274144717,1548288
3844.8063433089196,1556480
3844.3146335268975,1564672
3844.2886845215626,1572864
3843.6255419275753,1581056
3843.088574270961,1589248
3842.6470360938238,1597440
3841.7241266555384,1605632
3841.5344692720078,1613824
3840.9809514432745,1622016
3840.424793087756,1630208
3839.7005547904855,1638400
3839.6984112578043,1646592
3839.26855059652,1654784
3839.215836039475,1662976
3839.2805873912052,1671168
3839.66525318506,1679360
3839.519335051607,1687552
3839.9108125633356,1695744
3839.72783758733,1703936
3839.7476166982296,1712128
3840.03273842698,1720320
3839.694441458609,1728512
3839.3137523354535,1736704
3839.0749740490755,1744896
3838.64988791779,1753088
3838.293566936201,1761280
3837.766555430147,1769472
3837.7558221760837,1777664
3837.741376365497,1785856
3837.1074459858132,1794048
3836.218455244346,1802240
3836.017966090773,1810432
3835.851475207424,1818624
3835.5637715150056,1826816
3835.679203078706,1835008
3836.1202371517224,1843200
3835.3878730861784,1851392
3834.515112760203,1859584
3834.648484951596,1867776
3834.6515815567354,1875968
3834.7000938513993,1884160
3834.438501371862,1892352
3834.249208496319,1900544
3834.249806344001,1908736
3833.9342702208637,1916928
3833.4169620489724,1925120
3833.4109937409257,1933312
3833.0962717242605,1941504
3832.494484975668,1949696
3832.6614706546234,1957888
3832.857837273312,1966080
3832.5295823697866,1974272
3832.3636538277574,1982464
3832.562536854575,1990656
3832.1193686783868,1998848
3832.039650393934,2007040
3831.7937735694377,2015232
3831.3518943073145,2023424
3831.513267877565,2031616
3831.430687667292,2039808
3831.012790338756,2048000
3830.383306110189,2056192
3830.297243571673,2064384
3830.1223496898037,2072576
3829.9609919488803,2080768
3829.4046506097984,2088960
3829.1067927505806,2097152
3829.0622529168177,2105344
3829.308615576715,2113536
3829.3050778864167,2121728
3828.8025528531793,2129920
3828.668651001456,2138112
3828.621119642482,2146304
3828.188371141638,2154496
3828.1846636155537,2162688
3828.024373221099,2170880
3827.9598529593977,2179072
3827.4894226444567,2187264
3827.347944986801,2195456
3827.1490719992944,2203648
3826.989598521644,2211840
3826.414636029075,2220032
3826.2558858042917,2228224
3826.458301969525,2236416
3825.634922948619,2244608
3825.8383046115837,2252800
3825.467537238434,2260992
3825.5465144709606,2269184
3825.266965576352,2277376
3824.9950367285846,2285568
3824.4913732628,2293760
3824.5084551133914,2301952
3824.3097496713026,2310144
3824.1155644371415,2318336
3823.931911936334,2326528
3823.8706263788295,2334720
3824.0664483850087,2342912
3823.7580811034086,2351104
3823.519552768023,2359296
3823.2501520759506,2367488
3823.047198448832,2375680
3822.702466529575,2383872
3822.1852691480676,2392064
3821.934429638542,2400256
3821.9362931647565,2408448
3821.747922900618,2416640
3821.720827644671,2424832
3821.6863903281014,2428928
3821.6899475958307,2437120
3821.301148701191,2445312
3820.9058724834326,2453504
3821.019769322531,2461696
3820.8123177219727,2469888
3820.3398948951717,2478080
3820.2865458849983,2486272
3820.4463585340786,2494464
3820.031451697766,2502656
3819.9846987911405,2510848
3819.766459895746,2519040
3820.028034424309,2527232
3819.5556246624606,2535424
3819.569481394426,2543616
3819.538193018528,2551808
3818.9807469407037,2560000
