4483.435798867522,8192
4463.261362696205,16384
4455.293225908173,24576
4435.029358901066,32768
4438.44542006825,40960
4434.127494042262,49152
4442.85931211465,57344
4446.6992756112895,65536
4456.017485952369,73728
4460.854962178073,81920
4461.653083340094,90112
4467.7393149026,98304
4469.4657511469395,106496
4470.182924822509,114688
4468.886603020681,122880
4468.715670093015,131072
4468.523239708517,139264
4471.322163157988,147456
4469.983172663429,155648
4469.809888806129,163840
4471.724605276663,172032
4471.583018292136,180224
4471.34788224213,188416
4472.17271207452,196608
4468.881091015408,204800
4467.518907521056,212992
4467.923241850658,221184
4468.765669238451,229376
4467.963451626207,237568
4468.868561173044,245760
4467.629429666674,253952
4468.741639898963,262144
4467.28195129988,270336
4467.32904682313,278528
4467.828244107564,286720
4467.824412723093,294912
4465.948136165045,303104
4466.586028968782,311296
4466.275980710992,319488
4466.0675957634985,327680
4465.44548026092,335872
4464.406608837016,344064
4464.428488565077,352256
4464.27016990988,360448
4464.210284193895,368640
4464.488235427261,376832
4464.4248060808695,385024
4464.240553247038,393216
4464.546749463947,401408
4464.315651423508,409600
4465.885722299551,417792
4466.475274652715,425984
4466.702500903533,434176
4467.46324143147,442368
4466.42668760379,450560
4466.714641578521,458752
4466.721667837112,466944
4467.030687809879,475136
4467.528700704961,483328
4467.077524588942,491520
4466.501104705208,499712
4466.352650077519,507904
4466.405453995657,516096
4466.720175506909,524288
4466.881639041141,532480
4467.18938686228,540672
4467.8271066689,548864
4467.938134291252,557056
4467.875383682001,565248
4468.039100439492,573440
4467.956649374076,581632
4468.130316674273,589824
4468.328127666629,598016
4468.73846160414,606208
4467.646118670738,614400
4468.457199894454,622592
4468.274516047516,630784
4468.842553065382,638976
4468.673788303939,647168
4469.596596897893,655360
4470.009434359894,663552
4470.052211513877,671744
4469.671220849417,679936
4469.521381469543,688128
4469.505451569449,696320
4469.972564974349,704512
4469.809817760419,712704
4470.02090924824,720896
4470.2717185904485,729088
4469.756675882471,737280
4469.742020364942,745472
4469.437229411182,753664
4468.682258265803,761856
4468.996418357153,770048
4469.202949082636,778240
4469.448964505206,786432
4468.736160346588,794624
4468.212241728445,802816
4468.706764656886,811008
4469.081786373601,819200
4469.0874186109695,827392
4469.296395697513,835584
4469.273682400306,843776
4469.40902860363,851968
4469.439745808978,860160
4469.090986778748,868352
4469.259373530719,876544
4468.931581679781,884736
4468.880075989741,892928
4468.616731963323,901120
4468.783344279649,909312
4469.3213671088115,917504
4469.657166391122,925696
4469.0988936709155,933888
4468.773967741182,942080
4468.623181152358,950272
4468.294906281606,958464
4468.423762250242,966656
4468.980785202642,974848
4469.243796877652,983040
4469.328952219612,991232
4469.5745461717215,999424
4469.810788141,1007616
4470.117868838939,1015808
4470.167334088939,1024000
4469.784715012061,1032192
4469.696056559765,1040384
4469.825980689507,1048576
4469.9091506852565,1056768
4469.759998597582,1064960
4470.011288420845,1073152
4470.085935766789,1081344
4470.273829113402,1089536
4469.918338754492,1097728
4469.992077413762,1105920
4470.052508148371,1114112
4469.978131855175,1122304
4470.206270423676,1130496
4470.101738285472,1138688
4470.389354915304,1146880
4469.901301390085,1155072
4469.79927098663,1163264
4470.051290281149,1171456
4469.6546447742685,1179648
4469.418093760645,1187840
4469.65794796209,1196032
4469.635338692683,1204224
4469.060377118465,1212416
4469.2256408354915,1220608
4469.383194401402,1228800
4469.457228497052,1236992
4469.218494792301,1245184
4468.992560303629,1253376
4469.023844476373,1261568
4469.124457932104,1269760
4469.230313582661,1277952
4468.973574814784,1286144
4468.930277433061,1294336
4468.649563985979,1302528
4468.447590608935,1310720
4468.150736159197,1318912
4467.402753190408,1327104
4467.273987440299,1335296
4467.077360071461,1343488
4466.975811746186,1351680
4466.501810149464,1359872
4466.51471600391,1368064
4466.410076903608,1376256
4466.622439929389,1384448
4466.358563194437,1392640
4466.086131303617,1400832
4465.941236278958,1409024
4466.002675222316,1417216
4466.059541281153,1425408
4466.227278092204,1433600
4466.020183665026,1441792
4465.915151821138,1449984
4465.687579957024,1458176
4465.567577103171,1466368
4465.791503345825,1474560
4465.357344980568,1482752
4465.537227878107,1490944
4465.170147075072,1499136
4465.264864546801,1507328
4464.855901428093,1515520
4464.910144655219,1523712
4464.807945653407,1531904
4464.804519268138,1540096
4464.657599691645,1548288
4464.490517225995,1556480
4464.01420229043,1564672
4463.851347838345,1572864
4463.650551471423,1581056
4463.357507922716,1589248
4463.404645258047,1597440
4463.404696043635,1605632
4463.343835802496,1613824
4463.443084452598,1622016
4463.1567695805725,1630208
4463.137287512031,1638400
4463.163993725677,1646592
4463.30434931592,1654784
4462.994364563983,1662976
4462.661111691927,1671168
4462.30423090702,1679360
4462.271051676664,1687552
4462.028320788275,1695744
4461.796140199598,1703936
4461.759112601253,1712128
4461.746124346686,1720320
4461.705974633795,1728512
4461.587708450918,1736704
4461.4231341610985,1744896
4461.595751955379,1753088
4461.71798595578,1761280
4461.475153822611,1769472
4461.160344013106,1777664
4461.059402773696,1785856
4460.804446233971,1794048
4460.397755494647,1802240
4460.230263729051,1810432
4460.116497534136,1818624
4460.050999842376,1826816
4459.803443398075,1835008
4459.630402022006,1843200
4459.685586182252,1851392
4459.536288659568,1859584
4459.293886984382,1867776
4459.305540423288,1875968
4459.43840813024,1884160
4459.233972711544,1892352
4459.191823979984,1900544
4458.875727286178,1908736
4458.6123794660125,1916928
4458.296829173065,1925120
4458.0675459750855,1933312
4458.171861073549,1941504
4458.056217570166,1949696
4457.867901445544,1957888
4457.820780370325,1966080
4457.5246267669545,1974272
4457.299163395302,1982464
4457.11835301799,1990656
4456.901579198188,1998848
4456.977188977072,2007040
4456.761237681806,2015232
4456.56087965367,2023424
4456.5967034121895,2031616
4456.255696882374,2039808
4456.093478702887,2048000
4456.186216094652,2056192
4456.175937746811,2064384
4456.060069766744,2072576
4455.833493310752,2080768
4455.627735099886,2088960
4455.666657791896,2097152
4455.556274120589,2105344
4455.138786057059,2113536
4455.070019405738,2121728
4455.031425176868,2129920
4454.815258581829,2138112
4454.703797775727,2146304
4454.455663073599,2154496
4454.203050051557,2162688
4453.944808169841,2170880
4453.675764705737,2179072
4453.509825237808,2187264
4453.314719627342,2195456
4453.038836939966,2203648
4452.88849486533,2211840
4452.73213768127,2220032
4452.534254174183,2228224
4452.209048709587,2236416
4452.312840254565,2244608
4452.404592308399,2252800
4452.201793429838,2260992
4452.091653052323,2269184
4451.969860717398,2277376
4451.810247431898,2285568
4451.648747456539,2293760
4451.519419006934,2301952
4451.240566161616,2310144
4450.861827982493,2318336
4450.784275766504,2326528
4450.4378765070205,2334720
4450.226870454799,2342912
4449.864538556648,2351104
4449.595484652611,2359296
4449.363414540958,2367488
4449.245018025327,2375680
4449.128736042698,2383872
4448.961132876596,2392064
4448.775855776867,2400256
4448.437878081362,2408448
4448.1862535179,2416640
4448.06361584063,2424832
4447.6248053741,2433024
4447.483668478252,2441216
4447.244044284596,2449408
4447.028239102255,2457600
4446.805495216389,2465792
4446.481439409712,2473984
4446.310166159344,2482176
4446.103845465737,2490368
4445.8293805116555,2498560
4445.349793576392,2506752
4445.070367121623,2514944
4444.7619581348745,2523136
4444.597046241347,2531328
4444.437128426154,2539520
4444.2484374526775,2543616
4443.971970476364,2551808
4443.524321612352,2560000
