3403.7830232872493,8192
3394.926219800944,16384
3396.359723841853,24576
3381.4334703099285,32768
3365.729063741101,40960
3362.73190209687,49152
3363.3115702767,57344
3364.6499383748574,65536
3363.014660168238,73728
3369.901511213042,81920
3367.005058875615,90112
3371.9280926216616,98304
3372.6513364041866,106496
3369.060200503164,114688
3365.906891877477,122880
3368.562109718353,131072
3368.988408576809,139264
3367.0064535640677,147456
3366.1127422959617,155648
3365.0934210270057,163840
3367.710557713133,172032
3365.548881538578,180224
3366.0006524816713,188416
3368.3103385649565,196608
3367.4211868839993,204800
3368.797310814005,212992
3368.771316131558,221184
3365.387465652011,229376
3364.6143376997857,237568
3365.2799343864294,245760
3363.7349135220275,253952
3363.0671788173922,262144
3360.8639833748007,270336
3359.689191260551,278528
3359.1854959312545,286720
3359.8953038123304,294912
3359.517488660063,303104
3358.765669168343,311296
3357.6766582125656,319488
3356.986725513944,327680
3355.676577746892,335872
3354.3454340280564,344064
3353.3551340584836,352256
3353.5748691308254,360448
3353.403621839638,368640
3353.2140366163817,376832
3353.864986981357,385024
3353.1087430507605,393216
3353.847587658666,401408
3352.5762520896333,409600
3352.5052685235796,417792
3351.736978949991,425984
3351.3044135120913,434176
3351.0056304996733,442368
3350.66155541273,450560
3350.8958432947256,458752
3351.799184427663,466944
3351.1840084871906,475136
3351.1940978418,483328
3351.080009866375,491520
3351.363393219071,499712
3351.870898061812,507904
3351.953115185038,516096
3351.6039786583474,524288
3351.5418158268653,532480
3350.837851499727,540672
3350.5808093111427,548864
3350.5672297478513,557056
3350.787635780367,565248
3350.5756531304332,573440
3350.309802181724,581632
3351.2025902862006,589824
3351.6571667846483,598016
3350.888575944749,606208
3350.750812015274,614400
3349.939953734461,622592
3349.4266998577295,630784
3349.1179460450303,638976
3348.3807026971654,647168
3348.035679131165,655360
3348.201511898036,663552
3348.0148336095504,671744
3347.8621677717942,679936
3348.0605119000634,688128
3348.277942496329,696320
3348.7676449533496,704512
3349.011163040764,712704
3348.759595892053,720896
3348.4824481683995,729088
3347.575759475776,737280
3347.197869068653,745472
3347.0272763610706,753664
3346.757537825007,761856
3346.2249779019144,770048
3346.1365682912624,778240
3345.734270755114,786432
3345.1887924278913,794624
3345.1479326161343,802816
3344.7047726765013,811008
3343.9886385796817,819200
3343.9221766844194,827392
3343.900601854209,835584
3343.2855141147006,843776
3342.688955116767,851968
3342.125080808858,860160
3341.779655889317,868352
3342.5183397412243,876544
3341.8009903904317,884736
3341.5395299287115,892928
3341.8382955479874,901120
3341.7445980551793,909312
3341.6186023831797,917504
3341.0588280138268,925696
3341.811970923923,933888
3341.500902332755,942080
3341.021817467837,950272
3340.648906087926,958464
3340.1029714476786,966656
3339.538625797966,974848
3339.5452452597174,983040
3338.914294480255,991232
3338.576324758771,999424
3338.445414249947,1007616
3337.4981587397124,1015808
3337.5104902906655,1024000
3336.8142008210625,1032192
3336.9889576122687,1040384
3337.0025644779853,1048576
3336.6277763359053,1056768
3336.114838514844,1064960
3335.997000994923,1073152
3335.2385761412156,1081344
3334.9264831996607,1089536
3334.5239351116147,1097728
3334.532724998921,1105920
3334.1862893368516,1114112
3333.7198612508337,1122304
3333.081278858165,1130496
3333.1817837751237,1138688
3332.627776768395,1146880
3332.863912377963,1155072
3332.68805582936,1163264
3332.6904477717812,1171456
3332.459959752073,1179648
3332.2657821961334,1187840
3331.8385673222033,1196032
3331.892086424153,1204224
3331.394926301684,1212416
3331.1312309142777,1220608
3330.4270599194897,1228800
3330.3437502463707,1236992
3330.161705714721,1245184
3330.1259988605425,1253376
3329.7112669996122,1261568
3329.346081176959,1269760
3329.510573235863,1277952
3328.890863759022,1286144
3328.956166826566,1294336
3328.639655418533,1302528
3328.5310151653935,1310720
3328.08215078389,1318912
3328.0307377172508,1327104
3327.5302403928717,1335296
3327.18029107061,1343488
3327.1671754862728,1351680
3326.9177024730307,1359872
3326.7279241688416,1368064
3326.6019767011144,1376256
3326.623306746868,1384448
3326.2338852455973,1392640
3325.8092214416606,1400832
3325.78324222846,1409024
3325.7686736512087,1417216
3325.527832826277,1425408
3325.057236050737,1433600
3324.8670213725973,1441792
3324.3798095018615,1449984
3324.0203642263696,1458176
3323.652135193974,1466368
3323.275871009176,1474560
3323.0538717366853,1482752
3322.8024113885426,1490944
3322.6127451156167,1499136
3322.4165754486503,1507328
3322.234063777937,1515520
3322.073708751318,1523712
3321.567729895439,1531904
3321.376718385805,1540096
3321.211535939654,1548288
3321.14480131394,1556480
3321.0372448726266,1564672
3321.1545612367067,1572864
3320.9045138005977,1581056
3320.698427582234,1589248
3320.429283611558,1597440
3319.824528717677,1605632
3319.3698847985165,1613824
3319.3370996058857,1622016
3319.012043927235,1630208
3318.8097808130456,1638400
3318.693703897493,1646592
3318.1024271876795,1654784
3317.636325493798,1662976
3317.6897582487136,1671168
3317.5546543814394,1679360
3317.2775963399667,1687552
3317.1048332168443,1695744
3317.042205735729,1703936
3316.914430780239,1712128
3316.7459135833196,1720320
3316.7519488119415,1728512
3316.7539732340597,1736704
3316.6729073448478,1744896
3316.7224470740794,1753088
3316.6078870991596,1761280
3316.166920603044,1769472
3316.215782296265,1777664
3316.1592217857506,1785856
3315.654194415863,1794048
3315.2576935038464,1802240
3315.34523719243,1810432
3315.060185518713,1818624
3314.687670657101,1826816
3314.5778019237414,1835008
3314.0879807412134,1843200
3314.124903877442,1851392
3313.8535428879445,1859584
3313.4354400579473,1867776
3313.3529060665774,1875968
3313.1282864812033,1884160
3312.977569533217,1892352
3312.63803059245,1900544
3312.375857495704,1908736
3312.0695512050706,1916928
3311.8630372669677,1925120
3311.57051224385,1933312
3311.112611419053,1941504
3310.8315866652392,1949696
3310.8416674228565,1957888
3310.7684394931057,1966080
3310.449715827745,1974272
3309.9180104995958,1982464
3309.5926441428514,1990656
3309.3121035525687,1998848
3308.9625447296944,2007040
3308.8803335947387,2015232
3308.6496027456833,2023424
3308.5040558666396,2031616
3308.4005868472323,2039808
3307.835061252418,2048000
3307.3791278308586,2056192
3307.2041396706986,2064384
3307.293282160597,2072576
3307.048431111275,2080768
3306.6927198030826,2088960
3306.6004525789863,2097152
3306.4002711137664,2105344
3306.0291573244804,2113536
3305.5432136907675,2121728
3305.387673407723,2129920
3305.0837972999625,2138112
3304.815674108755,2146304
3304.535687451164,2154496
3304.254789662497,2162688
3303.908511407195,2170880
3303.53526256431,2179072
3303.258696220222,2187264
3302.935028149295,2195456
3302.5135619455978,2203648
3302.3719854724363,2211840
3302.3100642856516,2220032
3301.884658973095,2228224
3301.5087183303267,2236416
3301.1261539738252,2244608
3301.00280845373,2252800
3300.906605850731,2260992
3300.9417694206522,2269184
3300.7838165908306,2277376
3300.543132989683,2285568
3300.3146061288517,2293760
3299.943624986658,2301952
3299.6911554521503,2310144
3299.3633375198146,2318336
3299.184051503319,2326528
3298.939114209415,2334720
3298.638270431477,2342912
3298.2125473633178,2351104
3297.9316587591998,2359296
3297.7687087919057,2367488
3297.5343647971777,2375680
3297.062929937853,2383872
3296.886742918767,2392064
3296.919116722126,2400256
3296.7095276290233,2408448
3296.414626554816,2416640
3296.340527552286,2424832
3296.1249320062952,2433024
3295.9095949278203,2441216
3295.65858478256,2449408
3295.3926418733367,2457600
3295.25605770257,2465792
3295.119634469169,2473984
3295.021908594814,2482176
3294.686705661275,2490368
3294.5425328099263,2498560
3294.2794198050447,2506752
3293.9189196096827,2514944
3293.822878050936,2523136
3293.831964017283,2531328
3293.548543719831,2539520
3293.4262309903816,2547712
3293.2768026659096,2555904
3293.22529351506,2560000
