4.590163752436638,8192
4.733049497008324,8192
4.230067133903503,8192
4.175755754113197,8192
4.516628012061119,8192
4.599431157112122,8192
4.4149767607450485,8192
5.137785896658897,8192
4.898367077112198,8192
4.671011865139008,8192
5.068371072411537,8192
4.208860918879509,8192
4.43999320268631,8192
4.180874675512314,8192
4.817112907767296,8192
4.606404900550842,8192
4.205014184117317,8192
4.79341521859169,8192
4.3799057602882385,8192
4.104775562882423,8192
4.3387096375226974,8192
4.551853612065315,8192
4.288087040185928,8192
4.551365226507187,8192
4.425490647554398,8192
4.059601575136185,8192
4.524454474449158,8192
4.833494871854782,8192
4.653748497366905,8192
4.65385876595974,8192
4.265478253364563,8192
4.583530873060226,8192
4.7522906213998795,8192
4.373449087142944,8192
4.117140546441078,8192
5.00829704105854,8192
4.479925706982613,8192
5.185185000300407,8192
4.018523916602135,8192
4.706234857439995,8192
4.399815946817398,8192
4.3042730540037155,8192
4.433887451887131,8192
4.506996273994446,8192
4.391992837190628,8192
4.257544130086899,8192
4.677602648735046,8192
4.0290724486112595,8192
4.646401107311249,8192
3.9582695811986923,8192
4.927488416433334,8192
4.0889304131269455,8192
3.927765414118767,8192
4.2559850960969925,8192
4.095727577805519,8192
5.000000074505806,8192
4.712279140949249,8192
5.434782430529594,8192
4.101880639791489,8192
4.56981249153614,8192
4.692130535840988,8192
4.145418480038643,8192
4.565217345952988,8192
4.399323090910912,8192
4.410454258322716,8192
4.345710948109627,8192
4.533077031373978,8192
4.792167618870735,8192
4.792282730340958,8192
4.220728576183319,8192
4.760432615876198,8192
5.310734361410141,8192
4.523399472236633,8192
4.4714197516441345,8192
4.614468663930893,8192
4.609653726220131,8192
4.396098852157593,8192
4.748223349452019,8192
4.255666211247444,8192
5.483430251479149,8192
4.295344278216362,8192
4.5790717005729675,8192
4.977945983409882,8192
4.299516975879669,8192
4.319453239440918,8192
5.066823214292526,8192
4.303246736526489,8192
4.923446476459503,8192
4.645119234919548,8192
4.739693179726601,8192
4.289013519883156,8192
4.585118219256401,8192
4.739866033196449,8192
4.3492477387189865,8192
4.57979217171669,8192
4.572204500436783,8192
4.1607566177845,8192
5.1135435700416565,8192
4.908435791730881,8192
4.400185123085976,8192
4.068954661488533,8192
3.9032526314258575,8192
4.7736480832099915,8192
4.8984091728925705,8192
4.682755470275879,8192
4.041894152760506,8192
4.436488077044487,8192
4.444793611764908,8192
4.927726835012436,8192
5.135092511773109,8192
4.207387939095497,8192
5.142232030630112,8192
4.885190352797508,8192
4.743450507521629,8192
4.714757204055786,8192
4.886863753199577,8192
4.693715274333954,8192
4.679844528436661,8192
4.601769894361496,8192
5.197472497820854,8192
4.826522618532181,8192
4.610468819737434,8192
4.65153194963932,8192
4.92556206882,8192
4.308202117681503,8192
4.83761839568615,8192
4.388615116477013,8192
3.9310552179813385,8192
4.4740598648786545,8192
4.664408788084984,8192
4.840210825204849,8192
5.240746960043907,8192
4.744764417409897,8192
4.873616248369217,8192
4.777545481920242,8192
4.845201224088669,8192
4.28336076438427,8192
4.551083594560623,8192
4.564790427684784,8192
4.349253326654434,8192
4.920315742492676,8192
4.720631614327431,8192
4.643678292632103,8192
5.024311318993568,8192
4.2200688272714615,8192
4.609929025173187,8192
4.86069954931736,8192
4.437971115112305,8192
4.515231028199196,8192
4.220032691955566,8192
5.222437158226967,8192
4.683719202876091,8192
4.724055156111717,8192
4.623889923095703,8192
4.524672776460648,8192
4.4795360416173935,8192
4.332936182618141,8192
4.743527993559837,8192
4.991007223725319,8192
4.709403216838837,8192
4.702040925621986,8192
4.751761257648468,8192
4.572921618819237,8192
5.049066245555878,8192
4.7049809247255325,8192
5.03193661570549,8192
4.818724095821381,8192
5.253704637289047,8192
5.100463703274727,8192
4.116610437631607,8192
4.463712126016617,8192
5.206378921866417,8192
4.432132840156555,8192
5.357436463236809,8192
4.916757345199585,8192
4.749637842178345,8192
4.942493140697479,8192
4.838182404637337,8192
4.4289421290159225,8192
4.507320374250412,8192
5.034612864255905,8192
4.525758326053619,8192
4.904113709926605,8192
4.18270044028759,8192
4.997686296701431,8192
4.334600642323494,8192
4.9006011337041855,8192
4.762640967965126,8192
4.782681539654732,8192
4.610441625118256,8192
4.928300529718399,8192
5.258912593126297,8192
4.506013169884682,8192
4.537758231163025,8192
4.533498361706734,8192
4.197317361831665,8192
4.790967330336571,8192
4.380042850971222,8192
4.70205545425415,8192
5.127790197730064,8192
5.064082518219948,8192
4.6547237783670425,8192
4.289080947637558,8192
4.356939718127251,8192
4.831649735569954,8192
4.844607040286064,8192
4.469361901283264,8192
4.297385737299919,8192
4.4479746371507645,8192
4.554140195250511,8192
5.19283339381218,8192
4.901336878538132,8192
4.600895568728447,8192
4.807692393660545,8192
4.086911678314209,8192
5.140265449881554,8192
4.617064446210861,8192
4.670247808098793,8192
4.512856528162956,8192
4.650769382715225,8192
4.903202503919601,8192
4.895666241645813,8192
5.225691571831703,8192
4.744958505034447,8192
5.12198805809021,8192
5.393362045288086,8192
4.720631614327431,8192
4.390010982751846,8192
4.708066210150719,8192
4.7942038625478745,8192
4.20604906976223,8192
4.476607218384743,8192
4.855769127607346,8192
5.063699558377266,8192
5.028316378593445,8192
4.727465286850929,8192
4.836663603782654,8192
4.517576843500137,8192
5.197244882583618,8192
4.885343834757805,8192
4.908164963126183,8192
4.778647795319557,8192
4.462921991944313,8192
4.895222187042236,8192
4.82100248336792,8192
4.701655730605125,8192
5.118890479207039,8192
4.285018518567085,8192
4.254958406090736,8192
4.737678915262222,8192
4.8632219433784485,8192
4.72075529396534,8192
5.315716564655304,8192
5.119067057967186,8192
4.726330190896988,8192
4.5608628541231155,8192
5.437237769365311,8192
5.140186846256256,8192
5.107187852263451,8192
4.319717735052109,8192
4.847309738397598,8192
5.176195502281189,8192
4.885103553533554,8192
4.557885229587555,8192
4.837672784924507,8192
5.8974359184503555,8192
4.99921627342701,8192
4.8307642340660095,8192
5.013233795762062,8192
4.9094293266534805,8192
4.029304161667824,8192
4.261135309934616,8192
4.717414453625679,8192
4.675666615366936,8192
5.367143824696541,8192
5.211973935365677,8192
4.861222580075264,8192
4.755043238401413,8192
4.89271767437458,8192
4.748179763555527,8192
4.685656353831291,8192
5.251750722527504,8192
5.010145157575607,8192
4.4288672506809235,8192
4.314808547496796,8192
4.9751244485378265,8192
4.550570994615555,8192
5.361757054924965,8192
4.688473418354988,8192
4.949331656098366,8192
4.732058942317963,8192
4.2225610464811325,8192
4.254662990570068,8192
5.091363564133644,8192
4.8331234604120255,8192
5.436495319008827,8192
4.654782265424728,8192
4.627209901809692,8192
4.957874119281769,8192
4.98412698507309,8192
4.584391042590141,8192
4.879974573850632,8192
4.961166530847549,8192
4.704577848315239,8192
5.021124333143234,8192
4.707359150052071,8192
4.659440368413925,8192
5.017690733075142,8192
4.334975406527519,8192
4.872597381472588,8192
4.8705775290727615,8192
4.906802624464035,8192
5.329153686761856,4096
