4749.508750068205,8192
4718.954169197453,16384
4694.9349077602765,24576
4699.386845151173,32768
4688.383318810522,40960
4691.595926271651,49152
4689.73585744947,57344
4691.23389847732,65536
4688.86742472158,73728
4685.582507609406,81920
4681.418155232776,90112
4673.657599926804,98304
4670.777884654813,106496
4672.813524311104,114688
4667.932709191456,122880
4665.646622771484,131072
4658.800750212806,139264
4659.266502192574,147456
4663.90353195337,155648
4659.59577145593,163840
4659.001173929183,172032
4658.2821860573085,180224
4658.5581199007065,188416
4658.113206451323,196608
4658.313752032954,204800
4658.2504363841845,212992
4658.680007299677,221184
4656.817074672552,229376
4656.327722150204,237568
4654.76600872499,245760
4654.264318518385,253952
4654.869728321842,262144
4654.956357164436,270336
4655.482504756541,278528
4653.777413599629,286720
4652.975410561571,294912
4650.967103925566,303104
4650.14607745507,311296
4648.968816022949,319488
4648.478383180812,327680
4646.2248105064,335872
4645.841247626855,344064
4645.807012263084,352256
4645.869792603883,360448
4646.465043363734,368640
4645.31971134942,376832
4643.80235552811,385024
4642.1186591098085,393216
4641.277435938548,401408
4640.42530780739,409600
4639.360270021752,417792
4637.972525180269,425984
4636.834441279309,434176
4636.919735326345,442368
4635.714125280894,450560
4635.923805604955,458752
4635.721252412181,466944
4636.148149586404,475136
4635.728196085106,483328
4634.852097851679,491520
4634.004591876983,499712
4632.699412559845,507904
4631.928631450944,516096
4630.115011998631,524288
4629.22818215607,532480
4627.836068923687,540672
4626.513635650233,548864
4624.371698052227,557056
4624.404722557963,565248
4624.55827501812,573440
4624.296917111467,581632
4623.139396224215,589824
4622.430944411422,598016
4621.680931077266,606208
4620.434342215583,614400
4620.128274484637,622592
4619.504786727474,630784
4619.603337987472,638976
4618.796095377051,647168
4618.631232327876,655360
4617.016205365312,663552
4615.457646522196,671744
4614.837475550873,679936
4613.498325364045,688128
4612.866567731652,696320
4612.5453743368325,704512
4613.055152416477,712704
4611.755769910153,720896
4610.721551574271,729088
4610.103964614987,737280
4609.218408216717,745472
4608.698615302634,753664
4608.289104959974,761856
4607.3517867658375,770048
4606.543334892124,778240
4606.032801559032,786432
4605.083148643319,794624
4604.207190661695,802816
4603.646517919035,811008
4603.217408484386,819200
4602.9509071925095,827392
4602.895353459544,835584
4602.314028057249,843776
4602.10610856377,851968
4601.693385819197,860160
4600.76682506408,868352
4599.448009658824,876544
4599.1484226859475,884736
4598.79447975923,892928
4597.919781701975,901120
4597.441411316109,909312
4596.920941823517,917504
4596.170518495192,925696
4596.230188175386,933888
4594.819485827462,942080
4594.780620885462,950272
4593.564705151059,958464
4593.26004966598,966656
4592.397843218077,974848
4592.053394369504,983040
4592.014508736333,991232
4591.76336967571,999424
4590.91639844177,1007616
4590.335338805482,1015808
4590.104447152027,1024000
4588.930871063358,1032192
4588.567540195609,1040384
4588.273361947886,1048576
4587.368155859852,1056768
4586.8720401966275,1064960
4586.420946716441,1073152
4586.101809331685,1081344
4585.000817953793,1089536
4584.368083308484,1097728
4583.696366568206,1105920
4582.967553461419,1114112
4582.6043680592775,1122304
4581.9243111859805,1130496
4581.273562968543,1138688
4581.083045899756,1146880
4580.753243495421,1155072
4579.445638435801,1163264
4578.582017004771,1171456
4577.934345965535,1179648
4576.900434263149,1187840
4575.793039511659,1196032
4575.056657700154,1204224
4574.077919151126,1212416
4572.958388935174,1220608
4572.300604407561,1228800
4571.1420975841265,1236992
4570.352702058208,1245184
4569.334423469045,1253376
4568.074675414138,1261568
4567.265581185962,1269760
4566.376776357463,1277952
4565.752030250864,1286144
4564.820060596434,1294336
4564.246706024571,1302528
4563.758332050366,1310720
4562.377731261755,1318912
4561.618860423151,1327104
4560.752334427906,1335296
4559.988416975833,1343488
4559.191695951078,1351680
4559.012473476922,1359872
4558.060157689927,1368064
4556.969517188985,1376256
4556.2318241108605,1384448
4555.5645678201245,1392640
4555.097973001381,1400832
4554.591545711605,1409024
4553.626915660982,1417216
4552.672451234211,1425408
4551.932075089622,1433600
4551.604987494597,1441792
4550.625401445919,1449984
4549.680381335699,1458176
4548.904078002658,1466368
4548.114554207352,1474560
4547.268887452188,1482752
4546.888166309193,1490944
4546.029312848525,1499136
4545.306319736568,1507328
4544.71022153833,1515520
4544.195027483446,1523712
4543.587244736672,1531904
4543.197476974841,1540096
4542.226783173965,1548288
4541.383811567457,1556480
4540.358162314105,1564672
4539.415621527471,1572864
4538.514975495437,1581056
4537.5833493368045,1589248
4536.685229140171,1597440
4535.841228248167,1605632
4535.052185680741,1613824
4533.926896504031,1622016
4533.289422961815,1630208
4532.464868583514,1638400
4531.53060558397,1646592
4530.471777858513,1654784
4529.691725139942,1662976
4528.196884075351,1671168
4527.368670924169,1679360
4526.569813163283,1687552
4525.8588806013395,1695744
4525.017712192307,1703936
4523.750500719151,1712128
4522.991194522676,1720320
4522.284178399943,1728512
4521.757202184983,1736704
4520.6375756048965,1744896
4519.894037225536,1753088
4518.823368196961,1761280
4517.99790026043,1769472
4516.697847005284,1777664
4515.831902818217,1785856
4515.093022030624,1794048
4514.255833356731,1802240
4513.45812122668,1810432
4512.741769178774,1818624
4512.197092211463,1826816
4511.37449122672,1835008
4510.584299598067,1843200
4509.541650498393,1851392
4508.517308997289,1859584
4507.5775422403,1867776
4506.65601082634,1875968
4505.529477241837,1884160
4504.414202504569,1892352
4503.602529252824,1900544
4502.8122508504175,1908736
4501.499293743174,1916928
4500.739171463732,1925120
4499.737298177406,1933312
4499.021550050715,1941504
4498.020493978042,1949696
4496.753566463364,1957888
4495.7689038663875,1966080
4494.9467847027345,1974272
4494.01369351425,1982464
4493.04386084095,1990656
4492.36793863793,1998848
4491.540402403501,2007040
4490.688059905222,2015232
4489.6789620600275,2023424
4489.052305634856,2031616
4488.180547171573,2039808
4487.481478873901,2048000
4486.815466874568,2056192
4485.950298069681,2064384
4484.800000457614,2072576
4484.120911901788,2080768
4483.574217528302,2088960
4482.915976145808,2097152
4482.029900616915,2105344
4480.99581238946,2113536
4480.446998410264,2121728
4479.572789304966,2129920
4478.702387510852,2138112
4477.665295190138,2146304
4476.7581889708135,2154496
4476.181293797783,2162688
4475.2770244052335,2170880
4474.6154580913035,2179072
4473.686554706873,2187264
4472.864172341818,2195456
4472.008211499151,2203648
4471.255105401702,2211840
4470.068887826539,2220032
4469.064876728101,2228224
4468.070160978698,2236416
4467.195897850087,2244608
4465.96223859435,2252800
4465.048385270947,2260992
4463.923243382655,2269184
4462.774464289253,2277376
4461.791068866614,2285568
4461.029555039135,2293760
4460.160756039597,2301952
4459.117096879534,2310144
4458.261381800787,2318336
4457.110529266586,2326528
4456.3430660992135,2334720
4455.393888309099,2342912
4454.539537005753,2351104
4453.847654660048,2359296
4453.26717766161,2367488
4452.532697783895,2375680
4451.655654037867,2383872
4451.110268049042,2392064
4450.232579877833,2400256
4449.548404151415,2408448
4449.086235021732,2416640
4448.070982029401,2424832
4447.235553394354,2433024
4446.270081693656,2441216
4445.5508848619775,2449408
4444.846799542108,2457600
4443.799189983865,2465792
4442.699824663674,2473984
4441.912864811657,2482176
4441.002070615556,2490368
4440.11759236101,2498560
4439.50432689074,2506752
4438.871009616117,2514944
4438.216910775474,2523136
4436.968210528846,2531328
4436.059113546062,2539520
4435.36499370503,2547712
4434.5246991693875,2555904
4434.162690610211,2560000
