3276.6062445690104,8192
3319.228576805866,16384
3287.7202281643436,24576
3313.8603404039313,32768
3305.6512616278287,40960
3305.906099722436,49152
3304.2914564711837,57344
3303.3460013025065,65536
3297.066920674809,73728
3299.512087789565,81920
3307.5653920278523,90112
3314.368404563643,98304
3312.5075641460376,106496
3305.3056289787505,114688
3314.594200736384,122880
3314.49582789268,131072
3312.3478571206388,139264
3311.1636461240814,147456
3310.41615113708,155648
3308.23339100339,163840
3304.805895320049,172032
3304.4699962045142,180224
3301.1137979893806,188416
3302.139388079856,196608
3302.179897094178,204800
3302.5353790121558,212992
3298.885076319575,221184
3298.332705714784,229376
3297.5684369710593,237568
3293.9200775687736,245760
3292.6369266011175,253952
3288.23944151641,262144
3289.2176819241267,270336
3285.0170759052153,278528
3284.037702448094,286720
3281.9761213216307,294912
3284.6935181514973,303104
3284.6111755871502,311296
3282.2620681751528,319488
3281.806622257688,327680
3280.6114263238715,335872
3279.546451667702,344064
3279.977109466865,352256
3280.3474332330247,360448
3281.5375074444573,368640
3282.5471424444904,376832
3284.0420890182963,385024
3282.3055853921123,393216
3280.153297849329,401408
3281.3072108161423,409600
3280.8202225874734,417792
3280.6807104689924,425984
3279.400902580476,434176
3278.480975412911,442368
3275.4228351353595,450560
3273.1639496418034,458752
3273.0514218980798,466944
3270.4379079405003,475136
3268.362248239131,483328
3268.1760965963963,491520
3268.089864387582,499712
3268.5190386620043,507904
3268.8002954597514,516096
3270.9090990031395,524288
3270.192524986961,532480
3271.52436338864,540672
3270.5686545085246,548864
3269.789438278211,557056
3269.1136374464127,565248
3267.947771075925,573440
3268.3679426920085,581632
3268.366675665671,589824
3267.3844752661516,598016
3266.5528268409953,606208
3263.935889515053,614400
3262.8467221761216,622592
3261.017380970511,630784
3260.7292703792095,638976
3260.1231876108513,647168
3259.247558548604,655360
3258.4459129651714,663552
3256.7590102255667,671744
3255.832869196446,679936
3254.874304661155,688128
3255.199220415755,696320
3254.5760945063685,704512
3254.199266945285,712704
3254.1302613980824,720896
3254.924981525961,729088
3255.8444699616675,737280
3254.702137393419,745472
3253.9165430205917,753664
3253.642320227066,761856
3253.841631304318,770048
3252.831532437059,778240
3252.4257295634907,786432
3251.672599302254,794624
3249.763103640948,802816
3249.087065804169,811008
3248.720149064356,819200
3247.1234629507585,827392
3246.221621791112,835584
3245.3007561855356,843776
3245.5622763942706,851968
3244.5569023544635,860160
3244.704025211897,868352
3244.0803583175066,876544
3243.213463772394,884736
3242.1893177061156,892928
3241.3124718727627,901120
3241.1166751772516,909312
3240.1460708132568,917504
3238.743394637373,925696
3238.284737433808,933888
3238.8552281803986,942080
3238.0902827465843,950272
3237.8889262563926,958464
3236.902836862337,966656
3236.444974505786,974848
3235.7461803026767,983040
3235.034657101238,991232
3233.5096737136328,999424
3233.4626216101756,1007616
3233.2498424242667,1015808
3233.0296282891113,1024000
3232.4345875722643,1032192
3232.4135164290565,1040384
3232.665576606816,1048576
3231.7028001354633,1056768
3231.1664198176522,1064960
3230.0948628073916,1073152
3229.905377590748,1081344
3229.1614184607333,1089536
3228.42078083363,1097728
3227.4581703573454,1105920
3227.0875362736506,1114112
3227.1595322454546,1122304
3226.477780021384,1130496
3226.1955274026573,1138688
3225.340807380351,1146880
3224.442601186589,1155072
3223.9376941754967,1163264
3223.1223839480663,1171456
3222.6259182869812,1179648
3222.2334370536937,1187840
3221.952700958481,1196032
3221.5651192010923,1204224
3221.1709687886296,1212416
3219.946568887126,1220608
3219.163242031294,1228800
3218.2968141674264,1236992
3217.616272359408,1245184
3217.4323829024065,1253376
3216.711808846611,1261568
3215.790458575391,1269760
3215.1790029634058,1277952
3214.96104373065,1286144
3214.6986291589556,1294336
3213.965224269478,1302528
3213.299164309688,1310720
3213.0042442053573,1318912
3212.1971661485845,1327104
3211.775844368868,1335296
3211.1002268110165,1343488
3210.4775836755257,1351680
3209.854299381469,1359872
3209.493698679497,1368064
3209.345640564863,1376256
3209.0544673902255,1384448
3209.099451858285,1392640
3209.0093957737895,1400832
3208.597476462695,1409024
3207.7187193952905,1417216
3206.9139618144814,1425408
3206.673050607024,1433600
3206.2251231598316,1441792
3205.406347930958,1449984
3204.2310173327655,1458176
3204.0669318277605,1466368
3203.747663801077,1474560
3203.421270735287,1482752
3202.327040077117,1490944
3201.422311713563,1499136
3201.1079164109747,1507328
3200.6094652479765,1515520
3200.1939783955368,1523712
3199.7268207020775,1531904
3198.871267608962,1540096
3197.977776906198,1548288
3197.5455398288896,1556480
3196.9967423608387,1564672
3196.021771434897,1572864
3195.731201148464,1581056
3194.7248738100097,1589248
3194.342720799163,1597440
3193.997816488738,1605632
3193.968380178328,1613824
3193.4400170350996,1622016
3193.051828820702,1630208
3192.915940116884,1638400
3192.949593700976,1646592
3192.426816265598,1654784
3191.9728093145895,1662976
3191.2584090446544,1671168
3190.7902604133174,1679360
3190.2461428045185,1687552
3189.9050033018734,1695744
3189.3612795638396,1703936
3189.16999091483,1712128
3188.559451586872,1720320
3187.7628798677915,1728512
3187.6072386861424,1736704
3187.0066478357676,1744896
3186.670856815579,1753088
3185.770131594972,1761280
3185.1512148018787,1769472
3184.4243259397344,1777664
3183.648392347193,1785856
3183.112664171444,1794048
3182.86592859201,1802240
3182.8293548308166,1810432
3182.415205237477,1818624
3181.8654116867647,1826816
3181.6955786704502,1835008
3181.345126593255,1843200
3180.225136042141,1851392
3179.8578492488627,1859584
3179.4833065370376,1867776
3179.0978593263785,1875968
3179.1046777429106,1884160
3178.685604134998,1892352
3178.626442686145,1900544
3178.2767318523015,1908736
3177.9035488063773,1916928
3177.120609848357,1925120
3176.519013827537,1933312
3175.9445882526115,1941504
3175.7445377843237,1949696
3174.9917901969675,1957888
3174.5875454877055,1966080
3174.1602660714325,1974272
3173.276297845369,1982464
3172.8583656765045,1990656
3172.255198755097,1998848
3172.0462332838597,2007040
3171.696837729954,2015232
3171.149356029156,2023424
3170.4770968366656,2031616
3170.1760932064817,2039808
3169.648473028011,2048000
3169.2493379827165,2056192
3168.9032726326714,2064384
3168.3708563361856,2072576
3168.1572389359562,2080768
3167.739438731672,2088960
3167.2295029153142,2097152
3166.977108911339,2105344
3166.6837674539997,2113536
3166.0938044329628,2121728
3165.431542968611,2129920
3164.9106720397212,2138112
3164.9429190266746,2146304
3164.4353815847458,2154496
3163.915219869068,2162688
3163.494516260194,2170880
3162.7118007622294,2179072
3162.6710193422205,2187264
3162.170561736975,2195456
3161.8290389728745,2203648
3161.4553986402693,2211840
3161.390243691504,2220032
3161.1169843686453,2228224
3161.066450907522,2236416
3160.82869557307,2244608
3160.427021320629,2252800
3160.172900652199,2260992
3159.6356131247653,2269184
3158.9310087109757,2277376
3158.428768322439,2285568
3157.8973354242653,2293760
3157.2992222684147,2301952
3156.7668260520627,2310144
3156.2782307169537,2318336
3156.177841471078,2326528
3155.490613883453,2334720
3155.152987270073,2342912
3154.5267237297717,2351104
3153.6685104308494,2359296
3153.31798075513,2367488
3152.7658587966457,2375680
3152.5419920204185,2383872
3152.5378126395212,2392064
3152.2476066979725,2400256
3151.693877408752,2408448
3151.0249249014373,2416640
3150.3599122398487,2424832
3149.8694426235124,2433024
3149.5343626857925,2441216
3149.253560303604,2449408
3148.5510614535683,2457600
3148.0905495910038,2465792
3147.498045483507,2473984
3146.8942995885914,2482176
3146.34752534384,2490368
3145.844582625312,2498560
3145.2331889929183,2506752
3144.7957075681575,2514944
3144.1880253885,2523136
3143.7005486647654,2531328
3143.4945398455457,2539520
3143.509912028294,2547712
3143.076224747425,2555904
3143.124233848156,2560000
