3278.6411308835677,8192
3310.1592762092164,16384
3304.486087422659,24576
3312.341353507156,32768
3318.234137314037,40960
3322.825963266533,49152
3321.356449742643,57344
3318.276304739972,65536
3309.5430533529366,73728
3306.5678246981633,81920
3308.692256896851,90112
3307.72653016295,98304
3306.264603882756,106496
3302.292838484314,114688
3304.5640330554183,122880
3304.395814076014,131072
3305.4042620568307,139264
3302.4726040987575,147456
3301.83427842387,155648
3297.5743145108786,163840
3295.6857520174935,172032
3295.945618508345,180224
3297.3128406024734,188416
3293.518404874139,196608
3293.5212578994287,204800
3291.1315990825788,212992
3289.1763117742717,221184
3287.730567582658,229376
3289.0987659513553,237568
3286.973979742086,245760
3284.8766600657955,253952
3281.208713715381,262144
3280.7009832738713,270336
3281.258165872756,278528
3276.6295468453727,286720
3276.055281812647,294912
3276.143888994975,303104
3273.399780521346,311296
3271.6805146425654,319488
3270.715020712401,327680
3269.5516911223285,335872
3268.8940653416903,344064
3268.625318858596,352256
3266.7789087165575,360448
3264.4314463692717,368640
3261.80688102731,376832
3260.137179827793,385024
3258.6675957597554,393216
3257.5203863838747,401408
3256.6624958252696,409600
3256.6740591482844,417792
3255.680600934674,425984
3254.1539001404503,434176
3251.973450479136,442368
3250.4888611160236,450560
3248.1063233454743,458752
3247.940164484142,466944
3245.318037029181,475136
3243.158353855833,483328
3242.658369099156,491520
3241.53198550418,499712
3241.7813952442225,507904
3239.7394826966483,516096
3237.866530872835,524288
3236.241403832424,532480
3235.104001915153,540672
3234.674737515567,548864
3234.281240950358,557056
3232.0748253517036,565248
3231.380122472488,573440
3230.538108964386,581632
3230.510137070582,589824
3228.6299440639627,598016
3227.1010876082814,606208
3225.387829823265,614400
3224.182733108916,622592
3224.353856231577,630784
3223.0531845797946,638976
3222.0437383166036,647168
3221.1544467321833,655360
3221.21135383194,663552
3220.2823608187487,671744
3219.456689435097,679936
3218.334221978646,688128
3217.383112675468,696320
3216.062390197612,704512
3214.8007798082253,712704
3213.9119681374486,720896
3212.9440750579192,729088
3212.2775187370153,737280
3210.3439822067066,745472
3210.150657458324,753664
3209.3629003716815,761856
3208.439683235413,770048
3207.8232623709646,778240
3206.5310722575364,786432
3206.21301509197,794624
3205.615533055824,802816
3205.6088040737686,811008
3204.7927305538146,819200
3203.932028805044,827392
3202.8617590401523,835584
3201.8755564039457,843776
3201.6419443907603,851968
3201.1147713455684,860160
3200.1960430550143,868352
3198.385250281324,876544
3197.3306936215718,884736
3196.79431842611,892928
3195.827847441764,901120
3195.2658864196305,909312
3194.8760263452127,917504
3194.101081147961,925696
3193.03565554346,933888
3191.744394009134,942080
3191.419614123147,950272
3190.952836034408,958464
3189.8050179637653,966656
3189.420558614743,974848
3188.5578044616973,983040
3188.2221649114426,991232
3187.6214948384913,999424
3186.2160522938507,1007616
3185.944599540019,1015808
3185.038676637201,1024000
3183.645463182305,1032192
3182.746082701357,1040384
3181.6359159248386,1048576
3180.256185593785,1056768
3178.9832932742156,1064960
3178.0203500762996,1073152
3177.1702041331087,1081344
3175.576860008533,1089536
3174.793629125979,1097728
3173.5688256761773,1105920
3172.50896455227,1114112
3172.2285238777295,1122304
3170.937071004961,1130496
3170.2471083299915,1138688
3169.347641474839,1146880
3168.843201914632,1155072
3167.793365770488,1163264
3167.0676699894516,1171456
3165.7785519895033,1179648
3164.8072653568634,1187840
3164.454970888388,1196032
3164.215483937135,1204224
3163.074607215618,1212416
3162.1047175399626,1220608
3161.70369019232,1228800
3161.1370405572507,1236992
3160.090245025724,1245184
3159.0506599167866,1253376
3158.1246714274835,1261568
3157.3408760030024,1269760
3156.375378285054,1277952
3155.259150316471,1286144
3154.185539637918,1294336
3153.8066702795454,1302528
3153.3653303518986,1310720
3152.732468437262,1318912
3152.285947447111,1327104
3151.418425987657,1335296
3150.780384687806,1343488
3150.324744820793,1351680
3149.579543633661,1359872
3148.693942473514,1368064
3148.2721944687337,1376256
3147.691131822349,1384448
3147.189837669055,1392640
3146.5224369039292,1400832
3145.6722065412373,1409024
3145.1368493118453,1417216
3144.7907442563237,1425408
3144.6611242789145,1433600
3144.072520771859,1441792
3143.4022491196442,1449984
3142.4561702177057,1458176
3141.8423576589207,1466368
3140.8371031974125,1474560
3139.9634063477934,1482752
3139.009625398353,1490944
3138.307188132723,1499136
3137.3645831624285,1507328
3136.587132975862,1515520
3135.980883540427,1523712
3134.975257209677,1531904
3134.4827249769155,1540096
3133.4749570516597,1548288
3132.6756106852845,1556480
3131.656314345356,1564672
3131.102897744941,1572864
3130.3532928003174,1581056
3129.7164870222564,1589248
3128.897794764518,1597440
3128.1351246264767,1605632
3127.6421702930834,1613824
3126.7910187543553,1622016
3126.0606240612765,1630208
3125.388833206443,1638400
3124.639608237855,1646592
3123.6096525654793,1654784
3122.9565594664487,1662976
3122.2570922660066,1671168
3121.489664992726,1679360
3121.100522187849,1687552
3120.48269686949,1695744
3120.0957220919972,1703936
3119.660766865341,1712128
3119.227364915955,1720320
3118.365333776783,1728512
3117.6475094295847,1736704
3116.884869117974,1744896
3116.087512154765,1753088
3115.129862518025,1761280
3114.6281544704875,1769472
3113.864646793161,1777664
3113.4170743427717,1785856
3112.529407047754,1794048
3111.822563348866,1802240
3111.188959091775,1810432
3110.4077263819436,1818624
3109.9134414723476,1826816
3109.110067846739,1835008
3108.2944361245163,1843200
3107.3935131365697,1851392
3106.670036205124,1859584
3106.026669656254,1867776
3105.4585209274237,1875968
3104.7967748747615,1884160
3104.283137932395,1892352
3103.636050979851,1900544
3103.0584728867443,1908736
3102.8213514077274,1916928
3102.145188333373,1925120
3101.613557033653,1933312
3101.0861027175984,1941504
3100.332233230332,1949696
3099.786918750006,1957888
3098.9892521335446,1966080
3098.4095270102184,1974272
3097.9882006512894,1982464
3097.010640115832,1990656
3096.446016476741,1998848
3095.8821811302632,2007040
3095.0288301833684,2015232
3094.5081749215537,2023424
3093.847428288336,2031616
3093.2375795166477,2039808
3092.6480178507004,2048000
3092.0660492629886,2056192
3091.6825340432406,2064384
3090.8838167673644,2072576
3090.34525449216,2080768
3089.7409020535433,2088960
3089.020441754624,2097152
3088.4536843112437,2105344
3087.782551459927,2113536
3086.789563521526,2121728
3086.2378894100734,2129920
3085.5322054296453,2138112
3085.0003348505556,2146304
3084.014904294838,2154496
3083.1497656614906,2162688
3082.486574356628,2170880
3082.0009917846955,2179072
3081.2816526423744,2187264
3080.621036573211,2195456
3079.6995066213426,2203648
3079.1400447967403,2211840
3078.641072932454,2220032
3077.9650653922895,2228224
3077.0797998082744,2236416
3076.7462351573395,2244608
3076.367480726616,2252800
3075.704032082905,2260992
3075.101319664295,2269184
3074.31203825172,2277376
3074.0272034218438,2281472
3073.3078585957196,2289664
3072.5593254967844,2297856
3072.2199501460527,2306048
3071.681056733451,2314240
3071.101645393828,2322432
3070.643096013182,2330624
3070.273671910278,2338816
3070.124789581783,2347008
3069.4979756822213,2355200
3068.844535743531,2363392
3068.367616853264,2371584
3067.5982286704143,2379776
3066.965676477142,2387968
3066.6310810543655,2396160
3066.1004972062706,2404352
3065.0878289546577,2412544
3064.4778535016317,2420736
3063.8682940016047,2428928
3063.150209812352,2437120
3062.314261135974,2445312
3061.9476210587645,2453504
3061.302734224186,2461696
3060.946105639566,2469888
3060.3336713624017,2478080
3059.8308183373856,2486272
3059.0382523948156,2494464
3058.442108109215,2502656
3057.9720089933744,2510848
3057.223227789396,2519040
3056.684348675722,2527232
3056.1838278834966,2535424
3055.884253870917,2543616
3055.395191446093,2551808
3054.7168352116746,2560000
