5.230024084448814,8192
6.0837093740701675,8192
7.024865597486496,8192
5.735785886645317,8192
5.167124047875404,8192
5.758807435631752,8192
5.967479571700096,8192
6.021927669644356,8192
6.131316348910332,8192
6.121523678302765,8192
5.6067343801259995,8192
5.271514877676964,8192
4.9450550228357315,8192
5.619412660598755,8192
5.371463298797607,8192
5.4924242198467255,8192
5.227049812674522,8192
5.979703366756439,8192
5.491504818201065,8192
5.562255159020424,8192
6.212645396590233,8192
5.627980828285217,8192
5.351062119007111,8192
5.409512296319008,8192
5.660969018936157,8192
5.489183217287064,8192
5.865457281470299,8192
5.550749599933624,8192
5.219072103500366,8192
5.328433588147163,8192
5.7133737951517105,8192
5.74694387614727,8192
5.653051659464836,8192
5.978100001811981,8192
6.034070998430252,8192
5.2673205733299255,8192
5.722694471478462,8192
5.102040991187096,8192
4.8071302473545074,8192
5.270250141620636,8192
5.811368674039841,8192
5.67178800702095,8192
5.453136935830116,8192
5.4424915462732315,8192
5.597555264830589,8192
5.58423288166523,8192
5.534755066037178,8192
5.5968377739191055,8192
5.85225448012352,8192
5.50835058093071,8192
5.621753633022308,8192
5.038644373416901,8192
5.820533633232117,8192
6.260517984628677,8192
5.922800302505493,8192
5.327431112527847,8192
5.291161686182022,8192
4.869882762432098,8192
5.827360600233078,8192
5.596586316823959,8192
6.169041618704796,8192
5.0331126898527145,8192
5.316455662250519,8192
5.422673746943474,8192
5.236867442727089,8192
4.8995982855558395,8192
5.912280827760696,8192
6.19855523109436,8192
5.338370427489281,8192
5.729813501238823,8192
5.252201855182648,8192
6.430041044950485,8192
5.9527769684791565,8192
5.191555991768837,8192
5.176294222474098,8192
5.686761811375618,8192
6.11177533864975,8192
6.1647213995456696,8192
5.196249857544899,8192
6.06936402618885,8192
5.710424110293388,8192
6.001034751534462,8192
5.848513916134834,8192
5.559065192937851,8192
5.30625618994236,8192
5.0096627324819565,8192
5.3775932639837265,8192
5.993904545903206,8192
5.884208902716637,8192
5.593869835138321,8192
4.926028102636337,8192
5.740419402718544,8192
5.0135500729084015,8192
5.74408695101738,8192
5.828313156962395,8192
5.468116328120232,8192
5.676784366369247,8192
5.420779809355736,8192
5.882352963089943,8192
5.834341049194336,8192
5.286891758441925,8192
5.5104851722717285,8192
5.657640099525452,8192
5.393295735120773,8192
5.77646866440773,8192
5.783642828464508,8192
6.202917173504829,8192
5.769532918930054,8192
5.8065541088581085,8192
5.656074360013008,8192
5.424490571022034,8192
5.54715059697628,8192
6.0097720474004745,8192
5.277995392680168,8192
5.533279851078987,8192
6.588347256183624,8192
6.244957074522972,8192
5.492338165640831,8192
5.479651317000389,8192
5.607622489333153,8192
5.724852159619331,8192
5.770738422870636,8192
6.10087588429451,8192
6.105388700962067,8192
5.93586191534996,8192
5.223536491394043,8192
5.385967716574669,8192
5.133049935102463,8192
5.463706329464912,8192
5.3188178688287735,8192
5.743557959794998,8192
5.248576402664185,8192
5.80635592341423,8192
5.49977533519268,8192
5.565328523516655,8192
5.442902818322182,8192
5.233941227197647,8192
5.536777898669243,8192
5.701957270503044,8192
5.41544184088707,8192
5.120120197534561,8192
5.368821322917938,8192
5.353916808962822,8192
5.256685987114906,8192
5.450236797332764,8192
5.743740871548653,8192
5.463219434022903,8192
6.034921109676361,8192
5.61889261007309,8192
5.873902514576912,8192
5.68666011095047,8192
5.851146951317787,8192
5.215205624699593,8192
5.76830618083477,8192
5.222589150071144,8192
5.732293054461479,8192
5.828268826007843,8192
6.07883483171463,8192
5.879548564553261,8192
5.721716582775116,8192
5.2811432629823685,8192
5.174390226602554,8192
5.080128088593483,8192
5.207819864153862,8192
5.62322698533535,8192
5.716070532798767,8192
6.542208045721054,8192
5.440577119588852,8192
5.21022267639637,8192
5.542935058474541,8192
5.490074306726456,8192
5.3801897913217545,8192
5.130703002214432,8192
5.8570746332407,8192
4.792332276701927,8192
6.143635138869286,8192
5.138649418950081,8192
6.090095639228821,8192
5.902192369103432,8192
5.833333358168602,8192
5.489375442266464,8192
6.262073665857315,8192
5.883244797587395,8192
6.013249605894089,8192
5.809968709945679,8192
5.166232213377953,8192
5.254777148365974,8192
5.301167815923691,8192
5.662589892745018,8192
5.315883085131645,8192
5.633139982819557,8192
5.452726408839226,8192
5.838041380047798,8192
5.407969653606415,8192
5.8484092354774475,8192
5.527399480342865,8192
4.992752522230148,8192
5.478135496377945,8192
5.703185871243477,8192
6.0958366841077805,8192
5.297723412513733,8192
5.488685518503189,8192
5.523118376731873,8192
5.787983536720276,8192
6.128573790192604,8192
6.29323422908783,8192
5.252032354474068,8192
5.583427846431732,8192
6.1967212706804276,8192
5.853256210684776,8192
5.646054074168205,8192
5.622550472617149,8192
5.128636211156845,8192
6.0453809797763824,8192
5.54363951086998,8192
5.905752629041672,8192
5.5660974234342575,8192
5.522364005446434,8192
5.4277099668979645,8192
6.0652658343315125,8192
5.257252603769302,8192
5.541319772601128,8192
5.480515584349632,8192
5.486362800002098,8192
6.135258078575134,8192
6.449948251247406,8192
5.28627447783947,8192
5.270887911319733,8192
5.634884163737297,8192
5.2149176597595215,8192
5.810488760471344,8192
5.548469349741936,8192
5.612164735794067,8192
5.52927739918232,8192
5.582746863365173,8192
5.806758627295494,8192
5.756831541657448,8192
5.252649262547493,8192
6.0811929404735565,8192
6.142131984233856,8192
5.552089959383011,8192
5.711223557591438,8192
5.72853684425354,8192
5.700179561972618,8192
5.544370412826538,8192
5.310860276222229,8192
5.637111142277718,8192
5.628632754087448,8192
6.0993533581495285,8192
5.658504366874695,8192
5.223291739821434,8192
6.141215190291405,8192
5.045180767774582,8192
4.935351759195328,8192
5.483228713274002,8192
5.583126470446587,8192
5.669929087162018,8192
5.292690172791481,8192
5.118372663855553,8192
5.651973560452461,8192
5.673758685588837,8192
5.420255288481712,8192
5.886106193065643,8192
5.443860217928886,8192
5.79802468419075,8192
6.637875735759735,8192
5.993836745619774,8192
5.925804376602173,8192
4.907594248652458,8192
5.845770984888077,8192
5.6745897978544235,8192
5.202403664588928,8192
5.120199918746948,8192
6.096982955932617,8192
5.476042255759239,8192
5.7303741574287415,8192
6.072672829031944,8192
5.40628544986248,8192
5.374191701412201,8192
5.047468468546867,8192
5.930504575371742,8192
5.407801270484924,8192
5.251609161496162,8192
5.289421230554581,8192
6.190476194024086,8192
5.817584320902824,8192
5.5639781057834625,8192
5.554743483662605,8192
5.728262662887573,8192
5.314165726304054,8192
5.852330848574638,8192
5.370638519525528,8192
5.393563956022263,8192
5.990644171833992,8192
4.971591010689735,8192
5.667463317513466,8192
5.865244939923286,8192
4.76190485060215,8192
5.888888984918594,8192
5.210420861840248,8192
5.6145209819078445,8192
5.289557576179504,8192
6.089068949222565,8192
5.783725529909134,8192
5.6789737194776535,8192
5.869665741920471,8192
5.143391340970993,8192
5.644557625055313,8192
5.747686326503754,8192
5.544493719935417,8192
5.197634547948837,8192
5.489902943372726,8192
5.539273098111153,4096
