5320.399861541577,32768
5322.937430847645,65536
5307.8887561400115,98304
5310.173051927105,131072
5311.540048859171,163840
5315.157694813965,196608
5315.394974280685,229376
5320.141731680962,262144
5320.7003593604295,294912
5319.973161249593,327680
5319.9280070974855,360448
5319.339093376405,393216
5319.3890748518825,425984
5319.511273384117,458752
5320.708365350562,491520
5320.880955156511,524288
5322.397872188037,557056
5321.650168085989,589824
5320.863211521886,622592
5321.87886359506,655360
5321.397344448499,688128
5321.740008740334,720896
5322.719373030258,753664
5323.341438930824,786432
5322.559357822662,819200
5321.555867098947,851968
5320.737570402591,884736
5320.3940627690745,917504
5321.069312317999,950272
5321.992636997977,983040
5321.313901914932,1015808
5321.483414202696,1048576
5321.371223160706,1081344
5320.743407452426,1114112
5321.129687510541,1146880
5321.283926117442,1179648
5321.54216664267,1212416
5321.7207157046105,1245184
5321.624770852611,1277952
5319.7155594187825,1310720
5319.544416439966,1343488
5319.543040630785,1376256
5319.50621715934,1409024
5319.525257318099,1441792
5319.482236112441,1474560
5319.088412631367,1507328
5318.732311763029,1540096
5318.854651856684,1572864
5319.078733142352,1605632
5319.105862672328,1638400
5318.4435750971,1671168
5317.913144465117,1703936
5317.779392107322,1736704
5317.831852070512,1769472
5317.429951641747,1802240
5316.868673463373,1835008
5316.868333519755,1867776
5317.117167986592,1900544
5317.506789074093,1933312
5317.322061319198,1966080
5317.72224981042,1998848
5317.647149201925,2031616
5317.683667646271,2064384
5317.4944039384845,2097152
5318.306068120079,2129920
5318.544664715312,2162688
5318.966177638282,2195456
5318.945186004264,2228224
5319.056249009368,2260992
5318.53211388017,2293760
5318.764021192698,2326528
5318.518260092219,2359296
5318.470380942896,2392064
5318.236956379372,2424832
5318.24185004692,2457600
5318.574294864857,2490368
5318.142771647148,2523136
5318.363004111712,2555904
5318.463257860167,2588672
5318.733463831506,2621440
5318.5307917226655,2654208
5319.073256480867,2686976
5318.7858634955965,2719744
5318.891306509539,2752512
5318.481546088895,2785280
5318.410132659821,2818048
5317.983645630862,2850816
5317.804661239634,2883584
5317.758653795826,2916352
5317.619286188366,2949120
5317.236287920895,2981888
5317.108506964085,3014656
5317.087999226623,3047424
5316.777338646951,3080192
5316.591292413682,3112960
5316.044514621112,3145728
5315.908245472842,3178496
5316.064041482138,3211264
5316.26626749704,3244032
5316.463442420151,3276800
5316.48834657391,3309568
5316.519721656523,3342336
5316.948296285786,3375104
5316.992053904909,3407872
5317.283207992043,3440640
5317.5844805445395,3473408
5317.592775535484,3506176
5317.320549412099,3538944
5317.205316545072,3571712
5317.207104676293,3604480
5317.3586593990085,3637248
5317.530468143108,3670016
5317.529062105556,3702784
5317.574077874316,3735552
5317.0326330568905,3768320
5317.096753692125,3801088
5317.435388395714,3833856
5317.439446086589,3866624
5317.3598268605165,3899392
5317.5132412102475,3932160
5317.481601637812,3964928
5317.6731158947505,3997696
5317.44353155294,4030464
5317.1594266853535,4063232
5317.051757191952,4096000
5317.105566501718,4128768
5317.341641246356,4161536
5317.169027805096,4194304
5317.505717005887,4227072
5317.452413454524,4259840
5317.375730249559,4292608
5317.005102940389,4325376
5317.0984072500205,4358144
5317.224075995242,4390912
5317.267125840266,4423680
5317.4714439480495,4456448
5317.287935246543,4489216
5317.4650358604795,4521984
5317.440978054096,4554752
5317.4388161890265,4587520
5317.521959323883,4620288
5317.545827781106,4653056
5317.65582236207,4685824
5317.651418459602,4718592
5317.756721512392,4751360
5317.404411186189,4784128
5317.386732402821,4816896
5317.245773109573,4849664
5317.3047462302775,4882432
5317.020650009676,4915200
5316.952488292264,4947968
5317.059895195216,4980736
5316.935894330985,5013504
5317.026604031644,5046272
5316.884757915042,5079040
5316.913556476603,5111808
5316.93271909591,5144576
5316.90908452183,5177344
5316.554384273761,5210112
5316.390812664553,5242880
5316.482529614961,5275648
5316.4041717830605,5308416
5316.4638872269015,5341184
5316.376458720976,5373952
5316.382642887398,5406720
5316.317160731341,5439488
5316.388140233937,5472256
5316.557416523254,5505024
5316.528872076436,5537792
5316.527595428675,5570560
5316.693831996571,5603328
5316.56806591371,5636096
5316.517640811785,5668864
5316.486910969961,5701632
5316.404961898881,5734400
5316.549826222354,5767168
5316.594028233639,5799936
5316.661974796609,5832704
5316.685002338434,5865472
5316.774056025493,5898240
5316.896500591411,5931008
5316.657650370772,5963776
5316.70776672818,5996544
5316.834608692703,6029312
5316.869661146124,6062080
5316.82168140877,6094848
5316.73853226864,6127616
5316.658750213377,6160384
5316.652997899752,6193152
5316.6620368643435,6225920
5316.5088379315,6258688
5316.543461997295,6291456
5316.432766638561,6324224
5316.274396218092,6356992
5316.231688488775,6389760
5316.281659072635,6422528
5316.1656667920315,6455296
5316.263553262481,6488064
5316.028849399988,6520832
5315.953179182172,6553600
5315.917987718795,6586368
5316.01844529066,6619136
5316.093864511519,6651904
5315.901512851013,6684672
5315.9015854649215,6717440
5315.914356096107,6750208
5315.9712590184035,6782976
5315.8820324366325,6815744
5316.071037514977,6848512
5315.980735422082,6881280
5315.954529377215,6914048
5315.97180649208,6946816
5315.850208032509,6979584
5315.862456941695,7012352
5315.882962698413,7045120
5315.889125937675,7077888
5315.779075980599,7110656
5315.754823432505,7143424
5315.638269560429,7176192
5315.6586592071235,7208960
5315.6845531804365,7241728
5315.609739238168,7274496
5315.645349705114,7307264
5315.562236419184,7340032
5315.612295840585,7372800
5315.559224511419,7405568
5315.639183035348,7438336
5315.659987197917,7471104
5315.489236746037,7503872
5315.563716871958,7536640
5315.556246099496,7569408
5315.577157988095,7602176
5315.465218759092,7634944
5315.18958150811,7667712
5315.0561158778155,7700480
5315.066204289862,7733248
5314.972992225214,7766016
5314.878584456918,7798784
5314.721261653046,7831552
5314.605886014476,7864320
5314.5566014554415,7897088
5314.638622693789,7929856
5314.602728170827,7962624
5314.556035872297,7995392
5314.498037006689,8028160
5314.586296466428,8060928
5314.54485485682,8093696
5314.555452917623,8126464
5314.324297881555,8159232
5314.077385972933,8192000
5313.960256444878,8224768
5313.772046261967,8257536
5313.718367214983,8290304
5313.7791913342635,8323072
5313.7611000508605,8355840
5313.7595010564155,8388608
5313.669261920096,8421376
5313.464549193779,8454144
5313.415827757602,8486912
5313.430666280731,8519680
5313.3736922915805,8552448
5313.207920596526,8585216
5313.099555558313,8617984
5313.105270786179,8650752
5313.133199392379,8683520
5312.977403579654,8716288
5312.858037588776,8749056
5312.884400600361,8781824
5312.814488018206,8814592
5312.669320512481,8847360
5312.546933532215,8880128
5312.590461225459,8912896
5312.357190222853,8945664
5312.3004871970525,8978432
5312.257829724425,9011200
5312.121851021331,9043968
5312.1054047246525,9076736
5312.029524261994,9109504
5312.036096828562,9142272
5311.917386198481,9175040
5311.816450955621,9207808
5311.85104965392,9240576
5311.965043466984,9273344
5311.805108461836,9306112
5311.698094165392,9338880
5311.674579775301,9371648
5311.677863454228,9404416
5311.580745216681,9437184
5311.489664230087,9469952
5311.493533988899,9502720
5311.295947104956,9535488
5311.192176315475,9568256
5310.960676066747,9601024
5310.926427330588,9633792
5310.799939456796,9666560
5310.637898584089,9699328
5310.707434600887,9732096
5310.5979498641855,9764864
5310.483915032197,9797632
5310.3080814474315,9830400
5310.197506399742,9863168
5310.18499132154,9895936
5310.132563746395,9928704
5309.983365288192,9961472
5309.981239361137,9994240
5309.865470088015,10027008
5309.705081684162,10059776
5309.636950498451,10092544
5309.43833020609,10125312
5309.452811637388,10158080
5309.387669416113,10174464
5309.226952305257,10207232
5309.208211562473,10240000
