4142.828256942181,8192
4014.539776463927,16384
3975.4376289976185,24576
3925.275362886191,32768
3932.800506005694,40960
3962.6620236947883,49152
3949.8600288571793,57344
3946.778779900716,65536
3938.4286953549645,73728
3931.1235904542027,81920
3937.569466788931,90112
3935.7212530388133,98304
3933.337053056979,106496
3941.005692048176,114688
3937.7611893855174,122880
3930.9067161155203,131072
3929.704911772218,139264
3923.2409178100256,147456
3924.732306947584,155648
3927.06887753165,163840
3930.982451627281,172032
3922.570642943968,180224
3920.7080212979604,188416
3916.442388488649,196608
3910.7783482568893,204800
3907.9126664078094,212992
3907.5572437238156,221184
3908.3099879616457,229376
3906.003672386595,237568
3910.1607240756794,245760
3912.6987163685876,253952
3914.5341464307767,262144
3912.5096722377266,270336
3908.7746225942396,278528
3903.6800210136216,286720
3905.249232433465,294912
3906.055368720961,303104
3905.656355146925,311296
3903.3784008565885,319488
3905.4949946081965,327680
3901.4609057796697,335872
3901.26677183679,344064
3898.1165510133324,352256
3899.5545526704645,360448
3901.0675332604073,368640
3903.4665416676276,376832
3904.969558469951,385024
3906.291357875213,393216
3906.96046031954,401408
3907.8077247240376,409600
3907.0815911903783,417792
3906.216159474974,425984
3907.920539373554,434176
3906.895839391206,442368
3905.494867634215,450560
3903.923409224913,458752
3901.283985190562,466944
3900.9316445743657,475136
3899.2935031578854,483328
3899.5366005430014,491520
3899.810518450098,499712
3897.563671937306,507904
3895.2774692917087,516096
3894.4594660968583,524288
3892.071607987638,532480
3893.166513977603,540672
3894.021616125614,548864
3890.8204123489036,557056
3888.517807209778,565248
3889.453595397086,573440
3889.4815799772105,581632
3888.9841594236427,589824
3888.893889832746,598016
3888.6185789729757,606208
3887.947046721006,614400
3889.284189940817,622592
3889.4559365746622,630784
3890.7501191253004,638976
3888.881842079281,647168
3889.4132374023843,655360
3888.244342245956,663552
3890.0724998318246,671744
3890.8537419274144,679936
3890.438187281105,688128
3891.579277205934,696320
3893.0196029142617,704512
3891.6252840376646,712704
3891.2533807311993,720896
3890.667111949142,729088
3890.180356774323,737280
3889.628334566171,745472
3889.7333110581894,753664
3889.7276968947135,761856
3889.0478368635167,770048
3888.828162027723,778240
3889.0100568907246,786432
3889.3164213988375,794624
3890.040022514931,802816
3890.531084202957,811008
3890.576951646381,819200
3891.303616765671,827392
3891.990583662886,835584
3892.3425227555845,843776
3892.471129015277,851968
3893.4276893916103,860160
3894.881898228118,868352
3894.0963970635244,876544
3895.324818870607,884736
3896.3517582563795,892928
3895.3962125956577,901120
3896.6293921555734,909312
3896.04387865628,917504
3896.447364823035,925696
3897.1814911263746,933888
3897.5063819775623,942080
3897.4167568251787,950272
3897.218879251906,958464
3896.4031307640503,966656
3896.2870269062346,974848
3896.130069473448,983040
3895.394020475053,991232
3895.4386113015184,999424
3894.65716574302,1007616
3893.478785680563,1015808
3894.3487918851365,1024000
3893.9605207751965,1032192
3893.996525538114,1040384
3894.0714256583396,1048576
3894.1893856847996,1056768
3894.2492549828926,1064960
3894.5598573799753,1073152
3894.840452293014,1081344
3896.0096164128236,1089536
3895.671620309555,1097728
3896.65516251514,1105920
3896.134608384345,1114112
3894.322502046876,1122304
3894.8885343703387,1130496
3894.9954119158383,1138688
3895.551432607335,1146880
3895.8766875909637,1155072
3895.7904613349065,1163264
3895.0619811151328,1171456
3895.6011480170846,1179648
3895.601189474291,1187840
3894.542738886803,1196032
3894.01093639502,1204224
3894.2326241711976,1212416
3894.611952947151,1220608
3894.5687673609614,1228800
3894.281375054492,1236992
3892.5484292896394,1245184
3891.39678259154,1253376
3891.4025641199632,1261568
3891.058937142702,1269760
3891.7781846959538,1277952
3891.754453636786,1286144
3891.4817301206394,1294336
3890.8334906737923,1302528
3891.230653102088,1310720
3891.521103127382,1318912
3892.622041579917,1327104
3892.7391242692397,1335296
3892.05067589674,1343488
3891.885129387155,1351680
3891.088634929037,1359872
3890.828906556895,1368064
3890.4032275335385,1376256
3889.8539991521675,1384448
3889.7087081657173,1392640
3889.4933210663876,1400832
3888.294642781831,1409024
3888.0536869538582,1417216
3887.5586477929132,1425408
3888.0755376947614,1433600
3888.746108890704,1441792
3887.9862435551827,1449984
3888.2918076389215,1458176
3888.1941311792225,1466368
3888.1355905947635,1474560
3888.403110434824,1482752
3888.1343903571055,1490944
3887.5447062271833,1499136
3887.345746294097,1507328
3887.498550125757,1515520
3887.4139755018937,1523712
3887.341508286775,1531904
3886.874288176775,1540096
3886.916284336437,1548288
3886.077220162249,1556480
3886.7090331911236,1564672
3886.575515564283,1572864
3886.6613016715705,1581056
3887.3180902360855,1589248
3886.8712236372376,1597440
3886.6328619680758,1605632
3885.9135578950986,1613824
3885.2915499682613,1622016
3885.314197500764,1630208
3884.395519282993,1638400
3884.765284587288,1646592
3884.1580081432703,1654784
3883.8160175544563,1662976
3883.904215221708,1671168
3883.514771379763,1679360
3883.274780592916,1687552
3883.7588935759177,1695744
3884.6891150249908,1703936
3884.995590087411,1712128
3884.456621109255,1720320
3883.6993547674037,1728512
3883.0759656302153,1736704
3883.581935050042,1744896
3883.788148913809,1753088
3884.0010694180173,1761280
3883.9574552512163,1769472
3884.0318171090194,1777664
3884.098497613848,1785856
3883.830798172991,1794048
3883.2565432081287,1802240
3883.3362028701663,1810432
3882.557761048001,1818624
3882.704084828396,1826816
3882.336858144167,1835008
3881.769613879845,1843200
3881.8041480383354,1851392
3881.552763211512,1859584
3881.078090648261,1867776
3880.8193178012757,1875968
3880.762096961835,1884160
3880.506104089759,1892352
3880.3305723109065,1900544
3880.1816321596925,1908736
3880.4495954201734,1916928
3880.809443130249,1925120
3879.7091809823155,1933312
3879.3462877124352,1941504
3879.181705419087,1949696
3878.8397057577495,1957888
3878.2082971277287,1966080
3877.434084553859,1974272
3877.7271710153577,1982464
3877.5971437368094,1990656
3877.2372450320117,1998848
3877.1282241285376,2007040
3876.3604307847204,2015232
3876.8207970920394,2023424
3876.2803979767364,2031616
3876.2537210255027,2039808
3876.436612482085,2048000
3876.292494431985,2056192
3876.2535299701,2064384
3875.919416452552,2072576
3875.9279117391634,2080768
3875.0186014557253,2088960
3875.4887747281805,2097152
3875.162052832877,2105344
3875.2964687915082,2113536
3875.2296930144166,2121728
3875.186117668478,2129920
3874.867399670211,2138112
3874.7308346316613,2146304
3874.2521050753667,2154496
3873.8838896774505,2162688
3873.5746382127368,2170880
3873.6446231662003,2179072
3873.2095261376744,2187264
3872.7188376950553,2195456
3872.4183591490805,2203648
3872.569028690761,2211840
3872.1293014855037,2220032
3871.395716911145,2228224
3870.7647563232026,2236416
3869.9792877803275,2244608
3870.0157522625786,2252800
3869.933903526379,2260992
3870.456404016456,2269184
3870.21935080222,2277376
3869.9393791256825,2285568
3869.96365621636,2293760
3869.1899670191397,2301952
3868.91101843419,2310144
3868.848692055396,2318336
3868.7628884622613,2326528
3868.579123340316,2334720
3868.199749618095,2342912
3868.121526760012,2351104
3867.9257943443135,2359296
3867.586005455094,2367488
3867.376835593794,2375680
3866.999570714073,2383872
3866.5199854555813,2392064
3866.213637967267,2400256
3866.0966658275684,2408448
3865.411889194028,2416640
3864.9882479656785,2424832
3864.7896865900934,2433024
3864.6184401122564,2441216
3864.1334096653177,2449408
3864.228083652864,2457600
3863.792732094534,2465792
3863.4975885938393,2473984
3862.7650798611676,2482176
3862.8253003389514,2490368
3862.5508351663334,2494464
3862.2643038883916,2502656
3862.4965655638966,2510848
3862.6977764095004,2519040
3862.8473362995073,2527232
3862.326997909705,2535424
3861.7886829683,2543616
3861.7597238856456,2551808
3861.6050171772804,2560000
