3292.1765791281136,8192
3304.5590957438167,16384
3292.9270444063627,24576
3287.817688737972,32768
3288.853353102603,40960
3294.060393162329,49152
3296.3123184012134,57344
3284.805846594271,65536
3276.7236008422133,73728
3288.2969859592727,81920
3291.489635184381,90112
3276.977597819724,98304
3264.437310906646,106496
3263.062793134136,114688
3266.8897967725493,122880
3263.1556235184635,131072
3263.7081968517505,139264
3266.372172027302,147456
3267.1864870209756,155648
3268.1419161360036,163840
3268.889463379701,172032
3268.4888138752262,180224
3269.035832180338,188416
3270.6236555123387,196608
3267.802738596113,204800
3274.34057573279,212992
3272.9453134193914,221184
3269.567580369751,229376
3269.9719833518393,237568
3270.380867820489,245760
3268.140986140237,253952
3269.945449425456,262144
3270.3452749976723,270336
3268.9152807321852,278528
3268.6497843414136,286720
3268.5591534497476,294912
3266.797044549859,303104
3266.809001203692,311296
3264.5087558671344,319488
3264.3964143596395,327680
3264.956049120734,335872
3263.511604313968,344064
3260.7849649820487,352256
3258.588426693408,360448
3259.0669649721035,368640
3260.5244422210167,376832
3261.1666559006417,385024
3258.9526756565688,393216
3257.7648670222384,401408
3258.4256981897724,409600
3258.322258628059,417792
3257.567349257669,425984
3256.206364953929,434176
3256.3492005586572,442368
3254.542007287166,450560
3256.123866785444,458752
3254.732906318231,466944
3255.242869956207,475136
3253.2097312535193,483328
3252.987764408184,491520
3253.0928235749084,499712
3253.189743158013,507904
3253.851803133459,516096
3253.472384802198,524288
3250.82154376355,532480
3250.994655109143,540672
3250.752157837674,548864
3249.828879856072,557056
3248.9040103324705,565248
3249.8359170486196,573440
3247.3146101276534,581632
3246.7318909282853,589824
3246.6544925669723,598016
3246.179470595464,606208
3244.2792332421136,614400
3244.7139521682752,622592
3243.680150403842,630784
3243.512327998051,638976
3243.522803013279,647168
3242.892926271172,655360
3243.6705299338923,663552
3244.1405496772613,671744
3244.9159117358745,679936
3244.7894362510547,688128
3245.0844343538542,696320
3243.8268194965676,704512
3243.9591644668153,712704
3242.168701800858,720896
3242.390184566378,729088
3241.456457391585,737280
3240.217199909662,745472
3238.829409835128,753664
3239.4056208474094,761856
3238.759027798162,770048
3239.562563016447,778240
3240.730123385863,786432
3240.0635892456926,794624
3239.049011088484,802816
3237.6385959865233,811008
3236.0654527467645,819200
3236.524825537933,827392
3235.4456039256506,835584
3235.0963737040943,843776
3234.5178503703255,851968
3234.738760022985,860160
3234.916225179473,868352
3234.3504752367357,876544
3233.751094837639,884736
3233.296511801141,892928
3233.10986236727,901120
3232.9185869336507,909312
3232.2528577165845,917504
3232.3025020558407,925696
3231.8540407040337,933888
3230.806666185315,942080
3230.411325484022,950272
3230.2227581303123,958464
3229.7089857925616,966656
3229.106313590529,974848
3228.8015106927955,983040
3227.3799372620674,991232
3227.0010254591143,999424
3226.259931550287,1007616
3225.542293828052,1015808
3224.543697401495,1024000
3223.3681929562126,1032192
3222.1273439572246,1040384
3221.4738955279686,1048576
3220.73713152744,1056768
3219.799206350861,1064960
3219.2988425556005,1073152
3219.0061373758126,1081344
3218.0571539835537,1089536
3217.78595567674,1097728
3217.5025687424654,1105920
3216.7410056942526,1114112
3216.3691650225983,1122304
3215.694356956513,1130496
3214.96331118276,1138688
3214.6413248922627,1146880
3214.3098277591257,1155072
3214.572534738139,1163264
3213.744663370862,1171456
3214.02354357401,1179648
3213.290244421517,1187840
3212.9810800711516,1196032
3213.242283213892,1204224
3212.3610885241187,1212416
3212.033262597151,1220608
3211.808284395722,1228800
3211.4381948371047,1236992
3210.1223681773236,1245184
3209.4962988910675,1253376
3209.5883917219876,1261568
3209.6596098409577,1269760
3209.1097631890675,1277952
3208.8394559589374,1286144
3208.59724653806,1294336
3207.8593277338437,1302528
3207.1687640331934,1310720
3205.91449441914,1318912
3205.450847155068,1327104
3205.4978639160495,1335296
3204.8818178047113,1343488
3204.7415244940103,1351680
3203.8537618545483,1359872
3203.600491764372,1368064
3203.0541033805002,1376256
3202.391060646801,1384448
3202.3303283849323,1392640
3201.4714759818626,1400832
3201.0151588072417,1409024
3199.8978440992087,1417216
3199.088029818227,1425408
3198.491548841739,1433600
3197.7879380955005,1441792
3197.4224263604633,1449984
3197.1031315804094,1458176
3196.144753840061,1466368
3195.4040818785265,1474560
3194.5685142658735,1482752
3193.5021703500224,1490944
3192.598764260704,1499136
3192.2470318761925,1507328
3191.5778216788026,1515520
3190.5420592559403,1523712
3190.2037693738625,1531904
3190.497675860103,1540096
3190.2191434091715,1548288
3189.467695272899,1556480
3189.051031556098,1564672
3188.3462129686036,1572864
3187.622421181146,1581056
3186.9837709523467,1589248
3186.6066095660776,1597440
3185.976354393194,1605632
3186.04116275944,1613824
3185.549488342696,1622016
3185.141699570631,1630208
3184.7362937166045,1638400
3184.3581945097503,1646592
3183.8619600770567,1654784
3182.7833060897324,1662976
3181.766129880854,1671168
3181.613046545778,1679360
3180.9080065384005,1687552
3180.284729870342,1695744
3179.6095148088584,1703936
3178.787161107204,1712128
3178.4916116053964,1720320
3177.7453984211893,1728512
3176.9122171357944,1736704
3176.668757810135,1744896
3175.7117442110803,1753088
3174.7207413813526,1761280
3174.451263641861,1769472
3174.0022366175385,1777664
3173.661489780305,1785856
3172.9701078197504,1794048
3172.3848733105156,1802240
3171.8732728995938,1810432
3171.3985693698555,1818624
3170.938309649508,1826816
3170.3915588628597,1835008
3169.815917071842,1843200
3169.758979236279,1851392
3169.0000923612633,1859584
3168.562980040338,1867776
3167.984907351894,1875968
3167.3030258872664,1884160
3166.8049556011147,1892352
3166.264764794004,1900544
3165.7578729810657,1908736
3165.446630507974,1916928
3165.333788276207,1925120
3164.97251145922,1933312
3164.265310970876,1941504
3164.079729074934,1949696
3163.7511098125733,1957888
3163.15559054269,1966080
3162.7522627869207,1974272
3162.4118391727316,1982464
3161.875987931022,1990656
3161.395810413768,1998848
3160.6558742130483,2007040
3160.9182801542224,2015232
3160.5875548181907,2023424
3160.2854282212616,2031616
3159.8488287628156,2039808
3159.300227173506,2048000
3158.5687321730506,2056192
3158.0360211139737,2064384
3158.020858796261,2072576
3157.9313896598305,2080768
3157.762553871699,2088960
3157.426699064526,2097152
3157.0791771217077,2105344
3156.058276182284,2113536
3155.6382517426423,2121728
3155.282320133558,2129920
3154.919933370738,2138112
3154.8369114689954,2146304
3154.68757938669,2154496
3154.2007760844135,2162688
3153.9003172090606,2170880
3153.320922216177,2179072
3152.7729878143546,2187264
3152.1604649387245,2195456
3151.9304760413274,2203648
3151.6050135089195,2211840
3151.0374576395657,2220032
3150.9539536974376,2228224
3150.8246145925214,2236416
3150.5229965628223,2244608
3149.973424487021,2252800
3149.709555682027,2260992
3149.20397820152,2269184
3148.5051037834432,2277376
3147.850892157949,2285568
3147.384568279475,2293760
3146.726606550236,2301952
3146.135167451948,2310144
3145.7052533388137,2318336
3145.2496333903177,2326528
3144.6513226571415,2334720
3143.8597134560223,2342912
3143.5423247976305,2351104
3142.9766624886174,2359296
3142.4223572804895,2367488
3142.5730963352926,2375680
3141.93891173575,2383872
3141.565737567605,2392064
3140.989855116695,2400256
3140.4721841779583,2408448
3140.1990365724246,2416640
3139.7273272991492,2424832
3139.172241337404,2433024
3138.9903462139564,2441216
3138.654405574462,2449408
3138.2559038355125,2457600
3137.659226438983,2465792
3137.0042079771006,2473984
3136.6549307776118,2482176
3136.1624469385574,2490368
3135.7216258577773,2498560
3135.4020583684874,2502656
3135.1473896969364,2510848
3134.6722466728934,2519040
3134.3073866077275,2527232
3134.2316675477987,2535424
3133.842819408004,2543616
3133.452975757474,2551808
3133.0793001017855,2560000
