3671.840852703711,8192
3666.8455194239773,16384
3666.4847657730857,24576
3661.256369615709,32768
3661.466572748817,40960
3649.1081814970667,49152
3649.771441915468,57344
3650.6384239661,65536
3646.4210177891323,73728
3648.806124726063,81920
3648.2812862173128,90112
3646.3092565777492,98304
3646.6122257516745,106496
3642.0232017282374,114688
3644.742159211865,122880
3645.0148824992734,131072
3649.132951425301,139264
3648.666627172107,147456
3649.671811701377,155648
3648.2325292882338,163840
3649.070895322376,172032
3649.7677126031417,180224
3651.183038662414,188416
3651.5273352408817,196608
3650.2351991705036,204800
3647.3669604956353,212992
3646.293769339293,221184
3646.1632504560675,229376
3646.2772307421915,237568
3645.6223625962457,245760
3644.510888586636,253952
3644.7514644896382,262144
3642.393946931043,270336
3641.34373800144,278528
3641.559495549591,286720
3640.638278402724,294912
3639.215106080881,303104
3639.0904989183223,311296
3637.982379241577,319488
3637.118406341078,327680
3637.7008395745797,335872
3635.3964676388773,344064
3635.3584519523033,352256
3635.1009980353274,360448
3634.0454808811073,368640
3631.23741226869,376832
3630.631125622642,385024
3629.785731905476,393216
3629.1137485987083,401408
3630.1280458977567,409600
3629.183949674459,417792
3628.358776564332,425984
3628.0028027920266,434176
3627.0978397339845,442368
3625.9018812066756,450560
3626.0394386795397,458752
3625.94466933827,466944
3626.055104324489,475136
3625.568447704547,483328
3625.403874015578,491520
3624.8196500038935,499712
3623.232928662715,507904
3622.1872375900875,516096
3622.7950687744315,524288
3621.9352827795956,532480
3620.7751048285695,540672
3619.648110943943,548864
3619.337434507597,557056
3618.2298558276852,565248
3616.5253924659014,573440
3616.3987904744718,581632
3615.5739091862215,589824
3614.4899890515944,598016
3613.529931054101,606208
3612.7436381537577,614400
3612.86512674191,622592
3613.203228684659,630784
3612.730141120467,638976
3612.790402014239,647168
3612.23500942179,655360
3611.300136802107,663552
3610.777646263962,671744
3609.5734740805387,679936
3609.1592813167126,688128
3608.5494440833527,696320
3608.1795089481457,704512
3607.546073669537,712704
3606.5346705904235,720896
3605.630726884297,729088
3605.298586121891,737280
3605.2872104266357,745472
3604.1714115880186,753664
3602.905810935745,761856
3602.2265003683224,770048
3601.8763574172344,778240
3600.869277056875,786432
3600.5052482183737,794624
3599.9347706475282,802816
3599.4722979252924,811008
3598.9996712558727,819200
3598.2342713767425,827392
3598.189713548515,835584
3597.00042956038,843776
3595.898829239464,851968
3595.4298712899313,860160
3594.4484786805633,868352
3593.582929134516,876544
3592.875773401122,884736
3592.015220861084,892928
3591.2221990845856,901120
3590.770515302756,909312
3590.843983646256,917504
3589.598392230362,925696
3589.1084177757466,933888
3588.245409885489,942080
3588.111142076648,950272
3587.882167191502,958464
3587.0598320949157,966656
3586.6268429493657,974848
3585.8512653757157,983040
3585.415017197293,991232
3585.1664224805904,999424
3584.0903415208168,1007616
3583.680457661312,1015808
3583.196202761715,1024000
3582.691171315898,1032192
3582.553505232345,1040384
3582.1553112319116,1048576
3581.362406192459,1056768
3580.861730641101,1064960
3579.90426835488,1073152
3579.6975118776013,1081344
3579.0996573594066,1089536
3578.6039619526823,1097728
3577.8311233324166,1105920
3577.3383424557155,1114112
3576.6085966398064,1122304
3576.070072332928,1130496
3575.766791595798,1138688
3574.976594305475,1146880
3574.404523694032,1155072
3573.742577325065,1163264
3573.4185561566037,1171456
3572.483458603893,1179648
3572.3621408067766,1187840
3572.1677510900936,1196032
3571.3412353782146,1204224
3570.5640158446595,1212416
3569.94902030037,1220608
3569.1714749939697,1228800
3568.494881734451,1236992
3567.8181164651387,1245184
3567.4697607580974,1253376
3566.9188958553927,1261568
3565.8691436007325,1269760
3564.9050481848203,1277952
3564.474916139114,1286144
3563.910990307246,1294336
3563.5542579471967,1302528
3563.184307051582,1310720
3562.5097215443943,1318912
3561.8515575135802,1327104
3561.3216877416144,1335296
3560.9199262602037,1343488
3560.592205554093,1351680
3560.1265570299647,1359872
3559.5821444208486,1368064
3558.976533167524,1376256
3558.6191191074354,1384448
3558.5348345145135,1392640
3558.1931965501535,1400832
3557.627822996052,1409024
3557.2778525791564,1417216
3556.6487050120018,1425408
3556.1022220596683,1433600
3555.33236693416,1441792
3555.4378973705743,1449984
3555.2037879169598,1458176
3554.7158880069646,1466368
3554.2375613832187,1474560
3553.6866529346166,1482752
3553.2318101943106,1490944
3552.780533014244,1499136
3552.3775406172163,1507328
3551.7309070202823,1515520
3551.047808554786,1523712
3550.75019099469,1531904
3550.540738794045,1540096
3549.991702900022,1548288
3549.113892111744,1556480
3548.4436524234384,1564672
3547.8897595624494,1572864
3547.449721695373,1581056
3547.047456003046,1589248
3546.671910089595,1597440
3546.0020784408807,1605632
3545.39606729745,1613824
3544.877636321038,1622016
3544.4367995607167,1630208
3543.814032878694,1638400
3543.2519890320887,1646592
3542.799047344493,1654784
3542.394426198269,1662976
3542.091215162032,1671168
3541.649522087942,1679360
3541.362589679348,1687552
3540.77675085549,1695744
3540.2774916629755,1703936
3539.7905417631423,1712128
3539.169812532099,1720320
3538.7866837909246,1728512
3538.605626273334,1736704
3538.037518173574,1744896
3537.663736009667,1753088
3537.4391734490114,1761280
3536.995787759033,1769472
3536.4764382284643,1777664
3535.947914055104,1785856
3535.279270619137,1794048
3535.01490706415,1802240
3534.8401602484228,1810432
3533.9876539058173,1818624
3533.3238490800377,1826816
3532.4023433267344,1835008
3531.9522240073006,1843200
3531.9434482047723,1851392
3531.448751585256,1859584
3531.1055969226163,1867776
3530.572988230782,1875968
3530.3401408407235,1884160
3529.8748818017384,1892352
3529.5078683704432,1900544
3529.354323133464,1908736
3528.9519500770107,1916928
3528.241553375853,1925120
3527.572171223276,1933312
3527.1677484809807,1941504
3527.025449407249,1949696
3526.705100771591,1957888
3526.3617514179864,1966080
3525.813767405549,1974272
3525.327702887998,1982464
3524.890124922356,1990656
3524.3445812589857,1998848
3523.785207968934,2007040
3523.418909149503,2015232
3522.733654575673,2023424
3522.3912635201054,2031616
3522.083005253662,2039808
3521.6055373696377,2048000
3521.0857823121532,2056192
3520.6408290915583,2064384
3520.3794642893467,2072576
3519.9810469355893,2080768
3519.297727624622,2088960
3518.546671094337,2097152
3517.7974405529985,2105344
3517.51920765407,2113536
3517.050879993588,2121728
3516.3973707954106,2129920
3515.9693613900567,2138112
3515.5192697602824,2146304
3515.2085852954447,2154496
3514.5519629526502,2162688
3514.093725356562,2170880
3513.6826545538515,2179072
3513.507246763489,2187264
3513.0648207938357,2195456
3512.6814801293353,2203648
3512.482175921393,2211840
3512.2187224884037,2220032
3511.7586643777972,2228224
3511.3399754337365,2236416
3510.6923297455014,2244608
3510.2085865088266,2252800
3509.648484393966,2260992
3509.200535674924,2269184
3508.767108488168,2277376
3508.3491692205534,2285568
3507.9945543716794,2293760
3507.3629342246827,2301952
3507.148320954357,2310144
3506.6626910605437,2318336
3506.2273840525113,2326528
3505.7066394584194,2334720
3505.2631789195457,2342912
3504.909431486878,2351104
3504.558048308671,2359296
3504.0581377532617,2367488
3503.4448379564515,2375680
3502.928397823073,2383872
3502.5265295514628,2392064
3502.3017099500184,2400256
3501.9501023620605,2408448
3501.7169449610014,2416640
3501.3231338397045,2424832
3500.903667340374,2433024
3500.533488985014,2441216
3500.147940901894,2449408
3499.5781915536545,2457600
3499.194380520258,2465792
3498.6774104156316,2473984
3498.1867526230285,2482176
3497.598982283801,2490368
3497.0413521203386,2498560
3496.7416167569045,2506752
3496.2394201926127,2514944
3495.8337737668894,2523136
3495.6511304600467,2531328
3495.2059911535785,2539520
3494.886628021901,2547712
3494.4416119155517,2555904
3494.1941528115935,2560000
