2.7288593351840973,8192
2.6143791154026985,8192
2.0006725564599037,8192
2.6290932670235634,8192
2.7175571769475937,8192
2.6165923103690147,8192
2.6148846372962,8192
2.1092217415571213,8192
3.0558153986930847,8192
2.621960826218128,8192
2.0281776785850525,8192
2.459411695599556,8192
2.427709847688675,8192
3.0404889956116676,8192
2.590673603117466,8192
2.1599624305963516,8192
2.7529653161764145,8192
2.492113597691059,8192
2.3338161408901215,8192
2.218348905444145,8192
2.322033978998661,8192
2.7329955250024796,8192
2.655852399766445,8192
2.5883447378873825,8192
2.952396683394909,8192
3.0841533094644547,8192
3.247734159231186,8192
2.5222335010766983,8192
3.0265595763921738,8192
2.7433354407548904,8192
2.657952159643173,8192
2.14932132512331,8192
2.557625435292721,8192
2.2178035229444504,8192
2.5716956704854965,8192
2.4580152705311775,8192
2.466762810945511,8192
2.4735532701015472,8192
2.3244552314281464,8192
2.2342586889863014,8192
2.7107490226626396,8192
2.398969605565071,8192
2.3927392438054085,8192
2.4423569440841675,8192
2.3837901651859283,8192
2.0500347018241882,8192
2.772466465830803,8192
2.62001883238554,8192
2.473318576812744,8192
2.5875670835375786,8192
2.0618556067347527,8192
2.832769975066185,8192
2.7426861226558685,8192
2.450980432331562,8192
2.8748411685228348,8192
2.9921259731054306,8192
2.9910122975707054,8192
2.6789838448166847,8192
2.931547537446022,8192
2.756205201148987,8192
2.531849779188633,8192
1.7404276877641678,8192
2.425961010158062,8192
2.1705690771341324,8192
2.878694608807564,8192
2.4627450853586197,8192
2.9306525364518166,8192
3.0031010508537292,8192
2.6856495067477226,8192
3.2420165836811066,8192
2.474037930369377,8192
2.673879452049732,8192
2.688504382967949,8192
2.7752501890063286,8192
2.6220185682177544,8192
2.477685362100601,8192
2.986743301153183,8192
2.943454682826996,8192
2.5034770369529724,8192
2.628779783844948,8192
3.339972347021103,8192
3.2641854137182236,8192
2.5264395400881767,8192
2.9902422800660133,8192
3.293555974960327,8192
2.515625022351742,8192
2.5186728686094284,8192
2.893163077533245,8192
2.9886914417147636,8192
3.019619919359684,8192
2.287166379392147,8192
2.681231312453747,8192
2.6430394500494003,8192
3.0638953670859337,8192
2.6847757399082184,8192
2.994955889880657,8192
2.7293404564261436,8192
2.841529995203018,8192
2.460179850459099,8192
2.4012893438339233,8192
2.9800258576869965,8192
2.9241546988487244,8192
1.9942564889788628,8192
2.4554645642638206,8192
2.5945261120796204,8192
2.91396863758564,8192
2.4196168407797813,8192
3.1278058886528015,8192
2.863333933055401,8192
2.2974394261837006,8192
2.9469845816493034,8192
2.561398223042488,8192
2.4382315576076508,8192
2.681511640548706,8192
2.718099020421505,8192
2.6359692215919495,8192
2.3535139858722687,8192
2.5143221020698547,8192
2.2300468757748604,8192
2.3547880351543427,8192
3.1542785465717316,8192
2.7548663318157196,8192
3.3200733363628387,8192
2.628342993557453,8192
3.2943014055490494,8192
2.566438913345337,8192
2.7883589267730713,8192
2.802291326224804,8192
2.6572586968541145,8192
2.548772841691971,8192
2.875502035021782,8192
3.044423647224903,8192
2.9766447842121124,8192
3.159211575984955,8192
3.164150193333626,8192
3.2316796481609344,8192
2.412739209830761,8192
2.9494382441043854,8192
2.672247216105461,8192
3.026004694402218,8192
2.5517242029309273,8192
2.5828104466199875,8192
3.1472403556108475,8192
2.75538619607687,8192
2.3556355386972427,8192
2.833125740289688,8192
3.1669091433286667,8192
2.7300965040922165,8192
3.4968212246894836,8192
2.683194726705551,8192
2.6842281222343445,8192
2.2539321333169937,8192
2.5190114974975586,8192
3.329598158597946,8192
2.3595675826072693,8192
2.8494110330939293,8192
2.8319405391812325,8192
2.885408140718937,8192
3.209005296230316,8192
2.8364602476358414,8192
3.2700423151254654,8192
2.9533185064792633,8192
2.8021886944770813,8192
2.4923620745539665,8192
3.116018697619438,8192
2.9018960893154144,8192
2.8376491740345955,8192
2.913063205778599,8192
2.540747821331024,8192
3.0654899775981903,8192
3.1483791768550873,8192
2.8693722561001778,8192
2.7768485248088837,8192
2.7090510353446007,8192
3.490607813000679,8192
2.6766417548060417,8192
3.2105758786201477,8192
2.958199381828308,8192
3.299792855978012,8192
3.168528899550438,8192
3.0221518129110336,8192
2.484276704490185,8192
3.446270152926445,8192
2.8963670134544373,8192
3.165261819958687,8192
2.844906784594059,8192
3.359375149011612,8192
3.550104796886444,8192
2.843894809484482,8192
3.2299328595399857,8192
3.022022172808647,8192
2.95786764472723,8192
2.9489368200302124,8192
2.705167233943939,8192
3.5297680646181107,8192
2.9885057359933853,8192
3.564264625310898,8192
2.9667366296052933,8192
2.7040155604481697,8192
2.8987934812903404,8192
2.730158716440201,8192
2.8378801420331,8192
3.119209408760071,8192
3.4616533666849136,8192
3.2074015587568283,8192
3.0961688607931137,8192
4.049650952219963,8192
3.0890464782714844,8192
3.4487973898649216,8192
2.99274493008852,8192
3.0529284849762917,8192
2.8243327513337135,8192
2.9342377558350563,8192
2.6397770270705223,8192
3.042566031217575,8192
2.651028335094452,8192
2.8162291273474693,8192
3.2675612717866898,8192
3.446125239133835,8192
3.2439175993204117,8192
3.00776194781065,8192
3.1513970345258713,8192
3.3113598823547363,8192
3.34194153547287,8192
2.722323127090931,8192
2.7691805735230446,8192
3.2098371535539627,8192
3.0804596841335297,8192
2.857591398060322,8192
3.0612245202064514,8192
3.1508106738328934,8192
3.0580565333366394,8192
3.3937398344278336,8192
3.4783966839313507,8192
3.1611893326044083,8192
3.7545233964920044,8192
3.306291252374649,8192
3.835316374897957,8192
2.9974890872836113,8192
3.7847332656383514,8192
3.919222205877304,8192
2.9124733060598373,8192
3.0377794057130814,8192
3.421137109398842,8192
3.4297242760658264,8192
2.6170799508690834,8192
3.3349137753248215,8192
3.241412714123726,8192
3.14616896212101,8192
3.6991558969020844,8192
3.3252112567424774,8192
3.5227101296186447,8192
3.2455705106258392,8192
3.294701874256134,8192
3.6881420761346817,8192
3.2337166368961334,8192
2.6126714423298836,8192
3.559676930308342,8192
3.3056557178497314,8192
3.148716315627098,8192
3.3519554883241653,8192
3.6305733025074005,8192
3.1692825257778168,8192
2.9157843440771103,8192
3.38028185069561,8192
3.416890650987625,8192
3.2571248710155487,8192
3.586561605334282,8192
3.3474113792181015,8192
3.16375195980072,8192
2.9733704403042793,8192
3.2664943486452103,8192
3.5896562039852142,8192
3.3839676529169083,8192
3.401898592710495,8192
3.3994335681200027,8192
3.265557438135147,8192
3.4753527492284775,8192
3.778742626309395,8192
4.028892517089844,8192
3.2025743275880814,8192
3.035956621170044,8192
4.044174775481224,8192
3.6764707416296005,8192
3.0938124284148216,8192
3.8161318749189377,8192
3.4902598708868027,8192
3.5895805805921555,8192
3.6412782967090607,8192
3.099510632455349,8192
3.7990983575582504,8192
3.3801019191741943,8192
3.176308050751686,8192
3.9804909378290176,8192
3.852226212620735,8192
3.363678604364395,8192
3.8455549627542496,8192
3.3143937587738037,8192
3.5385120660066605,8192
3.425518423318863,8192
3.161175549030304,8192
2.781868726015091,8192
3.3906035125255585,8192
3.0745580792427063,8192
3.533906489610672,8192
3.2615680247545242,8192
3.497469052672386,8192
3.412916883826256,8192
3.3700883388519287,8192
3.8274694234132767,8192
3.013294003903866,4096
3.2050222158432007,8192
3.436317667365074,8192
