3825.450855783232,8192
3811.732613525354,16384
3772.4214219247524,24576
3803.1515153026317,32768
3808.107910912569,40960
3798.659450281789,49152
3781.2822303742632,57344
3771.034178966711,65536
3773.8919527653543,73728
3774.7690265541623,81920
3770.5153611040582,90112
3765.562128318654,98304
3771.9081904773557,106496
3769.0248750344535,114688
3772.0530393829945,122880
3776.0557601729156,131072
3774.957708395603,139264
3771.5376999616033,147456
3773.0751799579593,155648
3766.6989491836193,163840
3771.9751669881016,172032
3775.217568048696,180224
3781.563920750121,188416
3781.7329997437223,196608
3778.7945640508096,204800
3774.0291811041925,212992
3772.843038103317,221184
3774.88011082556,229376
3773.8222474027757,237568
3771.445023073379,245760
3767.0749500411544,253952
3765.3271791484754,262144
3764.8148142604105,270336
3764.438873878321,278528
3766.07470151251,286720
3765.298290003667,294912
3766.01343942782,303104
3767.1457986041632,311296
3767.1564625735277,319488
3770.9814929765703,327680
3769.1662123700344,335872
3767.9715142209084,344064
3765.703326005177,352256
3764.4936225186525,360448
3764.0496928319426,368640
3765.039318377736,376832
3764.0276829965023,385024
3763.3172255974996,393216
3762.8201466915575,401408
3763.7871210686862,409600
3762.39412236749,417792
3762.8901555812927,425984
3762.4003799742504,434176
3762.562743330542,442368
3762.3549707226593,450560
3762.236702858217,458752
3762.2690001537067,466944
3764.103281184715,475136
3764.514843725627,483328
3766.7545688869013,491520
3767.414699057175,499712
3767.1707336140803,507904
3764.3905225016,516096
3761.688219195912,524288
3762.762998071969,532480
3762.0977481390696,540672
3761.3143373570515,548864
3761.2737822820145,557056
3759.9581701758066,565248
3759.2809464735237,573440
3758.7554947992026,581632
3757.7543113932006,589824
3757.7019864385443,598016
3757.0213884142977,606208
3756.526333321879,614400
3756.79733302709,622592
3756.004658522357,630784
3756.486582449864,638976
3756.5315193382044,647168
3756.908301263582,655360
3755.0462128128393,663552
3754.7712245215275,671744
3754.7588368522715,679936
3753.7523923749973,688128
3754.24372533962,696320
3754.276372567447,704512
3754.6737749385848,712704
3754.9565449290467,720896
3753.8383559024946,729088
3753.500162971456,737280
3753.857035814607,745472
3753.940823223974,753664
3753.396997013264,761856
3751.9195450347615,770048
3752.23829438729,778240
3752.2991451709063,786432
3752.988837460656,794624
3751.9195512494593,802816
3752.347847939479,811008
3752.3931468258593,819200
3753.1188212433844,827392
3752.7120866447794,835584
3753.079687753429,843776
3753.699575100037,851968
3753.448969119802,860160
3752.7741188337372,868352
3753.6906272019773,876544
3754.184097787722,884736
3752.980198543732,892928
3753.555412411611,901120
3753.578582120475,909312
3753.742643669262,917504
3753.1956368826413,925696
3752.4218589232164,933888
3752.6756412823784,942080
3753.0510748069155,950272
3753.5819137405697,958464
3753.338109604055,966656
3752.5739620348377,974848
3752.063778601798,983040
3752.945586876317,991232
3752.4201967377358,999424
3753.0586543756854,1007616
3752.6144631062984,1015808
3751.885218790475,1024000
3752.3867264385544,1032192
3752.515584355805,1040384
3752.212303013735,1048576
3751.7149323939416,1056768
3751.655064147931,1064960
3751.929079601103,1073152
3752.2277797453576,1081344
3752.582499721682,1089536
3752.582213374181,1097728
3752.507202598869,1105920
3751.921223253493,1114112
3752.1309031084434,1122304
3750.803208088269,1130496
3750.5582677790603,1138688
3751.108525351227,1146880
3750.703679767352,1155072
3750.4679965177197,1163264
3750.5370628574105,1171456
3750.99007552696,1179648
3750.6839601449824,1187840
3750.4844147772524,1196032
3749.679386731094,1204224
3749.846707403645,1212416
3749.0329498849583,1220608
3748.9188641566006,1228800
3748.601142285516,1236992
3747.9702498955717,1245184
3747.7069927055895,1253376
3747.527468891725,1261568
3746.4782146211346,1269760
3746.1309560377786,1277952
3746.0107317158668,1286144
3745.349254337657,1294336
3745.3437595151777,1302528
3745.3988987684666,1310720
3745.6276287805267,1318912
3746.1358390880105,1327104
3746.103032822016,1335296
3746.0426131454064,1343488
3745.462035175317,1351680
3745.3909373337224,1359872
3745.6235603225155,1368064
3745.0814604323205,1376256
3744.9132482269765,1384448
3743.867816175011,1392640
3743.957771963546,1400832
3743.496228988484,1409024
3742.6764046275657,1417216
3742.5259224461843,1425408
3742.12862847579,1433600
3743.199077696618,1441792
3743.730581970571,1449984
3743.2217018739516,1458176
3743.111861163733,1466368
3742.9768092528398,1474560
3743.0583744065802,1482752
3743.0897947296885,1490944
3742.713848639485,1499136
3742.141257184092,1507328
3741.901035931766,1515520
3741.365354228489,1523712
3741.210850709626,1531904
3741.0059045278113,1540096
3741.415327275395,1548288
3741.4336062633574,1556480
3741.667356963093,1564672
3742.135074044634,1572864
3742.111306631901,1581056
3741.8566516842598,1589248
3741.781030544609,1597440
3742.3673177415453,1605632
3742.4104644149916,1613824
3742.910532819023,1622016
3742.963329475525,1630208
3743.105786380369,1638400
3743.2259094640253,1646592
3742.776776111969,1654784
3743.1658749138837,1662976
3742.9455160582,1671168
3742.88536670498,1679360
3742.309187944185,1687552
3741.7433179812306,1695744
3741.7867126041283,1703936
3741.1937704348047,1712128
3741.432799638272,1720320
3741.189541229897,1728512
3741.4750769922225,1736704
3741.2542369469616,1744896
3741.3695714502514,1753088
3741.1612393040587,1761280
3741.1665177888303,1769472
3740.8000346085423,1777664
3740.6747126567598,1785856
3740.4294496882344,1794048
3739.7955831184327,1802240
3739.385814160839,1810432
3739.597834561705,1818624
3738.9828218022612,1826816
3739.022416556518,1835008
3738.454025415793,1843200
3738.720887611642,1851392
3738.3851117146087,1859584
3737.937970623254,1867776
3737.7691126252003,1875968
3738.1244400849478,1884160
3737.888096791162,1892352
3738.225568273806,1900544
3738.379919725748,1908736
3738.222572971303,1916928
3738.3291699755987,1925120
3738.350978449951,1933312
3738.0676788865126,1941504
3738.551053351715,1949696
3738.1430194587047,1957888
3738.143953088428,1966080
3738.1387992915234,1974272
3738.656168326325,1982464
3738.1666013647055,1990656
3737.6466487298144,1998848
3737.3523651845935,2007040
3737.3966814319565,2015232
3736.928050087499,2023424
3736.5409038484404,2031616
3736.194913190944,2039808
3735.8140992838235,2048000
3735.637106285908,2056192
3735.504869231916,2064384
3735.3542794763007,2072576
3735.5924767771503,2080768
3735.2588500631136,2088960
3735.4778383626353,2097152
3735.484917798691,2105344
3735.2881982940594,2113536
3735.3644223492342,2121728
3734.908316351289,2129920
3735.1871992996307,2138112
3735.0746711190304,2146304
3734.8165320280727,2154496
3734.3471376888674,2162688
3734.0685048498685,2170880
3734.0952319283274,2179072
3733.865205962557,2187264
3733.824926893286,2195456
3733.426858121849,2203648
3733.274349100587,2211840
3733.478271341163,2220032
3733.3979008241563,2228224
3733.241671461886,2236416
3733.260728441016,2244608
3733.152150338933,2252800
3732.939753188628,2260992
3732.7374091100155,2269184
3732.458707239917,2277376
3732.1040265136135,2285568
3732.188688464756,2293760
3731.728750044371,2301952
3731.7505909671822,2310144
3731.4089862054,2318336
3731.3658265414565,2326528
3731.314392478114,2334720
3731.0897072640273,2342912
3730.8348517804275,2351104
3730.554544353002,2359296
3730.26609146004,2367488
3730.1598687164333,2375680
3730.065527553358,2383872
3729.663225924347,2392064
3729.3905236310534,2400256
3729.63876815932,2408448
3729.782553405568,2416640
3729.680443139574,2424832
3729.753107109255,2433024
3729.407941002721,2441216
3729.1226590621864,2449408
3729.2005821304533,2457600
3729.5407197239138,2465792
3729.448805997641,2473984
3729.5804463532963,2482176
3729.421697726864,2490368
3729.353784979008,2498560
3729.0612609013738,2502656
3728.7200036358954,2510848
3728.4121711729176,2519040
3728.2823703748018,2527232
3728.1886457815963,2535424
3727.9808175978615,2543616
3728.0426366717297,2551808
3727.606293250229,2560000
