0.029677993734367192,8192
0,8192
0.0600420287810266,8192
0.04578754596877843,8192
0.07851758855395019,8192
0,8192
0.031245118589140475,8192
0.050142069812864065,8192
0.029908778378739953,8192
0.07872775895521045,8192
0.06311139441095293,8192
0.03360215050633997,8192
0.016431153926532716,8192
0.059871276607736945,8192
0,8192
0,8192
0.03189792623743415,8192
0.046054652193561196,8192
0.03428179770708084,8192
0,8192
0,8192
0.06323111010715365,8192
0.01549666776554659,8192
0.015559358871541917,8192
0.030590395908802748,8192
0.0929656031075865,8192
0.057820178335532546,8192
0.04799999878741801,8192
0,8192
0.03159557527396828,8192
0.016914748994167894,8192
0.07846829830668867,8192
0.043465662747621536,8192
0.06316122016869485,8192
0.03136270970571786,8192
0.0320924271363765,8192
0.046634540194645524,8192
0.03098853339906782,8192
0.032932651811279356,8192
0.06370441406033933,8192
0.050142069812864065,8192
0.047961631207726896,8192
0.0315357930958271,8192
0,8192
0,8192
0.04458314797375351,8192
0.046779977856203914,8192
0.0327546673361212,8192
0,8192
0.0164419601787813,8192
0.0161524789291434,8192
0.0328839203575626,8192
0.049374590162187815,8192
0.07651109481230378,8192
0.03314550849609077,8192
0.04758883151225746,8192
0.015938795695547014,8192
0.033439224353060126,8192
0.046375018428079784,8192
0.029468099819496274,8192
0.015427336620632559,8192
0.048107761540450156,8192
0.016767269698902965,8192
0.014970060146879405,8192
0.04674353403970599,8192
0.04766444326378405,8192
0.017226528143510222,8192
0.015870496281422675,8192
0.03369272162672132,8192
0.01518372300779447,8192
0.03174603043589741,8192
0.04533091560006142,8192
0.09469697251915932,8192
0.07713668746873736,8192
0.07598784286528826,8192
0.029372889548540115,8192
0.016770082584116608,8192
0.04510599828790873,8192
0.030280090868473053,8192
0.016217969823628664,8192
0.016374651750084013,8192
0.030590395908802748,8192
0.015693659952376038,8192
0.03171582648064941,8192
0.04606172151397914,8192
0.04560656670946628,8192
0.03237817727494985,8192
0.06225680699571967,8192
0,8192
0,8192
0.048007682198658586,8192
0.06469351355917752,8192
0.031645569833926857,8192
0.01562011893838644,8192
0.031382395536638796,8192
0.0159083676408045,8192
0.04621784028131515,8192
0.015755475033074617,8192
0,8192
0,8192
0.08921932894736528,8192
0.015566624642815441,8192
0.06588700343854725,8192
0.04649721086025238,8192
0.04484975361265242,8192
0.02877697697840631,8192
0.032041012309491634,8192
0.06034092511981726,8192
0.030501754372380674,8192
0.04441154596861452,8192
0.03197953337803483,8192
0.048717117169871926,8192
0,8192
0.02944640873465687,8192
0.01568135485285893,8192
0,8192
0.031660599051974714,8192
0.03301419492345303,8192
0,8192
0.03180155763402581,8192
0.02957267570309341,8192
0.08029548916965723,8192
0.0150082545587793,8192
0,8192
0.04714757087640464,8192
0.030125019839033484,8192
0.08151287911459804,8192
0.014781966456212103,8192
0.03086896031163633,8192
0.04906771355308592,8192
0.016313213563989848,8192
0.046375018428079784,8192
0,8192
0.04982561222277582,8192
0.016113439050968736,8192
0.014434180047828704,8192
0.0779180321842432,8192
0.033590864040888846,8192
0.015790305042173713,8192
0.04611128242686391,8192
0.06190991844050586,8192
0.05956813110969961,8192
0.04468940896913409,8192
0.09358914103358984,8192
0.0159744406118989,8192
0.03213367599528283,8192
0.015961691678967327,8192
0.015386982704512775,8192
0.016043639334384352,8192
0.031585595570504665,8192
0,8192
0.0917992671020329,8192
0.015867978800088167,8192
0.04574565391521901,8192
0.09682103991508484,8192
0.015532773977611214,8192
0.015994881687220186,8192
0.05937360692769289,8192
0,8192
0.01652073406148702,8192
0,8192
0.015108022489584982,8192
0.06224712124094367,8192
0,8192
0.08061915286816657,8192
0.0546746829058975,8192
0.029507229919545352,8192
0.0758265086915344,8192
0.0638263940345496,8192
0.06674453616142273,8192
0.015142337360884994,8192
0.04621072148438543,8192
0.033377838553860784,8192
0.06147226085886359,8192
0.047520987573079765,8192
0.0492449093144387,8192
0.04707359184976667,8192
0.015569048991892487,8192
0.016334530664607882,8192
0.0722752243746072,8192
0.04922875086776912,8192
0.03187759139109403,8192
0.04868549294769764,8192
0.07524454267695546,8192
0.11123470030725002,8192
0.01613423664821312,8192
0.06084575434215367,8192
0.079668581020087,8192
0.0643707753624767,8192
0.08461668621748686,8192
0.015870496281422675,8192
0.04531721933744848,8192
0.03221649385523051,8192
0.047581284889020026,8192
0.08935219375416636,8192
0.10927255498245358,8192
0.015532773977611214,8192
0.06470397929660976,8192
0.045072115608491004,8192
0.033506451291032135,8192
0.07678132387809455,8192
0.06431902293115854,8192
0.060105184093117714,8192
0.04766444326378405,8192
0.029779630131088197,8192
0,8192
0.031655587372370064,8192
0.016110842989291996,8192
0.059817556757479906,8192
0.029090908356010914,8192
0.016315875109285116,8192
0.08460236713290215,8192
0.07748334319330752,8192
0.06139677716419101,8192
0.04666355671361089,8192
0.03206669935025275,8192
0.08404774125665426,8192
0.05188516224734485,8192
0.044091709423810244,8192
0.06404098821803927,8192
0.09590793051756918,8192
0.05779511411674321,8192
0.047460844507440925,8192
0.032536196522414684,8192
0.04272287187632173,8192
0.07902639335952699,8192
0.04799232119694352,8192
0.016526193940080702,8192
0.04484975361265242,8192
0,8192
0.015523128968197852,8192
0.08404774125665426,8192
0.029398794868029654,8192
0.06313131307251751,8192
0.12466885382309556,8192
0.09492168901488185,8192
0.016417665756307542,8192
0.06465169135481119,8192
0.04789271915797144,8192
0.06216972251422703,8192
0.030835645156912506,8192
0.04799999878741801,8192
0.0310125615214929,8192
0.08093233918771148,8192
0.046446817577816546,8192
0.030783438705839217,8192
0.09420631104148924,8192
0.04643962893169373,8192
0.04425431543495506,8192
0,8192
0.07667535683140159,8192
0.016212710761465132,8192
0,8192
0.06444337195716798,8192
0,8192
0.048995588440448046,8192
0.09119926835410297,8192
0.046104195644147694,8192
0.09125475189648569,8192
0.046641789958812296,8192
0.11627906933426857,8192
0.0478316331282258,8192
0.06224712124094367,8192
0.04518752684816718,8192
0.016323865565937012,8192
0.01562011893838644,8192
0.05996102700009942,8192
0.030497103580273688,8192
0.0638671568594873,8192
0.015142337360884994,8192
0.07974481559358537,8192
0.06513597327284515,8192
0.01583531266078353,8192
0,8192
0.016005121869966388,8192
0.046346362796612084,8192
0.06633499288000166,8192
0.030048078042455018,8192
0.07928956765681505,8192
0.06344171124510467,8192
0.08155276300385594,8192
0.07946598925627768,8192
0.061938678845763206,8192
0.04626773588825017,8192
0.15259409556165338,8192
0.11452879989519715,8192
0.096571707399562,8192
0.11004558764398098,8192
0.07886435487307608,8192
0.16941321082413197,8192
0.09541984763927758,8192
0.06577865569852293,8192
0.17779214540496469,8192
0.12017425615340471,8192
0.06449532229453325,8192
0.11303083738312125,8192
0.2258793218061328,8192
0.20550109911710024,8192
0.07830853573977947,8192
0.1276527880690992,8192
0.1131953438743949,8192
0.13210040051490068,8192
0.09514747653156519,8192
0.059710402274504304,8192
0.15761820832267404,8192
0.22042614873498678,8192
0.1141738728620112,8192
0.19512195140123367,8192
0.2443394623696804,8192
0.1334915403276682,8192
0.21953897085040808,8192
0.08990110945887864,8192
0.1913265325129032,4096
