4.141054674983025,8192
4.356435686349869,8192
4.369398206472397,8192
4.665347933769226,8192
4.430811107158661,8192
4.03110608458519,8192
4.542728513479233,8192
4.633805155754089,8192
4.37578409910202,8192
4.69006709754467,8192
4.673046246170998,8192
4.6454057097435,8192
4.360189661383629,8192
4.204929992556572,8192
4.524686932563782,8192
5.321861058473587,8192
4.335515946149826,8192
4.534412920475006,8192
4.236610606312752,8192
4.389086738228798,8192
4.725375771522522,8192
4.354354366660118,8192
4.435236379504204,8192
4.555314406752586,8192
4.814348742365837,8192
4.601415991783142,8192
4.477180913090706,8192
4.2096097022295,8192
4.4507574290037155,8192
4.071873798966408,8192
4.3127961456775665,8192
4.765123501420021,8192
4.049992188811302,8192
4.517724737524986,8192
4.660335928201675,8192
3.8257338106632233,8192
5.033820867538452,8192
5.037343129515648,8192
4.649560898542404,8192
4.744996875524521,8192
4.322392120957375,8192
4.33693453669548,8192
4.339051619172096,8192
4.263974726200104,8192
4.484304785728455,8192
4.315720498561859,8192
4.488392174243927,8192
4.355108737945557,8192
4.6359676867723465,8192
4.9269504845142365,8192
4.571060836315155,8192
4.852320626378059,8192
4.2681049555540085,8192
4.799745604395866,8192
4.4382598251104355,8192
4.29190956056118,8192
4.302167892456055,8192
4.169538244605064,8192
4.575163498520851,8192
4.404223337769508,8192
4.461304843425751,8192
4.755700379610062,8192
4.299390688538551,8192
4.918527603149414,8192
4.9141597002744675,8192
4.270462691783905,8192
4.887920245528221,8192
4.664497077465057,8192
4.811982065439224,8192
5.011389404535294,8192
4.884318634867668,8192
4.942148923873901,8192
4.708632454276085,8192
5.496001243591309,8192
4.8955511301755905,8192
4.570259153842926,8192
4.991629719734192,8192
5.012531206011772,8192
4.99170795083046,8192
5.039745569229126,8192
4.386651888489723,8192
4.90909107029438,8192
4.5652806758880615,8192
4.326273128390312,8192
4.34178002178669,8192
4.4281672686338425,8192
4.445554316043854,8192
4.688725247979164,8192
4.731909558176994,8192
5.207045748829842,8192
4.711787402629852,8192
5.462253466248512,8192
5.298353731632233,8192
4.734430834650993,8192
4.628443345427513,8192
5.015565454959869,8192
4.966489225625992,8192
4.897112771868706,8192
4.981032386422157,8192
4.837651550769806,8192
4.81373593211174,8192
4.677127301692963,8192
4.795622825622559,8192
4.697439074516296,8192
4.91582490503788,8192
4.46326769888401,8192
4.7909121960401535,8192
4.887885227799416,8192
4.678727313876152,8192
4.5418452471494675,8192
5.040000006556511,8192
5.379639193415642,8192
4.900526627898216,8192
5.149174481630325,8192
4.972889274358749,8192
4.9639444798231125,8192
4.8152294009923935,8192
5.15226349234581,8192
5.036094784736633,8192
4.447852820158005,8192
4.7066014260053635,8192
4.59132194519043,8192
4.583583027124405,8192
5.251537635922432,8192
5.008891597390175,8192
5.364356189966202,8192
4.571517184376717,8192
4.511278122663498,8192
4.730909690260887,8192
4.261596500873566,8192
4.881472140550613,8192
5.263157933950424,8192
4.805276542901993,8192
4.72208559513092,8192
4.846225678920746,8192
4.440945014357567,8192
4.899457469582558,8192
5.054493620991707,8192
4.766326397657394,8192
4.704992473125458,8192
5.314899981021881,8192
4.595404490828514,8192
5.20688034594059,8192
4.960224777460098,8192
4.982320964336395,8192
4.771134629845619,8192
5.233584716916084,8192
4.910849034786224,8192
5.0553396344184875,8192
5.684634298086166,8192
5.339805781841278,8192
4.736587777733803,8192
5.407487228512764,8192
4.653022065758705,8192
5.211071670055389,8192
5.2966102957725525,8192
4.370656237006187,8192
4.614032432436943,8192
5.056969076395035,8192
4.622235894203186,8192
5.037866160273552,8192
4.9450550228357315,8192
4.939796403050423,8192
4.768168181180954,8192
4.427038878202438,8192
4.731394723057747,8192
5.40582649409771,8192
5.013400688767433,8192
4.912333562970161,8192
4.878048598766327,8192
4.525964707136154,8192
4.799874871969223,8192
4.682622104883194,8192
4.7749195247888565,8192
4.984423518180847,8192
4.696943610906601,8192
4.960876330733299,8192
5.145299062132835,8192
5.235058441758156,8192
4.597875475883484,8192
4.792434722185135,8192
4.874446243047714,8192
4.841100051999092,8192
5.180779471993446,8192
5.19588328897953,8192
4.7261010855436325,8192
4.996989667415619,8192
4.6815890818834305,8192
4.965780675411224,8192
4.830604791641235,8192
5.132933706045151,8192
5.025915056467056,8192
4.627478867769241,8192
4.919292777776718,8192
4.925944283604622,8192
5.73645755648613,8192
4.9233779311180115,8192
5.060048028826714,8192
5.027755722403526,8192
5.227348208427429,8192
5.210325121879578,8192
5.110972002148628,8192
5.387860909104347,8192
5.465729534626007,8192
5.189456418156624,8192
4.862002655863762,8192
5.302659422159195,8192
4.977304860949516,8192
5.1091499626636505,8192
5.396723374724388,8192
5.0847455859184265,8192
6.020632386207581,8192
5.0442758947610855,8192
5.299794301390648,8192
5.45293353497982,8192
5.632639676332474,8192
5.401724949479103,8192
5.13758547604084,8192
5.06725050508976,8192
4.879196733236313,8192
4.582862555980682,8192
5.038944631814957,8192
4.378395527601242,8192
5.314226076006889,8192
4.937291517853737,8192
5.346660315990448,8192
5.218525603413582,8192
5.531207472085953,8192
4.755434766411781,8192
5.276073515415192,8192
5.840920656919479,8192
5.034058913588524,8192
4.641350358724594,8192
4.982489719986916,8192
5.592358484864235,8192
5.50992488861084,8192
5.397859588265419,8192
4.943679645657539,8192
4.957577958703041,8192
5.046311020851135,8192
5.098289996385574,8192
4.357833415269852,8192
4.81666661798954,8192
4.91955429315567,8192
5.720403790473938,8192
5.144309997558594,8192
5.105853080749512,8192
4.807997494935989,8192
4.938469082117081,8192
5.739268660545349,8192
5.036213621497154,8192
5.4054055362939835,8192
5.294476822018623,8192
5.074135214090347,8192
5.216718092560768,8192
5.176584422588348,8192
4.943199083209038,8192
4.7317661345005035,8192
5.621549114584923,8192
5.409356579184532,8192
5.47540970146656,8192
5.55729977786541,8192
5.205811187624931,8192
5.412530899047852,8192
4.91078719496727,8192
5.104117840528488,8192
5.082284659147263,8192
5.101413652300835,8192
4.570024460554123,8192
5.469640344381332,8192
4.633204638957977,8192
5.625965818762779,8192
5.428263917565346,8192
5.640550330281258,8192
5.140409246087074,8192
5.098970606923103,8192
5.815126001834869,8192
5.45363575220108,8192
4.706249013543129,8192
4.76902611553669,8192
5.268138647079468,8192
4.643527045845985,8192
4.738510400056839,8192
4.890436679124832,8192
5.561917275190353,8192
5.295152589678764,8192
4.8744939267635345,8192
5.192188546061516,8192
5.052696913480759,8192
5.655485391616821,8192
5.449507385492325,8192
5.504731833934784,8192
5.443548411130905,8192
4.613485559821129,8192
4.964308813214302,8192
5.400284379720688,8192
4.879242926836014,8192
4.828797280788422,8192
4.806451499462128,8192
4.524429142475128,8192
4.950171709060669,8192
5.109599232673645,8192
5.73318637907505,8192
5.44644333422184,8192
5.288694798946381,8192
5.272242426872253,8192
5.254901945590973,8192
5.011426657438278,8192
5.553777143359184,8192
5.7029832154512405,8192
5.334420874714851,8192
4.998433217406273,8192
4.7012437134981155,4096
