4794.320665282924,8192
4774.333830728033,16384
4781.901861782177,24576
4775.944782641598,32768
4784.571643426418,40960
4782.589007947653,49152
4789.816532490343,57344
4778.457927741984,65536
4779.769601008207,73728
4783.900940746035,81920
4779.453704429339,90112
4778.832573415206,98304
4785.708016402329,106496
4786.327908857183,114688
4787.842247257822,122880
4782.741234823352,131072
4780.301794893641,139264
4781.634833829913,147456
4781.70832969968,155648
4783.286896803983,163840
4782.62875425145,172032
4782.237821354824,180224
4783.000113440215,188416
4781.234573178688,196608
4780.311953097241,204800
4777.5641639151745,212992
4777.00618687934,221184
4775.794480042816,229376
4775.518034557846,237568
4775.698455858876,245760
4775.430460286121,253952
4774.725418507543,262144
4774.496436482843,270336
4775.403139452872,278528
4774.295909564071,286720
4774.514569287887,294912
4776.870552742547,303104
4777.537453723188,311296
4779.143980088877,319488
4780.786485668163,327680
4780.930637202996,335872
4781.979714565946,344064
4781.962172264382,352256
4782.27897146055,360448
4783.35826256513,368640
4784.793684383845,376832
4785.471575317076,385024
4785.2808692954495,393216
4785.807200391529,401408
4786.507261793589,409600
4786.629910653584,417792
4786.363610667519,425984
4785.354739544157,434176
4785.102205599127,442368
4784.367809549618,450560
4784.114672206562,458752
4784.211570298071,466944
4785.12687324069,475136
4784.549957990226,483328
4783.985952049822,491520
4784.350638488755,499712
4784.376236555671,507904
4784.551305869583,516096
4784.416264159056,524288
4784.198340682436,532480
4784.813028146754,540672
4785.371570275289,548864
4785.600908001945,557056
4785.724389868407,565248
4786.419723366063,573440
4786.079599330542,581632
4786.169237366461,589824
4786.404989548509,598016
4786.475723044581,606208
4786.543354036879,614400
4787.126325348083,622592
4787.793131918345,630784
4787.481578634119,638976
4786.395462082543,647168
4787.094863517265,655360
4786.573292478536,663552
4786.671649743067,671744
4786.491600811593,679936
4786.65407136473,688128
4786.8303939045445,696320
4786.725583752092,704512
4786.7470682354715,712704
4787.183395411564,720896
4787.298053842563,729088
4787.391346458824,737280
4787.067782034655,745472
4787.364510880285,753664
4786.854296951013,761856
4786.565745583335,770048
4786.406866757692,778240
4786.784193420304,786432
4786.867570221589,794624
4786.598718280836,802816
4786.465889487896,811008
4786.419755970967,819200
4786.289164809495,827392
4786.432550533256,835584
4786.636000648153,843776
4786.814389307694,851968
4786.85338813856,860160
4787.037350402599,868352
4787.412705796138,876544
4786.7220745008435,884736
4786.422270736481,892928
4786.627723414585,901120
4786.467087059742,909312
4785.825258898272,917504
4785.592320693958,925696
4785.503875379779,933888
4785.191249143282,942080
4784.828055106201,950272
4785.0145716617635,958464
4784.71465066676,966656
4784.918537850266,974848
4785.382733722615,983040
4785.982865709705,991232
4786.1727043518085,999424
4786.228761089992,1007616
4786.115102353445,1015808
4786.100722469302,1024000
4785.8144191287965,1032192
4785.299675464629,1040384
4785.557593051212,1048576
4785.572676599186,1056768
4785.523704291541,1064960
4785.676674132807,1073152
4785.19109341863,1081344
4785.228653395703,1089536
4784.899831006834,1097728
4784.677403012702,1105920
4784.210461435952,1114112
4784.365643540737,1122304
4784.455660617574,1130496
4784.168829776474,1138688
4783.898170789026,1146880
4783.905774827547,1155072
4783.91311113458,1163264
4784.414343227218,1171456
4783.981497409862,1179648
4783.657352475089,1187840
4783.864267627233,1196032
4783.999629852033,1204224
4783.8428089766185,1212416
4783.775145853912,1220608
4783.85723427015,1228800
4783.60849220871,1236992
4783.788199646042,1245184
4783.921044654345,1253376
4783.794694046668,1261568
4783.902765659769,1269760
4783.7391988335185,1277952
4783.563425042436,1286144
4783.565803677679,1294336
4783.591966490225,1302528
4783.064433674763,1310720
4783.17138240887,1318912
4783.013568804064,1327104
4783.068527994725,1335296
4782.795148801253,1343488
4782.485211035861,1351680
4782.6718765777805,1359872
4782.864398443218,1368064
4782.94114346402,1376256
4782.594999366622,1384448
4782.571085807242,1392640
4782.692632523451,1400832
4782.794152730385,1409024
4782.85015394973,1417216
4782.818323276029,1425408
4782.936414848074,1433600
4783.118376139144,1441792
4782.61253468627,1449984
4782.334519365764,1458176
4782.324169639611,1466368
4782.2009051856985,1474560
4781.937202734817,1482752
4782.043519546534,1490944
4782.000471606252,1499136
4781.891865314077,1507328
4781.941064751187,1515520
4781.863809755682,1523712
4781.575566154515,1531904
4781.751501077926,1540096
4781.737232593925,1548288
4781.873843548092,1556480
4781.637852690214,1564672
4781.727050526275,1572864
4781.629467747692,1581056
4781.650984943387,1589248
4781.857146910195,1597440
4781.898759485907,1605632
4781.839367278136,1613824
4781.7512104892285,1622016
4781.596547796979,1630208
4781.384841791929,1638400
4781.060421481325,1646592
4781.142340899269,1654784
4780.686020683396,1662976
4780.739039990998,1671168
4780.8787264698585,1679360
4780.677985202914,1687552
4780.466726061611,1695744
4780.459721208035,1703936
4780.188238124186,1712128
4779.846572514038,1720320
4780.067918974052,1728512
4779.665699140957,1736704
4779.870934272511,1744896
4779.81161321548,1753088
4779.577553727244,1761280
4779.469160744886,1769472
4779.609081391979,1777664
4779.587681956673,1785856
4779.4401627680145,1794048
4779.367516771295,1802240
4779.132417312168,1810432
4778.920695190031,1818624
4778.839101336484,1826816
4778.99897070642,1835008
4778.920062062384,1843200
4778.854738940066,1851392
4779.086694810441,1859584
4779.131655428268,1867776
4778.853647521249,1875968
4778.699890717957,1884160
4778.348635214255,1892352
4777.9665727110905,1900544
4777.7199533190915,1908736
4777.414043999238,1916928
4777.164031669589,1925120
4777.190770264442,1933312
4777.450716950562,1941504
4777.200024636132,1949696
4777.235026856572,1957888
4777.257075891254,1966080
4776.872910997196,1974272
4776.612478087919,1982464
4776.61469324152,1990656
4776.435277639106,1998848
4776.364869561977,2007040
4776.006188113066,2015232
4775.999868041276,2023424
4775.753066851536,2031616
4775.5233501053,2039808
4775.376745645597,2048000
4775.022432388529,2056192
4774.756299511755,2064384
4774.66326228676,2072576
4774.7478814613605,2080768
4774.529129556113,2088960
4774.55964432461,2097152
4774.441167798987,2105344
4774.341719348189,2113536
4774.265278920281,2121728
4774.344145396773,2129920
4774.132423085167,2138112
4774.1870196574455,2146304
4773.886404222343,2154496
4773.573979219735,2162688
4773.561239251574,2170880
4773.461141701937,2179072
4773.343672374126,2187264
4773.033333297871,2195456
4772.7570307269625,2203648
4772.745295328138,2211840
4772.537174563293,2220032
4772.218469683758,2228224
4772.099994668263,2236416
4772.0196585026,2244608
4771.94551793058,2252800
4771.806209735009,2260992
4771.383415953033,2269184
4771.220141423499,2277376
4770.9417655794405,2285568
4770.559680749262,2293760
4770.451233025046,2301952
4770.360818637751,2310144
4769.79729979657,2318336
4769.860812847082,2326528
4769.54551883918,2334720
4769.272749003347,2342912
4768.911346827476,2351104
4768.580209579424,2359296
4768.1662936229695,2367488
4768.03503492929,2375680
4767.863461972398,2383872
4767.552105176677,2392064
4767.1929457685355,2400256
4767.009796509192,2408448
4766.787459779588,2416640
4766.709921081069,2424832
4766.505272622613,2433024
4766.33641803487,2441216
4766.037188876163,2449408
4765.911851657416,2457600
4765.889123556299,2465792
4765.444263227418,2473984
4765.353666160381,2482176
4765.166140262871,2490368
4765.121484717678,2498560
4764.785921855743,2506752
4764.553538164254,2514944
4764.311286160423,2523136
4763.999288336554,2531328
4763.6939399209305,2539520
4763.465404236945,2543616
4763.30550096851,2551808
4762.9833175748245,2560000
