3787.646185014795,8192
3808.5677112191693,16384
3799.1793410025607,24576
3721.938388195126,32768
3755.591559745494,40960
3764.484946451521,49152
3772.5012565895972,57344
3765.5025760514127,65536
3773.656421382739,73728
3796.532443711575,81920
3804.690237912064,90112
3805.17922848581,98304
3816.4704802342967,106496
3818.4224822529704,114688
3825.5342796489126,122880
3830.019118393027,131072
3827.666189769631,139264
3824.5788245297385,147456
3822.9714363940234,155648
3832.2175586873145,163840
3832.839053873913,172032
3833.5603433226192,180224
3838.4275369932107,188416
3842.1317315223973,196608
3836.2713243031003,204800
3840.572567843175,212992
3843.8403989744406,221184
3839.9683376088046,229376
3836.46825541157,237568
3840.462314106249,245760
3839.7712569903883,253952
3843.6946915473172,262144
3845.069678198695,270336
3850.1699075721126,278528
3852.5888335721293,286720
3850.503174583075,294912
3849.291605013056,303104
3852.279910897359,311296
3853.6309535130263,319488
3851.270143868467,327680
3852.2598440614997,335872
3849.855230017108,344064
3849.5753415756963,352256
3851.6883965222887,360448
3850.5611742097176,368640
3850.7805232165274,376832
3851.1355027855416,385024
3849.2591369037946,393216
3849.283578696425,401408
3848.4639834034156,409600
3851.627315206804,417792
3849.8891075609963,425984
3848.1423116926094,434176
3848.8887637182847,442368
3852.6061353526297,450560
3851.006179405047,458752
3852.333600611879,466944
3852.921849478802,475136
3853.665960641219,483328
3854.447771760962,491520
3855.812898724883,499712
3858.542010237238,507904
3857.8442298174955,516096
3856.2818480501915,524288
3859.502025866793,532480
3860.721128991002,540672
3862.5457637095838,548864
3862.7511886813795,557056
3863.7285519259776,565248
3864.3366358199037,573440
3864.6520815642125,581632
3864.6420701312827,589824
3866.300098865078,598016
3866.1428667735113,606208
3865.6938119061106,614400
3866.474424922799,622592
3866.286091368861,630784
3866.927248718951,638976
3866.4282761153218,647168
3866.8850048516088,655360
3865.6505686337564,663552
3866.476833066109,671744
3865.087811637173,679936
3865.523455522114,688128
3865.0526604508486,696320
3866.6904381107024,704512
3869.1308706591203,712704
3869.0731293123176,720896
3868.7521919353826,729088
3867.273938507821,737280
3867.7901187935845,745472
3867.671056263469,753664
3867.413251481684,761856
3865.853533918548,770048
3866.8831512729953,778240
3866.8484732614966,786432
3867.063342038257,794624
3867.8334182462477,802816
3868.0366572859093,811008
3868.228242496806,819200
3867.9882646648766,827392
3869.195436801195,835584
3868.393310767264,843776
3869.2242768357405,851968
3868.984562289923,860160
3868.5505734305966,868352
3868.575578188658,876544
3868.455997612266,884736
3869.0135484650036,892928
3868.795814556335,901120
3869.76485476465,909312
3869.896301802264,917504
3868.9713566415767,925696
3867.9161754505226,933888
3867.0990364980703,942080
3865.7570997027556,950272
3865.614319266204,958464
3865.3021751555675,966656
3865.297065561746,974848
3866.003241710608,983040
3864.964065903644,991232
3865.469395154847,999424
3866.3685820961523,1007616
3866.535576690991,1015808
3866.167870573782,1024000
3865.9413635999026,1032192
3865.776029860341,1040384
3866.0708759410836,1048576
3867.1340002407605,1056768
3866.9219534355193,1064960
3866.4807881749966,1073152
3866.6552816807325,1081344
3867.24450082999,1089536
3866.747831281273,1097728
3866.4772227870667,1105920
3865.250105077622,1114112
3864.5695161592066,1122304
3865.2240441496115,1130496
3866.026736757948,1138688
3865.777627081319,1146880
3865.630844024714,1155072
3864.7483501045785,1163264
3865.177032477392,1171456
3865.3858926591297,1179648
3866.209461907831,1187840
3866.974736906524,1196032
3866.688913148083,1204224
3866.0092885766057,1212416
3865.0967055815613,1220608
3863.7117580983954,1228800
3863.9413545396083,1236992
3863.6068703358783,1245184
3861.9159276998926,1253376
3862.3112514231157,1261568
3861.189757341695,1269760
3861.5927857907755,1277952
3861.5990678308776,1286144
3861.4430712041067,1294336
3861.4045659180406,1302528
3860.6383763499152,1310720
3860.30334798919,1318912
3859.2885314854693,1327104
3859.749992653065,1335296
3859.341750936832,1343488
3859.3053969894568,1351680
3860.4649154604977,1359872
3860.4537189344537,1368064
3860.9122204124697,1376256
3861.362407701405,1384448
3860.3148484034505,1392640
3860.5264400677875,1400832
3860.8081294076214,1409024
3860.5893020234807,1417216
3860.537109099074,1425408
3858.888871867721,1433600
3857.931161121101,1441792
3857.568382363271,1449984
3857.0140539785048,1458176
3856.730089955481,1466368
3856.383735263307,1474560
3855.9286828150935,1482752
3855.8655423180257,1490944
3854.666529451468,1499136
3854.3571755087664,1507328
3854.31621364906,1515520
3854.3995230705714,1523712
3853.730280997393,1531904
3853.97732854077,1540096
3854.3056381067554,1548288
3853.899516615455,1556480
3854.1781602703604,1564672
3854.2078930823523,1572864
3854.135885613803,1581056
3854.1826950454774,1589248
3853.951907538653,1597440
3853.368660919762,1605632
3852.42945487826,1613824
3851.681615845543,1622016
3851.323067062201,1630208
3851.062504471719,1638400
3850.5239787858563,1646592
3851.106962452201,1654784
3851.1841624218446,1662976
3851.1276126317243,1671168
3850.747807146372,1679360
3850.7610490549446,1687552
3851.097470654456,1695744
3851.0270472272723,1703936
3850.3982319821343,1712128
3850.76856477598,1720320
3850.2921447941753,1728512
3850.0036823739365,1736704
3850.224840079798,1744896
3849.771412867923,1753088
3850.195797171597,1761280
3849.4621996026094,1769472
3849.325150944326,1777664
3849.5540105253963,1785856
3849.339542215753,1794048
3849.8535913487062,1802240
3849.7789712321633,1810432
3849.3148214913513,1818624
3848.6200966597544,1826816
3849.265233290417,1835008
3848.3550376538406,1843200
3848.5056528532887,1851392
3848.684600926882,1859584
3848.418873276787,1867776
3847.9251058225977,1875968
3847.8139757983936,1884160
3848.137705093134,1892352
3847.752954007529,1900544
3847.6670229090087,1908736
3848.454743968457,1916928
3847.9075741742613,1925120
3848.0424283238094,1933312
3848.108264196279,1941504
3847.63506571394,1949696
3847.3151013338356,1957888
3846.4598096216314,1966080
3845.808786256912,1974272
3844.7189908813602,1982464
3844.580081093778,1990656
3844.543666626674,1998848
3844.0731273939655,2007040
3843.8996660546054,2015232
3843.8745431883053,2023424
3843.763507769829,2031616
3844.079924797307,2039808
3843.48283938273,2048000
3842.690997350577,2056192
3842.673124884811,2064384
3842.4865632481983,2072576
3842.2020252742714,2080768
3841.846116854044,2088960
3841.937107515554,2097152
3841.929462288032,2105344
3841.2913181917816,2113536
3841.057295994571,2121728
3841.371476072018,2129920
3841.990448792044,2138112
3842.8854125291577,2146304
3842.4184561350394,2154496
3842.208360051416,2162688
3842.062633678122,2170880
3841.5933090697736,2179072
3841.1328113733352,2187264
3840.640639801483,2195456
3839.9475174907075,2203648
3840.165591172542,2211840
3839.947312081034,2220032
3839.9643831808066,2228224
3840.1393927103813,2236416
3840.537361474818,2244608
3839.8191930565954,2252800
3839.7641972848874,2260992
3839.5884171060356,2269184
3839.3019177332035,2277376
3839.621306128853,2285568
3839.196265841389,2293760
3838.673095129001,2301952
3838.2472530924674,2310144
3838.3811691747565,2318336
3838.331413005578,2326528
3838.209928148799,2334720
3838.2579423192374,2342912
3838.4356551151523,2351104
3838.621243068153,2359296
3838.2738142874337,2367488
3837.8639531349936,2375680
3837.459517766229,2383872
3837.022680316112,2392064
3836.59082197152,2400256
3836.1985093278236,2408448
3835.692024328534,2416640
3835.0847156424447,2424832
3834.5955959594494,2433024
3834.741537888472,2441216
3834.324767507139,2449408
3834.241010940276,2457600
3833.914994699308,2465792
3833.3641003394346,2473984
3833.331610826134,2482176
3833.572910733356,2490368
3833.514044662679,2498560
3832.7791091131626,2506752
3831.5943476581506,2514944
3831.669546638287,2523136
3831.282707285876,2531328
3830.801505197947,2539520
3830.183828384757,2547712
3829.9128025483355,2555904
3829.6552649405726,2560000
