0.026385224191471934,32768
0.012256404443178326,32768
0.05399567889980972,32768
0.028801843291148543,32768
0.02740852360147983,32768
0.016121231601573527,32768
0.045078888069838285,32768
0.045920710545033216,32768
0.013962580123916268,32768
0.02257846063002944,32768
0,32768
0,32768
0.036991367232985795,32768
0,32768
0,32768
0.0224139861529693,32768
0.01285512262256816,32768
0,32768
0.013119916548021138,32768
0,32768
0.04256526590324938,32768
0.013655606016982347,32768
0,32768
0.01208605244755745,32768
0.031725887674838305,32768
0.015071590314619243,32768
0.03326126607134938,32768
0.04017677856609225,32768
0,32768
0.012043839524267241,32768
0.012627856631297618,32768
0.04446420643944293,32768
0.029726515640504658,32768
0,32768
0.013199578097555786,32768
0.02958579862024635,32768
0,32768
0.05053057102486491,32768
0,32768
0.05142710288055241,32768
0.014528549218084663,32768
0,32768
0.03189792623743415,32768
0.04149377637077123,32768
0.02406159765087068,32768
0.020805159874726087,32768
0.015422578144352883,32768
0,32768
0.04010695265606046,32768
0.02707092498894781,32768
0,32768
0.026903417892754078,32768
0.027188690728507936,32768
0.03630642604548484,32768
0.015085231279954314,32768
0.015110305685084313,32768
0.013553808094002306,32768
0.013802622561343014,32768
0,32768
0.027555800625123084,32768
0.017889087030198425,32768
0.029498524963855743,32768
0.026928773149847984,32768
0.01587805600138381,32768
0.012906556366942823,32768
0.04823151102755219,32768
0.029917724896222353,32768
0.014405070396605879,32768
0.012924906332045794,32768
0.04615384677890688,32768
0.039318480412475765,32768
0.015181417984422296,32768
0.014695076970383525,32768
0.027999439043924212,32768
0.027620495529845357,32768
0.029057098436169326,32768
0.013736264372710139,32768
0.013283740554470569,32768
0.02626395144034177,32768
0.012948336370754987,32768
0,32768
0,32768
0.0484202872030437,32768
0.013395847054198384,32768
0.014230824308469892,32768
0.014556040696334094,32768
0.04852602141909301,32768
0.03671071899589151,32768
0.011032656766474247,32768
0,32768
0.04165509599260986,32768
0.02493143838364631,32768
0.013354701513890177,32768
0.030548343784175813,32768
0.026483050896786153,32768
0.014222727622836828,32768
0.013883104838896543,32768
0.04044762172270566,32768
0.030002999119460583,32768
0.026374784647487104,32768
0,32768
0.014963340072426945,32768
0.02414001210127026,32768
0.01256755058420822,32768
0.04297378472983837,32768
0.025677235680632293,32768
0.05972823710180819,32768
0.013950893480796367,32768
0.014436263882089406,32768
0.0132520537590608,32768
0.04878048785030842,32768
0.014234875561669469,32768
0.013708019105251878,32768
0.027329870499670506,32768
0.025125627871602774,32768
0.014144270971883088,32768
0,32768
0,32768
0.01311131491092965,32768
0.012653422891162336,32768
0.02707825624383986,32768
0.07071135914884508,32768
0.014240956807043403,32768
0.015391719352919608,32768
0.012870013597421348,32768
0.05193456308916211,32768
0,32768
0.030888032051734626,32768
0,32768
0.014320493210107088,32768
0.014945448492653668,32768
0.013875399599783123,32768
0.02683483180589974,32768
0.03850596840493381,32768
0.015163002535700798,32768
0,32768
0.028735632076859474,32768
0.02923976571764797,32768
0.01341561583103612,32768
0.029214139794930816,32768
0.024423006107099354,32768
0.013856173609383404,32768
0.06036824779585004,32768
0.015549681847915053,32768
0.05302929785102606,32768
0,32768
0.05222613690420985,32768
0.01414227153873071,32768
0.015523128968197852,32768
0.02952029462903738,32768
0.028196812490932643,32768
0.040225262637250125,32768
0.025419419398531318,32768
0.026301946491003036,32768
0,32768
0.016371971287298948,32768
0.061477930285036564,32768
0.015283508400898427,32768
0.03455425030551851,32768
0.03840245772153139,32768
0.02567064657341689,32768
0,32768
0.013968431449029595,32768
0.01253132795682177,32768
0.028180921799503267,32768
0.014291839033830911,32768
0.013741926522925496,32768
0.025967281544581056,32768
0.02979293931275606,32768
0,32768
0.026795282610692084,32768
0.05134788225404918,32768
0.013693002983927727,32768
0.06504065240733325,32768
0.012975216668564826,32768
0.035014006425626576,32768
0.03945810894947499,32768
0.014432097668759525,32768
0,32768
0,32768
0.013844663044437766,32768
0,32768
0,32768
0,32768
0.028889210079796612,32768
0.03083089250139892,32768
0,32768
0.045885590952821076,32768
0.06057852297089994,32768
0,32768
0,32768
0.026695142150856555,32768
0,32768
0.03239391080569476,32768
0.05286809173412621,32768
0.03111387777607888,32768
0,32768
0.014768866822123528,32768
0,32768
0.016035920998547226,32768
0,32768
0.04126547428313643,32768
0.03315649810247123,32768
0.02594370162114501,32768
0.012815583613701165,32768
0.02812543825712055,32768
0.016423058696091175,32768
0.02279202308272943,32768
0.024780078092589974,32768
0.037773861549794674,32768
0.012669453280977905,32768
0.04940101061947644,32768
0.027831894112750888,32768
0,32768
0,32768
0,32768
0,32768
0.01401148911099881,32768
0.04515352193266153,32768
0,32768
0.04202857962809503,32768
0.04135079216212034,32768
0.060518033569678664,32768
0.04410467518027872,32768
0,32768
0.025970651768147945,32768
0.03065603959839791,32768
0.03922081377822906,32768
0,32768
0.02517940301913768,32768
0.027352297911420465,32768
0,32768
0,32768
0.027480078279040754,32768
0.026195152895525098,32768
0.05492242053151131,32768
0.014226774510461837,32768
0.02785515389405191,32768
0.015057972632348537,32768
0,32768
0.047483379603363574,32768
0.013003901403862983,32768
0.0584112131036818,32768
0,32768
0,32768
0.03911852836608887,32768
0.026490064919926226,32768
0,32768
0.028872527764178813,32768
0.01120699307648465,32768
0.02898970851674676,32768
0.02813730970956385,32768
0.012371643970254809,32768
0.013361839228309691,32768
0.014037058281246573,32768
0.03051571547985077,32768
0.015332720067817718,32768
0.016116035112645477,32768
0.013900472549721599,32768
0.02926115703303367,32768
0.0152718392200768,32768
0.02621919265948236,32768
0.042223784839734435,32768
0.013553808094002306,32768
0.038580247201025486,32768
0.013315578689798713,32768
0.05069065955467522,32768
0,32768
0.03780241822823882,32768
0,32768
0.026709403027780354,32768
0.024548915098421276,32768
0,32768
0.027628126554191113,32768
0,32768
0.026329647516831756,32768
0.036144579644314945,32768
0.04160887619946152,32768
0.027968117501586676,32768
0.02569373173173517,32768
0.02679169410839677,32768
0.03630642604548484,32768
0.05102691939100623,32768
0,32768
0.0289813062408939,32768
0.01394311257172376,32768
0,32768
0.05453305784612894,32768
0.01274534733965993,32768
0.026092628831975162,32768
0.028889210079796612,32768
0,32768
0.014148274203762412,32768
0.05969258490949869,32768
0.013614703493658453,32768
0.039872407796792686,32768
0.03017501439899206,32768
0.014710209507029504,32768
0.013301409489940852,32768
0.04453681758604944,32768
0.04314063990022987,32768
0.014492752961814404,32768
0.03366436576470733,32768
0.02491901395842433,32768
0.025843133335001767,32768
0,32768
0.013524478708859533,32768
0.012623074871953577,32768
0.02954209630843252,32768
0.059031875571236014,16384
0,32768
0,32768
0.03871966910082847,32768
