4137.34802327347,32768
4140.746651085933,65536
4134.275478025843,98304
4133.582597369911,131072
4135.087764795015,163840
4135.400629772054,196608
4138.368389848971,229376
4136.58460414178,262144
4136.101375443361,294912
4137.303042736935,327680
4137.772743993409,360448
4137.643302387213,393216
4137.436650323013,425984
4136.588549098155,458752
4136.45560614123,491520
4137.155922314274,524288
4137.5169947764525,557056
4137.59704717714,589824
4137.119595326826,622592
4137.111289093684,655360
4137.31683370994,688128
4137.278436366466,720896
4136.768906230175,753664
4136.984543236163,786432
4136.52582473743,819200
4136.300122013791,851968
4135.780861230325,884736
4135.58707362409,917504
4135.8862021110035,950272
4136.055488088427,983040
4136.401167825131,1015808
4136.764350036053,1048576
4137.108419671568,1081344
4137.477768633935,1114112
4137.331564173298,1146880
4137.213872241774,1179648
4137.541472880796,1212416
4137.601800744356,1245184
4137.3612767412005,1277952
4137.498948383633,1310720
4137.731638389351,1343488
4137.453336759887,1376256
4137.404639617402,1409024
4137.67947388334,1441792
4137.706306761125,1474560
4138.087990690838,1507328
4137.874007793619,1540096
4138.038657557336,1572864
4138.390217328573,1605632
4138.377500995467,1638400
4138.365902461708,1671168
4138.4844600170045,1703936
4138.637271148084,1736704
4138.667699166272,1769472
4138.49128130445,1802240
4138.5075117988845,1835008
4138.541314348945,1867776
4138.660442950799,1900544
4139.019591480322,1933312
4139.064356516065,1966080
4138.974999229503,1998848
4138.894637996077,2031616
4138.9139413188295,2064384
4138.814597418654,2097152
4138.854212640336,2129920
4138.680922104515,2162688
4138.684942251078,2195456
4138.651754500882,2228224
4138.437346587016,2260992
4138.366642044698,2293760
4138.442011116472,2326528
4138.21627412774,2359296
4138.242871111543,2392064
4138.178672822801,2424832
4137.765129247145,2457600
4137.694946380632,2490368
4137.623615318547,2523136
4137.78662431081,2555904
4137.722130848054,2588672
4137.655699309812,2621440
4137.508484141949,2654208
4137.468512699856,2686976
4137.531335188585,2719744
4137.459349385946,2752512
4137.689501374394,2785280
4137.577062720825,2818048
4137.612800650331,2850816
4137.6798774514,2883584
4137.878862461475,2916352
4138.025464740533,2949120
4137.798852905078,2981888
4137.693284901642,3014656
4137.723261970958,3047424
4137.641105521232,3080192
4137.457839306178,3112960
4137.556286571987,3145728
4137.561827843735,3178496
4137.518254793964,3211264
4137.505933299538,3244032
4137.4165998044755,3276800
4137.423577924204,3309568
4137.611270566941,3342336
4137.644343151353,3375104
4137.600061422706,3407872
4137.5146847453625,3440640
4137.553427205084,3473408
4137.453341149947,3506176
4137.405820619674,3538944
4137.3714078434605,3571712
4137.2918514832445,3604480
4137.256740381536,3637248
4137.153350694963,3670016
4137.227489665056,3702784
4137.302821227349,3735552
4137.447901712904,3768320
4137.31064150166,3801088
4137.395135665801,3833856
4137.404166035723,3866624
4137.476574944817,3899392
4137.492174720385,3932160
4137.391621664889,3964928
4137.412739441724,3997696
4137.329481814913,4030464
4137.3153760611995,4063232
4137.277696025464,4096000
4137.249758156017,4128768
4137.1952318682825,4161536
4137.108330002156,4194304
4137.1704101979485,4227072
4137.199273715471,4259840
4137.12517351069,4292608
4137.12683183141,4325376
4137.225026606691,4358144
4137.240784545089,4390912
4137.10597003685,4423680
4137.1087941732385,4456448
4137.088422786923,4489216
4137.218160890313,4521984
4137.237375324492,4554752
4137.255638966415,4587520
4137.176487581173,4620288
4137.20503643173,4653056
4137.1640978522455,4685824
4137.159511624263,4718592
4137.109710911271,4751360
4137.128151902234,4784128
4137.131311664302,4816896
4137.01713237226,4849664
4136.903906254694,4882432
4136.855789202489,4915200
4136.864535566326,4947968
4136.920717537773,4980736
4137.027842234996,5013504
4137.0236188985655,5046272
4136.968135125745,5079040
4136.95534532443,5111808
4137.094828781259,5144576
4136.986709425905,5177344
4136.989080995276,5210112
4137.105642162519,5242880
4137.164442824934,5275648
4137.141294157764,5308416
4137.26071083926,5341184
4137.284387602252,5373952
4137.206770249566,5406720
4137.212113380453,5439488
4137.103752569331,5472256
4137.077494515599,5505024
4137.063103440598,5537792
4137.092490195268,5570560
4137.15655826652,5603328
4137.164438408107,5636096
4137.08116233397,5668864
4137.094759023302,5701632
4137.07187980452,5734400
4137.087750924166,5767168
4137.071344322959,5799936
4137.163732969578,5832704
4137.166239311985,5865472
4137.099737689123,5898240
4136.996044124291,5931008
4137.022842436591,5963776
4136.977792513225,5996544
4136.939322214697,6029312
4136.9557343870565,6062080
4136.918454084759,6094848
4136.916784756681,6127616
4136.842272252907,6160384
4136.833342044462,6193152
4136.916159709387,6225920
4136.880620572303,6258688
4136.814506862798,6291456
4136.786118552021,6324224
4136.756721613405,6356992
4136.737296929348,6389760
4136.687093719005,6422528
4136.734745426491,6455296
4136.7218230924145,6488064
4136.725742748137,6520832
4136.613895532612,6553600
4136.62029533928,6586368
4136.6047586118575,6619136
4136.578181449914,6651904
4136.634206440534,6684672
4136.690801755579,6717440
4136.626505132802,6750208
4136.576590365174,6782976
4136.647458365433,6815744
4136.702492009605,6848512
4136.65503157178,6881280
4136.63531861885,6914048
4136.697706789012,6946816
4136.692295392901,6979584
4136.650470658732,7012352
4136.622888726163,7045120
4136.576604658456,7077888
4136.520949063989,7110656
4136.543562341743,7143424
4136.510632403037,7176192
4136.478719332017,7208960
4136.509052705494,7241728
4136.51942405582,7274496
4136.487547016597,7307264
4136.462400414587,7340032
4136.552352072878,7372800
4136.565490357744,7405568
4136.508164837717,7438336
4136.455408899658,7471104
4136.447144572502,7503872
4136.445572560303,7536640
4136.441503819682,7569408
4136.38243016468,7602176
4136.372420132386,7634944
4136.333095650874,7667712
4136.29434121697,7700480
4136.2381145788795,7733248
4136.203667248268,7766016
4136.1174517722575,7798784
4136.104181151092,7831552
4136.136415843727,7864320
4136.125206145857,7897088
4136.11175827646,7929856
4136.089574444211,7962624
4136.071985836877,7995392
4136.032323230911,8028160
4136.038344197845,8060928
4136.062681259507,8093696
4136.0405066283265,8126464
4135.988919299744,8159232
4136.085423941794,8192000
4136.012381709349,8224768
4135.993670255171,8257536
4135.9185140073005,8290304
4135.8935493320005,8323072
4135.8926009839015,8355840
4135.861061067591,8388608
4135.799502235729,8421376
4135.771396548886,8454144
4135.722188395611,8486912
4135.650756763484,8519680
4135.6156116185475,8552448
4135.614966680636,8585216
4135.544654384355,8617984
4135.497538464962,8650752
4135.487092226039,8683520
4135.481899072306,8716288
4135.427468550886,8749056
4135.399403458375,8781824
4135.4178321192285,8814592
4135.390653366576,8847360
4135.387032571146,8880128
4135.354483406214,8912896
4135.349244791535,8945664
4135.346404927661,8978432
4135.339226062036,9011200
4135.286003219016,9043968
4135.227897625143,9076736
4135.187318772061,9109504
4135.204870830173,9142272
4135.21212860578,9175040
4135.2088370564215,9207808
4135.151854597452,9240576
4135.092446865054,9273344
4135.023072018393,9306112
4135.005159107232,9338880
4134.936920744474,9371648
4134.9270588874015,9404416
4134.873833989506,9437184
4134.845797603978,9469952
4134.794621548247,9502720
4134.735640444748,9535488
4134.7175355048,9568256
4134.677496831626,9601024
4134.631400503448,9633792
4134.604022589036,9666560
4134.5926952769105,9699328
4134.653043671444,9732096
4134.645345908409,9764864
4134.585002263914,9797632
4134.558051599935,9830400
4134.456521126269,9863168
4134.421257988801,9895936
4134.364054272319,9928704
4134.399079971499,9961472
4134.412675156643,9994240
4134.330599617196,10027008
4134.325591097087,10059776
4134.282941099513,10092544
4134.225511278717,10125312
4134.209986816687,10141696
4134.168866361348,10174464
4134.157564199196,10207232
4134.1411490588325,10240000
