5.897552892565727,8192
5.655568093061447,8192
5.292690172791481,8192
5.360162258148193,8192
5.194002017378807,8192
5.935280025005341,8192
5.427088215947151,8192
5.093996226787567,8192
5.120199918746948,8192
5.288384854793549,8192
5.269076302647591,8192
5.811457708477974,8192
5.76239749789238,8192
5.8009229600429535,8192
5.48451691865921,8192
5.482625588774681,8192
5.047549307346344,8192
5.603038892149925,8192
5.9684500098228455,8192
6.4448051154613495,8192
5.327551439404488,8192
5.427755042910576,8192
5.541178211569786,8192
5.609218776226044,8192
5.949406698346138,8192
5.551839619874954,8192
5.521007254719734,8192
5.532722175121307,8192
5.526018887758255,8192
5.773710459470749,8192
5.6972406804561615,8192
5.414159968495369,8192
6.151250377297401,8192
5.846645310521126,8192
5.226480960845947,8192
4.987252876162529,8192
5.448462814092636,8192
5.868050083518028,8192
5.404969304800034,8192
5.832282453775406,8192
5.219271034002304,8192
5.6368473917245865,8192
5.820703133940697,8192
5.448073148727417,8192
5.325149372220039,8192
6.018448621034622,8192
5.330151319503784,8192
5.256760865449905,8192
5.92394731938839,8192
5.358513817191124,8192
5.374191701412201,8192
5.074581131339073,8192
5.40379174053669,8192
5.433746427297592,8192
5.426730960607529,8192
5.410557240247726,8192
5.487506091594696,8192
6.056270748376846,8192
5.503838136792183,8192
5.343018472194672,8192
6.0522474348545074,8192
5.12104295194149,8192
5.64778633415699,8192
5.057400092482567,8192
5.4800935089588165,8192
5.538461357355118,8192
5.721551179885864,8192
6.018085405230522,8192
5.349523946642876,8192
5.453986674547195,8192
5.5405620485544205,8192
5.295007675886154,8192
5.4907675832509995,8192
5.70707879960537,8192
5.3863465785980225,8192
5.9248317033052444,8192
5.108478292822838,8192
5.86838535964489,8192
5.616547167301178,8192
5.805038288235664,8192
5.817452445626259,8192
5.449632182717323,8192
5.2164435386657715,8192
5.998446047306061,8192
5.3642913699150085,8192
5.707356333732605,8192
5.670018121600151,8192
4.950171709060669,8192
5.416093394160271,8192
5.3072623908519745,8192
5.484960600733757,8192
5.399133637547493,8192
6.343222409486771,8192
5.323965474963188,8192
5.3241875022649765,8192
5.498857423663139,8192
5.557382479310036,8192
5.954790860414505,8192
5.055244266986847,8192
5.047933012247086,8192
5.699063464999199,8192
6.057722866535187,8192
5.795454606413841,8192
5.844346433877945,8192
5.097164586186409,8192
5.92229925096035,8192
5.524168163537979,8192
5.06075993180275,8192
5.698469653725624,8192
4.888178780674934,8192
5.6031640619039536,8192
5.816485360264778,8192
5.663483589887619,8192
5.821970105171204,8192
5.122879892587662,8192
5.664831027388573,8192
5.310006067156792,8192
5.63562735915184,8192
5.3103007376194,8192
5.303524807095528,8192
5.330971255898476,8192
6.206684187054634,8192
5.921259894967079,8192
5.461479723453522,8192
5.606299266219139,8192
5.778811126947403,8192
5.6750573217868805,8192
5.524954199790955,8192
5.318975448608398,8192
5.57875894010067,8192
5.033991485834122,8192
5.58667927980423,8192
5.6875672191381454,8192
5.529806762933731,8192
5.73527105152607,8192
5.878308787941933,8192
5.450767278671265,8192
5.552099645137787,8192
6.017842516303062,8192
5.109361186623573,8192
5.541728809475899,8192
5.882352963089943,8192
5.617113038897514,8192
5.683077499270439,8192
5.2917443215847015,8192
5.693727359175682,8192
5.901846289634705,8192
5.409404635429382,8192
5.932070687413216,8192
5.316295847296715,8192
5.0506699830293655,8192
5.31170479953289,8192
5.281690135598183,8192
5.345245450735092,8192
5.3855568170547485,8192
6.079178303480148,8192
5.377426370978355,8192
5.492106080055237,8192
5.115165933966637,8192
5.791505798697472,8192
4.8324111849069595,8192
5.121419578790665,8192
5.231356248259544,8192
5.271342024207115,8192
5.608481913805008,8192
5.7620819658041,8192
6.167192384600639,8192
5.671259388327599,8192
5.409356579184532,8192
5.710284784436226,8192
5.371900647878647,8192
5.751058831810951,8192
5.751099810004234,8192
4.867323860526085,8192
5.643738806247711,8192
5.514645576477051,8192
5.461070314049721,8192
5.996955931186676,8192
5.0074368715286255,8192
5.247953906655312,8192
5.516431853175163,8192
5.290669947862625,8192
5.326726660132408,8192
5.070773139595985,8192
5.401704087853432,8192
5.234254151582718,8192
6.2168899923563,8192
5.336105450987816,8192
5.545053631067276,8192
5.279359593987465,8192
5.024509876966476,8192
5.741256475448608,8192
5.513547733426094,8192
5.375481396913528,8192
4.785691201686859,8192
5.558354407548904,8192
5.802948027849197,8192
5.163175985217094,8192
5.807831510901451,8192
5.240242555737495,8192
5.727145820856094,8192
5.324675142765045,8192
5.369838327169418,8192
5.379442870616913,8192
4.968172684311867,8192
5.389872565865517,8192
5.905691906809807,8192
5.669083818793297,8192
5.514181405305862,8192
5.6875210255384445,8192
5.454545468091965,8192
4.89998459815979,8192
5.384978652000427,8192
5.198728293180466,8192
5.850148573517799,8192
5.54528646171093,8192
5.11704683303833,8192
6.081926077604294,8192
5.202028527855873,8192
5.329108610749245,8192
5.68828210234642,8192
5.621702969074249,8192
5.270092189311981,8192
5.390959233045578,8192
4.785126447677612,8192
5.097845569252968,8192
5.0899166613817215,8192
5.619596689939499,8192
5.3562231361866,8192
5.263157933950424,8192
5.164319276809692,8192
5.371573567390442,8192
5.965463072061539,8192
5.3367216140031815,8192
5.7743217796087265,8192
5.834079533815384,8192
5.333924293518066,8192
5.737169086933136,8192
5.399874225258827,8192
5.626077577471733,8192
5.423728749155998,8192
6.020739674568176,8192
5.596106871962547,8192
5.684920400381088,8192
5.377389118075371,8192
5.14322929084301,8192
5.097564682364464,8192
5.471956357359886,8192
5.327805876731873,8192
5.154010280966759,8192
5.443483963608742,8192
5.562012270092964,8192
5.070511624217033,8192
5.495934933423996,8192
5.7215191423892975,8192
4.946839809417725,8192
5.467211827635765,8192
5.464913696050644,8192
5.402684584259987,8192
5.683249235153198,8192
5.643798410892487,8192
4.716001823544502,8192
5.587668716907501,8192
5.19721582531929,8192
5.686761811375618,8192
5.838624760508537,8192
5.626982823014259,8192
5.545200407505035,8192
5.821641534566879,8192
5.799735710024834,8192
5.679544433951378,8192
5.537080019712448,8192
5.668628960847855,8192
5.8554138988256454,8192
5.326995626091957,8192
5.209260806441307,8192
6.220174580812454,8192
4.987608268857002,8192
5.190839618444443,8192
4.966139793395996,8192
5.270339548587799,8192
5.7256147265434265,8192
5.401412025094032,8192
5.734242871403694,8192
5.719078704714775,8192
5.288680270314217,8192
6.013470143079758,8192
5.581027641892433,8192
5.197792127728462,8192
5.354138091206551,8192
5.038759857416153,8192
5.199587717652321,8192
5.391571298241615,8192
5.9710681438446045,8192
5.261619389057159,8192
5.4651714861392975,8192
5.544180050492287,8192
5.549300462007523,8192
5.640946701169014,8192
5.706998333334923,8192
5.539403110742569,8192
5.353887006640434,8192
5.5701181292533875,8192
5.823731049895287,8192
4.906006529927254,8192
5.647020041942596,8192
5.663745477795601,8192
5.581320822238922,8192
5.310407653450966,8192
5.5892884731292725,8192
5.750039592385292,8192
5.728518217802048,8192
5.522056668996811,4096
