4333.563699616475,8192
4338.383165745304,16384
4350.813843847833,24576
4354.93843268016,32768
4350.357172662815,40960
4349.993750869614,49152
4359.372293443595,57344
4359.458412308765,65536
4364.9294215031005,73728
4363.630383341354,81920
4361.496065095099,90112
4359.1185496444095,98304
4354.647639014828,106496
4352.101391454395,114688
4354.354878954274,122880
4356.7545352870575,131072
4355.623946691132,139264
4355.719418338006,147456
4358.703124999033,155648
4355.681917672629,163840
4356.124182331044,172032
4355.997153595252,180224
4352.319684204411,188416
4349.026571779336,196608
4348.961732153742,204800
4348.4614775476375,212992
4348.70499454779,221184
4347.110329924698,229376
4345.832387981119,237568
4346.06871238886,245760
4345.3826882561625,253952
4345.770966617119,262144
4346.42664375717,270336
4344.547406185653,278528
4343.688964412455,286720
4344.479428437421,294912
4344.764769317633,303104
4345.81856670583,311296
4346.116759687535,319488
4345.595685813296,327680
4345.8367381488915,335872
4345.250875413999,344064
4345.286330918367,352256
4344.5771404379875,360448
4344.709590318813,368640
4343.181338898847,376832
4343.177058982168,385024
4343.067165806802,393216
4342.774117145548,401408
4342.0409312866295,409600
4341.242445694998,417792
4342.034210304096,425984
4341.697360150134,434176
4341.14852255309,442368
4340.819765496986,450560
4342.140668795794,458752
4342.959841793098,466944
4342.352823119152,475136
4341.635577847619,483328
4341.875505765917,491520
4341.854310005324,499712
4341.0328477636585,507904
4340.353575881851,516096
4339.5509760477025,524288
4339.164982868267,532480
4337.61706128916,540672
4337.462196970615,548864
4337.142669347599,557056
4336.754503382171,565248
4336.0196377038155,573440
4335.423978982166,581632
4334.988662138621,589824
4335.118254018836,598016
4334.247342383624,606208
4335.1287185070505,614400
4335.3890995209285,622592
4334.711323115985,630784
4334.477252520981,638976
4333.554806240438,647168
4333.451288686002,655360
4332.93933337465,663552
4332.869342638825,671744
4332.875716324214,679936
4333.3653293537,688128
4333.312869716696,696320
4333.424916366062,704512
4332.78423655414,712704
4332.476672546153,720896
4332.4423676870465,729088
4332.199123410619,737280
4331.908213034756,745472
4331.79988853543,753664
4331.627178452848,761856
4331.2113194581725,770048
4330.744475600466,778240
4330.402264770384,786432
4329.907962654526,794624
4329.409309926605,802816
4329.000269170805,811008
4329.067347932208,819200
4328.830537986139,827392
4328.139059008853,835584
4327.465401329157,843776
4327.474314902655,851968
4327.080949455153,860160
4326.7535094398245,868352
4326.4391162778875,876544
4326.364670146221,884736
4325.549376267591,892928
4325.283723433202,901120
4325.28455551012,909312
4325.2314177225235,917504
4324.597917109278,925696
4324.31956266715,933888
4323.887789941086,942080
4323.636858170009,950272
4323.052536143508,958464
4322.569967988924,966656
4322.48909815536,974848
4322.216664330025,983040
4321.682787567487,991232
4321.361315036664,999424
4321.276303463712,1007616
4321.013138579979,1015808
4320.651549002298,1024000
4320.427248451366,1032192
4320.217456802717,1040384
4319.814941213312,1048576
4319.176979013234,1056768
4318.579812448672,1064960
4318.314942506515,1073152
4317.989118551336,1081344
4318.0563163832885,1089536
4317.919532465192,1097728
4317.616442346693,1105920
4317.588703582596,1114112
4317.214788546747,1122304
4317.24615603429,1130496
4316.659791694563,1138688
4316.523977623165,1146880
4316.208011659418,1155072
4315.623656454312,1163264
4315.057853786991,1171456
4314.630566393583,1179648
4314.183307915966,1187840
4313.837913304302,1196032
4313.4705762075155,1204224
4313.213068627138,1212416
4312.797380217483,1220608
4312.54311701513,1228800
4312.296811755012,1236992
4311.552955994452,1245184
4311.154408374711,1253376
4311.019436794817,1261568
4311.080793559199,1269760
4310.509200280263,1277952
4310.5717611933105,1286144
4310.5696298527055,1294336
4310.392674373294,1302528
4310.04969153974,1310720
4309.554408233015,1318912
4309.037087450977,1327104
4308.856868511808,1335296
4308.79711760975,1343488
4308.094674518504,1351680
4307.509790385498,1359872
4307.295743675785,1368064
4307.010100177671,1376256
4306.664376580538,1384448
4306.1605067203445,1392640
4306.033314557344,1400832
4305.823065888735,1409024
4305.529290623735,1417216
4305.087401148505,1425408
4304.829316858377,1433600
4304.2756103589945,1441792
4303.5460890529075,1449984
4303.207865223538,1458176
4302.86945765516,1466368
4302.516736633718,1474560
4302.301003408744,1482752
4302.088981543708,1490944
4302.432006767756,1499136
4302.160027762338,1507328
4301.749413073301,1515520
4301.438174466726,1523712
4301.156148421531,1531904
4300.891038437782,1540096
4300.910041333802,1548288
4300.31173602406,1556480
4300.062432611892,1564672
4300.036239952618,1572864
4300.108930662738,1581056
4299.531531186569,1589248
4299.15877563477,1597440
4298.702195131695,1605632
4298.7048467034865,1613824
4298.405397858785,1622016
4298.086898128762,1630208
4297.7652537025315,1638400
4297.26249253344,1646592
4297.095071829491,1654784
4296.80538352933,1662976
4296.3429289282885,1671168
4295.996991194926,1679360
4295.575589582882,1687552
4294.989766411455,1695744
4294.617189889417,1703936
4294.03937419777,1712128
4293.393534019978,1720320
4293.284636323933,1728512
4292.557628858897,1736704
4292.010440059164,1744896
4291.649375554021,1753088
4291.352173913484,1761280
4291.510722179347,1769472
4291.104792197493,1777664
4291.04743033946,1785856
4290.815024162262,1794048
4290.450198797434,1802240
4289.911540975188,1810432
4289.6361306684985,1818624
4289.354237770687,1826816
4288.716804094098,1835008
4287.971790452398,1843200
4287.495448896465,1851392
4287.146371101474,1859584
4286.886541569156,1867776
4286.489327110254,1875968
4286.01317769067,1884160
4285.412331392718,1892352
4285.254816766089,1900544
4284.994251477399,1908736
4284.648075568215,1916928
4284.33448278878,1925120
4284.031845240894,1933312
4283.743624875851,1941504
4283.51239310671,1949696
4283.211906258551,1957888
4282.845120927006,1966080
4282.669384536683,1974272
4282.519578585546,1982464
4282.091796163144,1990656
4281.631113897364,1998848
4281.509114379891,2007040
4281.256724280626,2015232
4280.700664817273,2023424
4280.592313595624,2031616
4280.358633673959,2039808
4279.977148918797,2048000
4279.608900196889,2056192
4279.099363739329,2064384
4278.703457995176,2072576
4278.332873428697,2080768
4278.071686857182,2088960
4277.791664396771,2097152
4277.686683553506,2105344
4277.361002772745,2113536
4277.018427616858,2121728
4276.480473974445,2129920
4276.300560538585,2138112
4276.013354581163,2146304
4275.853473958147,2154496
4275.5894886798305,2162688
4275.119453060475,2170880
4274.709508734243,2179072
4274.425682121348,2187264
4274.121132460939,2195456
4273.963949411597,2203648
4273.6933469850155,2211840
4273.254585374484,2220032
4273.091176165704,2228224
4272.713718098062,2236416
4272.575965912744,2244608
4272.087285204884,2252800
4271.811028344888,2260992
4271.40641411623,2269184
4270.8521256000695,2277376
4270.593723281909,2285568
4270.433090870313,2293760
4270.4498716503185,2301952
4270.093542689555,2310144
4269.911275553977,2318336
4269.651643300896,2326528
4269.359561534675,2334720
4269.08860320832,2342912
4269.014128687643,2351104
4268.8049211792695,2359296
4268.5972702219115,2367488
4268.386611692192,2375680
4268.191636897757,2383872
4268.23779720052,2392064
4267.944661316193,2400256
4268.0243780161245,2408448
4267.877483120335,2416640
4267.715401939541,2424832
4267.515652067843,2433024
4267.378870534625,2441216
4267.305127356198,2449408
4267.080614588771,2457600
4266.776749448673,2465792
4266.541259351687,2473984
4266.2732162383045,2482176
4266.070749682757,2490368
4265.737851032217,2498560
4265.662795468737,2506752
4265.366352044206,2514944
4265.14287716187,2523136
4265.036037509951,2531328
4264.807595396581,2539520
4264.5161511091665,2547712
4264.458506312526,2555904
4264.380903180225,2560000
