3611.4890942715765,8192
3674.5977567880423,16384
3667.444134073542,24576
3663.6358264376445,32768
3650.455213568096,40960
3639.917913162236,49152
3647.121110869191,57344
3677.657030013378,65536
3679.103242095444,73728
3672.143415531975,81920
3684.007547674936,90112
3680.406747549942,98304
3677.8695979861614,106496
3680.6517808095296,114688
3668.442469923237,122880
3677.190590417104,131072
3673.575653767093,139264
3675.809105445547,147456
3676.6380504992876,155648
3674.5979320065244,163840
3675.5357125052487,172032
3673.2136322916895,180224
3673.475615736934,188416
3671.7919745704694,196608
3673.116548150101,204800
3678.0657528372994,212992
3676.682928874796,221184
3677.197917219762,229376
3673.8627585920294,237568
3671.3380372249367,245760
3672.752773919528,253952
3669.2802229310273,262144
3665.8285172129367,270336
3667.5931257559755,278528
3666.360520875326,286720
3668.068013551077,294912
3669.235630792465,303104
3671.912639081893,311296
3674.4897519101123,319488
3674.9477723611476,327680
3676.3522406504662,335872
3675.5874572429298,344064
3675.485284407408,352256
3676.5173781934964,360448
3676.3798881340404,368640
3675.7739656916383,376832
3677.1140096148374,385024
3674.4512332595355,393216
3674.2324623050094,401408
3675.9459247272093,409600
3674.951577714992,417792
3674.144036342868,425984
3674.127672384174,434176
3674.8284683560805,442368
3675.3626809655243,450560
3675.5282846914024,458752
3673.5486245794827,466944
3672.9937099606213,475136
3671.876285738541,483328
3669.089807722334,491520
3670.4263073459933,499712
3669.790252883113,507904
3669.061967633462,516096
3672.009487258036,524288
3671.303078648994,532480
3671.9247362594115,540672
3672.437190007934,548864
3672.0624474573347,557056
3671.6438470337634,565248
3672.679965548366,573440
3670.618455650887,581632
3670.121657630973,589824
3668.5943047427863,598016
3668.9282293207716,606208
3669.3702026581036,614400
3670.7500383526817,622592
3672.2343420615734,630784
3671.4410475580844,638976
3670.5846963875297,647168
3670.953006260674,655360
3671.8833493783904,663552
3671.799472615354,671744
3672.269988631132,679936
3672.519544355214,688128
3672.1135042072806,696320
3672.984796971776,704512
3673.7207218091175,712704
3673.511164704384,720896
3672.9262378249155,729088
3672.412303369677,737280
3672.532107428067,745472
3672.387393238519,753664
3671.610573432864,761856
3672.053943510134,770048
3673.041371776735,778240
3673.384459686176,786432
3673.7900703324967,794624
3673.013586966167,802816
3672.7242817985643,811008
3672.5936289384786,819200
3671.990529149735,827392
3671.3013840130534,835584
3670.2821612437933,843776
3669.2314013150103,851968
3670.0612994452117,860160
3669.0965143688304,868352
3669.9908945786196,876544
3669.995348297827,884736
3669.820197967008,892928
3670.5678088271816,901120
3671.1430000995306,909312
3671.0351031335535,917504
3671.619289094416,925696
3670.874990904209,933888
3670.8961133752414,942080
3670.8256996796695,950272
3670.78054716687,958464
3670.9300383937125,966656
3670.9213049234404,974848
3670.5832138269025,983040
3670.4322368173084,991232
3670.8938115054752,999424
3671.099953518023,1007616
3671.1529381391465,1015808
3671.5073621014567,1024000
3671.3163794899124,1032192
3670.584604626075,1040384
3669.801190608636,1048576
3669.637073767668,1056768
3670.385198504058,1064960
3669.6149287160138,1073152
3669.7169454415794,1081344
3670.1982721128365,1089536
3670.0561307283397,1097728
3670.2333870851503,1105920
3669.996413923793,1114112
3668.8093421021126,1122304
3668.9441281863546,1130496
3668.779039322898,1138688
3669.479938319439,1146880
3669.217918577707,1155072
3669.4266049490734,1163264
3669.2956761585415,1171456
3668.7364868453515,1179648
3668.135105450452,1187840
3667.924040135881,1196032
3668.853107253015,1204224
3667.9644390131034,1212416
3668.0692311186885,1220608
3668.1674048927466,1228800
3667.864473780911,1236992
3667.6763754977997,1245184
3667.780782734243,1253376
3667.1648935653725,1261568
3666.595223421033,1269760
3666.1842470217275,1277952
3666.7220693258855,1286144
3667.076437800498,1294336
3668.192223538425,1302528
3667.955452834038,1310720
3667.992022689988,1318912
3668.600687569908,1327104
3668.640819451578,1335296
3667.9564467879977,1343488
3666.8099881965823,1351680
3665.7362398850305,1359872
3665.8601850406526,1368064
3665.652079070175,1376256
3665.3808996222547,1384448
3665.2843901659676,1392640
3665.524912493705,1400832
3666.003515732359,1409024
3665.896698240796,1417216
3666.2534125651882,1425408
3666.3257357224197,1433600
3665.588611617021,1441792
3665.822835982319,1449984
3665.9228463242393,1458176
3665.42011443236,1466368
3664.6344458893673,1474560
3664.4589724375965,1482752
3664.8013573624826,1490944
3664.7547995887207,1499136
3664.691767655884,1507328
3664.742502391252,1515520
3665.1578647640927,1523712
3665.2813489061064,1531904
3665.316246052088,1540096
3665.6418782653755,1548288
3666.0378436514193,1556480
3666.323271292771,1564672
3666.8541708080766,1572864
3666.574658710221,1581056
3666.1230503910583,1589248
3666.045095101517,1597440
3666.7597552967245,1605632
3666.242003395132,1613824
3666.140293030242,1622016
3665.9701760892613,1630208
3665.668259010543,1638400
3665.5549360564273,1646592
3665.2584088301815,1654784
3664.90757845177,1662976
3664.4625903685787,1671168
3664.80534559225,1679360
3665.4462829267654,1687552
3665.278963770687,1695744
3664.591788961767,1703936
3664.504689841227,1712128
3664.4401225262854,1720320
3664.164211607591,1728512
3663.572524489144,1736704
3663.5676834187043,1744896
3663.7404739635267,1753088
3664.2278613537524,1761280
3664.0653120434736,1769472
3663.615245401672,1777664
3663.1644746855827,1785856
3662.9186747795434,1794048
3663.43966422155,1802240
3663.4544279481092,1810432
3663.4329410182663,1818624
3663.1583544782397,1826816
3663.332757411362,1835008
3662.6419307018805,1843200
3662.322110217421,1851392
3661.402744809962,1859584
3661.7451561318708,1867776
3661.6018911679207,1875968
3662.0138163712577,1884160
3662.190935009893,1892352
3661.9511828220275,1900544
3662.215319196717,1908736
3662.173160871358,1916928
3662.29401099692,1925120
3662.734477552695,1933312
3662.72389167041,1941504
3662.6267156799813,1949696
3663.059087075465,1957888
3663.3775769606527,1966080
3663.374034971414,1974272
3663.0637857690617,1982464
3662.6763367374906,1990656
3662.816408777047,1998848
3662.889398941045,2007040
3663.0354831981545,2015232
3662.7678999308514,2023424
3663.003890821449,2031616
3662.5818785251176,2039808
3662.4376583421304,2048000
3662.470328241937,2056192
3662.3257869837275,2064384
3662.3842622158686,2072576
3661.906065893472,2080768
3661.8048182214998,2088960
3662.2701511939836,2097152
3662.57162496227,2105344
3662.483875435716,2113536
3662.63102852357,2121728
3662.5907975965624,2129920
3662.3412817791973,2138112
3661.185164714753,2146304
3660.889685474405,2154496
3660.5098947407396,2162688
3660.544538285701,2170880
3660.404100241435,2179072
3660.450960292892,2187264
3660.675760111787,2195456
3660.5933932998514,2203648
3660.739771752473,2211840
3660.5244211041,2220032
3660.3819707251723,2228224
3660.7404736775843,2236416
3660.557457195309,2244608
3660.9331209357524,2252800
3660.660864663265,2260992
3660.583602563397,2269184
3660.7045929453584,2277376
3661.0595161474625,2285568
3660.8664358558253,2293760
3660.948384586291,2301952
3660.998925480381,2310144
3660.9297240326664,2318336
3661.1607686083003,2326528
3661.2552179852255,2334720
3661.049770102126,2342912
3661.498408308452,2351104
3661.3243724810573,2359296
3661.218324160178,2367488
3661.113840985512,2375680
3661.0649820133954,2383872
3661.214637507254,2392064
3661.188646606707,2400256
3661.16630050415,2408448
3660.916157053779,2416640
3660.8992954321375,2424832
3660.925653947312,2433024
3660.717676366799,2441216
3660.497137922559,2449408
3660.366782985401,2457600
3660.193079983556,2465792
3660.2811740587017,2473984
3660.6917690266396,2482176
3660.5563844534963,2490368
3660.819447652627,2498560
3660.925055387892,2502656
3661.236838094068,2510848
3661.57469100125,2519040
3661.6276517247397,2527232
3661.733695785059,2535424
3662.009613721499,2543616
3662.179070696483,2551808
3662.2248121628563,2560000
