3776.969206574441,8192
3776.9800125854777,16384
3821.996322619092,24576
3784.965090064687,32768
3799.4721052068508,40960
3773.7893808401936,49152
3757.6523700559337,57344
3754.990076313166,65536
3751.6897114196286,73728
3746.7714706295974,81920
3738.9317355278718,90112
3737.5546205726523,98304
3737.835374089865,106496
3741.7965944673233,114688
3740.399329368638,122880
3749.02433544546,131072
3752.975072272723,139264
3759.4283095732408,147456
3760.9487925075478,155648
3762.7546204297123,163840
3761.5963726167456,172032
3760.465319964282,180224
3766.7955416652285,188416
3762.747443551676,196608
3767.1971130579727,204800
3765.62985376558,212992
3767.1099530093074,221184
3769.6581884087036,229376
3761.2761942513707,237568
3758.429625797955,245760
3753.9355799547316,253952
3753.9360563299797,262144
3754.909530960241,270336
3753.4334376375214,278528
3749.3897538411284,286720
3747.8540881621493,294912
3746.4836073357324,303104
3749.0202896588708,311296
3745.1828971947475,319488
3745.505253325083,327680
3745.529623538694,335872
3743.7274568790303,344064
3747.3231883538624,352256
3746.174810031143,360448
3745.7539218448933,368640
3745.9340994154873,376832
3746.7003190154314,385024
3747.4575431168387,393216
3746.789752330733,401408
3746.0200306275137,409600
3745.9267003191485,417792
3745.325194902168,425984
3742.4049308847884,434176
3744.424891459217,442368
3744.7525397395802,450560
3743.6709488591537,458752
3742.8197854325576,466944
3741.5162966493376,475136
3740.156462545301,483328
3739.249525200454,491520
3740.063516403657,499712
3740.7136099232953,507904
3739.453844274427,516096
3736.6719578730813,524288
3735.4964163490454,532480
3734.9182385836416,540672
3732.546440878024,548864
3731.6634374152886,557056
3731.946243119726,565248
3731.926543067507,573440
3731.057940614029,581632
3730.1602002594523,589824
3729.2709904567923,598016
3728.4487813746246,606208
3726.970446762961,614400
3726.952793702002,622592
3726.4480481642236,630784
3725.6185755165316,638976
3725.2559122841926,647168
3724.071016362544,655360
3725.213896614888,663552
3725.9546461200416,671744
3724.905501794015,679936
3725.4085591618223,688128
3725.966229948123,696320
3723.347173275931,704512
3724.2425643033484,712704
3725.2298012954607,720896
3723.470030717684,729088
3723.237560649398,737280
3721.809115859098,745472
3723.297483999229,753664
3720.0881472274664,761856
3719.0368644315927,770048
3719.971830950047,778240
3718.7738977851814,786432
3719.019680355031,794624
3718.509704292153,802816
3718.9258439735095,811008
3717.4322022288475,819200
3716.1389675419723,827392
3714.545466990609,835584
3713.8694029456506,843776
3714.1568118154723,851968
3711.904783759364,860160
3712.473851317871,868352
3711.5676980013714,876544
3710.059535081151,884736
3709.2518842062404,892928
3708.848624515739,901120
3709.389941985641,909312
3709.641352727417,917504
3707.9911816406357,925696
3707.4658102462436,933888
3708.3276266932185,942080
3706.031504052217,950272
3706.2578383408286,958464
3705.75872694691,966656
3704.8388635918905,974848
3704.4103916873655,983040
3703.369939602463,991232
3702.7263263737455,999424
3701.6497799916783,1007616
3701.6681643633037,1015808
3701.522485114351,1024000
3700.609711402839,1032192
3699.725145104043,1040384
3699.674731700547,1048576
3699.476780818629,1056768
3699.3025918596813,1064960
3699.1449659441023,1073152
3697.497313400131,1081344
3697.3310472618236,1089536
3696.5126432373677,1097728
3694.669099692134,1105920
3694.3047727982485,1114112
3693.313648800192,1122304
3693.544561036926,1130496
3692.578937714445,1138688
3692.5912740856525,1146880
3692.1318788293556,1155072
3691.5252693543657,1163264
3690.434236338627,1171456
3689.778686365303,1179648
3687.9890932208696,1187840
3687.810990989747,1196032
3686.5403935083004,1204224
3686.3894469833112,1212416
3685.540642482233,1220608
3684.369531385661,1228800
3683.9846570765444,1236992
3683.1831473332354,1245184
3682.9381017589626,1253376
3682.2289022224404,1261568
3682.1088658702442,1269760
3681.5076062426288,1277952
3681.0777528548047,1286144
3680.024150290026,1294336
3679.2860430002943,1302528
3678.7183785930074,1310720
3677.680173279268,1318912
3676.0596724477437,1327104
3675.3876362603396,1335296
3673.96602028661,1343488
3673.239862795389,1351680
3672.50995700876,1359872
3671.5817330637797,1368064
3671.386154867155,1376256
3670.509293261623,1384448
3669.9975874471247,1392640
3669.243562336865,1400832
3668.8051629069546,1409024
3667.8240251204375,1417216
3667.04189799467,1425408
3666.081869300053,1433600
3665.3425250717314,1441792
3664.761113998548,1449984
3664.2966187919938,1458176
3663.686425123231,1466368
3662.783022140426,1474560
3662.141772932482,1482752
3661.6592356588744,1490944
3661.099115355228,1499136
3660.501322069467,1507328
3659.6479234638186,1515520
3659.2827888148945,1523712
3658.267359539309,1531904
3656.780569960139,1540096
3655.930166511036,1548288
3655.249276358719,1556480
3653.5289308916995,1564672
3653.5162361826456,1572864
3652.377674791897,1581056
3651.1370825855442,1589248
3650.2203463556702,1597440
3649.100741987027,1605632
3648.4889422182086,1613824
3648.273695085949,1622016
3647.7684991579604,1630208
3646.98046649651,1638400
3646.47645633487,1646592
3646.50115223769,1654784
3646.497544487036,1662976
3645.1320087225477,1671168
3644.2330408612834,1679360
3643.3730255068886,1687552
3642.064586775882,1695744
3640.9648709084354,1703936
3640.166191282271,1712128
3639.515083262276,1720320
3638.4363688503618,1728512
3636.654840876401,1736704
3635.6572251312427,1744896
3635.269989717695,1753088
3634.4399235475125,1761280
3633.5054147817004,1769472
3632.8100672533,1777664
3631.919759955579,1785856
3631.5789254075603,1794048
3630.3908496376102,1802240
3629.6648338914347,1810432
3628.8381243191507,1818624
3628.1783157222358,1826816
3627.123254951327,1835008
3626.6312437605534,1843200
3625.628729253411,1851392
3625.2419425945272,1859584
3624.321909844773,1867776
3623.4197096718317,1875968
3622.858805958273,1884160
3622.2651590293763,1892352
3621.208871629489,1900544
3620.2259372657213,1908736
3618.939680996593,1916928
3617.603382617282,1925120
3617.1665179167285,1933312
3616.486892699507,1941504
3615.8715815310484,1949696
3615.1289515078915,1957888
3615.001989791662,1966080
3613.9017578101657,1974272
3612.4521568381715,1982464
3611.621605673292,1990656
3610.65887307977,1998848
3609.022354684516,2007040
3607.605387954878,2015232
3606.9294208045926,2023424
3605.697236751773,2031616
3605.039020925401,2039808
3604.05890792229,2048000
3602.8456868321905,2056192
3602.2922779027886,2064384
3601.7436943169982,2072576
3600.948271645497,2080768
3599.9941800099446,2088960
3599.2716103730663,2097152
3598.5573042928518,2105344
3598.261105283946,2113536
3596.7199020144103,2121728
3595.9230851396624,2129920
3595.104515797201,2138112
3594.3502334236937,2146304
3593.4526558546277,2154496
3593.004344825543,2162688
3592.0025689460344,2170880
3590.9990741654055,2179072
3590.4869803128836,2187264
3589.8598991086283,2195456
3589.3323256988087,2203648
3588.2631724595203,2211840
3587.6282618942487,2220032
3586.8683933088055,2228224
3586.108638425276,2236416
3585.0974791745725,2244608
3584.1322879946133,2252800
3583.276815369079,2260992
3582.555477451487,2269184
3582.047836842131,2277376
3581.345181211865,2285568
3580.8526218612997,2293760
3580.2493424741565,2301952
3579.7368661942473,2310144
3579.281312239005,2318336
3578.486486589231,2326528
3577.6733261649747,2334720
3576.401192581513,2342912
3575.47263881638,2351104
3574.5431017740607,2359296
3573.486734807372,2367488
3572.4796562597367,2375680
3571.42067254331,2383872
3571.1922308361013,2392064
3570.086028803288,2400256
3568.869595614688,2408448
3568.000182992547,2416640
3567.3770977953864,2424832
3566.7256296057003,2433024
3565.659991483636,2441216
3564.7373345065444,2449408
3563.8203512102978,2457600
3562.633135465939,2465792
3561.4946053420995,2473984
3560.9705734927625,2482176
3560.18382957874,2490368
3558.985483970243,2498560
3558.0355589188257,2506752
3557.8495847047125,2510848
3557.1863202548134,2519040
3556.446230580025,2527232
3555.3342631461446,2535424
3554.4560871728418,2543616
3553.6380643520106,2551808
3552.523559725363,2560000
