0.026371306739747524,32768
0.028677945374511182,32768
0.01629195176064968,32768
0.027173911803402007,32768
0.0480769231216982,32768
0,32768
0.04124278202652931,32768
0,32768
0,32768
0,32768
0,32768
0.014152278890833259,32768
0,32768
0.014749262481927872,32768
0.012564392818603665,32768
0.027651042910292745,32768
0.014843401731923223,32768
0,32768
0.0310077506583184,32768
0.01461774663766846,32768
0,32768
0.013623978884425014,32768
0.014198494318407029,32768
0,32768
0,32768
0,32768
0.015024039021227509,32768
0,32768
0.05882352706976235,32768
0,32768
0.05514959339052439,32768
0.015603058272972703,32768
0,32768
0.02597402490209788,32768
0.04204625147394836,32768
0.012422360305208713,32768
0.02754441520664841,32768
0.025647602160461247,32768
0.014920919784344733,32768
0.05138746346347034,32768
0,32768
0.07425007643178105,32768
0.027597625739872456,32768
0.013535462494473904,32768
0.01420051121385768,32768
0.014637001731898636,32768
0,32768
0.04416310985106975,32768
0.025198436924256384,32768
0.014513787755277008,32768
0,32768
0.030316811171360314,32768
0,32768
0.01340662274742499,32768
0.012891582446172833,32768
0.04270462668500841,32768
0.02846569987013936,32768
0.028264557477086782,32768
0,32768
0,32768
0,32768
0,32768
0.03141196793876588,32768
0.024780078092589974,32768
0.02649708476383239,32768
0,32768
0.012923235772177577,32768
0.01217137323692441,32768
0.013395847054198384,32768
0.02847380528692156,32768
0.012248897110112011,32768
0.026357406750321388,32768
0,32768
0.052721763495355844,32768
0,32768
0,32768
0.015730690211057663,32768
0.01398601452820003,32768
0.013984058750793338,32768
0.0125976323033683,32768
0.014324595395009965,32768
0.01263423910131678,32768
0.02747630060184747,32768
0,32768
0,32768
0.016066837997641414,32768
0,32768
0,32768
0.015590894327033311,32768
0,32768
0.029329812969081104,32768
0,32768
0.04628558235708624,32768
0.013528138515539467,32768
0.015158405585680157,32768
0.014530659245792776,32768
0.015612802235409617,32768
0,32768
0.015537600847892463,32768
0,32768
0.012863391020800918,32768
0.030188678647391498,32768
0,32768
0.03926187637262046,32768
0.04143646510783583,32768
0.013982102973386645,32768
0.041169204632751644,32768
0,32768
0.012468827480915934,32768
0.02264492795802653,32768
0,32768
0.027427318855188787,32768
0,32768
0.02597402490209788,32768
0.02708926040213555,32768
0.027114967815577984,32768
0,32768
0,32768
0.013462573406286538,32768
0.0836540071759373,32768
0.07470119744539261,32768
0.014854426262900233,32768
0,32768
0.013140605005901307,32768
0.015323322440963238,32768
0,32768
0.028600028599612415,32768
0,32768
0,32768
0,32768
0,32768
0.07144898409023881,32768
0.011204482143511996,32768
0.015479876310564578,32768
0,32768
0.025846471544355154,32768
0.012471938680391759,32768
0.03935974673368037,32768
0.016518004122190177,32768
0,32768
0.02727024839259684,32768
0.02626395144034177,32768
0.011971746425842866,32768
0.02649708476383239,32768
0.0131388776935637,32768
0.04656938835978508,32768
0.027140724705532193,32768
0,32768
0.02617801073938608,32768
0.02730002743192017,32768
0.014084507711231709,32768
0,32768
0,32768
0,32768
0.059470708947628736,32768
0.028612304595299065,32768
0.04402700287755579,32768
0.013386880164034665,32768
0,32768
0.013728720659855753,32768
0.04008551477454603,32768
0.05689091049134731,32768
0.013424620556179434,32768
0.02631925162859261,32768
0.024449877673760056,32768
0.01171920812339522,32768
0,32768
0,32768
0.011091393389506266,32768
0,32768
0.013603591651190072,32768
0.03171582648064941,32768
0,32768
0,32768
0.03016591363120824,32768
0.012891582446172833,32768
0,32768
0.014874311455059797,32768
0.04233102954458445,32768
0.014925372670404613,32768
0.02483238058630377,32768
0.0328299414832145,32768
0,32768
0.027259098715148866,32768
0.015283508400898427,32768
0.05254860734567046,32768
0.045146726188249886,32768
0.014697236474603415,32768
0.02403268445050344,32768
0.03908285580109805,32768
0.06546216318383813,32768
0.012659830099437386,32768
0,32768
0,32768
0.06692544557154179,32768
0.06027727504260838,32768
0.04718093841802329,32768
0.01441129861632362,32768
0.012573871936183423,32768
0.013659335672855377,32768
0.05619556177407503,32768
0.028457597363740206,32768
0.03255738120060414,32768
0.014814814494457096,32768
0.014308198296930641,32768
0,32768
0.02557871921453625,32768
0.014790712157264352,32768
0.013413815759122372,32768
0,32768
0,32768
0,32768
0.06050521624274552,32768
0.040117677417583764,32768
0.013581420353148133,32768
0.015559358871541917,32768
0,32768
0,32768
0.03842705336865038,32768
0,32768
0.015523128968197852,32768
0,32768
0.02521432179491967,32768
0.012422360305208713,32768
0.01217137323692441,32768
0,32768
0.014615608961321414,32768
0.03021148149855435,32768
0.04016064340248704,32768
0.015048908244352788,32768
0.046801872667856514,32768
0.030446035088971257,32768
0,32768
0.014461316459346563,32768
0.02734108129516244,32768
0.03030303050763905,32768
0.03954131971113384,32768
0.02203371113864705,32768
0.013303179002832621,32768
0.02719238691497594,32768
0.0637511140666902,32768
0,32768
0.07744933245703578,32768
0.03607937542255968,32768
0.057175528490915895,32768
0.06618133629672229,32768
0.10421319166198373,32768
0.05708577227778733,32768
0.07040270138531923,32768
0.0941873004194349,32768
0.09964412311092019,32768
0.14812819426879287,32768
0.07290755165740848,32768
0.05314202280715108,32768
0.07641365518793464,32768
0.08353056036867201,32768
0.05056890076957643,32768
0.07949125720188022,32768
0.026239833096042275,32768
0.012394646182656288,32768
0.1502178143709898,32768
0.07272727089002728,32768
0.10355986887589097,32768
0.05965697346255183,32768
0.06761325057595968,32768
0.014528549218084663,32768
0.07755545084364712,32768
0.07245326996780932,32768
0.03712871402967721,32768
0.02817298227455467,32768
0.14436263591051102,32768
0.06315124919638038,32768
0.052959087770432234,32768
0.064184854272753,32768
0.1124069094657898,32768
0.0535117054823786,32768
0.08586454787291586,32768
0.04335886624176055,32768
0.05480953841470182,32768
0.06868132040835917,32768
0.1055826898664236,32768
0.06558237364515662,32768
0.12751849135383964,32768
0.03746721486095339,32768
0.08763144724071026,32768
0.11462047696113586,32768
0.05596597329713404,32768
0.026346990489400923,32768
0.11876485077664256,32768
0.054862158140167594,32768
0.06292473990470171,32768
0.0990344095043838,32768
0.032206118339672685,32768
0.09483809699304402,32768
0.12104705674573779,32768
0.11650485685095191,32768
0.1176470541395247,32768
0.08698173332959414,32768
0.10102468077093363,32768
0.11154490057379007,32768
0.1147446921095252,32768
0.19237297819927335,32768
0.10748354252427816,32768
0.03840245772153139,32768
0.21462517324835062,32768
0.20305942744016647,32768
0.11611030204221606,32768
0.21885030437260866,32768
0.18382353009656072,32768
0.2391334855929017,32768
0.1702786423265934,32768
0.18746652640402317,16384
0.2922861836850643,32768
