4625.464180962564,32768
4628.080754296476,65536
4631.6999164601975,98304
4634.360162444227,131072
4635.996834293659,163840
4635.087623597095,196608
4635.098148285283,229376
4635.500577663955,262144
4634.492386132379,294912
4633.811934777694,327680
4633.243225405358,360448
4632.932460604805,393216
4633.059007225751,425984
4632.518946405585,458752
4632.4915343801,491520
4631.764609509409,524288
4631.65306044056,557056
4631.356129014876,589824
4631.685580172709,622592
4632.2001101889655,655360
4632.109465920286,688128
4631.868841424338,720896
4631.966424500191,753664
4631.589121359663,786432
4631.818886110341,819200
4632.007710266549,851968
4631.615173716026,884736
4632.002237029448,917504
4631.944337615783,950272
4632.0943832563435,983040
4631.9716968688135,1015808
4632.144641902072,1048576
4632.0669546198205,1081344
4632.310084004262,1114112
4632.233873476242,1146880
4632.011702942482,1179648
4632.211536292334,1212416
4632.253796090179,1245184
4632.264777658432,1277952
4632.222971378539,1310720
4631.938950586785,1343488
4632.129765538549,1376256
4632.179183091752,1409024
4632.255872814281,1441792
4632.4530498249915,1474560
4632.178463949201,1507328
4632.260143081835,1540096
4632.313938678892,1572864
4632.483377823626,1605632
4632.2760053552,1638400
4632.279290033346,1671168
4632.428319362483,1703936
4632.455113341831,1736704
4632.509713207571,1769472
4632.408184305956,1802240
4632.438951290206,1835008
4632.365246504523,1867776
4632.436900151564,1900544
4632.2926488173025,1933312
4632.118753247548,1966080
4632.307155192108,1998848
4632.153668512477,2031616
4632.27719462357,2064384
4632.16175996853,2097152
4632.072375050039,2129920
4632.099550406638,2162688
4631.959369871937,2195456
4631.814092100949,2228224
4631.743959969278,2260992
4631.674949207634,2293760
4631.587726781913,2326528
4631.660837265599,2359296
4631.747799238936,2392064
4631.751469865372,2424832
4631.694439218203,2457600
4631.64931343815,2490368
4631.765753247525,2523136
4631.678113994821,2555904
4631.582575031206,2588672
4631.618568303864,2621440
4631.6116291691305,2654208
4631.583743721467,2686976
4631.555466037786,2719744
4631.560989186049,2752512
4631.588415501387,2785280
4631.546688984733,2818048
4631.562276571505,2850816
4631.654206049233,2883584
4631.693944235195,2916352
4631.5513068500595,2949120
4631.44825996162,2981888
4631.547559877116,3014656
4631.435370980878,3047424
4631.426453861565,3080192
4631.477515266015,3112960
4631.444235918796,3145728
4631.53558987503,3178496
4631.424244466924,3211264
4631.467509694137,3244032
4631.363490363041,3276800
4631.3859024604435,3309568
4631.433553662415,3342336
4631.427577468074,3375104
4631.382219384309,3407872
4631.438261290987,3440640
4631.419825897926,3473408
4631.41725607853,3506176
4631.355392880698,3538944
4631.264761475573,3571712
4631.219624971487,3604480
4631.152662003657,3637248
4631.211940966784,3670016
4631.262197936559,3702784
4631.270118340164,3735552
4631.280551050035,3768320
4631.312088090068,3801088
4631.312168797206,3833856
4631.330439249121,3866624
4631.35664245306,3899392
4631.447484174029,3932160
4631.439653626441,3964928
4631.380723204179,3997696
4631.404085715187,4030464
4631.361032621303,4063232
4631.381776002521,4096000
4631.377652227664,4128768
4631.378671006955,4161536
4631.441923953819,4194304
4631.504607957503,4227072
4631.446459228568,4259840
4631.510983901588,4292608
4631.488802380113,4325376
4631.478976503315,4358144
4631.419261195842,4390912
4631.426062294874,4423680
4631.407398882792,4456448
4631.303509149335,4489216
4631.219466110837,4521984
4631.162752178204,4554752
4631.0925899421045,4587520
4631.081809669734,4620288
4631.060730879085,4653056
4631.011039055611,4685824
4630.965074214814,4718592
4630.997990713547,4751360
4631.021926048419,4784128
4631.085134384229,4816896
4631.106248027783,4849664
4631.042363662699,4882432
4631.0952798346225,4915200
4631.086190121525,4947968
4631.081433175468,4980736
4631.041204177414,5013504
4631.101414454958,5046272
4631.172844716483,5079040
4631.262584286462,5111808
4631.233702601659,5144576
4631.204487845731,5177344
4631.147779935248,5210112
4631.137851955698,5242880
4631.10645821694,5275648
4631.0781239975495,5308416
4631.065012882613,5341184
4630.977008471952,5373952
4630.883273909241,5406720
4630.899695069621,5439488
4630.883074528197,5472256
4630.922066774699,5505024
4630.927174280077,5537792
4630.919751881025,5570560
4630.900690954493,5603328
4630.899132041246,5636096
4630.995926587156,5668864
4630.945511237105,5701632
4630.9663854748305,5734400
4630.929709432414,5767168
4630.867798321437,5799936
4630.876103391205,5832704
4630.81503616592,5865472
4630.732199133512,5898240
4630.702662804912,5931008
4630.706863689742,5963776
4630.6702113191195,5996544
4630.70939223661,6029312
4630.675819854168,6062080
4630.632423137313,6094848
4630.529697224842,6127616
4630.5209425756475,6160384
4630.467840410462,6193152
4630.444373174997,6225920
4630.372831307575,6258688
4630.407326187505,6291456
4630.421100276006,6324224
4630.4697412745745,6356992
4630.456196098559,6389760
4630.447250174709,6422528
4630.350548053011,6455296
4630.369412742096,6488064
4630.322049863297,6520832
4630.314947389667,6553600
4630.368133519686,6586368
4630.359823847593,6619136
4630.33882709905,6651904
4630.355202890142,6684672
4630.377364242198,6717440
4630.306834949111,6750208
4630.266469169201,6782976
4630.291412018364,6815744
4630.227631860396,6848512
4630.209563122245,6881280
4630.1844876067225,6914048
4630.101620655634,6946816
4630.061408435708,6979584
4630.080687243617,7012352
4630.056411356528,7045120
4630.106096437568,7077888
4630.076982421558,7110656
4630.029703807476,7143424
4629.953864456051,7176192
4629.930536766609,7208960
4629.920846407912,7241728
4629.8655976219015,7274496
4629.8188638740285,7307264
4629.760878877523,7340032
4629.649210945259,7372800
4629.638675049895,7405568
4629.55350558094,7438336
4629.5171466061765,7471104
4629.510082715043,7503872
4629.486015208758,7536640
4629.421140851046,7569408
4629.397017628907,7602176
4629.34935965146,7634944
4629.307128080451,7667712
4629.2613299449295,7700480
4629.245364703448,7733248
4629.203865272514,7766016
4629.061567169741,7798784
4629.020335984256,7831552
4629.010240265262,7864320
4628.9866366582455,7897088
4628.93987875517,7929856
4628.90660421446,7962624
4628.814062399726,7995392
4628.804834890341,8028160
4628.785992363329,8060928
4628.798971434675,8093696
4628.773184617661,8126464
4628.764198675167,8159232
4628.710417655274,8192000
4628.679770116178,8224768
4628.583503455565,8257536
4628.548401397213,8290304
4628.482434142657,8323072
4628.379111490835,8355840
4628.367807680472,8388608
4628.277519381101,8421376
4628.227058183814,8454144
4628.16101924361,8486912
4628.093723748711,8519680
4628.020045432272,8552448
4627.982239272974,8585216
4627.964741370576,8617984
4627.9618371944025,8650752
4627.916851379606,8683520
4627.897075772417,8716288
4627.886622493755,8749056
4627.804775664247,8781824
4627.685853279036,8814592
4627.668240560952,8847360
4627.6420127829115,8880128
4627.602073077766,8912896
4627.585381409921,8945664
4627.542944598515,8978432
4627.4684165284425,9011200
4627.380503106592,9043968
4627.239140126268,9076736
4627.179212669143,9109504
4627.1508739070205,9142272
4627.091943021316,9175040
4627.05145996592,9207808
4627.0139088431215,9240576
4626.975765822856,9273344
4626.927139930751,9306112
4626.838802515456,9338880
4626.804018352125,9371648
4626.724584035296,9404416
4626.667457901652,9437184
4626.577231238965,9469952
4626.531598260198,9502720
4626.493011317702,9535488
4626.459342881825,9568256
4626.458581293968,9601024
4626.369793146189,9633792
4626.329198292404,9666560
4626.267280331502,9699328
4626.224764697868,9732096
4626.193771752305,9764864
4626.158707270364,9797632
4626.106170762332,9830400
4626.058087879032,9863168
4625.978273416472,9895936
4625.930086853505,9928704
4625.862743019231,9961472
4625.823410112594,9994240
4625.766573349074,10027008
4625.712521617267,10059776
4625.634286885079,10092544
4625.593706058009,10125312
4625.517826992023,10158080
4625.45818118561,10190848
4625.436658923257,10207232
4625.362386016603,10240000
