5.552970245480537,8192
5.450702086091042,8192
5.9581320732831955,8192
5.904944613575935,8192
5.623273178935051,8192
6.388722360134125,8192
5.901140719652176,8192
5.709287524223328,8192
5.7214319705963135,8192
5.3270600736141205,8192
5.978861078619957,8192
5.902328714728355,8192
5.696405470371246,8192
6.589923053979874,8192
5.077550932765007,8192
5.210265889763832,8192
5.338190868496895,8192
5.7416267693042755,8192
6.422878801822662,8192
5.832147970795631,8192
5.888240039348602,8192
5.745147168636322,8192
5.828079208731651,8192
5.98381944000721,8192
5.75505718588829,8192
5.470925569534302,8192
5.38305789232254,8192
6.485388427972794,8192
7.002398371696472,8192
5.821553245186806,8192
6.597275286912918,8192
5.8150772005319595,8192
5.839201807975769,8192
6.164827942848206,8192
5.922586843371391,8192
6.087625026702881,8192
6.020739674568176,8192
5.981060117483139,8192
6.095362827181816,8192
5.887258052825928,8192
6.150121241807938,8192
5.103643238544464,8192
6.518658250570297,8192
6.175663322210312,8192
5.7411763817071915,8192
5.835370719432831,8192
5.63933402299881,8192
5.4467663168907166,8192
5.876965448260307,8192
5.7494547218084335,8192
5.854333192110062,8192
5.739182606339455,8192
5.41401281952858,8192
5.920624732971191,8192
5.904733017086983,8192
5.848877504467964,8192
5.796637386083603,8192
5.897686630487442,8192
5.106261745095253,8192
5.413150787353516,8192
5.843045935034752,8192
5.65110556781292,8192
5.746768414974213,8192
6.15561380982399,8192
6.362909823656082,8192
5.7175252586603165,8192
6.171108037233353,8192
6.569574028253555,8192
6.412506103515625,8192
5.1765769720077515,8192
5.369230732321739,8192
6.545114517211914,8192
5.648224428296089,8192
5.4775916039943695,8192
5.537854507565498,8192
4.977448284626007,8192
6.06984905898571,8192
6.557906419038773,8192
6.427901238203049,8192
5.643927678465843,8192
5.826358124613762,8192
5.973451212048531,8192
5.615141987800598,8192
5.704799294471741,8192
6.461383402347565,8192
6.210165098309517,8192
5.834844335913658,8192
5.859182775020599,8192
5.945072695612907,8192
5.518018081784248,8192
5.785258859395981,8192
5.315401777625084,8192
5.652780085802078,8192
6.28930851817131,8192
5.117304250597954,8192
5.93009777367115,8192
5.654420331120491,8192
5.538414046168327,8192
5.696104466915131,8192
6.333758682012558,8192
5.641447380185127,8192
5.597366020083427,8192
5.723524838685989,8192
5.953612178564072,8192
5.345720425248146,8192
6.0620225965976715,8192
6.027001142501831,8192
6.103596091270447,8192
5.132241919636726,8192
6.174676492810249,8192
5.867857858538628,8192
5.607323721051216,8192
6.052202358841896,8192
5.808936804533005,8192
5.633558705449104,8192
6.029506027698517,8192
5.899466574192047,8192
5.833594128489494,8192
5.364705994725227,8192
6.099090725183487,8192
5.500568076968193,8192
6.151550263166428,8192
5.804365500807762,8192
6.063321232795715,8192
5.361519753932953,8192
6.49026483297348,8192
5.949152633547783,8192
6.073446199297905,8192
5.821239948272705,8192
5.568130314350128,8192
5.828220769762993,8192
5.385226383805275,8192
5.817954242229462,8192
5.557382479310036,8192
5.66837377846241,8192
6.179086118936539,8192
6.0585662722587585,8192
5.682740733027458,8192
5.43256402015686,8192
5.792349576950073,8192
5.602825433015823,8192
6.1798617243766785,8192
5.49251027405262,8192
5.817655473947525,8192
5.6621003895998,8192
5.33093735575676,8192
5.768328905105591,8192
6.474819779396057,8192
6.189151480793953,8192
5.880488082766533,8192
5.935422703623772,8192
5.6914545595645905,8192
5.70499561727047,8192
5.759899690747261,8192
5.489183217287064,8192
5.402493476867676,8192
5.455974861979485,8192
5.893506109714508,8192
6.234177201986313,8192
5.930403620004654,8192
5.530973523855209,8192
5.225426331162453,8192
6.317567825317383,8192
5.723472684621811,8192
6.106993183493614,8192
6.01775236427784,8192
6.071486696600914,8192
5.431559309363365,8192
5.922375246882439,8192
5.58307059109211,8192
5.6230757385492325,8192
6.056424230337143,8192
5.537034198641777,8192
5.504155531525612,8192
5.413196608424187,8192
5.64936101436615,8192
5.818718299269676,8192
5.632704123854637,8192
5.638029053807259,8192
6.129973754286766,8192
5.395624414086342,8192
6.173228472471237,8192
6.4891040325164795,8192
5.56076243519783,8192
5.8288682252168655,8192
6.083086133003235,8192
5.607790499925613,8192
5.330028012394905,8192
5.640219897031784,8192
6.207640096545219,8192
6.094946339726448,8192
5.911330133676529,8192
6.012152135372162,8192
6.3522011041641235,8192
5.712462216615677,8192
4.835265502333641,8192
5.56541383266449,8192
5.89492991566658,8192
5.430089682340622,8192
5.520481616258621,8192
5.638346821069717,8192
5.931933969259262,8192
6.546376645565033,8192
5.8729905635118484,8192
5.792832747101784,8192
5.760869383811951,8192
5.472942069172859,8192
5.834552273154259,8192
5.319784954190254,8192
5.4869890213012695,8192
6.262689083814621,8192
6.407857686281204,8192
6.225266307592392,8192
5.78526183962822,8192
6.216124817728996,8192
6.318049132823944,8192
5.393540114164352,8192
6.0954749584198,8192
5.996192991733551,8192
5.874476954340935,8192
5.4777272045612335,8192
6.060082837939262,8192
5.608096718788147,8192
5.33113069832325,8192
5.8973971754312515,8192
5.653876438736916,8192
6.549520790576935,8192
5.296999216079712,8192
5.624483153223991,8192
6.114151701331139,8192
5.713830888271332,8192
6.103286519646645,8192
5.279058590531349,8192
5.7133253663778305,8192
5.7251907885074615,8192
5.9867627918720245,8192
5.604575201869011,8192
6.056680157780647,8192
5.734310299158096,8192
5.312500149011612,8192
5.7964470237493515,8192
5.1771558821201324,8192
6.044046953320503,8192
5.497971922159195,8192
6.228630989789963,8192
5.997474864125252,8192
5.492813140153885,8192
6.03710450232029,8192
5.961452424526215,8192
5.926481634378433,8192
5.587989836931229,8192
6.013689562678337,8192
5.795835331082344,8192
6.023115664720535,8192
6.008255481719971,8192
5.363350361585617,8192
6.062550097703934,8192
6.451083719730377,8192
6.209494918584824,8192
5.795918405056,8192
5.858459696173668,8192
5.5027589201927185,8192
5.62359020113945,8192
5.742762237787247,8192
5.403212830424309,8192
6.061609834432602,8192
6.113124266266823,8192
6.082148477435112,8192
5.406729876995087,8192
5.874960869550705,8192
5.548448860645294,8192
6.004242226481438,8192
5.530642718076706,8192
5.6292906403541565,8192
5.728835240006447,8192
5.595824867486954,8192
5.217785760760307,8192
6.067013740539551,8192
5.4593004286289215,8192
5.985696613788605,8192
6.2916599214077,8192
5.5031925439834595,8192
5.615419521927834,8192
5.835913494229317,8192
5.6274451315402985,8192
5.7410940527915955,8192
6.427190452814102,8192
5.911330133676529,8192
6.0450479388237,8192
5.906018614768982,8192
5.49025684595108,8192
5.847053229808807,8192
5.767524242401123,8192
5.370430275797844,8192
5.829596519470215,8192
5.534815788269043,8192
6.033501401543617,8192
6.185873597860336,8192
5.8714669197797775,8192
5.413150787353516,8192
5.3822532296180725,8192
6.316900253295898,8192
5.724895745515823,8192
6.233509257435799,8192
5.29034286737442,8192
5.330243334174156,8192
5.814676731824875,8192
5.675588548183441,8192
5.732055753469467,8192
5.057758465409279,8192
5.917816981673241,8192
5.722936987876892,8192
5.948077514767647,4096
