2616.389793100753,8192
2634.605999598998,16384
2638.40457946078,24576
2662.2794632518126,32768
2666.134660466661,40960
2657.550963379899,49152
2661.87013476876,57344
2657.5786311398297,65536
2660.5734494538287,73728
2669.451795669665,81920
2666.939938664294,90112
2678.5150880643546,98304
2680.2972817396876,106496
2680.247613210104,114688
2680.27434875769,122880
2681.5304006559363,131072
2680.3344731207717,139264
2674.108208272684,147456
2677.229162385615,155648
2676.0671891244665,163840
2673.8799219833536,172032
2670.96482715274,180224
2670.088872014295,188416
2666.709588578534,196608
2662.7028537235446,204800
2666.885700934149,212992
2665.5580274243594,221184
2667.0387983497885,229376
2665.8121787845253,237568
2664.905119143469,245760
2667.9540200005326,253952
2666.8506721526387,262144
2664.8734243503536,270336
2665.826886100884,278528
2665.80145223382,286720
2665.141371657528,294912
2662.5006782469877,303104
2660.6108121324523,311296
2662.2889924598207,319488
2660.6725089975907,327680
2659.742197716644,335872
2660.351876086688,344064
2658.6351381035793,352256
2659.4200964671686,360448
2660.1315694874115,368640
2657.4892376732078,376832
2658.567215669823,385024
2656.788022244701,393216
2658.372334433834,401408
2658.9267504803656,409600
2656.6800048477526,417792
2655.955242158787,425984
2655.3078489392597,434176
2655.924516293808,442368
2654.808903501179,450560
2653.69850843768,458752
2654.027653055949,466944
2656.7477625815536,475136
2656.9974109811774,483328
2657.9626302489546,491520
2658.342767758699,499712
2657.2765973675055,507904
2659.392447963131,516096
2660.535995606156,524288
2660.816479478228,532480
2659.414831893166,540672
2661.1202456184474,548864
2661.678696576592,557056
2663.4190920084434,565248
2663.418615291889,573440
2662.6860611534885,581632
2663.6971198773585,589824
2664.545172370518,598016
2664.281189133385,606208
2664.576521244905,614400
2665.5998196009705,622592
2664.808882931514,630784
2663.8916050897938,638976
2664.4159405176565,647168
2664.571897436215,655360
2663.010643399779,663552
2662.382068124512,671744
2661.815835977713,679936
2662.188168494969,688128
2663.141071281703,696320
2663.278305741532,704512
2662.9598969355006,712704
2663.7079610767073,720896
2665.1526085267064,729088
2666.0259372497694,737280
2666.103067850259,745472
2666.1704813068654,753664
2666.3942367517125,761856
2667.476751730924,770048
2665.851025757606,778240
2665.5680545137902,786432
2665.484210745719,794624
2665.6300595984626,802816
2665.245396306602,811008
2663.4997960133687,819200
2663.9346077731666,827392
2662.9307767320756,835584
2662.2854501215115,843776
2662.3409724079793,851968
2662.230319957567,860160
2663.32823714643,868352
2664.1617583960942,876544
2664.736816828191,884736
2665.3318066701227,892928
2664.8322536426595,901120
2665.0428109907934,909312
2664.5800744542557,917504
2664.9385881716535,925696
2664.0079393867977,933888
2664.5252121077237,942080
2665.6029718704376,950272
2665.7703208030694,958464
2667.0143466584227,966656
2666.668712025213,974848
2667.078850991479,983040
2667.359084784389,991232
2666.8969752043026,999424
2666.2548466108233,1007616
2666.1027691788486,1015808
2666.5284403196633,1024000
2666.6834454994746,1032192
2666.78395154373,1040384
2666.21298437305,1048576
2666.061008166775,1056768
2665.4210022818806,1064960
2665.6086182001936,1073152
2665.970658548411,1081344
2665.9020759431664,1089536
2665.431360940865,1097728
2665.6390078412883,1105920
2665.9930774525114,1114112
2666.13884744811,1122304
2665.6376495713375,1130496
2665.9113981472174,1138688
2665.203804848557,1146880
2664.8077914367827,1155072
2664.289606519834,1163264
2663.4325437730913,1171456
2663.6326340959176,1179648
2664.017784713811,1187840
2664.1962453542874,1196032
2664.576515021711,1204224
2664.4300222454567,1212416
2664.789068018694,1220608
2665.7338374266506,1228800
2665.8453524779798,1236992
2666.2029374904373,1245184
2665.8472331318717,1253376
2665.897624136086,1261568
2665.7069597780546,1269760
2665.5133513873516,1277952
2665.211209776563,1286144
2665.7144589632544,1294336
2665.988458789391,1302528
2664.8303512166967,1310720
2665.2693185152043,1318912
2665.021484083442,1327104
2665.1921827228725,1335296
2665.251255814524,1343488
2665.7901109301433,1351680
2665.6156526502446,1359872
2664.9991882455606,1368064
2664.935309641229,1376256
2665.353552888767,1384448
2664.461294081172,1392640
2664.720032842491,1400832
2664.87897532003,1409024
2664.5413214744876,1417216
2664.482433321379,1425408
2664.8078063193107,1433600
2664.7596331953396,1441792
2664.7170303663675,1449984
2664.891819865305,1458176
2664.4182842049895,1466368
2664.526215654033,1474560
2664.627139326554,1482752
2664.904350657035,1490944
2664.9595449539975,1499136
2664.7409026933105,1507328
2664.19099711997,1515520
2664.2832383966315,1523712
2664.4745325997515,1531904
2664.1503387827174,1540096
2664.4827989940854,1548288
2664.6904665344514,1556480
2664.4031275105203,1564672
2664.4624575516445,1572864
2664.64704635574,1581056
2665.0448340839816,1589248
2665.0250034137252,1597440
2665.099064023891,1605632
2665.023572985228,1613824
2664.7441037977524,1622016
2664.1025842585937,1630208
2664.2456580667676,1638400
2663.842854328647,1646592
2664.0777614566027,1654784
2664.263011973321,1662976
2663.7038639245584,1671168
2663.662689661414,1679360
2663.609146845555,1687552
2663.4209264783503,1695744
2663.2021277181084,1703936
2663.0858302652996,1712128
2663.2593901627574,1720320
2663.211900064816,1728512
2663.187255807262,1736704
2662.6135659055844,1744896
2662.6677874112465,1753088
2662.6622740175185,1761280
2662.4025756683563,1769472
2662.0865292423323,1777664
2662.0486357585414,1785856
2662.6193024911236,1794048
2662.317992059635,1802240
2662.3920079271566,1810432
2662.8674975422678,1818624
2662.340180939256,1826816
2662.118295966723,1835008
2661.947407959158,1843200
2661.903823818065,1851392
2661.8287529339377,1859584
2661.664502083863,1867776
2661.920083685783,1875968
2661.7919995985417,1884160
2661.3738876080724,1892352
2660.724511202023,1900544
2660.8300167553907,1908736
2660.9325858750067,1916928
2661.36636989219,1925120
2661.6815544639985,1933312
2661.3326269920117,1941504
2661.1955506925765,1949696
2661.5031670910303,1957888
2661.900160932005,1966080
2662.0419834824634,1974272
2662.2577852393706,1982464
2661.83000169111,1990656
2661.9476205984015,1998848
2661.683495190712,2007040
2662.0773846300162,2015232
2662.1572303813064,2023424
2661.819610502614,2031616
2661.87578208139,2039808
2661.5992569395557,2048000
2661.3757753581795,2056192
2661.6861259543884,2064384
2661.8475422790866,2072576
2662.0776120794453,2080768
2662.288652017544,2088960
2662.1789684474265,2097152
2661.9192201082324,2105344
2661.453869946364,2113536
2661.2886432658756,2121728
2661.2533891390776,2129920
2661.6331181394344,2138112
2661.734117810171,2146304
2661.898376884312,2154496
2661.471032208334,2162688
2661.535455599028,2170880
2661.111161905294,2179072
2661.4091827514576,2187264
2661.1538296242556,2195456
2661.450594078913,2203648
2661.770737336305,2211840
2662.126745487048,2220032
2662.1964120259245,2228224
2662.2750700856654,2236416
2662.282676319672,2244608
2662.3908965294877,2252800
2662.254607439321,2260992
2662.2409313352778,2269184
2662.13991840628,2277376
2662.4791682939176,2285568
2662.6055792995753,2293760
2662.7795258866577,2301952
2662.906898059834,2310144
2662.590954489062,2318336
2662.4687824943776,2326528
2662.2669656459175,2334720
2662.244271096952,2342912
2662.275843927043,2351104
2662.460245981259,2359296
2662.3960915712514,2367488
2662.4564709886868,2375680
2662.168418240342,2383872
2661.9153013500922,2392064
2661.6142002327288,2400256
2661.7630512555197,2408448
2661.5223825284133,2416640
2661.5493586366297,2424832
2661.5940580983533,2433024
2661.5366329373787,2441216
2661.0878374349672,2449408
2661.24743439481,2453504
2661.308550459605,2461696
2661.3958893187373,2469888
2661.700052975344,2478080
2661.7755565237676,2486272
2661.9209168177827,2494464
2661.817150556721,2502656
2661.8440615892155,2510848
2661.964078078907,2519040
2661.8951022628426,2527232
2661.845672341166,2535424
2661.8477897779608,2543616
2661.753096816629,2551808
2661.79371194913,2560000
