4466.178016213464,8192
4470.597073588798,16384
4488.568194110933,24576
4487.679337510187,32768
4471.973541184689,40960
4467.097405273008,49152
4459.200687971289,57344
4459.892020965197,65536
4460.04413755266,73728
4458.812136463685,81920
4459.554719262425,90112
4462.179633963363,98304
4462.0598823893,106496
4462.913559576752,114688
4462.887941584225,122880
4463.877001135299,131072
4464.306330005694,139264
4464.0935855810185,147456
4463.856415936955,155648
4463.50909773909,163840
4463.845959999549,172032
4463.849572047881,180224
4463.684441608304,188416
4463.232276723161,196608
4462.710435635075,204800
4461.836809325155,212992
4461.6407196067385,221184
4460.335371955094,229376
4460.004716094441,237568
4458.933043875872,245760
4458.377165751134,253952
4458.32934566828,262144
4458.106756109652,270336
4457.547170131921,278528
4456.988049463472,286720
4456.7348980018805,294912
4455.642185165819,303104
4454.773921484209,311296
4453.592792593458,319488
4452.532156018948,327680
4452.254676389517,335872
4452.476793148357,344064
4452.140835406955,352256
4452.521135043337,360448
4452.469075831851,368640
4451.672942478459,376832
4451.443609856061,385024
4449.883681244393,393216
4448.795996821356,401408
4448.099903466892,409600
4446.779579450469,417792
4445.925414678996,425984
4444.387353527203,434176
4443.941593107169,442368
4442.56402769607,450560
4441.599803310557,458752
4440.3739901848485,466944
4439.1911324469465,475136
4438.256568062681,483328
4437.886157183387,491520
4437.0916340142185,499712
4436.259755596516,507904
4435.639550432382,516096
4435.038478928501,524288
4433.997641910414,532480
4433.107786569583,540672
4432.263086572402,548864
4431.141349213599,557056
4430.70717179219,565248
4430.609452958226,573440
4430.1016220349775,581632
4429.138776047734,589824
4428.412511274029,598016
4427.737716179276,606208
4427.204917536983,614400
4426.051226997827,622592
4425.405876217789,630784
4424.694174852768,638976
4423.603120109946,647168
4422.708995878526,655360
4421.942080379316,663552
4421.185874061484,671744
4420.180657593375,679936
4419.256089726865,688128
4418.554930620374,696320
4417.661342064848,704512
4417.043677550668,712704
4416.310286930474,720896
4415.498818324447,729088
4415.057746463197,737280
4414.262921895609,745472
4413.498644936184,753664
4412.800120054841,761856
4412.095436370735,770048
4411.55405329799,778240
4410.917839827384,786432
4409.97731434394,794624
4409.478179979573,802816
4409.060367776359,811008
4408.590659296414,819200
4408.050426768541,827392
4407.116360256596,835584
4406.646188596383,843776
4405.445686739537,851968
4404.750943088405,860160
4403.89602704568,868352
4403.213562730802,876544
4402.524168343046,884736
4401.741734136644,892928
4401.115449097378,901120
4400.210711619852,909312
4399.277808941392,917504
4398.514066482239,925696
4397.802518359733,933888
4397.129529223917,942080
4396.271078128483,950272
4395.41413695929,958464
4394.889628414058,966656
4394.339413378065,974848
4393.316722784469,983040
4392.716430763703,991232
4391.612773025096,999424
4390.981641934905,1007616
4390.2494540644975,1015808
4389.824386782698,1024000
4389.16092988803,1032192
4388.371458186348,1040384
4387.5129976322705,1048576
4386.676409935696,1056768
4385.858093107429,1064960
4385.4042243180065,1073152
4384.726460455525,1081344
4383.913508353355,1089536
4383.274240514282,1097728
4382.400080216926,1105920
4381.729750356881,1114112
4381.071288950268,1122304
4380.307950878206,1130496
4379.674808012272,1138688
4378.83784901487,1146880
4378.022157079739,1155072
4377.222129970922,1163264
4376.4060873809185,1171456
4375.708749325348,1179648
4375.101708719781,1187840
4374.3013933051,1196032
4373.558869755878,1204224
4372.878688626592,1212416
4372.198618232061,1220608
4371.319495722685,1228800
4370.428010705823,1236992
4369.287777061735,1245184
4368.576835269221,1253376
4367.69504387558,1261568
4367.008612349676,1269760
4366.077300433066,1277952
4365.17170271833,1286144
4364.268875170035,1294336
4363.6427369412895,1302528
4362.763580679148,1310720
4362.088503555538,1318912
4361.276441564727,1327104
4360.576618068075,1335296
4359.860187625477,1343488
4359.280877924961,1351680
4358.7505170664135,1359872
4357.986630712165,1368064
4356.945035339066,1376256
4356.061530803522,1384448
4355.160866272594,1392640
4354.194643562795,1400832
4353.523486247016,1409024
4352.693856434975,1417216
4351.885891766081,1425408
4351.148792863859,1433600
4350.267747568534,1441792
4349.294308206684,1449984
4348.36433379663,1458176
4347.409970801742,1466368
4346.854463813457,1474560
4346.324492754764,1482752
4345.344654260341,1490944
4344.492180739151,1499136
4343.570905132431,1507328
4342.739365831444,1515520
4341.785668325895,1523712
4340.861016868162,1531904
4339.960133548132,1540096
4338.980426978563,1548288
4338.04428199323,1556480
4337.258511531156,1564672
4336.453215763655,1572864
4335.642658139125,1581056
4334.5625270292485,1589248
4333.634551367347,1597440
4332.516370123884,1605632
4331.726185347029,1613824
4330.719382725343,1622016
4329.760568925135,1630208
4328.775636513555,1638400
4327.879904557645,1646592
4326.965502553824,1654784
4326.090459835847,1662976
4325.152006190132,1671168
4324.273763828879,1679360
4323.253132156845,1687552
4322.419968697328,1695744
4321.5273288665385,1703936
4320.514871249475,1712128
4319.561644621429,1720320
4318.529434686048,1728512
4317.657885426158,1736704
4316.60358433477,1744896
4315.797257732057,1753088
4314.795586137011,1761280
4314.0147976433245,1769472
4313.2848865905025,1777664
4312.402209564275,1785856
4311.365893981,1794048
4310.219813402198,1802240
4309.064006621895,1810432
4308.029234480632,1818624
4306.991499771063,1826816
4306.107006614994,1835008
4305.277050864137,1843200
4304.137321896409,1851392
4303.1726064706745,1859584
4302.084033992571,1867776
4301.024065617954,1875968
4299.958506261408,1884160
4299.000260346292,1892352
4298.104479241336,1900544
4297.100734507494,1908736
4296.269931888951,1916928
4295.337359280713,1925120
4294.42793537098,1933312
4293.436105175473,1941504
4292.43988429201,1949696
4291.362756023654,1957888
4290.241237757819,1966080
4289.13233731072,1974272
4287.993680545145,1982464
4286.948159512073,1990656
4286.0051019772145,1998848
4285.115767564393,2007040
4284.167992433396,2015232
4283.236731356015,2023424
4282.167198820615,2031616
4281.139429091331,2039808
4280.217617036474,2048000
4279.247268568011,2056192
4278.331128496425,2064384
4277.355205742384,2072576
4276.378966635007,2080768
4275.3959740382725,2088960
4274.275553450102,2097152
4273.344692040708,2105344
4272.385792679141,2113536
4271.546825901457,2121728
4270.411214114832,2129920
4269.307783914962,2138112
4268.321984413901,2146304
4267.185610660518,2154496
4266.29472143431,2162688
4265.3014014639475,2170880
4264.448868104618,2179072
4263.271310341337,2187264
4262.256896978147,2195456
4261.31726550154,2203648
4260.334794164182,2211840
4259.290128853556,2220032
4258.217894619731,2228224
4257.215529747908,2236416
4256.074324906096,2244608
4255.195572898418,2252800
4254.345697700479,2260992
4253.549047112519,2269184
4252.492719835388,2277376
4251.39416106164,2285568
4250.31562955401,2293760
4249.447496684461,2301952
4248.471429305935,2310144
4247.544148696792,2318336
4246.488014704694,2326528
4245.577425423077,2334720
4244.561369905946,2342912
4243.437178691419,2351104
4242.465391405803,2359296
4241.270438090302,2367488
4240.1142749378105,2375680
4239.0827314541675,2383872
4238.135184505338,2392064
4237.192687697731,2400256
4236.252220228246,2408448
4235.280888216905,2416640
4234.288386481672,2424832
4233.492156562282,2433024
4232.636508192544,2441216
4231.738393238296,2449408
4230.883992102282,2457600
4229.772441334507,2465792
4229.284929223275,2469888
4228.296137891052,2478080
4227.450473196014,2486272
4226.540332694733,2494464
4225.585783405717,2502656
4224.589631765285,2510848
4223.488550504367,2519040
4222.5243514102685,2527232
4221.544630413519,2535424
4220.6171922641015,2543616
4219.813331447736,2551808
4218.745280351307,2560000
