3881.026581447523,8192
3919.1801739228763,16384
3924.581017242806,24576
3891.939257130704,32768
3915.106043016785,40960
3918.272659928666,49152
3925.0077164590575,57344
3919.1988620747984,65536
3915.1157507426246,73728
3921.3508378466768,81920
3926.2036741896713,90112
3927.9484608414223,98304
3924.6037618469704,106496
3926.198762812483,114688
3918.6569418469094,122880
3912.3267034411638,131072
3914.737562570258,139264
3919.3020638074354,147456
3923.196829691604,155648
3922.1194197772106,163840
3922.006122172677,172032
3919.8739038808963,180224
3917.7617595513016,188416
3914.279636652989,196608
3913.5986506502604,204800
3912.3178779988884,212992
3907.295704788546,221184
3908.647319083018,229376
3906.5231594791976,237568
3902.6132719403354,245760
3902.014688787308,253952
3902.23130763126,262144
3902.851769072881,270336
3906.555846979038,278528
3908.2793713452484,286720
3913.6063640747975,294912
3912.6641543403634,303104
3914.497078724518,311296
3913.7097216022607,319488
3915.1238716471585,327680
3914.304519258143,335872
3915.8715515217164,344064
3918.0707789207218,352256
3917.438234925084,360448
3915.858504622908,368640
3917.1240466247045,376832
3913.847118443769,385024
3915.0257529571445,393216
3913.185651719369,401408
3915.590114485403,409600
3915.1795177754266,417792
3914.4193973694496,425984
3912.3819837351875,434176
3912.7170013602804,442368
3912.690721683899,450560
3913.0843870353224,458752
3913.182148300247,466944
3913.928471036395,475136
3913.862805084809,483328
3911.9087198260427,491520
3913.4853005502378,499712
3913.6439080413907,507904
3913.6624083071433,516096
3913.0097265962354,524288
3912.272818327515,532480
3908.941445621609,540672
3908.5419151303895,548864
3909.6343352396466,557056
3909.078831110674,565248
3908.9295068145025,573440
3909.593495517245,581632
3908.1636811563963,589824
3907.9470351098307,598016
3905.628515184881,606208
3905.3437613606065,614400
3904.5706019722543,622592
3904.7023885426984,630784
3904.646803909514,638976
3904.4273734468375,647168
3904.152285105239,655360
3903.5681141973546,663552
3902.096112135342,671744
3901.1790167967993,679936
3900.8346375753536,688128
3898.9223433353,696320
3899.7588796186164,704512
3898.2162748057603,712704
3898.568364617487,720896
3898.921137652068,729088
3898.879342502254,737280
3899.5810374199223,745472
3899.6735631219885,753664
3899.0621333037634,761856
3898.443831874716,770048
3897.334026398843,778240
3896.9619505463015,786432
3896.898786871147,794624
3897.4634657680153,802816
3896.14135058318,811008
3895.7198040045396,819200
3895.9500708402925,827392
3895.419840608474,835584
3895.4858600640605,843776
3895.231376691887,851968
3895.448472975714,860160
3895.3977501857676,868352
3894.539324327501,876544
3893.8813429597526,884736
3893.464453583072,892928
3893.303339163255,901120
3893.0183995821963,909312
3893.3597497905916,917504
3892.442258250455,925696
3891.532055901815,933888
3892.2008963778367,942080
3891.660062037298,950272
3891.285896348524,958464
3891.572372271433,966656
3891.0718353478796,974848
3891.29527857815,983040
3890.828767917284,991232
3891.1957979271124,999424
3891.646448219028,1007616
3890.990210087523,1015808
3891.1509766788367,1024000
3890.4960640582635,1032192
3890.7608940732257,1040384
3890.3305056949116,1048576
3890.258526620057,1056768
3890.3020106514828,1064960
3889.6436247896722,1073152
3888.7923823457973,1081344
3888.374692739372,1089536
3887.922661047626,1097728
3887.2515355259607,1105920
3887.508006384092,1114112
3886.9747245688573,1122304
3886.5599533849113,1130496
3886.1655380276816,1138688
3885.6849738570077,1146880
3885.2036374189815,1155072
3885.3730909426445,1163264
3885.191099270927,1171456
3885.621324212567,1179648
3884.67038309943,1187840
3884.7898993845165,1196032
3884.8111636016033,1204224
3885.109214254583,1212416
3885.450089470901,1220608
3884.988776401115,1228800
3884.383753997729,1236992
3884.135524460707,1245184
3884.8161972913276,1253376
3884.193173879231,1261568
3883.6267938879446,1269760
3883.377506478088,1277952
3882.035405265548,1286144
3882.1717673567273,1294336
3882.0675130591535,1302528
3880.8864690851947,1310720
3879.8896871124166,1318912
3880.4749994941703,1327104
3880.2040860832303,1335296
3879.9071417921073,1343488
3879.364006255688,1351680
3879.392384253934,1359872
3879.185310236454,1368064
3879.1722870517656,1376256
3878.968430174241,1384448
3878.472698813108,1392640
3878.814176557956,1400832
3878.5680617233993,1409024
3878.0122513542615,1417216
3877.7307127792387,1425408
3877.1252208398887,1433600
3876.4452024773245,1441792
3876.67851994619,1449984
3876.0286847490916,1458176
3875.1980223511446,1466368
3874.6595163840443,1474560
3874.9048680214473,1482752
3875.050945984922,1490944
3875.261329540361,1499136
3874.6816004028005,1507328
3875.0210866694315,1515520
3874.8302724490522,1523712
3874.3504325868107,1531904
3874.286388378478,1540096
3874.195947760821,1548288
3873.5940296853255,1556480
3873.3263206630004,1564672
3872.5212421918773,1572864
3872.6269376832074,1581056
3872.023825362415,1589248
3871.9210989291437,1597440
3871.201890765616,1605632
3870.8341421964924,1613824
3870.468986846398,1622016
3869.6499004405864,1630208
3870.1917288128525,1638400
3870.012447929751,1646592
3869.8510280169944,1654784
3869.81829959254,1662976
3869.1978786821714,1671168
3868.9850328296525,1679360
3868.5189779909747,1687552
3867.855686059547,1695744
3866.8485353143815,1703936
3866.9223545176915,1712128
3866.9123030702804,1720320
3866.4966790484605,1728512
3865.788385581463,1736704
3865.1066680278263,1744896
3865.1104245172605,1753088
3865.26951233548,1761280
3865.0855802379074,1769472
3865.0975014332294,1777664
3864.7682329462305,1785856
3864.5421462367117,1794048
3864.0506848214304,1802240
3863.5567469815956,1810432
3863.549372131329,1818624
3862.619860196319,1826816
3862.6000104613236,1835008
3862.995383419125,1843200
3862.3175799876158,1851392
3862.6074596557405,1859584
3862.8456828979315,1867776
3862.555577400634,1875968
3861.9857859998097,1884160
3861.673791058641,1892352
3861.686582676243,1900544
3861.0638830682974,1908736
3860.4633136823413,1916928
3860.2502013638814,1925120
3860.053444424071,1933312
3859.7485491849484,1941504
3859.648681191528,1949696
3859.646815336943,1957888
3859.6844882997893,1966080
3859.035319641387,1974272
3859.002995783515,1982464
3858.8319411927296,1990656
3858.291246662789,1998848
3857.942661484788,2007040
3857.856491456968,2015232
3857.4880121544443,2023424
3857.109516391931,2031616
3857.019786100827,2039808
3856.4731984094446,2048000
3856.3966669405413,2056192
3856.1799445575434,2064384
3855.999075573287,2072576
3856.2418738639553,2080768
3856.4497836069954,2088960
3856.1791772633924,2097152
3855.8257040544927,2105344
3855.5111447546287,2113536
3855.9339765024793,2121728
3855.611596853999,2129920
3854.9600090772233,2138112
3854.897545216886,2146304
3854.7262496589683,2154496
3854.585583816791,2162688
3854.740746532239,2170880
3853.7875494911896,2179072
3853.529304370644,2187264
3853.2855498992767,2195456
3853.0976897639275,2203648
3853.007278692119,2207744
3852.5208569317215,2215936
3852.1677867610283,2224128
3852.0756040042015,2232320
3851.717006301389,2240512
3851.5026359031394,2248704
3851.154226133279,2256896
3850.872585709579,2265088
3850.94856140316,2273280
3850.4917829882747,2281472
3850.077671063299,2289664
3849.4593833594745,2297856
3849.2553143686996,2306048
3848.8817584508915,2314240
3848.4313982869357,2322432
3848.1122149940247,2330624
3847.857387404063,2338816
3847.506788778294,2347008
3847.408922218023,2355200
3847.3882729933016,2363392
3847.0030248281078,2371584
3847.1790172318197,2379776
3846.9877711900685,2387968
3846.9246333711594,2396160
3846.6066920058097,2404352
3846.4019522329772,2412544
3846.132101060678,2420736
3845.8009777059424,2428928
3845.6254121400416,2437120
3845.34237684835,2445312
3845.047172202087,2453504
3844.745096247243,2461696
3844.7686848882013,2469888
3844.803281406115,2478080
3844.051747078738,2486272
3843.4051183964757,2494464
3842.9409737565,2502656
3842.892018394181,2510848
3842.6743987901764,2519040
3842.945849002287,2527232
3842.464329730127,2535424
3842.430940899334,2543616
3842.185884604978,2551808
3841.653433160879,2560000
