3720.4274880656712,8192
3694.870180193118,16384
3731.8734120256177,24576
3754.0054200986056,32768
3764.750143966264,40960
3746.82435435868,49152
3738.5499447945303,57344
3745.809242193422,65536
3752.0149159711896,73728
3757.960467881892,81920
3752.826206969873,90112
3742.290858169088,98304
3739.423363876522,106496
3729.1012249095115,114688
3734.0307844130816,122880
3728.0459009647,131072
3729.488184619728,139264
3734.390863420459,147456
3736.787491356678,155648
3732.48988032133,163840
3728.882177237606,172032
3728.304480231964,180224
3732.077672798436,188416
3733.1105149785158,196608
3731.1739221556822,204800
3736.314937104037,212992
3731.751221973387,221184
3732.8717156286884,229376
3729.214442881105,237568
3726.4831818956404,245760
3725.4078537812147,253952
3724.608027373293,262144
3727.0799428452906,270336
3725.7990795427677,278528
3727.0173301783225,286720
3723.308556720567,294912
3724.1748958751996,303104
3721.966083871981,311296
3718.951326436606,319488
3716.251175877158,327680
3718.412640060107,335872
3715.065397560607,344064
3712.8684513831395,352256
3711.2440821085743,360448
3711.2464005414486,368640
3710.9651754323318,376832
3711.8826776194364,385024
3711.8736850227774,393216
3709.2054450369637,401408
3709.2256528822327,409600
3709.254224031936,417792
3708.6900377047787,425984
3705.9101126013807,434176
3704.3659506252097,442368
3705.7618221331136,450560
3704.1443560874163,458752
3704.1899297698124,466944
3704.2153557488027,475136
3703.8585942952645,483328
3703.377250356591,491520
3702.7695114037524,499712
3702.1167813726775,507904
3701.7157412893116,516096
3699.390440052636,524288
3696.296145434666,532480
3695.4430398588083,540672
3694.7204521545027,548864
3693.856166605212,557056
3694.820695480912,565248
3695.418055915772,573440
3696.5577242719874,581632
3695.2505639122724,589824
3695.3734764589476,598016
3693.7650456442157,606208
3691.268316561347,614400
3689.7976786715335,622592
3691.3810747466937,630784
3689.5385121862296,638976
3687.578992267056,647168
3687.943883082759,655360
3687.51770823868,663552
3686.8684922289126,671744
3686.260358576227,679936
3685.7140854751797,688128
3684.459398856717,696320
3685.796251267743,704512
3685.8586450940106,712704
3685.9595272483157,720896
3686.215941910931,729088
3686.1407467309946,737280
3685.8899766250906,745472
3685.872691941433,753664
3684.707009805316,761856
3684.4612692053843,770048
3683.83972126984,778240
3682.675469531372,786432
3681.1982508763012,794624
3680.385950798641,802816
3679.461249795596,811008
3678.9878477700618,819200
3676.7243445072886,827392
3675.5967753006075,835584
3675.50842729441,843776
3674.5070486508657,851968
3673.628375820367,860160
3673.5475217316184,868352
3672.34153752223,876544
3671.9085860647156,884736
3671.0718675373946,892928
3668.302681033283,901120
3666.7655781548547,909312
3665.6865174003337,917504
3664.5950085636964,925696
3664.9146540468096,933888
3665.1176752915317,942080
3664.3260602197806,950272
3663.451064190632,958464
3662.1844069766125,966656
3660.8390389901133,974848
3659.915852050965,983040
3659.3734427061017,991232
3658.232679876274,999424
3659.0375475292585,1007616
3659.424417811786,1015808
3658.6170223761233,1024000
3657.779123018581,1032192
3656.3756100587557,1040384
3656.536254155561,1048576
3656.148058325704,1056768
3655.211604653273,1064960
3654.0071686880065,1073152
3653.506859035597,1081344
3653.0515186570415,1089536
3652.946290273792,1097728
3652.4151438544177,1105920
3651.3928654001397,1114112
3650.683617299222,1122304
3649.8651732167696,1130496
3648.6217314742066,1138688
3648.3290542256905,1146880
3648.432396536948,1155072
3648.9013198057155,1163264
3648.912062224842,1171456
3647.864537586569,1179648
3645.8145552571395,1187840
3645.7317020396713,1196032
3644.550587937856,1204224
3643.9425870779505,1212416
3643.63399868714,1220608
3643.5125479735475,1228800
3642.534628247679,1236992
3640.882223852591,1245184
3640.0071129553044,1253376
3640.1195394454503,1261568
3639.7753427264856,1269760
3639.868336269128,1277952
3639.2108802720886,1286144
3638.26343303076,1294336
3636.8345583396112,1302528
3635.9005154128195,1310720
3634.3590506687174,1318912
3634.5731735209315,1327104
3635.1569239360465,1335296
3634.0417423458284,1343488
3632.5172484046807,1351680
3631.892639344152,1359872
3631.107257512444,1368064
3630.532037880442,1376256
3630.219897567009,1384448
3630.4346255728415,1392640
3629.560899704822,1400832
3628.237149093374,1409024
3627.829224263468,1417216
3626.6502800299077,1425408
3625.5139132929485,1433600
3626.2996081348865,1441792
3626.133098141414,1449984
3625.5338151266665,1458176
3625.1860670377264,1466368
3624.5544961517653,1474560
3623.9225272473877,1482752
3622.6851379607956,1490944
3621.5457096743708,1499136
3620.9753594022854,1507328
3619.8912878671804,1515520
3618.880887272323,1523712
3617.6282882894457,1531904
3617.1422880805558,1540096
3616.6910224721673,1548288
3616.293952072676,1556480
3616.0428664381807,1564672
3615.2770093654335,1572864
3614.475758300539,1581056
3613.3009943407665,1589248
3612.192765530494,1597440
3610.8074034025635,1605632
3610.077289660228,1613824
3610.152198069273,1622016
3608.9200930274087,1630208
3608.039669875439,1638400
3607.198974071066,1646592
3606.8869158404145,1654784
3606.575874641673,1662976
3605.4989412020136,1671168
3604.1863322992467,1679360
3601.989891871008,1687552
3600.6334002474064,1695744
3599.4039788252903,1703936
3599.0983164780437,1712128
3598.911727675483,1720320
3598.578969381334,1728512
3598.253621539705,1736704
3597.14711947549,1744896
3596.5233087150814,1753088
3595.8024176644294,1761280
3595.3626220892584,1769472
3594.5865747919784,1777664
3594.189744308154,1785856
3592.963121133055,1794048
3591.5661956792987,1802240
3590.5599294233334,1810432
3589.847519865746,1818624
3588.0783731505003,1826816
3587.6180604097767,1835008
3587.092566330287,1843200
3585.9357625573066,1851392
3585.1848022802155,1859584
3584.834620534447,1867776
3583.9155636109704,1875968
3583.194885801948,1884160
3582.699106695153,1892352
3582.242067622615,1900544
3581.3573467070605,1908736
3580.5139803960833,1916928
3579.6869945017615,1925120
3578.4047783978476,1933312
3577.8194534746385,1941504
3577.120872899819,1949696
3576.2440116211246,1957888
3575.2522905214582,1966080
3574.251433626031,1974272
3573.6131094446564,1982464
3572.641973708484,1990656
3572.2228527073794,1998848
3571.130849854536,2007040
3570.1659466991323,2015232
3569.5065166103,2023424
3568.7848530115702,2031616
3568.3324380970876,2039808
3567.497266507242,2048000
3565.8253227207697,2056192
3564.718678634025,2064384
3564.2858594219283,2072576
3563.071272778354,2080768
3562.447944904946,2088960
3561.6043629575524,2097152
3560.5779774241705,2105344
3559.855701652723,2113536
3558.845799205872,2121728
3557.8146772034465,2129920
3556.3854733248336,2138112
3555.6522485671185,2146304
3555.0477151312443,2154496
3554.010350891758,2162688
3553.5533382423523,2170880
3552.5002460970036,2179072
3552.1015398193003,2187264
3551.0323251135205,2195456
3550.5462577834146,2203648
3549.7498620663696,2211840
3548.686219089145,2220032
3547.5750252888,2228224
3546.65954277913,2236416
3545.8152252147515,2244608
3544.81397874675,2252800
3544.2235217637376,2260992
3543.337116069388,2269184
3541.6234748116067,2277376
3540.9033524841134,2285568
3540.3982705683516,2293760
3539.690990444642,2301952
3538.812506745209,2310144
3538.16355828139,2318336
3537.185833654719,2326528
3536.4076351589856,2334720
3535.360783886229,2342912
3534.36157068189,2351104
3533.622767603538,2359296
3532.7596980719577,2367488
3531.791916459477,2375680
3531.0524386702414,2383872
3529.983327761525,2392064
3529.1555284016085,2400256
3527.9083441140615,2408448
3527.220318118059,2416640
3526.897098812066,2424832
3526.191455357794,2433024
3525.165373110743,2441216
3524.345871954036,2449408
3523.4051400297394,2457600
3522.3458458417263,2465792
3521.25212771065,2473984
3519.840364401927,2482176
3519.325966030998,2490368
3518.5752759645575,2498560
3517.652264237602,2506752
3516.6024693868376,2514944
3515.808204051315,2523136
3515.3615096940134,2527232
3514.652964326578,2535424
3514.081716289095,2543616
3512.8213744175246,2551808
3512.1598264940812,2560000
