5.628666654229164,8192
5.551432445645332,8192
5.802371725440025,8192
4.997693374752998,8192
5.573824420571327,8192
5.696813762187958,8192
5.631957948207855,8192
5.649803206324577,8192
5.12336939573288,8192
5.078918486833572,8192
6.054206192493439,8192
5.761316791176796,8192
5.106111243367195,8192
5.94184584915638,8192
5.681074038147926,8192
5.551861599087715,8192
4.957373067736626,8192
6.016922742128372,8192
5.379904061555862,8192
5.529522150754929,8192
5.870445445179939,8192
5.342050641775131,8192
5.727605894207954,8192
5.533230304718018,8192
4.957997053861618,8192
5.0368137657642365,8192
5.34362718462944,8192
5.362210422754288,8192
5.30155636370182,8192
5.40454126894474,8192
5.498918890953064,8192
5.308530107140541,8192
5.788755789399147,8192
5.246822163462639,8192
4.929577559232712,8192
5.423961579799652,8192
5.264879018068314,8192
5.212899297475815,8192
5.613701418042183,8192
5.011709779500961,8192
4.682686552405357,8192
5.110050737857819,8192
4.938459023833275,8192
5.435677990317345,8192
5.427473410964012,8192
5.328626558184624,8192
5.244182050228119,8192
5.2830759435892105,8192
5.092748627066612,8192
5.734310299158096,8192
5.751734599471092,8192
5.549560487270355,8192
5.431157723069191,8192
6.16595596075058,8192
5.1611825823783875,8192
4.528819769620895,8192
5.0733886659145355,8192
5.940443649888039,8192
5.205355957150459,8192
5.821011587977409,8192
5.627914518117905,8192
5.751454830169678,8192
5.4810211062431335,8192
6.124669685959816,8192
5.874880775809288,8192
5.640366300940514,8192
5.786534398794174,8192
5.01096136868,8192
5.363268032670021,8192
5.445157364010811,8192
5.3262099623680115,8192
5.589860305190086,8192
5.728394910693169,8192
5.577816814184189,8192
5.537788197398186,8192
5.418643727898598,8192
5.437818169593811,8192
5.190093070268631,8192
5.2693381905555725,8192
6.357444077730179,8192
6.0708533972501755,8192
5.658217519521713,8192
5.1554325968027115,8192
5.064893886446953,8192
5.584415420889854,8192
5.161586776375771,8192
5.679672583937645,8192
5.719920992851257,8192
5.706691741943359,8192
5.5785782635211945,8192
6.03720061480999,8192
4.418284818530083,8192
5.193289741873741,8192
5.6239016354084015,8192
5.073431134223938,8192
5.469208210706711,8192
5.53511455655098,8192
5.195783078670502,8192
5.478841811418533,8192
5.2843015640974045,8192
5.592771619558334,8192
5.327362567186356,8192
5.565217509865761,8192
5.40275052189827,8192
5.233096703886986,8192
5.720106512308121,8192
5.0710901618003845,8192
5.459168553352356,8192
5.805743113160133,8192
5.6624263525009155,8192
5.216187238693237,8192
5.6423332542181015,8192
5.829097703099251,8192
5.350165441632271,8192
5.360760539770126,8192
5.354670062661171,8192
5.47855868935585,8192
4.88540418446064,8192
5.605670064687729,8192
5.709107220172882,8192
5.8625660836696625,8192
5.1484230905771255,8192
5.752497538924217,8192
5.2301909774541855,8192
5.262289568781853,8192
5.586126446723938,8192
5.261453613638878,8192
5.567416548728943,8192
5.747310817241669,8192
6.097763031721115,8192
5.329548940062523,8192
5.4978422820568085,8192
5.2666012197732925,8192
6.029340624809265,8192
5.386416986584663,8192
5.957446992397308,8192
5.7630907744169235,8192
5.113880708813667,8192
5.4957065731287,8192
5.712025240063667,8192
4.737416282296181,8192
4.718489944934845,8192
5.261524021625519,8192
5.167074128985405,8192
6.034354120492935,8192
5.585358291864395,8192
5.421963706612587,8192
5.43021634221077,8192
5.5246055126190186,8192
5.454254522919655,8192
5.569864809513092,8192
4.971932619810104,8192
5.240042507648468,8192
5.75387105345726,8192
5.855501443147659,8192
5.85697703063488,8192
5.547763779759407,8192
4.6799518167972565,8192
5.3310539573431015,8192
5.132013186812401,8192
4.627706855535507,8192
5.6029800325632095,8192
5.394449457526207,8192
4.856115207076073,8192
5.055994912981987,8192
5.406668782234192,8192
5.272379890084267,8192
5.269058421254158,8192
5.509055033326149,8192
5.6541018187999725,8192
5.376344174146652,8192
5.027517303824425,8192
6.075004115700722,8192
6.191160157322884,8192
5.392936617136002,8192
5.240443721413612,8192
5.361888557672501,8192
5.200482532382011,8192
5.81451989710331,8192
5.216854438185692,8192
5.583295598626137,8192
5.227681249380112,8192
5.28002455830574,8192
5.855397135019302,8192
6.109911948442459,8192
5.5581361055374146,8192
5.470568686723709,8192
5.282005295157433,8192
5.817610025405884,8192
5.486572161316872,8192
5.227944627404213,8192
5.209155380725861,8192
5.462867394089699,8192
5.852031707763672,8192
5.499075725674629,8192
5.425971746444702,8192
5.103831365704536,8192
5.380557477474213,8192
5.244913324713707,8192
5.476190522313118,8192
5.380476638674736,8192
5.0811465829610825,8192
5.41401281952858,8192
5.301645398139954,8192
5.906377732753754,8192
5.18258661031723,8192
5.368821322917938,8192
5.469930544495583,8192
5.683587491512299,8192
5.690784007310867,8192
6.002749502658844,8192
5.438871309161186,8192
5.133252590894699,8192
5.2836935967206955,8192
5.838210880756378,8192
5.12697659432888,8192
5.762879922986031,8192
5.633802711963654,8192
5.989110842347145,8192
5.571117252111435,8192
5.1359012722969055,8192
5.653145909309387,8192
5.554688721895218,8192
4.950341582298279,8192
5.36392405629158,8192
5.868470668792725,8192
5.87947890162468,8192
5.459628254175186,8192
5.811457708477974,8192
6.117429956793785,8192
5.4800935089588165,8192
6.26232773065567,8192
5.94315230846405,8192
4.964539036154747,8192
5.949144437909126,8192
5.6565966457128525,8192
4.845201224088669,8192
4.897772520780563,8192
5.453697964549065,8192
5.4107606410980225,8192
5.446153879165649,8192
6.06250986456871,8192
5.442602559924126,8192
5.364533513784409,8192
5.741780251264572,8192
5.3625378757715225,8192
5.232281610369682,8192
5.377158522605896,8192
5.54121769964695,8192
5.636195093393326,8192
5.3614553064107895,8192
5.976586416363716,8192
5.376852676272392,8192
5.433473736047745,8192
5.592705309391022,8192
5.133862793445587,8192
5.6482065469026566,8192
5.6578949093818665,8192
5.714285746216774,8192
5.983724445104599,8192
5.736954510211945,8192
5.349478870630264,8192
5.704041570425034,8192
4.889693856239319,8192
5.75408861041069,8192
5.738091468811035,8192
5.171548202633858,8192
5.893566459417343,8192
5.199386551976204,8192
5.743243172764778,8192
5.164622515439987,8192
4.910921677947044,8192
5.4656825959682465,8192
5.4564353078603745,8192
5.972359329462051,8192
5.60857430100441,8192
5.917532369494438,8192
4.99398298561573,8192
5.511083826422691,8192
6.14977665245533,8192
5.448668450117111,8192
5.160992220044136,8192
5.31378835439682,8192
5.037946254014969,8192
5.719953775405884,8192
5.558958649635315,8192
5.501976236701012,8192
5.104373022913933,8192
5.354975908994675,8192
5.448515340685844,8192
5.46204037964344,8192
5.49025684595108,8192
5.097087472677231,8192
6.03516548871994,8192
4.718391597270966,8192
5.369649827480316,8192
5.444257706403732,8192
5.314165726304054,8192
5.423159152269363,8192
5.2491694688797,8192
5.754950642585754,8192
5.7218998670578,8192
5.479666963219643,8192
5.297600477933884,8192
5.371393635869026,8192
5.824936926364899,8192
4.971376806497574,4096
5.21937683224678,8192
5.0344716757535934,8192
5.222851783037186,8192
5.762879922986031,8192
5.594614893198013,8192
5.824315547943115,8192
