0.07607455481775105,32768
0.015202189388219267,32768
0,32768
0.050200801342725754,32768
0.03799873229581863,32768
0.029877503402531147,32768
0.028169015422463417,32768
0,32768
0.06979341269470751,32768
0.026308867381885648,32768
0.05069065955467522,32768
0.014134275261312723,32768
0.05290305707603693,32768
0.04273504309821874,32768
0.065659882966429,32768
0,32768
0.05786200053989887,32768
0.01240848796442151,32768
0.09132419945672154,32768
0.0741179974284023,32768
0.07260055281221867,32768
0,32768
0.03665241238195449,32768
0.09080295567400753,32768
0.07689350168220699,32768
0.04051863797940314,32768
0.014558159455191344,32768
0.06438320851884782,32768
0.042075736564584076,32768
0,32768
0.05827505956403911,32768
0.08126117172650993,32768
0,32768
0.07570022717118263,32768
0,32768
0.012245897960383445,32768
0.012102141772629693,32768
0.0505944830365479,32768
0,32768
0.05891884211450815,32768
0.030106879421509802,32768
0.022540290956385434,32768
0,32768
0.016136839985847473,32768
0.013757050328422338,32768
0.0871206633746624,32768
0,32768
0.020973154460079968,32768
0.057611981173977256,32768
0.015698587230872363,32768
0.0503905292134732,32768
0.07405213546007872,32768
0.01276976108783856,32768
0.027464982122182846,32768
0.04343419859651476,32768
0.032325845677405596,32768
0.036594292032532394,32768
0.03855545655824244,32768
0.091352011077106,32768
0.05856515490449965,32768
0.05908419261686504,32768
0.02631925162859261,32768
0.04683109582401812,32768
0.07959972717799246,32768
0.04249291669111699,32768
0.012322858674451709,32768
0.016051364946179092,32768
0.015223017544485629,32768
0.02549069467931986,32768
0.014216662384569645,32768
0.013927576947025955,32768
0.039098135312087834,32768
0.04797697183676064,32768
0.07609191816300154,32768
0.0333834090270102,32768
0.030030030757188797,32768
0.016694491205271333,32768
0.08388088899664581,32768
0.16602103132754564,32768
0.07284382008947432,32768
1.6053510829806328,32768
1.6981912776827812,32768
1.434965804219246,32768
1.8251681700348854,32768
1.350971031934023,32768
1.7500344663858414,32768
1.9140677526593208,32768
1.6368364915251732,32768
1.4414135366678238,32768
1.722586527466774,32768
1.411696895956993,32768
1.389998383820057,32768
1.4108527451753616,32768
1.6200950369238853,32768
2.005987986922264,32768
1.7311608418822289,32768
1.3892635703086853,32768
1.7791332677006721,32768
1.7553120851516724,32768
1.5689512714743614,32768
1.3992932625114918,32768
1.5715857967734337,32768
1.6277877613902092,32768
1.5477698296308517,32768
1.2372956611216068,32768
1.641550101339817,32768
1.6785206273198128,32768
1.2934393249452114,32768
1.289875153452158,32768
1.0670013725757599,32768
1.1851015500724316,32768
2.2457819432020187,32768
1.573960855603218,32768
1.589825190603733,32768
1.5938522294163704,32768
1.5564202331006527,32768
1.4927327632904053,32768
1.7173051834106445,32768
1.3610529713332653,32768
2.057776041328907,32768
1.5116437338292599,32768
1.505932491272688,32768
1.3694987632334232,32768
1.748998649418354,32768
1.8031060695648193,32768
1.7374517396092415,32768
1.6466030851006508,32768
1.440752763301134,32768
1.288981270045042,32768
1.529979333281517,32768
1.6874540597200394,32768
1.83186586946249,32768
1.6976257786154747,32768
1.3779527507722378,32768
1.649327576160431,32768
1.4622373506426811,32768
1.1636157520115376,32768
1.6570327803492546,32768
1.44139239564538,32768
1.83522067964077,32768
1.3287030160427094,32768
1.4293964952230453,32768
1.5121630392968655,32768
1.1912225745618343,32768
2.2724581882357597,32768
1.8056143075227737,32768
2.1399730816483498,32768
1.8548505380749702,32768
1.9990844652056694,32768
2.488451823592186,32768
2.8279386460781097,32768
2.130940742790699,32768
1.7378497868776321,32768
1.9996721297502518,32768
2.4821406230330467,32768
2.158590219914913,32768
2.622561901807785,32768
2.7654392644762993,32768
2.085025794804096,32768
2.2474845871329308,32768
2.584466338157654,32768
2.3294279351830482,32768
1.9891008734703064,32768
1.8610421568155289,32768
2.805781550705433,32768
2.395295538008213,32768
2.673649415373802,32768
2.5759659707546234,32768
2.7085434645414352,32768
2.957058325409889,32768
2.612481825053692,32768
2.5451915338635445,32768
2.412138506770134,32768
2.5522349402308464,32768
2.060156501829624,32768
2.356589213013649,32768
2.572442404925823,32768
3.163152188062668,32768
3.2597266137599945,32768
2.486531250178814,32768
2.308802306652069,32768
3.8495972752571106,32768
2.235516346991062,32768
3.330249711871147,32768
2.4867281317710876,32768
2.615979313850403,32768
2.1095046773552895,32768
2.5294624269008636,32768
2.567129023373127,32768
2.163110114634037,32768
2.0067427307367325,32768
3.0492376536130905,32768
3.091731108725071,32768
3.244347870349884,32768
2.622048370540142,32768
3.066037781536579,32768
2.4561403319239616,32768
3.092922829091549,32768
2.6605751365423203,32768
2.450917474925518,32768
2.6304859668016434,32768
2.9583077877759933,32768
2.6178691536188126,32768
3.068661317229271,32768
2.373158745467663,32768
2.266445569694042,32768
2.9829544946551323,32768
2.2484542801976204,32768
2.7670908719301224,32768
1.9749172031879425,32768
2.3060187697410583,32768
2.208361402153969,32768
2.9441624879837036,32768
2.9390577226877213,32768
3.2225579023361206,32768
2.6530612260103226,32768
2.614636719226837,32768
3.0357638373970985,32768
2.7262507006525993,32768
2.8563907369971275,32768
2.9959145933389664,32768
2.7289098128676414,32768
1.9352791830897331,32768
2.225925400853157,32768
2.3894330486655235,32768
2.579769119620323,32768
2.8796959668397903,32768
2.2857142612338066,32768
2.9781831428408623,32768
2.6711393147706985,32768
2.831290103495121,32768
2.9542483389377594,32768
2.934921346604824,32768
2.329045347869396,32768
2.3432781919837,32768
2.8062600642442703,32768
2.5567010045051575,32768
2.6520395651459694,32768
2.979373559355736,32768
2.6078645139932632,32768
2.8266066685318947,32768
3.146412968635559,32768
2.985270880162716,32768
3.3963263034820557,32768
2.3283230140805244,32768
3.3464834094047546,32768
2.7372263371944427,32768
2.9682841151952744,32768
2.693074941635132,32768
2.466907352209091,32768
2.282356098294258,32768
3.168368712067604,32768
2.624073065817356,32768
2.371428534388542,32768
3.460981696844101,32768
2.6061663404107094,32768
2.229119651019573,32768
2.638006769120693,32768
2.8142351657152176,32768
2.357153594493866,32768
2.8946243226528168,32768
2.9866667464375496,32768
2.994275651872158,32768
2.1831082180142403,32768
2.845010533928871,32768
2.971646748483181,32768
2.4483349174261093,32768
2.998805232346058,32768
2.419857867062092,32768
2.0998600870370865,32768
2.2519249469041824,32768
2.469135820865631,32768
2.804359421133995,32768
2.2464530542492867,32768
2.6615969836711884,32768
2.863766625523567,32768
2.599119022488594,32768
3.2793112099170685,32768
2.966396324336529,32768
2.6699401438236237,32768
2.5398965924978256,32768
2.8630994260311127,32768
2.183065563440323,32768
2.6312220841646194,32768
2.8424132615327835,32768
2.8273597359657288,32768
2.866894192993641,32768
3.423212096095085,32768
2.668340876698494,32768
3.885507211089134,32768
3.284093737602234,32768
3.579952195286751,32768
2.846483327448368,32768
3.0088258907198906,32768
2.7508551254868507,32768
2.6923665776848793,32768
3.204813227057457,32768
2.659210190176964,32768
2.9453014954924583,32768
3.194979205727577,32768
3.1201649457216263,32768
3.2687105238437653,32768
2.631210722029209,32768
3.0589543282985687,32768
2.4463681504130363,32768
3.1668875366449356,32768
3.1404726207256317,32768
2.758411690592766,32768
4.127708077430725,32768
2.759063243865967,16384
2.3307273164391518,32768
3.3112581819295883,32768
2.7370626106858253,32768
