4755.754482780846,8192
4766.270172695935,16384
4773.2586472979865,24576
4771.650497515521,32768
4777.529852044593,40960
4775.065427743662,49152
4769.206151150919,57344
4774.622395934885,65536
4774.075066506111,73728
4775.390736027644,81920
4775.823981212857,90112
4774.160054967736,98304
4774.899331608148,106496
4777.335631374994,114688
4779.490942398316,122880
4780.838462122138,131072
4779.886689304945,139264
4778.282799351003,147456
4777.608315378334,155648
4776.987010761289,163840
4780.437119342764,172032
4780.816338901307,180224
4783.4995163166495,188416
4784.289244845726,196608
4786.041312850581,204800
4788.9873250975825,212992
4786.3350818022645,221184
4786.057953103185,229376
4785.2236508865235,237568
4784.753555418437,245760
4785.850521992558,253952
4783.764045686699,262144
4785.489044833021,270336
4784.984820531143,278528
4783.5961899181975,286720
4784.167385519763,294912
4783.580333936975,303104
4783.881154883951,311296
4783.443166750004,319488
4783.385658582252,327680
4783.8670464382585,335872
4783.559303089848,344064
4783.6106822243355,352256
4783.005531261548,360448
4782.825680701868,368640
4783.284120119133,376832
4783.812976846869,385024
4783.519739132662,393216
4784.184332117862,401408
4785.221539067246,409600
4784.050639659585,417792
4784.543634180507,425984
4783.471692171818,434176
4783.978804350729,442368
4783.393475841373,450560
4783.256838567874,458752
4783.559806162899,466944
4783.050166273193,475136
4783.064693157596,483328
4782.670042974748,491520
4782.13225359041,499712
4781.8495893595955,507904
4782.097962013522,516096
4783.374140071198,524288
4783.928735661395,532480
4784.2231732361115,540672
4784.638439638469,548864
4785.87300499511,557056
4786.0254925304935,565248
4785.430984191541,573440
4785.562118750603,581632
4785.746474165603,589824
4785.709146583281,598016
4785.572113405419,606208
4786.17599275231,614400
4786.132862067806,622592
4786.196248692061,630784
4785.658631762809,638976
4785.823526720648,647168
4785.7251753433475,655360
4784.946121968846,663552
4784.853039377676,671744
4783.9110107606075,679936
4782.868270733167,688128
4782.7489150474785,696320
4782.4152145606095,704512
4782.575377295827,712704
4782.446736953912,720896
4781.414968117677,729088
4781.361487643488,737280
4781.608185863291,745472
4781.595698447447,753664
4781.146664149015,761856
4781.21842008231,770048
4781.077144726186,778240
4781.1818039717555,786432
4781.602516096212,794624
4781.754179201099,802816
4782.477978046077,811008
4782.220901197454,819200
4782.500000907898,827392
4782.768948528561,835584
4782.318896186838,843776
4782.024613504961,851968
4781.715671729409,860160
4781.69237584556,868352
4781.1654957381215,876544
4781.520958797686,884736
4781.883397172159,892928
4781.770828745325,901120
4782.268390451216,909312
4781.88067507768,917504
4781.954420752129,925696
4782.447297973324,933888
4783.010584895432,942080
4783.189686437365,950272
4783.643580290383,958464
4783.861125322691,966656
4783.807725385272,974848
4783.75673674315,983040
4783.410931353969,991232
4783.179137253585,999424
4783.383323909575,1007616
4783.42463263212,1015808
4783.571883682163,1024000
4783.970114153448,1032192
4784.082206935077,1040384
4783.697182100456,1048576
4784.030935760918,1056768
4783.840824265569,1064960
4783.696039401736,1073152
4783.647560998098,1081344
4783.706179800703,1089536
4783.601936670821,1097728
4783.39191837877,1105920
4783.310443272957,1114112
4783.61511723099,1122304
4783.620804908035,1130496
4783.768163728924,1138688
4783.70141018137,1146880
4783.633307212341,1155072
4783.742285150343,1163264
4783.920376751136,1171456
4784.283509846842,1179648
4784.559591030952,1187840
4784.5810318061585,1196032
4784.529515726038,1204224
4784.1971345902675,1212416
4783.92713873541,1220608
4783.840171516329,1228800
4783.386590577605,1236992
4782.98931529793,1245184
4783.193934479034,1253376
4783.0332257353,1261568
4782.843137763499,1269760
4782.712420548586,1277952
4783.283497323346,1286144
4783.450398933709,1294336
4783.838492388092,1302528
4783.939463682099,1310720
4783.89137412892,1318912
4783.761787491951,1327104
4783.707990835367,1335296
4783.570119869255,1343488
4783.03786223043,1351680
4783.034471196363,1359872
4783.048492572078,1368064
4783.038670853019,1376256
4783.01595582017,1384448
4782.989188199711,1392640
4782.674147975128,1400832
4782.554508635884,1409024
4782.412053713745,1417216
4782.662299580028,1425408
4782.773720291268,1433600
4782.690854810197,1441792
4782.336740554484,1449984
4782.2842740768365,1458176
4782.036721759395,1466368
4782.2207187702115,1474560
4782.396843673854,1482752
4782.306407718862,1490944
4781.553690920858,1499136
4781.374142928431,1507328
4781.4997849069305,1515520
4781.212509968566,1523712
4781.279195447456,1531904
4780.874512752101,1540096
4780.998534020283,1548288
4780.761199543601,1556480
4780.460673563013,1564672
4780.295596312816,1572864
4780.021623427627,1581056
4780.245399833645,1589248
4780.218724135407,1597440
4780.0994255950845,1605632
4780.058952741219,1613824
4779.8459884052345,1622016
4779.7021502169055,1630208
4779.6658238476475,1638400
4779.865622004565,1646592
4779.942941556836,1654784
4779.724302216457,1662976
4779.798247154713,1671168
4779.859753292653,1679360
4779.767071054474,1687552
4779.725096808502,1695744
4779.219351500407,1703936
4778.8905903951945,1712128
4778.891462541233,1720320
4778.866104628398,1728512
4778.56496687757,1736704
4778.575913502631,1744896
4778.597469445387,1753088
4778.443469592747,1761280
4778.054557682536,1769472
4777.488166077149,1777664
4777.6670083995905,1785856
4777.3437418742715,1794048
4777.018859280845,1802240
4776.894783669474,1810432
4777.119577018161,1818624
4777.049602876558,1826816
4776.789895824234,1835008
4776.799173239276,1843200
4776.6027699053275,1851392
4776.427068022128,1859584
4776.02624846701,1867776
4775.675978619368,1875968
4775.278982025104,1884160
4775.335266195415,1892352
4775.197399827232,1900544
4775.153049582177,1908736
4774.859944221517,1916928
4774.935069707117,1925120
4774.785676021485,1933312
4774.51245432652,1941504
4774.75863262847,1949696
4774.58912882797,1957888
4774.549294894115,1966080
4774.309525230713,1974272
4774.282466849052,1982464
4774.043121278498,1990656
4773.8604189098,1998848
4773.764097205702,2007040
4773.650498508089,2015232
4773.629737448029,2023424
4773.533166014303,2031616
4773.336655792984,2039808
4772.995790030397,2048000
4772.717270255556,2056192
4772.380780314281,2064384
4772.177137177207,2072576
4772.120701626961,2080768
4771.959305905781,2088960
4771.638303343755,2097152
4771.405798345408,2105344
4771.308473939026,2113536
4771.172023225652,2121728
4771.143325037497,2129920
4771.070967530679,2138112
4770.697311397096,2146304
4770.653968166209,2154496
4770.603353773237,2162688
4770.550993059187,2170880
4770.775322805881,2179072
4770.597942120123,2187264
4770.577050109443,2195456
4770.597800925091,2203648
4770.641685472065,2211840
4770.422094270574,2220032
4770.307958119729,2228224
4769.948276533722,2236416
4769.794695108961,2244608
4769.623329578479,2252800
4769.568293778825,2260992
4769.301454649858,2269184
4768.943036582656,2277376
4768.941653214039,2285568
4768.578986039127,2293760
4768.411246040994,2301952
4768.242443975704,2310144
4767.934153092735,2318336
4767.50822164264,2326528
4767.2966980715055,2334720
4767.094865301628,2342912
4766.82731826484,2351104
4766.628489106377,2359296
4766.356081269898,2367488
4766.061602907957,2375680
4765.61681015343,2383872
4765.510003556503,2392064
4765.25321302255,2400256
4765.245866926008,2408448
4765.016281159304,2416640
4764.738303944086,2424832
4764.679676866841,2433024
4764.402381326821,2441216
4764.317769080486,2449408
4764.042564898282,2457600
4763.978719806454,2465792
4763.713761026002,2473984
4763.385018215858,2482176
4763.116376685703,2490368
4763.052634645319,2498560
4762.76185704887,2506752
4762.677660004644,2514944
4762.422156984543,2523136
4762.469587464203,2531328
4762.423321474194,2535424
4762.217981596498,2543616
4761.83068312539,2551808
4761.366382798045,2560000
