3167.2541980032574,8192
3184.03676644121,16384
3190.3301215978327,24576
3179.310117259349,32768
3194.3390495437707,40960
3182.5593294007126,49152
3177.1199080815686,57344
3175.1827996175034,65536
3172.316282540685,73728
3176.7171250463466,81920
3177.936286024563,90112
3180.216822420482,98304
3180.0615071938123,106496
3182.3423976151125,114688
3182.0772868748063,122880
3182.5869618053684,131072
3182.6539255385987,139264
3182.011536470847,147456
3182.0970921210346,155648
3184.566837583655,163840
3184.4440495473746,172032
3183.0500457850976,180224
3184.506077564481,188416
3184.647168294277,196608
3183.0394212270617,204800
3183.029146962911,212992
3182.1054981484076,221184
3183.3346453584227,229376
3183.4701891250734,237568
3183.3657631215538,245760
3183.179942442462,253952
3182.7918411221985,262144
3180.144424457681,270336
3178.364310321385,278528
3179.019813985913,286720
3179.1381386355442,294912
3178.7869513739506,303104
3177.63133665019,311296
3177.2822414160078,319488
3175.749708722041,327680
3175.8749321528044,335872
3175.4084544349166,344064
3174.7556651599043,352256
3174.1639075183107,360448
3173.2856203889337,368640
3172.199640382122,376832
3172.222683823811,385024
3172.4298825116543,393216
3173.140569458346,401408
3173.4516734090766,409600
3173.8201620123873,417792
3174.352658208196,425984
3174.331270569411,434176
3173.6732209865686,442368
3173.40644772214,450560
3173.1476021599315,458752
3172.9819485070607,466944
3173.981853855959,475136
3173.094931661281,483328
3172.464511667653,491520
3172.6333215835316,499712
3172.077754613824,507904
3171.72106346814,516096
3171.5068875871198,524288
3170.8076814266597,532480
3171.3456735888212,540672
3170.194536698978,548864
3169.586060391404,557056
3169.1835025686223,565248
3170.375078016662,573440
3171.242571601607,581632
3170.844283966606,589824
3170.5441858163404,598016
3171.353338709856,606208
3170.904615757977,614400
3171.395345552575,622592
3171.836985274876,630784
3171.3681947516907,638976
3171.047843775787,647168
3170.886577587893,655360
3170.15187439663,663552
3169.6540329432314,671744
3169.651366771228,679936
3168.5611700039235,688128
3168.5836873893386,696320
3169.042012614919,704512
3169.007214702191,712704
3168.849404564486,720896
3168.2852825223413,729088
3167.9470153083066,737280
3166.9695840224617,745472
3166.8589601831477,753664
3166.038879426987,761856
3165.6852291372643,770048
3165.605005360741,778240
3165.9467047607204,786432
3165.08822321505,794624
3165.163387845803,802816
3165.1727614345555,811008
3164.8083331737625,819200
3165.2724839367897,827392
3164.1673603936156,835584
3164.162627504709,843776
3163.5105786787753,851968
3162.8996927390335,860160
3162.715432481177,868352
3161.958336060069,876544
3162.153224536952,884736
3162.017249486351,892928
3162.245896142342,901120
3161.8800711829103,909312
3161.6718189536527,917504
3161.2399477037875,925696
3160.974498829532,933888
3160.483928876924,942080
3160.6330982502495,950272
3160.717918037154,958464
3160.586497179972,966656
3160.5762335200593,974848
3160.2599934192253,983040
3160.1598431501884,991232
3159.861527944399,999424
3160.1243077539084,1007616
3160.0498680130413,1015808
3160.3112434988707,1024000
3159.8474972246086,1032192
3159.593616843823,1040384
3159.893217102068,1048576
3160.03010860415,1056768
3160.2505847843186,1064960
3160.4846209232182,1073152
3160.453123738324,1081344
3160.9195651671425,1089536
3161.0378363822947,1097728
3161.6146839236035,1105920
3161.795503380291,1114112
3161.5089892924134,1122304
3161.479161872424,1130496
3161.091585617403,1138688
3160.9471274519415,1146880
3160.761241089202,1155072
3160.571827868777,1163264
3160.5847836012986,1171456
3160.838786834863,1179648
3160.484293096185,1187840
3160.7431567307362,1196032
3160.9462261738786,1204224
3160.8418289697183,1212416
3161.0859063857947,1220608
3160.991451168216,1228800
3160.966904522978,1236992
3161.020206464612,1245184
3160.3933516049424,1253376
3160.24024618235,1261568
3160.175705338797,1269760
3160.4138817045086,1277952
3160.354467146525,1286144
3160.3754841820783,1294336
3160.2452378664166,1302528
3160.549669918589,1310720
3160.7300552524257,1318912
3160.837272652037,1327104
3160.6151867754575,1335296
3160.614548462926,1343488
3160.535294011348,1351680
3160.392812367559,1359872
3160.636432061744,1368064
3160.129406333601,1376256
3160.027644445727,1384448
3159.828523985684,1392640
3159.6991297052787,1400832
3159.59829407498,1409024
3159.3533384640696,1417216
3159.4500152962232,1425408
3159.3023930501936,1433600
3159.211644727055,1441792
3159.5958674793856,1449984
3159.6971929933566,1458176
3159.6438605180433,1466368
3159.819900220302,1474560
3159.9228274901634,1482752
3159.935825374507,1490944
3160.2886227370223,1499136
3160.601748540214,1507328
3160.3850560999517,1515520
3160.56236111363,1523712
3160.394811140969,1531904
3160.126102907013,1540096
3159.9808977033194,1548288
3159.6668132932623,1556480
3159.66835863389,1564672
3159.45001908423,1572864
3159.334413932467,1581056
3159.4304154785636,1589248
3159.334437709644,1597440
3159.214708943099,1605632
3159.189688523835,1613824
3159.4756974750276,1622016
3159.1357547791918,1630208
3158.9934370481224,1638400
3158.7007505137763,1646592
3158.7380564530704,1654784
3158.7166909567272,1662976
3158.589793903618,1671168
3158.677803788392,1679360
3158.211892251212,1687552
3158.5601560933605,1695744
3158.489561549005,1703936
3158.553058616784,1712128
3158.1963679561286,1720320
3158.0090089622913,1728512
3157.924245472726,1736704
3157.7242739141147,1744896
3157.4898800685332,1753088
3157.8465213672935,1761280
3157.9365935006613,1769472
3157.925619835832,1777664
3157.9946664019167,1785856
3158.095278299601,1794048
3157.869013258575,1802240
3157.815524062359,1810432
3157.7492101999064,1818624
3157.6622236580274,1826816
3157.448199838722,1835008
3157.4803792710472,1843200
3157.391853663345,1851392
3157.1153623773507,1859584
3157.0561364996483,1867776
3157.022882382891,1875968
3157.074664707141,1884160
3157.152576116841,1892352
3157.216437160384,1900544
3157.3374134563587,1908736
3157.2180573356695,1916928
3157.289243827139,1925120
3157.0950294159775,1933312
3156.969374168805,1941504
3156.9790327115084,1949696
3156.7939262085365,1957888
3156.618237600962,1966080
3156.583264232406,1974272
3156.4709722194775,1982464
3156.366334733487,1990656
3156.072647405912,1998848
3156.017259017176,2007040
3156.153484167781,2015232
3155.971875855685,2023424
3155.9681729021436,2031616
3155.867161374543,2039808
3155.7186758992493,2048000
3155.5164086816053,2056192
3155.5059383999715,2064384
3155.564183082718,2072576
3155.3463108369842,2080768
3155.2705366238765,2088960
3155.1098116071694,2097152
3154.9164996239447,2105344
3155.168109768709,2113536
3154.9505625216375,2121728
3154.8548295491005,2129920
3154.6814832581904,2138112
3154.5444220922673,2146304
3154.3670369698934,2154496
3154.290581092527,2162688
3154.253378176872,2170880
3154.1642891436372,2179072
3154.074585634264,2187264
3154.139610422946,2195456
3154.0600143818397,2203648
3153.865298150831,2211840
3153.849904555696,2220032
3153.5597937131583,2228224
3153.556682764733,2236416
3153.5937564884607,2244608
3153.4745885638317,2252800
3153.585939476183,2260992
3153.424667151865,2269184
3153.3547368619033,2277376
3153.228808900363,2285568
3152.926139125191,2293760
3152.8931314294728,2301952
3152.7275712122096,2310144
3152.514788243642,2318336
3152.688005343328,2326528
3152.4299569515774,2334720
3152.3353553344064,2342912
3152.111114376373,2351104
3152.0182444603283,2359296
3151.963370434863,2367488
3151.791731007446,2375680
3151.705015490548,2383872
3151.559700568803,2392064
3151.453265067202,2400256
3151.4724967277066,2408448
3151.417612831831,2416640
3151.2268871149663,2424832
3151.081865646298,2433024
3151.0439375585825,2441216
3150.891762861832,2449408
3150.8978940863663,2457600
3150.8155548448804,2465792
3150.7756410971374,2473984
3150.8384726935583,2482176
3150.779738352995,2490368
3150.609546114244,2498560
3150.5358940275005,2506752
3150.363341143096,2514944
3150.38491826065,2523136
3150.485620201151,2531328
3150.35320318925,2539520
3150.227342699176,2547712
3150.3065553953634,2555904
3150.470386001348,2560000
