2648.4203199491753,8192
2638.2882087630833,16384
2642.911965716691,24576
2638.7612718980904,32768
2645.474179834941,40960
2654.559055010873,49152
2646.627117458456,57344
2648.0708450594702,65536
2647.792048876036,73728
2654.5530636002923,81920
2654.9607251598386,90112
2656.111686820973,98304
2656.7312315985987,106496
2658.6025709648234,114688
2657.72102961764,122880
2656.4934683357187,131072
2660.8527517971015,139264
2661.6571764729483,147456
2661.1732298282823,155648
2666.054187626814,163840
2663.439002166028,172032
2663.2399068095956,180224
2664.014502116612,188416
2664.2598909463663,196608
2663.3277598279924,204800
2659.6482907374702,212992
2658.6973867457564,221184
2659.8441855456103,229376
2659.522292619064,237568
2657.604525044792,245760
2653.983903153054,253952
2655.1662037408773,262144
2655.7008534543797,270336
2655.0500293033874,278528
2654.014145126642,286720
2654.1993130612427,294912
2652.907561626906,303104
2652.11361636306,311296
2649.3893090800966,319488
2648.360176676026,327680
2647.3482412187464,335872
2646.479195973609,344064
2643.709504463352,352256
2644.67670732224,360448
2646.975631486165,368640
2646.9102539982377,376832
2647.7439136256007,385024
2649.3247121381573,393216
2649.7185026385328,401408
2650.143807513299,409600
2649.626630877187,417792
2649.221899211561,425984
2649.272533641436,434176
2649.050003264355,442368
2650.336894438976,450560
2650.8718183047104,458752
2652.006779777379,466944
2651.753658369737,475136
2651.249813662525,483328
2650.8067363911614,491520
2651.357715979943,499712
2650.4124239211415,507904
2650.2045474273186,516096
2649.9927775213614,524288
2650.7846034642803,532480
2650.38610568858,540672
2649.6890681990017,548864
2650.039529366875,557056
2649.1731861200446,565248
2649.4382405571414,573440
2649.5786383703175,581632
2650.3464860930085,589824
2650.390326236457,598016
2649.8030403515822,606208
2650.2369934340654,614400
2650.210920121475,622592
2650.0402183823476,630784
2649.584856682439,638976
2649.4814351633004,647168
2649.2567213420143,655360
2650.0325383049267,663552
2650.1282950297164,671744
2651.247237475137,679936
2651.590594408189,688128
2651.586565050953,696320
2651.6891035220838,704512
2650.461693253566,712704
2649.7077794530687,720896
2649.754411793518,729088
2649.41021236991,737280
2649.455558235061,745472
2648.571140549541,753664
2648.3292730056705,761856
2648.5196985586094,770048
2649.0101436758982,778240
2648.7076768392185,786432
2649.010534339783,794624
2649.1655023578764,802816
2648.610279548987,811008
2648.9804725315144,819200
2649.192893506156,827392
2649.721526862341,835584
2650.128644539052,843776
2649.5791065055714,851968
2649.605982731137,860160
2650.7062222223917,868352
2650.2893941644,876544
2650.905751820544,884736
2651.574737268825,892928
2651.4536095489043,901120
2651.4520999343563,909312
2651.6549918636674,917504
2652.149311520507,925696
2652.0054264602154,933888
2651.807830853449,942080
2651.9750997906094,950272
2651.922605219339,958464
2652.5442673030357,966656
2651.981604350702,974848
2651.5899441572806,983040
2651.869518137172,991232
2651.428122016204,999424
2650.8640230716755,1007616
2650.394333080845,1015808
2650.530003245801,1024000
2650.768425334407,1032192
2650.7588855121617,1040384
2650.262415094305,1048576
2650.750175303205,1056768
2650.851858446652,1064960
2651.247319911186,1073152
2650.947149793253,1081344
2650.458836811614,1089536
2649.985085629682,1097728
2650.7019526009876,1105920
2650.227864476614,1114112
2649.9763502887163,1122304
2650.119995360972,1130496
2650.2643723633846,1138688
2650.107882939455,1146880
2650.2644403898403,1155072
2649.771690265992,1163264
2649.792562026,1171456
2649.774203074379,1179648
2649.4560806213144,1187840
2649.262170688006,1196032
2649.5009258335026,1204224
2648.6885217300614,1212416
2648.124503936754,1220608
2648.2428512366755,1228800
2648.8057309653677,1236992
2648.7892019802957,1245184
2648.755025142401,1253376
2648.4216976206826,1261568
2647.735568898846,1269760
2647.447477209098,1277952
2647.0807347195223,1286144
2646.9800782205734,1294336
2646.5948700639306,1302528
2646.759943979706,1310720
2647.404990577732,1318912
2647.4387021556972,1327104
2647.3162636028455,1335296
2647.6317549392656,1343488
2647.504242914742,1351680
2646.759062714229,1359872
2646.726104519944,1368064
2646.6830446302697,1376256
2646.7610016665794,1384448
2646.2838347830307,1392640
2646.491807492961,1400832
2646.608170603074,1409024
2646.5964219229418,1417216
2646.5197803872707,1425408
2646.3759028233176,1433600
2646.6487612259593,1441792
2646.5234981657572,1449984
2646.5786247067854,1458176
2646.235547598015,1466368
2646.411561881977,1474560
2646.343414455153,1482752
2646.5329953638684,1490944
2646.5867363971324,1499136
2646.2761294627503,1507328
2645.933473106786,1515520
2646.04607791414,1523712
2645.936983345914,1531904
2646.238578233276,1540096
2646.6175689332504,1548288
2646.619495117881,1556480
2646.037473274963,1564672
2645.6522120507634,1572864
2645.6232690457487,1581056
2645.804057987123,1589248
2645.851124582694,1597440
2645.8599265013413,1605632
2645.7348244780214,1613824
2645.819546908744,1622016
2645.66387351208,1630208
2645.1279442318555,1638400
2644.80048386409,1646592
2644.8895538053275,1654784
2644.1055300686994,1662976
2643.6771277942353,1671168
2643.358597186057,1679360
2643.1032087498184,1687552
2643.0323303788937,1695744
2643.2214229066376,1703936
2643.01417766898,1712128
2642.4780891715336,1720320
2642.752208919421,1728512
2642.867409919537,1736704
2642.7210139212207,1744896
2642.617553467807,1753088
2642.7920796879544,1761280
2642.934375888473,1769472
2642.82890355164,1777664
2643.064936906511,1785856
2643.091668043724,1794048
2643.09954361757,1802240
2643.1351951486604,1810432
2642.8021455814905,1818624
2642.3271572582294,1826816
2642.3140876293564,1835008
2642.1234428373323,1843200
2641.666910964091,1851392
2641.7043927016275,1859584
2641.355189528654,1867776
2640.9746070669944,1875968
2641.1554738222626,1884160
2641.0517992018254,1892352
2641.0372129977777,1900544
2640.852309180511,1908736
2640.9834543642155,1916928
2641.0262242219665,1925120
2641.1305817892357,1933312
2641.0470932513904,1941504
2640.941032937868,1949696
2640.9405526810774,1957888
2640.853207256645,1966080
2640.923186271888,1974272
2641.017343446917,1982464
2641.350369238561,1990656
2641.3589267252446,1998848
2641.0979872030703,2007040
2641.2918468399976,2015232
2641.19221471537,2023424
2641.2743696999905,2031616
2641.2866616790475,2039808
2641.4729248288936,2048000
2641.383831934523,2056192
2641.073946983069,2064384
2641.0332759179814,2072576
2641.3527647514525,2080768
2641.0776358233147,2088960
2640.9501400104796,2097152
2641.1500662225185,2105344
2641.0301813714577,2113536
2640.8901116232855,2121728
2640.544053155263,2129920
2640.7422478829403,2138112
2640.699534838887,2146304
2640.538132695614,2154496
2640.3209019314572,2162688
2640.5202327014385,2170880
2639.901401838961,2179072
2639.972940441026,2187264
2639.6925528652123,2195456
2639.7675918273326,2203648
2639.7019231952963,2211840
2639.3596560209035,2220032
2639.728523270155,2228224
2639.634600032263,2236416
2639.2093605069786,2244608
2639.0708287359935,2252800
2638.9864142023866,2260992
2639.2058224155044,2269184
2639.324126919086,2277376
2639.2832283271587,2285568
2639.489145025767,2293760
2639.7681229727627,2301952
2639.644994600384,2310144
2639.4231170895055,2318336
2639.3044971334816,2326528
2639.497785342007,2334720
2639.448894662911,2342912
2639.473952877698,2351104
2639.7134479738775,2359296
2639.8360203110637,2367488
2639.407007194409,2375680
2639.445808399215,2383872
2639.4203460205663,2392064
2639.443905796827,2400256
2639.2159749820976,2408448
2639.124151141278,2416640
2639.0522264227598,2424832
2639.0735738443204,2433024
2639.5368874612273,2441216
2639.7757649360997,2449408
2640.0002603669477,2457600
2639.921088016591,2465792
2639.82690776604,2473984
2639.9838710188574,2482176
2639.9081886182516,2490368
2639.8792246239705,2498560
2639.6465400774423,2506752
2639.6938499224893,2514944
2639.5282802140014,2523136
2639.392759537131,2531328
2639.4447576246494,2539520
2639.4807403430045,2547712
2639.4793275675293,2555904
2639.359001741183,2560000
