5.824508145451546,8192
6.0661762952804565,8192
5.396974086761475,8192
5.141201987862587,8192
5.439194664359093,8192
5.515702068805695,8192
5.609000474214554,8192
5.540814623236656,8192
5.431604757905006,8192
5.25716133415699,8192
5.554698407649994,8192
5.226130783557892,8192
5.655527114868164,8192
6.096240133047104,8192
5.607160925865173,8192
5.594734475016594,8192
5.078125,8192
5.896949395537376,8192
6.076330691576004,8192
5.421596392989159,8192
5.556406080722809,8192
5.769838765263557,8192
5.669791251420975,8192
5.536705628037453,8192
5.220700055360794,8192
5.333540588617325,8192
5.728518217802048,8192
4.730882495641708,8192
5.301617085933685,8192
5.1911719143390656,8192
5.429387837648392,8192
5.7825639843940735,8192
5.861224606633186,8192
5.745890364050865,8192
5.813953652977943,8192
5.540075525641441,8192
5.072133615612984,8192
5.003013834357262,8192
5.70095032453537,8192
5.631134659051895,8192
6.089331582188606,8192
5.067819356918335,8192
5.463550612330437,8192
5.619372799992561,8192
5.1222532987594604,8192
5.459098517894745,8192
5.194596201181412,8192
6.29393458366394,8192
5.005669966340065,8192
5.631536617875099,8192
5.671641975641251,8192
5.139698088169098,8192
5.680530890822411,8192
5.38521409034729,8192
5.318460986018181,8192
5.158069729804993,8192
5.341847240924835,8192
5.588603764772415,8192
5.470170080661774,8192
5.596669763326645,8192
5.161485075950623,8192
5.80342710018158,8192
5.566280707716942,8192
5.329705402255058,8192
6.133503094315529,8192
5.298742279410362,8192
5.67818284034729,8192
5.607043579220772,8192
5.995284765958786,8192
6.003598868846893,8192
4.934734106063843,8192
5.486362800002098,8192
6.092607602477074,8192
5.42742945253849,8192
5.433376505970955,8192
5.6895192712545395,8192
5.2332717925310135,8192
5.59256374835968,8192
5.794781446456909,8192
4.703544080257416,8192
5.591397732496262,8192
5.393190681934357,8192
5.833333358168602,8192
6.059618666768074,8192
4.87421378493309,8192
5.64962811768055,8192
5.892004817724228,8192
5.153392627835274,8192
5.732192099094391,8192
5.544521659612656,8192
5.906280502676964,8192
5.581687018275261,8192
5.020177736878395,8192
5.809583514928818,8192
5.421313643455505,8192
4.915173724293709,8192
5.693787336349487,8192
5.193563923239708,8192
5.401035025715828,8192
5.378858745098114,8192
4.983443766832352,8192
6.2227752059698105,8192
5.715665593743324,8192
5.701343342661858,8192
5.253253877162933,8192
5.910881981253624,8192
5.914616212248802,8192
5.542545020580292,8192
5.762763693928719,8192
5.390625074505806,8192
5.853357911109924,8192
5.65110556781292,8192
5.536159500479698,8192
5.337867885828018,8192
5.759003013372421,8192
5.9090908616781235,8192
5.839534103870392,8192
5.402858555316925,8192
5.62470443546772,8192
5.796410888433456,8192
5.711287632584572,8192
5.511566624045372,8192
5.676126852631569,8192
5.8749008923769,8192
5.481218919157982,8192
5.448884144425392,8192
5.893034115433693,8192
5.378151312470436,8192
5.878634750843048,8192
5.745533108711243,8192
5.88328093290329,8192
5.711565911769867,8192
5.673306807875633,8192
4.893370717763901,8192
5.038576573133469,8192
5.5394526571035385,8192
5.228758230805397,8192
5.442073196172714,8192
6.271951645612717,8192
5.101877078413963,8192
5.3153011947870255,8192
5.5314358323812485,8192
5.504176765680313,8192
5.8220211416482925,8192
6.224627792835236,8192
5.517130345106125,8192
5.477150529623032,8192
5.8617003262043,8192
4.939298331737518,8192
5.764290317893028,8192
5.142766982316971,8192
5.5429864674806595,8192
5.427631735801697,8192
6.145426258444786,8192
5.325347930192947,8192
5.108456313610077,8192
4.933228716254234,8192
5.285646393895149,8192
5.325717851519585,8192
5.565162748098373,8192
6.013153865933418,8192
5.707118287682533,8192
5.682888627052307,8192
5.239427834749222,8192
5.4040320217609406,8192
5.288207158446312,8192
5.235365033149719,8192
5.32698817551136,8192
5.413235723972321,8192
5.525586754083633,8192
6.14020936191082,8192
5.191082879900932,8192
5.48708438873291,8192
5.525743216276169,8192
5.2291907370090485,8192
5.602904036641121,8192
5.663048475980759,8192
5.548791214823723,8192
5.850787460803986,8192
6.325685232877731,8192
5.5379509925842285,8192
6.040160730481148,8192
5.935846641659737,8192
5.331205204129219,8192
6.25,8192
5.72708360850811,8192
6.172839552164078,8192
6.260242313146591,8192
5.489081516861916,8192
5.619317293167114,8192
5.4748062044382095,8192
5.359414592385292,8192
5.738203972578049,8192
5.52443191409111,8192
5.5483028292655945,8192
5.403755232691765,8192
6.352117657661438,8192
5.901967361569405,8192
5.7242803275585175,8192
5.9065718203783035,8192
5.091586336493492,8192
6.206361576914787,8192
5.418553948402405,8192
5.725502967834473,8192
5.701053887605667,8192
5.005871877074242,8192
5.143796280026436,8192
5.602326616644859,8192
5.661921203136444,8192
5.931657180190086,8192
5.393185839056969,8192
5.395683273673058,8192
6.287965923547745,8192
5.359854176640511,8192
5.514705926179886,8192
5.3246960043907166,8192
5.038759857416153,8192
5.381089821457863,8192
5.677197501063347,8192
5.214465782046318,8192
5.619890987873077,8192
5.740653723478317,8192
5.8185875415802,8192
6.456776708364487,8192
5.66180944442749,8192
5.292947962880135,8192
5.224825814366341,8192
5.243626981973648,8192
5.760990455746651,8192
5.240443721413612,8192
5.740884318947792,8192
5.541125684976578,8192
5.650336667895317,8192
5.852140113711357,8192
5.829959362745285,8192
5.331153050065041,8192
6.21703676879406,8192
5.559869483113289,8192
5.638862773776054,8192
5.2542634308338165,8192
5.634014308452606,8192
5.185851454734802,8192
5.196896567940712,8192
5.781653895974159,8192
5.964912101626396,8192
5.132396146655083,8192
4.825109243392944,8192
5.904463678598404,8192
5.854956805706024,8192
5.932068079710007,8192
5.499760806560516,8192
5.072955414652824,8192
5.608844012022018,8192
5.717876181006432,8192
5.739156156778336,8192
5.5670104920864105,8192
5.6588903069496155,8192
5.971549078822136,8192
5.95800094306469,8192
5.476641282439232,8192
5.8738332241773605,8192
5.509433895349503,8192
5.186311900615692,8192
5.941669270396233,8192
5.706721544265747,8192
5.543949827551842,8192
5.620976537466049,8192
5.112066492438316,8192
5.315962806344032,8192
5.605114623904228,8192
5.619834735989571,8192
5.744125321507454,8192
6.025221943855286,8192
5.325914174318314,8192
5.533292144536972,8192
5.538898706436157,8192
5.687438324093819,8192
6.376146525144577,8192
5.942052602767944,8192
5.791505798697472,8192
4.988550767302513,8192
5.604343116283417,8192
5.957925319671631,8192
5.772750079631805,8192
5.343028903007507,8192
5.815243348479271,8192
5.3071726113557816,8192
5.918895453214645,8192
5.990558490157127,8192
5.765682831406593,8192
5.711406096816063,8192
5.802562087774277,8192
6.220397725701332,8192
5.464141443371773,8192
5.414874851703644,8192
5.3020767867565155,8192
5.599214136600494,8192
5.398948863148689,8192
5.641702562570572,8192
5.93206025660038,8192
5.3106993436813354,8192
5.463885515928268,8192
5.759504064917564,8192
5.731766298413277,8192
5.557366460561752,8192
6.031746044754982,8192
5.8905597776174545,8192
5.6809090077877045,8192
5.647676810622215,8192
5.389754846692085,8192
6.052631512284279,8192
5.612322688102722,8192
5.743458867073059,4096
