4.3205805122852325,8192
4.282527789473534,8192
4.386512562632561,8192
4.558534175157547,8192
4.473160952329636,8192
5.050335451960564,8192
4.275032505393028,8192
4.2757149785757065,8192
4.547615349292755,8192
4.052121564745903,8192
4.440599679946899,8192
3.9725590497255325,8192
4.349201172590256,8192
3.91194187104702,8192
4.678091779351234,8192
4.141542315483093,8192
4.715344682335854,8192
4.763391986489296,8192
4.343314468860626,8192
4.433993995189667,8192
4.340332001447678,8192
4.353476315736771,8192
4.593134298920631,8192
4.531516134738922,8192
4.337552562355995,8192
4.5315273106098175,8192
4.62409071624279,8192
4.791394993662834,8192
4.777315631508827,8192
4.990842565894127,8192
4.757433384656906,8192
4.792746156454086,8192
5.2173912525177,8192
4.674762859940529,8192
4.569070786237717,8192
4.728682339191437,8192
4.585152864456177,8192
4.600878059864044,8192
4.867256805300713,8192
5.159031972289085,8192
4.565996676683426,8192
4.846298694610596,8192
5.237020179629326,8192
4.651888832449913,8192
4.952443391084671,8192
4.623260349035263,8192
4.5395378023386,8192
5.179808661341667,8192
4.896989092230797,8192
4.598387703299522,8192
4.909958317875862,8192
4.799523204565048,8192
5.117984861135483,8192
4.684711620211601,8192
4.707178846001625,8192
4.7424860298633575,8192
4.60856705904007,8192
5.0711192190647125,8192
5.060059949755669,8192
5.113986507058144,8192
5.1552701741456985,8192
5.346373096108437,8192
5.695405974984169,8192
5.031244829297066,8192
4.972817376255989,8192
5.143484473228455,8192
4.526942223310471,8192
5.316067487001419,8192
5.281037837266922,8192
4.827156662940979,8192
4.708340018987656,8192
5.0818659365177155,8192
4.967320337891579,8192
4.867114871740341,8192
4.899777099490166,8192
4.897512122988701,8192
4.821150749921799,8192
4.984520003199577,8192
4.779229313135147,8192
5.363454669713974,8192
4.755594953894615,8192
5.059767514467239,8192
4.3802279978990555,8192
5.028735473752022,8192
4.752851650118828,8192
5.130874365568161,8192
5.289256200194359,8192
4.653696343302727,8192
5.034482851624489,8192
5.180856212973595,8192
5.212293937802315,8192
4.816262796521187,8192
4.92008775472641,8192
5.07831834256649,8192
4.966006428003311,8192
5.1167793571949005,8192
4.478092864155769,8192
4.797713831067085,8192
5.616093799471855,8192
5.856423079967499,8192
4.588731005787849,8192
4.701073095202446,8192
4.721301048994064,8192
5.121830105781555,8192
4.874715209007263,8192
5.45855239033699,8192
4.795396327972412,8192
4.918303340673447,8192
4.986712336540222,8192
4.976571351289749,8192
5.20833320915699,8192
4.906962811946869,8192
4.68917079269886,8192
5.315183848142624,8192
5.069873109459877,8192
4.812348634004593,8192
5.089058354496956,8192
5.298725143074989,8192
5.366922169923782,8192
4.918032884597778,8192
4.834417626261711,8192
4.448997601866722,8192
5.015571042895317,8192
4.988417029380798,8192
4.6136099845170975,8192
4.487379267811775,8192
5.27329295873642,8192
5.085543915629387,8192
5.17612025141716,8192
4.878048598766327,8192
4.900854453444481,8192
5.233238637447357,8192
5.5590953677892685,8192
5.0910212099552155,8192
5.113278701901436,8192
4.754282161593437,8192
5.074062570929527,8192
4.976090788841248,8192
4.8430778086185455,8192
4.7955092042684555,8192
5.194596201181412,8192
4.834996163845062,8192
4.818887636065483,8192
4.990583658218384,8192
4.929356276988983,8192
5.347166955471039,8192
5.169050768017769,8192
5.1871828734874725,8192
4.65659536421299,8192
4.987908154726028,8192
4.6862199902534485,8192
4.849812388420105,8192
5.407198518514633,8192
5.253968387842178,8192
5.111335963010788,8192
4.904875159263611,8192
4.891391843557358,8192
5.751987919211388,8192
5.103940516710281,8192
4.606963694095612,8192
4.720692336559296,8192
5.066079273819923,8192
4.587986692786217,8192
4.790690541267395,8192
4.644010588526726,8192
5.4145243018865585,8192
5.140265449881554,8192
5.088122561573982,8192
5.550208687782288,8192
4.988360404968262,8192
5.199222639203072,8192
5.412054061889648,8192
4.72453311085701,8192
5.763993784785271,8192
5.616271868348122,8192
4.670694097876549,8192
5.236314237117767,8192
5.0923168659210205,8192
5.334420874714851,8192
5.091714113950729,8192
5.034143105149269,8192
5.47160804271698,8192
5.942684784531593,8192
4.830677434802055,8192
5.373134464025497,8192
4.827375337481499,8192
5.2041757851839066,8192
5.269881710410118,8192
5.1145039498806,8192
4.967973753809929,8192
5.334190279245377,8192
5.047169700264931,8192
5.259761214256287,8192
5.022688210010529,8192
5.288239941000938,8192
5.014749243855476,8192
5.195000767707825,8192
4.9813199788331985,8192
5.214042216539383,8192
5.156847834587097,8192
5.5442966520786285,8192
5.035093054175377,8192
4.9159325659275055,8192
5.100240558385849,8192
4.900074005126953,8192
4.785030707716942,8192
5.086908116936684,8192
4.882371798157692,8192
5.3513262420892715,8192
4.805664345622063,8192
5.4054055362939835,8192
5.244207754731178,8192
5.014523863792419,8192
5.2511066198349,8192
4.651565104722977,8192
5.852578207850456,8192
5.052099749445915,8192
5.026195198297501,8192
5.001497268676758,8192
5.418158322572708,8192
5.103819817304611,8192
4.759759828448296,8192
4.6433161944150925,8192
5.130254104733467,8192
5.168793350458145,8192
4.925255849957466,8192
4.412607476115227,8192
5.048156902194023,8192
5.359124764800072,8192
5.258330702781677,8192
4.883195087313652,8192
5.618990212678909,8192
5.5198971182107925,8192
5.136829242110252,8192
5.287539958953857,8192
4.981435462832451,8192
5.080759152770042,8192
5.017301067709923,8192
5.24955578148365,8192
5.000000074505806,8192
4.473326355218887,8192
5.097845569252968,8192
5.206547304987907,8192
5.533904954791069,8192
4.872460663318634,8192
5.284686014056206,8192
5.0094518810510635,8192
5.675853043794632,8192
5.186855792999268,8192
4.868612065911293,8192
4.884887859225273,8192
5.499600246548653,8192
4.979956895112991,8192
4.863174259662628,8192
5.035971105098724,8192
5.134627595543861,8192
5.146939307451248,8192
5.91670498251915,8192
4.039610177278519,8192
4.722531512379646,8192
5.342847108840942,8192
5.313307419419289,8192
5.394865199923515,8192
4.696394503116608,8192
5.263157933950424,8192
5.226196348667145,8192
5.022631213068962,8192
5.660073831677437,8192
5.143288150429726,8192
5.04140630364418,8192
5.206738039851189,8192
5.427233129739761,8192
5.11191338300705,8192
4.934109747409821,8192
5.1277849823236465,8192
5.354305729269981,8192
4.757201671600342,8192
5.006609484553337,8192
5.100923031568527,8192
5.3233180195093155,8192
4.87520806491375,8192
5.0343964248895645,8192
4.906268417835236,8192
5.449957773089409,8192
4.6240076422691345,8192
5.236990377306938,8192
5.190744251012802,8192
5.54291270673275,8192
4.624452069401741,8192
4.4488608837127686,8192
5.029444396495819,8192
5.200184136629105,8192
4.730158671736717,8192
5.308275669813156,8192
4.702194407582283,8192
4.613003134727478,8192
5.313630029559135,8192
5.149944871664047,8192
5.197739973664284,8192
5.71475625038147,8192
5.334904044866562,8192
5.411877483129501,8192
5.216581374406815,8192
5.467372015118599,8192
5.333536118268967,8192
5.00078871846199,8192
4.40043993294239,8192
5.040806531906128,8192
5.3855761885643005,8192
5.347106233239174,8192
4.741128534078598,8192
5.319149047136307,8192
5.3035590797662735,4096
