3795.8112776421917,8192
3722.3368428106633,16384
3736.7856782576537,24576
3720.071810435196,32768
3735.508199846141,40960
3749.9975523505764,49152
3758.312830056869,57344
3755.3737145617993,65536
3756.9564811806654,73728
3759.035424324109,81920
3745.6578697994196,90112
3754.4487818153184,98304
3755.9443374670373,106496
3756.9052686238474,114688
3752.9332740456443,122880
3757.1993309038344,131072
3758.881045022297,139264
3754.759603827893,147456
3751.0502232989943,155648
3757.0896882818556,163840
3756.726214993909,172032
3759.083560002394,180224
3757.9015370492693,188416
3763.839233928716,196608
3769.6937022990537,204800
3771.3472117236124,212992
3772.338676619567,221184
3774.357760353834,229376
3771.7413598119715,237568
3768.960021945766,245760
3768.2092116684994,253952
3769.7891523521666,262144
3770.8054369835154,270336
3772.5512926832403,278528
3772.051874539898,286720
3770.5009595960987,294912
3770.6999287024214,303104
3772.6452094143106,311296
3771.646159436926,319488
3769.5622152703827,327680
3769.2444167143517,335872
3768.7855112319153,344064
3765.160835095847,352256
3764.3642179246904,360448
3765.9719372975655,368640
3767.6342018872792,376832
3769.4509747179764,385024
3769.7548487749,393216
3770.278876754427,401408
3768.853917921124,409600
3768.3158337178693,417792
3767.010226525322,425984
3766.4308955783786,434176
3764.6276220947543,442368
3765.0055893960985,450560
3763.6509406678247,458752
3762.7255195331527,466944
3761.874101134815,475136
3758.5785480403756,483328
3757.029075678463,491520
3756.399846091122,499712
3756.0691921938565,507904
3755.259530638617,516096
3754.5857765543415,524288
3754.685301063508,532480
3754.0085391251555,540672
3754.0482880159584,548864
3755.499302787473,557056
3754.098283296225,565248
3754.233862908851,573440
3754.412022816309,581632
3753.1009575057374,589824
3753.801740085754,598016
3754.5063528470264,606208
3754.709536371512,614400
3754.2359195723716,622592
3753.792886822792,630784
3753.1065328582486,638976
3754.691694811637,647168
3753.7655164103153,655360
3752.5008758695494,663552
3752.800757456355,671744
3752.9864919782244,679936
3752.862093714843,688128
3753.2333248994887,696320
3751.9226929224537,704512
3750.402207242384,712704
3750.591803164703,720896
3751.4069570863317,729088
3750.572820653635,737280
3750.1439401898037,745472
3750.089435271927,753664
3749.872826980209,761856
3750.566730754697,770048
3749.2881677918554,778240
3749.0395307061904,786432
3749.7665332434585,794624
3748.8947860355665,802816
3748.9948299100906,811008
3748.178789449949,819200
3748.3628127971047,827392
3750.0322283669075,835584
3750.1131697076876,843776
3750.420975279046,851968
3749.7314016858113,860160
3750.449112540817,868352
3751.0762110191845,876544
3751.628655884105,884736
3751.3352471520093,892928
3751.7482121862217,901120
3750.5108797940716,909312
3749.8810165132095,917504
3749.8169758416216,925696
3749.676799176927,933888
3749.9958056768855,942080
3749.9482144488015,950272
3749.477331927983,958464
3748.1773765974035,966656
3747.6396094983597,974848
3747.5594440147356,983040
3746.6361137724707,991232
3745.6871790111877,999424
3745.6405319028645,1007616
3745.994155567563,1015808
3746.8997792821006,1024000
3747.1638568628728,1032192
3746.4140861103338,1040384
3746.103687951632,1048576
3746.560787956019,1056768
3746.821908057449,1064960
3747.238151391659,1073152
3747.655606195821,1081344
3746.859455660897,1089536
3746.3923093278486,1097728
3746.2947434794964,1105920
3746.6198701891108,1114112
3746.7854791635964,1122304
3746.0651415233087,1130496
3745.9812521667955,1138688
3746.2558168282803,1146880
3746.155113969463,1155072
3745.850745045472,1163264
3746.285469529378,1171456
3746.096846748069,1179648
3746.1979420463863,1187840
3746.1482144927036,1196032
3746.728035843394,1204224
3746.4794067368484,1212416
3746.700191968479,1220608
3745.9792092764683,1228800
3746.863293522141,1236992
3746.7769620774056,1245184
3747.0308028221875,1253376
3747.0101911781167,1261568
3747.532996869249,1269760
3746.9410594424658,1277952
3747.021058977082,1286144
3746.8756919119755,1294336
3746.414520487054,1302528
3746.191607522807,1310720
3746.3096530420353,1318912
3746.644063963323,1327104
3746.5485994738865,1335296
3745.9018939598604,1343488
3745.8485618590075,1351680
3745.6430002677516,1359872
3746.1020818362754,1368064
3745.691316214317,1376256
3745.410787476909,1384448
3745.8876913797944,1392640
3745.9894874840143,1400832
3745.061806367362,1409024
3745.1992601733227,1417216
3744.1269469087697,1425408
3743.2828861277408,1433600
3742.6956085074034,1441792
3743.363645760834,1449984
3742.6335910741504,1458176
3742.794988061481,1466368
3742.6207604986153,1474560
3742.3953838294133,1482752
3742.258600701621,1490944
3741.2760554475876,1499136
3741.597154160918,1507328
3741.785107916645,1515520
3741.570771779555,1523712
3741.4424086473086,1531904
3741.3782544319456,1540096
3740.9043132746815,1548288
3740.7159968870583,1556480
3741.115315069642,1564672
3740.9914554447287,1572864
3740.963526860395,1581056
3740.8357916901973,1589248
3740.5745981071777,1597440
3740.3073703166365,1605632
3740.031848068509,1613824
3739.761200322416,1622016
3739.1170436995512,1630208
3739.0173365547253,1638400
3737.303049977765,1646592
3737.257254159724,1654784
3737.519522420937,1662976
3737.5453426350005,1671168
3737.0283232527263,1679360
3736.1392613404782,1687552
3736.168163081636,1695744
3736.309438088579,1703936
3736.1934614764687,1712128
3735.99053693561,1720320
3735.8707642554195,1728512
3735.5838087460083,1736704
3735.499261933461,1744896
3735.0294927358686,1753088
3735.632539992459,1761280
3735.33691220543,1769472
3735.4619768261805,1777664
3735.8025816173654,1785856
3735.5905081782475,1794048
3735.661340109979,1802240
3735.4369062266833,1810432
3735.2028422594076,1818624
3735.3555859751973,1826816
3735.3642220546367,1835008
3735.6152176242704,1843200
3735.6578450047896,1851392
3735.2985762476824,1859584
3735.677711079556,1867776
3735.6674995735752,1875968
3735.5023450280733,1884160
3735.220965718933,1892352
3734.5461897639752,1900544
3734.4555515748043,1908736
3734.1208465654,1916928
3734.236770275416,1925120
3733.9799945390355,1933312
3733.905714043573,1941504
3734.444711999109,1949696
3734.5031822612927,1957888
3734.7562109278374,1966080
3734.90792508954,1974272
3735.2048791479588,1982464
3734.9399884636364,1990656
3734.6741346207027,1998848
3734.6182584000467,2007040
3734.8539117769647,2015232
3734.7455856829088,2023424
3734.8700227362697,2031616
3734.932010231662,2039808
3735.0986536006285,2048000
3734.725423870985,2056192
3734.497565399323,2064384
3734.1474563436136,2072576
3734.239392019004,2080768
3734.209427674811,2088960
3734.004285292921,2097152
3734.179644781604,2105344
3733.517090087087,2113536
3733.93878948236,2121728
3734.180337780316,2129920
3734.7942095080502,2138112
3734.770427784882,2146304
3734.8663839982637,2154496
3734.974986487797,2162688
3735.228900119737,2170880
3735.4185662582486,2179072
3734.8650033589597,2187264
3734.8558431033225,2195456
3734.5925722610746,2203648
3733.962795369415,2211840
3734.18479311402,2220032
3734.199139430237,2228224
3733.5577557242063,2236416
3733.277542520651,2244608
3733.5127459562773,2252800
3733.468116516388,2260992
3733.7749632843443,2269184
3734.111792757596,2277376
3734.057090321211,2285568
3734.276504896278,2293760
3734.5812415386,2301952
3734.526106177134,2310144
3733.8774862769656,2318336
3734.1744830388416,2326528
3734.1012688637556,2334720
3733.9692634360663,2342912
3733.7343729494446,2351104
3733.705766261175,2359296
3733.4298656629776,2367488
3733.6418275783635,2375680
3733.7175475903905,2383872
3733.4690467596333,2392064
3733.5558581545492,2400256
3733.644454780218,2408448
3733.6827231604975,2416640
3733.748413508672,2424832
3733.6104963450894,2433024
3733.436865365111,2441216
3733.4693837336195,2449408
3733.3112843882714,2457600
3733.5496715160543,2465792
3733.4624158218267,2473984
3733.1861356108056,2482176
3733.1329691109026,2490368
3732.7170234318796,2498560
3732.7527028847844,2506752
3732.918916658145,2514944
3733.0229816336505,2523136
3732.883380923037,2531328
3732.547040720049,2539520
3732.230712999724,2547712
3732.444000815018,2555904
3732.497546240119,2560000
