3683.77311931219,8192
3679.868600791192,16384
3657.5536066675263,24576
3687.0830860503193,32768
3680.043372870767,40960
3681.564029590634,49152
3698.8893857991015,57344
3696.0860576684076,65536
3701.4693057316586,73728
3709.176200454411,81920
3704.6610845204223,90112
3702.0122785805834,98304
3701.252775460138,106496
3701.252329387839,114688
3699.3679857839097,122880
3702.332539476053,131072
3706.1636680478664,139264
3704.2227458244397,147456
3707.0825151424037,155648
3705.369317984544,163840
3700.0037510090724,172032
3703.790934706265,180224
3706.376709791263,188416
3704.085123311921,196608
3707.92086731304,204800
3707.576631037543,212992
3706.479666494104,221184
3704.7176824202534,229376
3705.759491185546,237568
3703.446003675064,245760
3701.6340299009958,253952
3699.474451831578,262144
3698.691314622243,270336
3702.8453486272315,278528
3700.1946027040053,286720
3701.222018146824,294912
3700.8311840709157,303104
3699.405184625904,311296
3697.9689943819844,319488
3697.5639753646747,327680
3695.2190432381312,335872
3694.3664928236826,344064
3692.7405109791825,352256
3690.8323027446827,360448
3689.626797476231,368640
3687.202450279438,376832
3687.3047490541153,385024
3689.5392170376863,393216
3690.4250084714763,401408
3688.9761373258752,409600
3686.9436614309398,417792
3686.131853136458,425984
3687.9246502509704,434176
3687.2504711198994,442368
3689.5787443999748,450560
3686.2926992764083,458752
3688.0210795500166,466944
3686.7578751352944,475136
3686.661320896246,483328
3685.94639052481,491520
3683.8414818025117,499712
3684.6020821919315,507904
3685.2242677808326,516096
3684.132902306187,524288
3684.4321854907475,532480
3685.266604354722,540672
3684.399766363041,548864
3682.734054043663,557056
3681.2880946591204,565248
3680.3121650641842,573440
3677.6972714126446,581632
3675.8464978995817,589824
3676.8711153568024,598016
3674.871439295121,606208
3673.739006270344,614400
3675.0945808588554,622592
3676.5307199924787,630784
3677.461897382729,638976
3677.4654494482356,647168
3677.1097147577425,655360
3677.8679225189703,663552
3677.774900271736,671744
3678.113433495053,679936
3678.813092406098,688128
3677.964606160296,696320
3678.5336401714935,704512
3678.3972075667702,712704
3678.8821939009918,720896
3678.5203327948893,729088
3678.502256654653,737280
3678.909310926797,745472
3678.7544599115663,753664
3678.642478689541,761856
3678.619990309842,770048
3679.3181469992683,778240
3679.6467112857545,786432
3679.535476489356,794624
3678.2923601469734,802816
3678.637186060469,811008
3678.489245550053,819200
3679.4699410834364,827392
3679.5780204992034,835584
3680.3361638353813,843776
3680.6029139635607,851968
3679.8885542692406,860160
3679.5000995376367,868352
3679.8534153045052,876544
3679.71370320364,884736
3679.3363379407697,892928
3679.0162671852154,901120
3678.3758294687373,909312
3677.2277568702693,917504
3676.7537313271314,925696
3676.478701150266,933888
3676.4448102665483,942080
3676.119391057804,950272
3676.975896264371,958464
3676.313486690609,966656
3675.3190503734695,974848
3675.719501430412,983040
3676.3342489921515,991232
3676.110893069361,999424
3676.442059150725,1007616
3676.2231827527403,1015808
3675.9718105764723,1024000
3676.4222060748293,1032192
3677.2332975143386,1040384
3676.1419201801054,1048576
3675.078593174064,1056768
3675.0440788259602,1064960
3675.3690932833806,1073152
3674.852150961624,1081344
3673.923952031013,1089536
3673.4073531852805,1097728
3673.629614075224,1105920
3674.198306144938,1114112
3673.9860778013954,1122304
3673.894766258288,1130496
3674.8186395503944,1138688
3674.422567520337,1146880
3674.98770693236,1155072
3675.852880877769,1163264
3676.5109542518935,1171456
3676.5965695881973,1179648
3675.5950906606636,1187840
3674.6694770501203,1196032
3675.830714962569,1204224
3675.9296822097435,1212416
3676.10310943317,1220608
3676.497779649115,1228800
3676.6504515592887,1236992
3676.9154520244642,1245184
3676.99500034802,1253376
3676.609064195129,1261568
3676.0926856927686,1269760
3675.5776956643963,1277952
3676.3213285623156,1286144
3676.4507266985124,1294336
3676.7898094171123,1302528
3677.075217117958,1310720
3676.4541265692715,1318912
3676.827341717648,1327104
3676.969948353022,1335296
3676.4234952455654,1343488
3675.553958132539,1351680
3675.7403799705417,1359872
3675.619705867463,1368064
3675.255176903103,1376256
3674.671183393909,1384448
3674.9100506084465,1392640
3675.014288030279,1400832
3674.971418996442,1409024
3673.795364046971,1417216
3674.0009950123836,1425408
3674.4392826039466,1433600
3674.2575898467358,1441792
3674.7122346416727,1449984
3675.3662784376324,1458176
3675.3435583771866,1466368
3675.483222942507,1474560
3675.251118403446,1482752
3674.9669086687145,1490944
3675.464759641516,1499136
3675.7023133873317,1507328
3675.793433783232,1515520
3676.506965856136,1523712
3676.0865345604398,1531904
3676.1546603485785,1540096
3675.950525485215,1548288
3675.308935948244,1556480
3675.0426918702365,1564672
3675.128378541136,1572864
3675.7323489786504,1581056
3676.040123974058,1589248
3676.150862054836,1597440
3676.142954269531,1605632
3676.022657024723,1613824
3675.7856999458163,1622016
3676.4447946394853,1630208
3675.9395444402503,1638400
3676.0280444842456,1646592
3676.0105147359104,1654784
3675.57018397419,1662976
3675.729876857987,1671168
3676.459937598361,1679360
3676.20276821163,1687552
3676.022889398839,1695744
3676.356983760316,1703936
3676.310333675111,1712128
3676.124961229611,1720320
3676.0151738662857,1728512
3676.075327353307,1736704
3676.2240782145236,1744896
3676.434079327373,1753088
3676.9588464205276,1761280
3677.2013869610914,1769472
3677.2431510046044,1777664
3677.9376518383456,1785856
3677.815327774673,1794048
3678.128734572761,1802240
3678.2705370294902,1810432
3678.309463019116,1818624
3678.3347321551905,1826816
3678.4605213720024,1835008
3678.373355980211,1843200
3678.33284621865,1851392
3678.1046477232744,1859584
3678.0165983528896,1867776
3677.3514932948624,1875968
3677.273951288673,1884160
3677.2349139059834,1892352
3676.774675244429,1900544
3676.3746158258364,1908736
3676.825638420226,1916928
3676.9888723126014,1925120
3676.088143591942,1933312
3675.8908304401943,1941504
3675.783823858295,1949696
3675.8066551644265,1957888
3675.8673609119755,1966080
3675.844418645467,1974272
3675.8010965051967,1982464
3675.4908594124317,1990656
3675.782094167717,1998848
3675.5610554129435,2007040
3675.4700066948026,2015232
3675.7218807303516,2023424
3675.458985849939,2031616
3675.3261185755237,2039808
3675.603297955041,2048000
3675.5019534632856,2056192
3675.16233739545,2064384
3675.127397989992,2072576
3674.762590022184,2080768
3674.79396549057,2088960
3674.4870012163706,2097152
3673.9370039264136,2105344
3673.5760898942394,2113536
3673.365440183175,2121728
3673.5639245470143,2129920
3673.973535254114,2138112
3673.734392284401,2146304
3673.552683918599,2154496
3673.216777076105,2162688
3673.448741304592,2170880
3673.382323682046,2179072
3673.4168428126673,2187264
3673.6547970452266,2195456
3673.4932777986614,2203648
3673.2097695034477,2211840
3673.2050015916434,2220032
3673.060948402448,2228224
3673.2005877424094,2236416
3672.9655564237173,2244608
3673.2488604002233,2252800
3673.381116721867,2260992
3672.723334084555,2269184
3672.4888829938404,2277376
3672.744927579367,2285568
3672.929630121106,2293760
3672.961530743315,2301952
3672.991714824501,2310144
3672.485823495427,2318336
3672.7177241162835,2326528
3672.5190242638582,2334720
3672.1212475112925,2342912
3672.0118685058233,2351104
3672.188149359224,2359296
3672.008649270757,2367488
3672.1428841896986,2375680
3671.6630985598804,2383872
3671.1546237035204,2392064
3671.1449328336976,2400256
3671.2390314792033,2408448
3671.3692638565326,2416640
3671.3731280692155,2424832
3671.3038759241854,2433024
3671.403631229539,2441216
3670.9738820080534,2449408
3670.749837523057,2457600
3670.5389829366727,2465792
3670.797957623879,2473984
3670.640668493223,2482176
3670.481726410942,2490368
3670.58851102908,2498560
3670.624851624753,2506752
3670.989059084728,2514944
3670.825556623035,2523136
3671.288650517333,2531328
3671.2546065165448,2539520
3670.992369855186,2547712
3671.3750048895936,2555904
3671.4193345996437,2560000
