2.372356876730919,8192
1.9880393519997597,8192
2.3637887090444565,8192
2.2308891639113426,8192
2.247551828622818,8192
2.0687509328126907,8192
1.8301267176866531,8192
2.5286974385380745,8192
2.184388041496277,8192
2.043726295232773,8192
1.8518518656492233,8192
1.8381262198090553,8192
2.0618556067347527,8192
2.3535219952464104,8192
2.29731984436512,8192
2.069522999227047,8192
2.228192239999771,8192
2.462974935770035,8192
2.1094465628266335,8192
2.2049877792596817,8192
2.1011555567383766,8192
1.9935095682740211,8192
2.183833159506321,8192
2.122560702264309,8192
1.7874090000987053,8192
1.9393181428313255,8192
2.3861508816480637,8192
2.153589390218258,8192
2.343987859785557,8192
2.3075655102729797,8192
2.195744588971138,8192
2.606429159641266,8192
2.175217494368553,8192
2.4550167843699455,8192
2.278355695307255,8192
2.2621629759669304,8192
2.4215389043092728,8192
2.310717850923538,8192
2.3139964789152145,8192
1.8533440306782722,8192
2.2992126643657684,8192
2.5384867563843727,8192
2.4689463898539543,8192
2.2763200104236603,8192
2.5586701929569244,8192
2.2298457100987434,8192
2.12076585739851,8192
2.464788779616356,8192
2.4088434875011444,8192
2.124209515750408,8192
2.414517104625702,8192
2.2159358486533165,8192
2.2508038207888603,8192
2.2550543770194054,8192
2.222222276031971,8192
2.381332963705063,8192
1.931922696530819,8192
2.0615287125110626,8192
2.474576234817505,8192
2.38896906375885,8192
2.1410001441836357,8192
2.071363851428032,8192
2.3631030693650246,8192
1.9096696749329567,8192
2.3597359657287598,8192
2.3391813039779663,8192
1.7977872863411903,8192
2.230151742696762,8192
2.2688422352075577,8192
2.3217789828777313,8192
2.072538807988167,8192
2.168967016041279,8192
2.3634184151887894,8192
1.9053202122449875,8192
2.0447593182325363,8192
2.4689313024282455,8192
2.399623580276966,8192
2.2125322371721268,8192
2.6453349739313126,8192
2.6263298466801643,8192
2.644684910774231,8192
2.274060994386673,8192
2.5793971493840218,8192
2.2194238379597664,8192
2.1937843412160873,8192
2.386711910367012,8192
2.2639691829681396,8192
2.5170862674713135,8192
2.5672942399978638,8192
2.2396599873900414,8192
2.794051356613636,8192
2.6983095332980156,8192
2.4468572810292244,8192
2.666238322854042,8192
2.2013546898961067,8192
2.7612779289484024,8192
2.467948757112026,8192
2.6544323191046715,8192
2.2515183314681053,8192
2.3924991488456726,8192
2.159520797431469,8192
2.294573560357094,8192
2.6178009808063507,8192
3.0516432598233223,8192
2.436472289264202,8192
2.828897349536419,8192
2.171099931001663,8192
2.584739215672016,8192
2.9205607250332832,8192
2.728019654750824,8192
2.22028736025095,8192
2.423570491373539,8192
2.703552320599556,8192
2.7446674183011055,8192
2.508143335580826,8192
3.1642623245716095,8192
2.5947794318199158,8192
2.212715707719326,8192
2.595936879515648,8192
2.540634386241436,8192
2.4059493094682693,8192
2.5127965956926346,8192
2.4607857689261436,8192
2.523455210030079,8192
2.1944986656308174,8192
2.4524832144379616,8192
2.8135431930422783,8192
2.311960607767105,8192
2.541560120880604,8192
2.4397823959589005,8192
2.4056604132056236,8192
2.658763714134693,8192
2.661656402051449,8192
2.4375563487410545,8192
2.063232846558094,8192
2.340458706021309,8192
2.299193851649761,8192
2.543444000184536,8192
2.3329630494117737,8192
2.6980120688676834,8192
2.5583816692233086,8192
2.3937394842505455,8192
2.699715830385685,8192
2.649223245680332,8192
2.6662277057766914,8192
2.460598200559616,8192
2.489365078508854,8192
2.703920751810074,8192
2.24390234798193,8192
2.230536751449108,8192
2.3324042558670044,8192
2.5248274207115173,8192
2.62688510119915,8192
2.6883451268076897,8192
2.843167260289192,8192
2.6762401685118675,8192
2.8813283890485764,8192
3.107658214867115,8192
2.9031187295913696,8192
2.529618889093399,8192
2.5889968499541283,8192
2.657218836247921,8192
2.6911314576864243,8192
2.3379383608698845,8192
2.822159230709076,8192
2.809165045619011,8192
2.5307796895504,8192
2.9732720926404,8192
3.3805537968873978,8192
3.1725265085697174,8192
2.7486495673656464,8192
3.2451726496219635,8192
2.794930152595043,8192
2.6849037036299706,8192
3.065505065023899,8192
2.8911834582686424,8192
2.6269955560564995,8192
2.770216204226017,8192
2.826254814863205,8192
3.0709851533174515,8192
2.8063610196113586,8192
2.9822926968336105,8192
3.2450757920742035,8192
2.7925532311201096,8192
3.1353920698165894,8192
3.0798539519309998,8192
3.10880821198225,8192
3.2715551555156708,8192
3.1071262434124947,8192
2.7323272079229355,8192
2.8243601322174072,8192
2.4970095604658127,8192
3.206349164247513,8192
3.146423026919365,8192
3.3130962401628494,8192
3.0683625489473343,8192
3.7141844630241394,8192
3.0208658427000046,8192
3.2320935279130936,8192
2.9389485716819763,8192
3.220478817820549,8192
2.9838837683200836,8192
2.957746386528015,8192
3.0038144439458847,8192
2.8624191880226135,8192
2.5645187124609947,8192
2.850736677646637,8192
2.1929174661636353,8192
2.8932541608810425,8192
3.080640360713005,8192
3.129679709672928,8192
2.724618837237358,8192
3.135833516716957,8192
2.651985175907612,8192
3.209799900650978,8192
2.6145711541175842,8192
2.7699969708919525,8192
3.1743422150611877,8192
2.873292565345764,8192
3.0697111040353775,8192
3.4761905670166016,8192
2.790405973792076,8192
3.01302932202816,8192
2.7489399537444115,8192
3.058104030787945,8192
3.0397124588489532,8192
2.6581525802612305,8192
3.3573508262634277,8192
3.481592610478401,8192
2.9070716351270676,8192
3.1383249908685684,8192
3.59962098300457,8192
3.626107797026634,8192
2.9973598197102547,8192
2.851969189941883,8192
2.7812499552965164,8192
2.9901355504989624,8192
2.7696318924427032,8192
3.21846567094326,8192
3.4905366599559784,8192
2.910667285323143,8192
3.0225491151213646,8192
2.683037705719471,8192
3.3042095601558685,8192
3.7529058754444122,8192
3.221476450562477,8192
3.377316892147064,8192
2.9843444004654884,8192
3.494623675942421,8192
2.901323139667511,8192
3.2329823821783066,8192
3.1108515337109566,8192
2.7117030695080757,8192
3.196631744503975,8192
3.401360660791397,8192
3.530733287334442,8192
3.109392710030079,8192
2.940739691257477,8192
3.169877454638481,8192
3.381180390715599,8192
2.999391034245491,8192
3.223232924938202,8192
3.255372866988182,8192
2.798035368323326,8192
3.396472707390785,8192
2.8031688183546066,8192
3.120805323123932,8192
2.685554139316082,8192
3.520563244819641,8192
3.389541804790497,8192
3.045838326215744,8192
3.0819671228528023,8192
3.0574198812246323,8192
3.250303864479065,8192
3.067394159734249,8192
3.0283812433481216,8192
3.121636249125004,8192
3.293827921152115,8192
3.2833918929100037,8192
2.5511762127280235,8192
3.4515365958213806,8192
2.9989343136548996,8192
3.2484494149684906,8192
3.253902867436409,8192
2.9816513881087303,8192
3.026113659143448,8192
3.693091496825218,8192
3.0794430524110794,8192
3.314550966024399,8192
2.9465369880199432,8192
3.1239986419677734,8192
2.9669804498553276,8192
3.6215700209140778,8192
3.4619659185409546,8192
3.963905945420265,8192
3.593188524246216,8192
3.6728929728269577,8192
3.39188352227211,8192
3.2175444066524506,8192
3.4617185592651367,8192
3.7174146622419357,8192
2.8773585334420204,8192
3.1649719923734665,8192
3.688058629631996,8192
3.432343155145645,8192
3.610648959875107,8192
3.6670278757810593,8192
3.358152136206627,8192
3.0986348167061806,8192
3.6178261041641235,8192
3.4865539520978928,8192
3.6654286086559296,8192
4.0788110345602036,4096
