2.5989368557929993,8192
2.204672619700432,8192
2.8627196326851845,8192
2.374626323580742,8192
2.781192399561405,8192
2.590194344520569,8192
2.8773726895451546,8192
2.973056584596634,8192
3.3020395785570145,8192
2.742454409599304,8192
2.5212733075022697,8192
2.191358059644699,8192
2.9032258316874504,8192
2.5469595566391945,8192
2.2333333268761635,8192
2.461390011012554,8192
2.256232313811779,8192
2.4220405146479607,8192
3.2358918339014053,8192
2.4386251345276833,8192
3.130434826016426,8192
2.556818164885044,8192
3.109605982899666,8192
2.7375200763344765,8192
2.245483733713627,8192
2.3959850892424583,8192
2.6732832193374634,8192
3.229197859764099,8192
2.384381555020809,8192
2.435917779803276,8192
2.5840649381279945,8192
2.8684627264738083,8192
2.4584826081991196,8192
2.3435091599822044,8192
2.4987829849123955,8192
2.6210643351078033,8192
2.075900137424469,8192
2.022368647158146,8192
2.3685069754719734,8192
2.261967398226261,8192
2.5664955377578735,8192
2.343391068279743,8192
2.8999362140893936,8192
2.8060438111424446,8192
2.2483620792627335,8192
2.426229417324066,8192
2.6269420981407166,8192
3.006276860833168,8192
2.87660863250494,8192
2.4927161633968353,8192
2.381318248808384,8192
2.4574987590312958,8192
2.579241804778576,8192
2.759861946105957,8192
1.9501278176903725,8192
2.7188865467906,8192
2.1102895960211754,8192
2.8037382289767265,8192
2.9411764815449715,8192
2.0816905423998833,8192
2.1981626749038696,8192
3.194066137075424,8192
1.71606857329607,8192
1.8883150070905685,8192
2.949950285255909,8192
2.8182245790958405,8192
2.9342906549572945,8192
2.426627278327942,8192
2.6081619784235954,8192
2.318084053695202,8192
2.5057699531316757,8192
2.886219508945942,8192
2.380579523742199,8192
2.183477208018303,8192
3.056291863322258,8192
2.6263246312737465,8192
2.451137453317642,8192
2.7248386293649673,8192
2.8944911435246468,8192
2.51272264868021,8192
3.364458307623863,8192
3.2403919845819473,8192
2.7343155816197395,8192
2.4020226672291756,8192
2.358199842274189,8192
3.0492696911096573,8192
2.69013624638319,8192
2.2162841632962227,8192
2.858065627515316,8192
3.502842038869858,8192
2.937168814241886,8192
2.514389529824257,8192
2.6923665776848793,8192
2.0098039880394936,8192
2.335928753018379,8192
2.752293646335602,8192
2.389794960618019,8192
2.616235613822937,8192
3.096221014857292,8192
2.6516854763031006,8192
1.9617000594735146,8192
2.6279177516698837,8192
2.5372400879859924,8192
2.5641025975346565,8192
2.9438821598887444,8192
2.5065355002880096,8192
3.24537456035614,8192
3.0031446367502213,8192
3.1318169087171555,8192
2.598637342453003,8192
2.798032946884632,8192
2.8118127956986427,8192
2.482863701879978,8192
3.009185940027237,8192
2.7241051197052,8192
2.8037382289767265,8192
2.7518656104803085,8192
2.95077096670866,8192
3.1127795577049255,8192
3.0927835032343864,8192
3.449920564889908,8192
3.041762486100197,8192
2.636391296982765,8192
2.9712775722146034,8192
3.014330379664898,8192
2.9989657923579216,8192
3.1385954469442368,8192
2.6759011670947075,8192
3.218817710876465,8192
3.311567008495331,8192
2.7382083237171173,8192
2.502453327178955,8192
2.797427587211132,8192
2.8510116040706635,8192
2.9411764815449715,8192
2.636336162686348,8192
2.91000846773386,8192
3.27267162501812,8192
2.503293752670288,8192
2.976190485060215,8192
2.7925532311201096,8192
2.4076785892248154,8192
2.9637936502695084,8192
2.6033449918031693,8192
3.1335368752479553,8192
2.6839127764105797,8192
3.1526461243629456,8192
3.3233489841222763,8192
3.2375190407037735,8192
2.823946997523308,8192
3.1259767711162567,8192
3.4828100353479385,8192
2.72873193025589,8192
2.8548896312713623,8192
3.2076720148324966,8192
3.0668294057250023,8192
2.8590207919478416,8192
2.917729504406452,8192
3.027823194861412,8192
3.3777642995119095,8192
3.0142121016979218,8192
3.546099364757538,8192
3.023255802690983,8192
2.8634710237383842,8192
2.5641025975346565,8192
3.0001604929566383,8192
3.051017038524151,8192
3.012227825820446,8192
3.092164546251297,8192
3.1391534954309464,8192
3.0786773189902306,8192
2.712874300777912,8192
2.8773585334420204,8192
3.33055779337883,8192
3.1031807884573936,8192
3.2361961901187897,8192
3.290480747818947,8192
2.9470864683389664,8192
2.640264108777046,8192
2.841370366513729,8192
2.633209340274334,8192
3.0807146802544594,8192
2.0331814885139465,8192
3.1966418027877808,8192
3.2461240887641907,8192
3.0761796981096268,8192
3.152257204055786,8192
2.9832756146788597,8192
2.6054002344608307,8192
2.820025384426117,8192
3.4801356494426727,8192
3.7155475467443466,8192
3.107777051627636,8192
2.916274778544903,8192
3.2595135271549225,8192
3.120149113237858,8192
3.2282739877700806,8192
3.5044193267822266,8192
3.093557618558407,8192
3.015315905213356,8192
3.1697992235422134,8192
3.3826638013124466,8192
2.9908569529652596,8192
3.2732967287302017,8192
3.574252873659134,8192
3.36783304810524,8192
3.19422148168087,8192
3.34821417927742,8192
3.203234449028969,8192
3.0610650777816772,8192
2.9121654108166695,8192
3.622327744960785,8192
3.5133376717567444,8192
3.3012378960847855,8192
3.2451923936605453,8192
3.4324944019317627,8192
3.6763574928045273,8192
3.164239227771759,8192
3.0592424795031548,8192
3.2502010464668274,8192
3.397582471370697,8192
3.3187225461006165,8192
3.3181317150592804,8192
3.307926654815674,8192
3.262859955430031,8192
3.0674846842885017,8192
2.7907727286219597,8192
3.6958646029233932,8192
3.7359900772571564,8192
3.0849549919366837,8192
3.46982404589653,8192
3.3966969698667526,8192
3.3222589641809464,8192
3.1229235231876373,8192
3.2542482018470764,8192
3.184017539024353,8192
2.966381050646305,8192
3.671514615416527,8192
3.3408649265766144,8192
3.5389915108680725,8192
3.0873727053403854,8192
3.159453719854355,8192
3.473520278930664,8192
3.232821077108383,8192
4.292237386107445,8192
3.6567527800798416,8192
3.665616363286972,8192
3.760445863008499,8192
3.297940641641617,8192
3.1204290688037872,8192
3.105590119957924,8192
3.2301709055900574,8192
3.6063969135284424,8192
3.375135362148285,8192
3.5583797842264175,8192
3.942161425948143,8192
3.358336165547371,8192
3.7209302186965942,8192
3.2472673803567886,8192
3.890577331185341,8192
3.8820113986730576,8192
3.3860404044389725,8192
4.071686789393425,8192
3.1858406960964203,8192
3.673151880502701,8192
3.0429409816861153,8192
3.5621341317892075,8192
3.4957293421030045,8192
3.3983007073402405,8192
3.8028400391340256,8192
3.64249050617218,8192
3.2452479004859924,8192
3.140602260828018,8192
3.2351989299058914,8192
3.359133005142212,8192
3.337571397423744,8192
3.4425735473632813,8192
3.4673213958740234,8192
3.447742760181427,8192
3.708379343152046,8192
2.936297282576561,8192
3.550110012292862,8192
3.3812087029218674,8192
3.301587328314781,8192
3.8586780428886414,8192
3.3298954367637634,8192
3.757356107234955,8192
3.2345470041036606,8192
4.149040207266808,8192
3.451136499643326,8192
3.5926271229982376,8192
3.544575721025467,8192
3.5934291779994965,8192
3.159905970096588,8192
3.329204022884369,8192
3.0494729056954384,8192
3.411130979657173,8192
3.5259395837783813,8192
3.091994486749172,8192
3.479236736893654,8192
3.3100787550210953,8192
3.7587840110063553,8192
3.262411430478096,8192
3.6186281591653824,8192
2.728099375963211,8192
3.281351551413536,8192
3.5649821162223816,8192
3.9016898721456528,8192
3.7544891238212585,8192
3.6631181836128235,8192
3.247518092393875,8192
3.1347963958978653,8192
3.884372115135193,4096
