2.8487103059887886,32768
2.9836641624569893,32768
3.166552260518074,32768
2.6406429708004,32768
2.522346004843712,32768
2.9026350006461143,32768
2.746693789958954,32768
3.4907598048448563,32768
2.674897201359272,32768
2.7086572721600533,32768
3.2122906297445297,32768
2.841302752494812,32768
2.9970165342092514,32768
2.7868852019309998,32768
3.2457496970891953,32768
2.853279188275337,32768
3.2322611659765244,32768
3.319377824664116,32768
3.3378642052412033,32768
2.4993687868118286,32768
3.183240443468094,32768
3.0417149886488914,32768
2.641824260354042,32768
2.650087885558605,32768
2.7539921924471855,32768
2.4189867079257965,32768
2.7138391509652138,32768
3.344867378473282,32768
3.0328208580613136,32768
2.92758084833622,32768
2.7424942702054977,32768
2.909039333462715,32768
2.9943760484457016,32768
2.7333999052643776,32768
3.437500074505806,32768
3.3970925956964493,32768
2.90508009493351,32768
3.0256012454628944,32768
2.708628959953785,32768
2.485359273850918,32768
2.9069768264889717,32768
2.3145779967308044,32768
2.5373488664627075,32768
2.697685919702053,32768
2.3092368617653847,32768
2.6476848870515823,32768
2.8770705685019493,32768
2.328711748123169,32768
2.8342319652438164,32768
3.0797377228736877,32768
3.0410686507821083,32768
2.705475129187107,32768
2.236494980752468,32768
2.9516994953155518,32768
2.7454692870378494,32768
2.9368575662374496,32768
2.6770178228616714,32768
2.7182435616850853,32768
3.2880928367376328,32768
2.4759462103247643,32768
2.5452977046370506,32768
3.2989978790283203,32768
2.777356281876564,32768
2.9170330613851547,32768
2.2390002384781837,32768
2.5423727929592133,32768
2.8377629816532135,32768
2.3779084905982018,32768
2.9135214164853096,32768
2.8468728065490723,32768
3.0440708622336388,32768
3.0663244426250458,32768
2.9602594673633575,32768
2.3410115391016006,32768
2.741531655192375,32768
2.591158077120781,32768
3.0493391677737236,32768
2.3386800661683083,32768
2.434873767197132,32768
2.7230046689510345,32768
3.471274673938751,32768
2.753872610628605,32768
2.9437609016895294,32768
3.0861422419548035,32768
2.612984925508499,32768
3.039560094475746,32768
3.268183395266533,32768
2.8473952785134315,32768
2.6267988607287407,32768
3.5515207797288895,32768
2.7007192373275757,32768
3.5555556416511536,32768
2.7855154126882553,32768
2.5633957237005234,32768
2.3487014696002007,32768
3.017241321504116,32768
2.964455261826515,32768
3.017852082848549,32768
2.557077631354332,32768
3.1748175621032715,32768
2.8941143304109573,32768
3.026134893298149,32768
3.180943801999092,32768
2.7634866535663605,32768
2.2794030606746674,32768
2.9909705743193626,32768
3.376350551843643,32768
3.341863676905632,32768
2.983725070953369,32768
3.0334727838635445,32768
2.8804270550608635,32768
2.747032977640629,32768
2.5567440316081047,32768
3.295653685927391,32768
2.0633572712540627,32768
3.037719614803791,32768
2.5863166898489,32768
3.1690653413534164,32768
2.2645393386483192,32768
2.622036263346672,32768
2.4212736636400223,32768
2.9324758797883987,32768
2.9852744191884995,32768
2.8687378391623497,32768
2.4190297350287437,32768
2.7019575238227844,32768
2.9543809592723846,32768
3.0311575159430504,32768
3.1527530401945114,32768
2.994011901319027,32768
2.955729141831398,32768
3.133653849363327,32768
2.6951931416988373,32768
2.6622718200087547,32768
2.6424335315823555,32768
2.596714347600937,32768
2.431992068886757,32768
2.50493586063385,32768
2.6102088391780853,32768
2.985503152012825,32768
2.7505703270435333,32768
2.4510392919182777,32768
2.3566287010908127,32768
2.6032190769910812,32768
2.6404494419693947,32768
2.353643998503685,32768
3.2140690833330154,32768
2.55076140165329,32768
2.9441921040415764,32768
2.6804670691490173,32768
3.090379014611244,32768
2.7647923678159714,32768
3.0571555718779564,32768
3.0844155699014664,32768
2.545068971812725,32768
2.1979402750730515,32768
2.4672120809555054,32768
2.882133610546589,32768
2.9436981305480003,32768
3.689492493867874,32768
2.648809552192688,32768
2.8686868026852608,32768
3.3885426819324493,32768
2.760487236082554,32768
2.527075819671154,32768
3.3359192311763763,32768
2.839195914566517,32768
2.8946300968527794,32768
2.541595697402954,32768
2.7351845055818558,32768
2.7830971404910088,32768
2.9566626995801926,32768
2.74115651845932,32768
2.72479560226202,32768
2.2412490099668503,32768
2.814056910574436,32768
2.8196465224027634,32768
2.083815634250641,32768
2.5903940200805664,32768
2.973327413201332,32768
3.045344725251198,32768
2.436363697052002,32768
3.04004680365324,32768
2.352067269384861,32768
2.8849953785538673,32768
2.839384041726589,32768
2.9602093622088432,32768
2.8659161180257797,32768
3.046232648193836,32768
3.57547327876091,32768
2.9420044273138046,32768
2.6484018191695213,32768
2.9588766396045685,32768
3.3782783895730972,32768
2.6916801929473877,32768
3.2560087740421295,32768
3.1794704496860504,32768
3.1198929995298386,32768
3.1759068369865417,32768
2.6610441505908966,32768
2.807227149605751,32768
2.5960123166441917,32768
2.7850544080138206,32768
2.3325514048337936,32768
3.1958911567926407,32768
2.868460677564144,32768
2.8459416702389717,32768
2.4148108437657356,32768
2.5325702503323555,32768
2.3086419329047203,32768
2.851658873260021,32768
3.19940485060215,32768
2.668890729546547,32768
3.00031416118145,32768
3.0832476913928986,32768
2.743350528180599,32768
2.7231059968471527,32768
3.211209923028946,32768
2.7175333350896835,32768
3.2273150980472565,32768
2.854984812438488,32768
2.913043461740017,32768
2.9899349436163902,32768
2.656734921038151,32768
3.4343432635068893,32768
2.748948149383068,32768
2.068406157195568,32768
3.001454472541809,32768
3.091280348598957,32768
2.8085224330425262,32768
2.879679389297962,32768
2.6131466031074524,32768
2.600862644612789,32768
2.389552630484104,32768
2.481486275792122,32768
2.57656779140234,32768
3.185790777206421,32768
3.1352877616882324,32768
2.149844169616699,32768
3.524443879723549,32768
1.9317513331770897,32768
2.718052826821804,32768
2.9890937730669975,32768
2.9196009039878845,32768
2.968604303896427,32768
3.0383873730897903,32768
2.7373068034648895,32768
2.2818483412265778,32768
2.826153300702572,32768
3.0396025627851486,32768
2.766570635139942,32768
2.576262503862381,32768
3.3595725893974304,32768
2.346820756793022,32768
3.1448539346456528,32768
2.6602918282151222,32768
2.596510574221611,32768
2.4396855384111404,32768
2.815210074186325,32768
3.019779548048973,32768
2.960062585771084,32768
2.912757359445095,32768
2.6284027844667435,32768
2.758416160941124,32768
2.9035503044724464,32768
2.788129821419716,32768
3.0674003064632416,32768
3.2828282564878464,32768
2.632667124271393,32768
2.6058631017804146,32768
2.7030574157834053,32768
1.9641943275928497,32768
3.006896562874317,32768
2.638319693505764,32768
3.0789628624916077,32768
2.3818526417016983,32768
3.3155713230371475,32768
3.0462633818387985,32768
2.8110213577747345,32768
2.432226948440075,32768
2.4378864094614983,32768
2.684563770890236,32768
3.430156037211418,32768
2.4002909660339355,32768
2.7622876688838005,32768
2.7955492958426476,32768
2.9164887964725494,32768
3.1553398817777634,32768
2.98822820186615,32768
2.903756871819496,32768
2.90681105107069,32768
2.2969115525484085,32768
3.064894489943981,32768
3.00014428794384,32768
2.774239145219326,32768
2.638586238026619,32768
2.721937745809555,32768
2.570008486509323,32768
2.4632874876260757,32768
2.9592929407954216,32768
2.5074271485209465,32768
2.2091126069426537,32768
2.7129679918289185,32768
2.744237147271633,32768
2.858367934823036,32768
3.2519105821847916,32768
2.697976492345333,32768
2.8726287186145782,32768
2.46175080537796,32768
2.8465511277318,32768
2.66901683062315,32768
2.5777777656912804,16384
3.002754785120487,32768
