3408.909226032943,8192
3377.5490295249724,16384
3380.1988713448964,24576
3380.76922959123,32768
3368.9564685462005,40960
3369.124613841936,49152
3366.9421316895223,57344
3364.8849897365535,65536
3367.698679545475,73728
3366.4982219378494,81920
3365.669245098168,90112
3366.4620500156157,98304
3362.5345981664054,106496
3360.545319979863,114688
3357.9224594230845,122880
3358.120998542214,131072
3353.811045339096,139264
3356.4176498516777,147456
3355.3620052735328,155648
3358.5096108915645,163840
3357.773263055053,172032
3361.4767122593876,180224
3360.545728052859,188416
3360.9830988172266,196608
3363.7014603862112,204800
3362.7817746669634,212992
3361.1129598157527,221184
3361.2608824326653,229376
3360.742946022924,237568
3359.4630432516733,245760
3359.3172168672677,253952
3358.3741099064773,262144
3358.184267771069,270336
3357.769854529035,278528
3357.351724599537,286720
3356.827393811353,294912
3358.1085075238857,303104
3359.4379803730267,311296
3358.5180206316877,319488
3357.0545974068964,327680
3356.2506374963655,335872
3357.4531323479387,344064
3357.337009024003,352256
3358.2082146754087,360448
3358.7363144110045,368640
3358.7000928120165,376832
3359.509630951111,385024
3358.918328907263,393216
3359.932755915103,401408
3358.9382535803184,409600
3358.885667823835,417792
3358.0223213046897,425984
3357.8457525943404,434176
3357.901015510648,442368
3357.299531179223,450560
3357.248044404234,458752
3356.739658194712,466944
3356.163504460559,475136
3357.3345821139333,483328
3357.5866549343264,491520
3357.3071858525896,499712
3357.510044319586,507904
3357.6883289996645,516096
3357.3518232270303,524288
3357.29863110125,532480
3357.593437452896,540672
3356.475232568942,548864
3356.3602794374515,557056
3355.4519972851367,565248
3355.5760989530168,573440
3356.2169465646202,581632
3355.54168760785,589824
3354.783642013321,598016
3355.5857660679544,606208
3355.242211293385,614400
3354.7166934788934,622592
3354.299624224775,630784
3353.6044602349716,638976
3353.1868187174764,647168
3353.2407737312437,655360
3353.5589561484608,663552
3353.435531472635,671744
3353.476605928646,679936
3353.3200978077116,688128
3353.1883473987727,696320
3352.5646497523694,704512
3352.2640605969304,712704
3351.8999300030864,720896
3351.8792516194794,729088
3351.7327702730963,737280
3352.0436692543667,745472
3351.3695445389376,753664
3351.5729750688324,761856
3351.2358344361796,770048
3350.3280628808457,778240
3350.1746711160445,786432
3350.329289266947,794624
3350.2858532193986,802816
3349.8014082350705,811008
3349.715057490377,819200
3350.394234024446,827392
3350.400605791254,835584
3350.4912329256786,843776
3350.237495983738,851968
3350.6273270316706,860160
3351.054437222564,868352
3350.6146025944336,876544
3350.246277791415,884736
3350.178968947135,892928
3349.8624712018054,901120
3350.1079766655384,909312
3350.1212412815275,917504
3350.3406195694492,925696
3350.671421538968,933888
3350.638568532845,942080
3350.986417173048,950272
3351.1894786981456,958464
3350.9669224095933,966656
3350.967974757046,974848
3350.7989742488735,983040
3351.0270227474703,991232
3350.9905956770735,999424
3350.8321830202703,1007616
3350.5119254881715,1015808
3350.588193564398,1024000
3350.4998073496554,1032192
3350.4538248654394,1040384
3350.3308291848293,1048576
3349.9619302701467,1056768
3349.5750340214713,1064960
3349.2967136097104,1073152
3349.562514067365,1081344
3349.155860079453,1089536
3348.745671473234,1097728
3348.966569953347,1105920
3348.741866618072,1114112
3348.561599846312,1122304
3348.8942689493065,1130496
3348.883445965309,1138688
3348.750961707124,1146880
3348.5310357648823,1155072
3348.500939042095,1163264
3348.557753086009,1171456
3348.718322965697,1179648
3348.8457615811867,1187840
3348.9715029638783,1196032
3348.664839415803,1204224
3348.4754723337396,1212416
3348.233731107521,1220608
3348.2350040714978,1228800
3348.1255810357416,1236992
3347.888920741683,1245184
3347.9171716659807,1253376
3347.8209517656273,1261568
3347.669930308408,1269760
3347.370666925246,1277952
3347.262173577527,1286144
3347.267913644943,1294336
3347.271332920728,1302528
3347.2638559628535,1310720
3347.2214174504443,1318912
3347.1681930695163,1327104
3347.038837814557,1335296
3346.87313261723,1343488
3346.6965613036036,1351680
3346.5969159209203,1359872
3346.94679321391,1368064
3347.0779468528294,1376256
3346.916495265275,1384448
3346.210404613577,1392640
3346.036323695723,1400832
3346.1426904125865,1409024
3345.895135376123,1417216
3345.706482543467,1425408
3345.235831739658,1433600
3345.287095348587,1441792
3345.3616632240573,1449984
3344.918473447543,1458176
3344.7928119766034,1466368
3344.8987156486755,1474560
3344.653693843542,1482752
3344.7678518273246,1490944
3344.54130878305,1499136
3344.2512374142466,1507328
3344.080306811295,1515520
3343.719699521085,1523712
3343.2387923236042,1531904
3343.171010593205,1540096
3343.056039995203,1548288
3342.900167579993,1556480
3343.0564428130137,1564672
3342.89422182444,1572864
3342.812198275098,1581056
3342.9835149693536,1589248
3342.74101943313,1597440
3342.58786419122,1605632
3342.632807155465,1613824
3342.502083636945,1622016
3342.2914698826808,1630208
3341.852369191847,1638400
3341.9573556242717,1646592
3341.511284308177,1654784
3341.238732569419,1662976
3340.914413166274,1671168
3340.9113905208765,1679360
3340.8462371677642,1687552
3340.7836538835877,1695744
3340.9332096081503,1703936
3340.964257610131,1712128
3340.953270965175,1720320
3340.968255470774,1728512
3340.9173612056165,1736704
3340.7319654136413,1744896
3340.6687644607255,1753088
3340.5926831511642,1761280
3340.7070139332927,1769472
3340.6238223563682,1777664
3340.217308934874,1785856
3340.1818518983014,1794048
3340.2065893753283,1802240
3340.1116997746694,1810432
3339.7119943695534,1818624
3339.6855429621887,1826816
3339.61014645407,1835008
3339.4655544731463,1843200
3339.201530560513,1851392
3339.188712032439,1859584
3339.0348440502107,1867776
3338.7385123200165,1875968
3338.7733665430073,1884160
3338.9627877138373,1892352
3339.1146105587,1900544
3339.1851819980466,1908736
3339.033573461152,1916928
3338.6892477997053,1925120
3338.4772356267326,1933312
3338.176475296301,1941504
3338.096422413007,1949696
3337.918890735799,1957888
3338.113834495899,1966080
3338.0144993842086,1974272
3337.5595582074693,1982464
3337.401528083129,1990656
3337.4161330990723,1998848
3337.433944679255,2007040
3337.3653912822087,2015232
3337.458800839202,2023424
3337.7120350152486,2031616
3337.5810463499733,2039808
3337.5988869055086,2048000
3337.482597771392,2056192
3337.365366330262,2064384
3337.468763739551,2072576
3337.3006845576483,2080768
3337.4262641326313,2088960
3337.171472870299,2097152
3337.1815151296023,2105344
3337.3495027960635,2113536
3337.2884535975327,2121728
3337.3770335546983,2129920
3337.2270363071793,2138112
3337.2259731043528,2146304
3337.3907090708344,2154496
3337.2612548575366,2162688
3337.069913080072,2170880
3336.9615651700133,2179072
3336.832030630118,2187264
3336.8961583003434,2195456
3336.966116003401,2203648
3337.0075869124576,2211840
3336.8012108713456,2220032
3336.5357782902543,2228224
3336.3623211660283,2236416
3336.1774241519124,2244608
3336.194828518869,2252800
3335.9990116227827,2260992
3335.974724661776,2269184
3335.7893144157797,2277376
3335.690381230944,2285568
3335.4206342630077,2293760
3335.240427966756,2301952
3335.3739071120854,2310144
3335.1888704742314,2318336
3335.036817918625,2326528
3334.9068857274724,2334720
3334.6777228275123,2342912
3334.699139804496,2351104
3334.5535272085212,2359296
3334.5688537207116,2367488
3334.366057967417,2375680
3334.3011033828707,2383872
3334.3170050398603,2392064
3334.075184644751,2400256
3333.9330809954618,2408448
3334.1504999168856,2416640
3334.0488327637386,2424832
3334.033722335192,2433024
3333.9809962411978,2441216
3334.009823725774,2449408
3333.683858811248,2457600
3333.484431387353,2465792
3333.4521470789978,2473984
3333.4929316142184,2482176
3333.4656838751266,2490368
3333.347446301973,2498560
3333.458400768854,2506752
3333.2721919632363,2514944
3333.132963523092,2523136
3333.0727189912122,2531328
3332.921506096145,2539520
3332.899820380545,2547712
3333.1903500021094,2555904
3333.1273019162127,2560000
