1.777634210884571,8192
2.1068472415208817,8192
1.745595596730709,8192
1.874801330268383,8192
1.8045112490653992,8192
2.133105881512165,8192
2.0992042496800423,8192
2.4370690807700157,8192
1.7899760976433754,8192
2.079334668815136,8192
2.354242466390133,8192
2.314211241900921,8192
2.0908791571855545,8192
2.0962733775377274,8192
2.572706900537014,8192
2.4241477251052856,8192
2.037549205124378,8192
2.2105876356363297,8192
2.0969245582818985,8192
2.1598612889647484,8192
2.4307601153850555,8192
2.2108297795057297,8192
1.6481824219226837,8192
2.3950234055519104,8192
2.1929824724793434,8192
2.423367090523243,8192
2.100776322185993,8192
2.302318252623081,8192
2.0408162847161293,8192
1.9964242354035378,8192
2.158934250473976,8192
2.229054644703865,8192
2.59984340518713,8192
2.646850608289242,8192
2.326700836420059,8192
2.5250889360904694,8192
2.2012578323483467,8192
2.248273603618145,8192
2.0348364487290382,8192
2.5254901498556137,8192
2.3952096700668335,8192
2.4934984743595123,8192
2.2649889811873436,8192
2.4079320952296257,8192
2.236320450901985,8192
2.189210243523121,8192
2.2762464359402657,8192
2.666666731238365,8192
2.261221781373024,8192
2.9085222631692886,8192
2.0113619044423103,8192
2.1545667201280594,8192
2.7110766619443893,8192
2.03679371625185,8192
2.005326561629772,8192
2.31679268181324,8192
2.3138340562582016,8192
2.166176773607731,8192
2.549889124929905,8192
2.2100312635302544,8192
2.3485204204916954,8192
2.3263225331902504,8192
2.395942620933056,8192
2.7453456073999405,8192
2.064896747469902,8192
2.282690815627575,8192
2.5576651096343994,8192
2.435016445815563,8192
2.2170180454850197,8192
2.5974025949835777,8192
2.5012025609612465,8192
2.2350041195750237,8192
2.3678846657276154,8192
2.5477707386016846,8192
2.4081693962216377,8192
2.705611102283001,8192
2.438659407198429,8192
2.012976258993149,8192
2.360025979578495,8192
2.3897353559732437,8192
2.230193465948105,8192
2.2956691682338715,8192
2.370435744524002,8192
2.276076562702656,8192
2.6443082839250565,8192
2.4139095097780228,8192
2.389618568122387,8192
2.5718368589878082,8192
2.4045491591095924,8192
2.532031759619713,8192
2.7231229469180107,8192
2.4666769430041313,8192
2.1856140345335007,8192
2.1280160173773766,8192
2.459278143942356,8192
2.3548129945993423,8192
2.615820989012718,8192
2.388561889529228,8192
2.7786806225776672,8192
2.1075809374451637,8192
2.169233374297619,8192
2.247191034257412,8192
2.224544622004032,8192
2.7308838441967964,8192
2.2776035591959953,8192
2.6307346299290657,8192
2.451055869460106,8192
2.512957528233528,8192
2.594936639070511,8192
2.8245002031326294,8192
2.489110082387924,8192
2.331726998090744,8192
2.9828261584043503,8192
2.484756149351597,8192
2.562892995774746,8192
2.5367991998791695,8192
2.756357751786709,8192
2.4054983630776405,8192
2.275620587170124,8192
2.309395745396614,8192
2.9945842921733856,8192
2.313743717968464,8192
2.0169852301478386,8192
2.6829682290554047,8192
2.546662464737892,8192
2.768532559275627,8192
2.987697720527649,8192
2.4782609194517136,8192
2.6117149740457535,8192
2.7078384533524513,8192
2.69370935857296,8192
2.3405231535434723,8192
3.220585733652115,8192
2.4738676846027374,8192
3.095470927655697,8192
3.0624069273471832,8192
3.0573053285479546,8192
3.1084036454558372,8192
2.291460521519184,8192
3.208642452955246,8192
2.3282134905457497,8192
2.980983443558216,8192
3.4783918410539627,8192
2.626100927591324,8192
2.7923479676246643,8192
2.6440471410751343,8192
3.0137816444039345,8192
2.613854967057705,8192
2.8376491740345955,8192
2.5133155286312103,8192
2.8396612033247948,8192
2.6505285874009132,8192
2.716727741062641,8192
2.838357910513878,8192
3.034569136798382,8192
3.2247766852378845,8192
3.252294287085533,8192
2.6952527463436127,8192
3.4285712987184525,8192
3.0452806502580643,8192
2.8294749557971954,8192
2.9416270554065704,8192
2.6962963864207268,8192
2.565845288336277,8192
2.658812329173088,8192
2.7674706652760506,8192
2.521268278360367,8192
2.616909332573414,8192
2.4763407185673714,8192
2.999698556959629,8192
2.969025820493698,8192
3.2786883413791656,8192
2.992597222328186,8192
2.9031287878751755,8192
3.258776292204857,8192
2.501603588461876,8192
3.418933227658272,8192
2.9698150232434273,8192
2.698412723839283,8192
3.1611893326044083,8192
3.0347054824233055,8192
2.247541770339012,8192
3.0548926442861557,8192
3.3584963530302048,8192
3.0014069750905037,8192
2.8927527368068695,8192
3.215636685490608,8192
3.1993694603443146,8192
3.3173151314258575,8192
2.9740387573838234,8192
2.73419301956892,8192
2.5244299322366714,8192
2.6409266516566277,8192
3.0975650995969772,8192
2.8245002031326294,8192
2.567783184349537,8192
3.015153855085373,8192
2.7210883796215057,8192
3.064894489943981,8192
3.4543417394161224,8192
3.144758567214012,8192
2.6877591386437416,8192
3.4037381410598755,8192
2.7786649763584137,8192
2.677636407315731,8192
3.494502231478691,8192
2.480670064687729,8192
3.140096738934517,8192
3.0555134639143944,8192
2.987326495349407,8192
2.92612724006176,8192
2.5758346542716026,8192
3.309481218457222,8192
2.790415473282337,8192
3.235822916030884,8192
2.7092797681689262,8192
2.4810366332530975,8192
3.2163742929697037,8192
3.153904527425766,8192
2.641509473323822,8192
3.3816423267126083,8192
3.050847537815571,8192
3.1358886510133743,8192
3.120782785117626,8192
3.4847743809223175,8192
3.120025433599949,8192
3.0773919075727463,8192
2.960163727402687,8192
3.0206942930817604,8192
2.762608416378498,8192
3.160056844353676,8192
3.378378227353096,8192
2.9912490397691727,8192
3.040645271539688,8192
3.2489847391843796,8192
3.194793686270714,8192
3.1420327723026276,8192
2.8198517858982086,8192
2.862890809774399,8192
3.0741993337869644,8192
3.5192031413316727,8192
2.8460735455155373,8192
3.097213990986347,8192
2.9530201107263565,8192
2.9106028378009796,8192
2.5812940672039986,8192
3.057611919939518,8192
2.953912690281868,8192
3.070513717830181,8192
3.039148263633251,8192
2.6344848796725273,8192
2.906888723373413,8192
3.0482642352581024,8192
2.9254913330078125,8192
2.9822029173374176,8192
3.0823567882180214,8192
3.1387414783239365,8192
3.306310623884201,8192
3.0467379838228226,8192
2.889825403690338,8192
2.910798043012619,8192
2.6438819244503975,8192
2.9886431992053986,8192
2.769230678677559,8192
3.159429505467415,8192
3.3154260367155075,8192
3.291020169854164,8192
3.3135510981082916,8192
3.1245283782482147,8192
3.5576775670051575,8192
3.032512031495571,8192
2.9759999364614487,8192
3.4862980246543884,8192
3.318691998720169,8192
3.6154087632894516,8192
3.7158146500587463,8192
3.1296085566282272,8192
3.474535793066025,8192
3.6066070199012756,8192
3.6512669175863266,8192
3.1187277287244797,8192
2.923709526658058,8192
3.3051498234272003,8192
3.2427985221147537,8192
3.6587420850992203,8192
3.0186256393790245,8192
3.3824242651462555,8192
3.3925428986549377,8192
3.930530324578285,8192
3.376157581806183,8192
3.363962098956108,8192
3.3254556357860565,8192
3.2869409769773483,8192
3.4509558230638504,8192
3.708668425679207,8192
3.2968882471323013,8192
3.6151520907878876,8192
3.6292221397161484,8192
3.5104669630527496,8192
3.11643835157156,8192
3.2015368342399597,8192
3.637245297431946,8192
3.1027795746922493,8192
3.1430404633283615,8192
3.3435139805078506,8192
3.3075187355279922,8192
3.260515257716179,8192
3.5515207797288895,8192
3.5556256771087646,8192
3.494715318083763,8192
3.8814954459667206,8192
3.2316796481609344,8192
3.448275849223137,4096
