5.499511957168579,8192
5.238828808069229,8192
5.624036863446236,8192
5.706281214952469,8192
5.388635024428368,8192
5.138686299324036,8192
6.043513119220734,8192
5.397682264447212,8192
5.5392686277627945,8192
4.777594655752182,8192
5.923726037144661,8192
5.557382479310036,8192
5.250783637166023,8192
5.007041245698929,8192
5.787930265069008,8192
5.534867942333221,8192
5.755284801125526,8192
5.353286117315292,8192
5.7107191532850266,8192
5.500301346182823,8192
5.2695151418447495,8192
5.327999964356422,8192
5.405831336975098,8192
5.3206004202365875,8192
5.447470769286156,8192
5.270655453205109,8192
5.381449684500694,8192
4.776391759514809,8192
5.037369206547737,8192
4.9992140382528305,8192
5.7929884642362595,8192
5.865612626075745,8192
5.6296732276678085,8192
5.342607572674751,8192
5.664215236902237,8192
5.352722853422165,8192
5.628875643014908,8192
5.198019742965698,8192
4.935388267040253,8192
5.328185483813286,8192
5.785782635211945,8192
5.464480817317963,8192
5.631451308727264,8192
6.047753617167473,8192
5.1758792251348495,8192
5.93816451728344,8192
5.455722659826279,8192
5.811023712158203,8192
5.335844308137894,8192
5.627907067537308,8192
5.221252515912056,8192
5.268935114145279,8192
5.69729208946228,8192
5.781618133187294,8192
5.746378004550934,8192
5.8519285172224045,8192
5.975090712308884,8192
5.185537412762642,8192
5.563761666417122,8192
5.530776083469391,8192
5.320994928479195,8192
5.475880205631256,8192
5.322946980595589,8192
5.7213544845581055,8192
5.49265593290329,8192
5.284619331359863,8192
5.3817082196474075,8192
5.027338862419128,8192
5.369649827480316,8192
5.099194124341011,8192
5.615914240479469,8192
5.827010795474052,8192
5.801017209887505,8192
5.305518954992294,8192
5.564595013856888,8192
5.874921008944511,8192
5.78017383813858,8192
5.4971106350421906,8192
5.140114575624466,8192
5.967078357934952,8192
5.698977038264275,8192
5.4887693375349045,8192
5.173255130648613,8192
6.063294783234596,8192
5.897997319698334,8192
5.524519085884094,8192
5.168793350458145,8192
5.579732730984688,8192
5.54928220808506,8192
5.524013936519623,8192
5.231260135769844,8192
5.607476457953453,8192
5.87380975484848,8192
5.6750573217868805,8192
5.5156659334897995,8192
5.178489536046982,8192
5.165257677435875,8192
5.650873482227325,8192
5.5284056812524796,8192
5.411415919661522,8192
5.509259179234505,8192
6.189751252532005,8192
5.5407315492630005,8192
5.215165391564369,8192
5.003207176923752,8192
5.407954752445221,8192
4.9595605581998825,8192
5.0847455859184265,8192
6.532999128103256,8192
4.9441032111644745,8192
6.124328449368477,8192
5.372945591807365,8192
5.824270099401474,8192
4.961119592189789,8192
5.641422048211098,8192
5.47175407409668,8192
5.618340149521828,8192
5.2438050508499146,8192
5.435473471879959,8192
5.8112505823373795,8192
5.409219115972519,8192
5.787111073732376,8192
5.854838714003563,8192
5.9771861881017685,8192
5.721115693449974,8192
5.8037169277668,8192
5.189189314842224,8192
4.98078390955925,8192
5.672197788953781,8192
5.253005027770996,8192
5.1325008273124695,8192
5.551861599087715,8192
5.1969014108181,8192
5.924510210752487,8192
5.460980907082558,8192
5.381513759493828,8192
5.061187595129013,8192
5.949729681015015,8192
5.752561241388321,8192
4.592476412653923,8192
5.641359090805054,8192
5.1124438643455505,8192
5.181426927447319,8192
5.996843799948692,8192
5.829959362745285,8192
5.552238970994949,8192
5.562365800142288,8192
5.242128670215607,8192
5.563689768314362,8192
5.258245021104813,8192
5.320435389876366,8192
5.347825959324837,8192
5.033455044031143,8192
5.182549357414246,8192
5.645301192998886,8192
5.584350600838661,8192
5.537306517362595,8192
5.888190492987633,8192
5.621970817446709,8192
5.428757891058922,8192
5.469953641295433,8192
5.1146384328603745,8192
5.373978614807129,8192
5.832793191075325,8192
5.29135949909687,8192
5.230718106031418,8192
5.08553646504879,8192
5.678582563996315,8192
5.57609349489212,8192
4.909680411219597,8192
6.397821754217148,8192
5.351473763585091,8192
5.738808587193489,8192
5.176788941025734,8192
5.390651524066925,8192
5.544932931661606,8192
5.703245848417282,8192
5.644654110074043,8192
5.329593271017075,8192
5.423931032419205,8192
5.508086830377579,8192
5.029493942856789,8192
5.646173283457756,8192
5.437686666846275,8192
5.638125911355019,8192
5.821242928504944,8192
5.938923731446266,8192
5.502544343471527,8192
5.6861259043216705,8192
5.251572281122208,8192
5.815443769097328,8192
5.636540427803993,8192
5.388372391462326,8192
5.4315123707056046,8192
5.44477179646492,8192
5.462620407342911,8192
5.311004817485809,8192
5.520721897482872,8192
5.727017670869827,8192
5.9405941516160965,8192
5.141930282115936,8192
5.432223528623581,8192
6.566368788480759,8192
5.235835164785385,8192
5.562441796064377,8192
5.2031248807907104,8192
5.529874935746193,8192
5.931784585118294,8192
5.825087800621986,8192
5.862388014793396,8192
6.11141175031662,8192
5.4322876036167145,8192
5.388940870761871,8192
6.0657404363155365,8192
5.614196136593819,8192
5.462568625807762,8192
5.751191824674606,8192
5.345111712813377,8192
4.917242377996445,8192
5.352068319916725,8192
5.703802406787872,8192
5.538221448659897,8192
5.566008016467094,8192
5.824225023388863,8192
5.533333495259285,8192
6.084787845611572,8192
5.681133270263672,8192
5.605483800172806,8192
6.25666007399559,8192
4.925710707902908,8192
5.489103868603706,8192
5.406291037797928,8192
5.487804859876633,8192
5.205116793513298,8192
5.086774379014969,8192
5.547421425580978,8192
5.433376505970955,8192
5.715658143162727,8192
5.984525382518768,8192
6.156979501247406,8192
5.541080608963966,8192
6.049879267811775,8192
5.9046052396297455,8192
5.62470443546772,8192
5.3396474570035934,8192
5.214864760637283,8192
5.534407123923302,8192
5.3209856152534485,8192
5.8177318423986435,8192
5.287859961390495,8192
5.272895470261574,8192
4.974384233355522,8192
5.137449130415916,8192
5.789307132363319,8192
5.516014248132706,8192
6.145987659692764,8192
5.530596524477005,8192
5.349090322852135,8192
5.549544095993042,8192
5.155123770236969,8192
5.483972281217575,8192
5.2078429609537125,8192
5.25849349796772,8192
5.7747673243284225,8192
5.415162444114685,8192
5.756097659468651,8192
5.232929065823555,8192
5.746268481016159,8192
5.323854833841324,8192
5.460526421666145,8192
5.673274025321007,8192
5.73849119246006,8192
5.824250727891922,8192
6.031249836087227,8192
5.311004817485809,8192
5.294026806950569,8192
6.001008674502373,8192
5.593845248222351,8192
5.469891428947449,8192
5.71940690279007,8192
5.884265154600143,8192
6.679034978151321,8192
5.434607341885567,8192
5.814696475863457,8192
5.205684527754784,8192
5.388490483164787,8192
6.159999966621399,8192
5.705568194389343,8192
5.23887500166893,8192
6.055725738406181,8192
5.263958498835564,8192
6.121424958109856,8192
5.704809352755547,8192
5.270339548587799,8192
5.388272553682327,8192
5.328197777271271,8192
5.110075697302818,8192
5.500859394669533,8192
5.736137554049492,8192
5.918854475021362,8192
5.652386322617531,8192
5.395112559199333,8192
5.948528274893761,8192
5.188601464033127,8192
5.1815129816532135,8192
6.013802066445351,8192
6.074328720569611,8192
5.346409231424332,8192
5.802429839968681,8192
5.451098084449768,8192
5.47332726418972,8192
5.044612288475037,8192
5.523694679141045,4096
