5.611998215317726,8192
5.417253822088242,8192
5.1942382007837296,8192
5.007680505514145,8192
5.66428005695343,8192
5.65662756562233,8192
5.225393921136856,8192
5.7107191532850266,8192
5.0567422062158585,8192
5.832813307642937,8192
5.558143183588982,8192
5.489521473646164,8192
5.127810314297676,8192
5.268952623009682,8192
5.494863912463188,8192
5.422647669911385,8192
5.472312867641449,8192
5.986621975898743,8192
5.579937249422073,8192
5.771704018115997,8192
5.528506264090538,8192
5.814326927065849,8192
5.6579578667879105,8192
6.167097389698029,8192
5.714721232652664,8192
5.2734375,8192
5.725428834557533,8192
5.375867709517479,8192
5.354558676481247,8192
5.265677347779274,8192
5.029363185167313,8192
5.461575463414192,8192
5.684586614370346,8192
5.9197962284088135,8192
5.712074413895607,8192
5.649896711111069,8192
5.614035204052925,8192
5.019835382699966,8192
5.674191564321518,8192
5.431061238050461,8192
5.801282078027725,8192
5.890897288918495,8192
5.820105969905853,8192
5.041736364364624,8192
5.525606498122215,8192
5.599740147590637,8192
5.7746924459934235,8192
5.550486594438553,8192
5.585528537631035,8192
6.165863201022148,8192
5.444531887769699,8192
5.813591182231903,8192
5.470525845885277,8192
5.178095027804375,8192
5.884137004613876,8192
5.56856170296669,8192
5.162682756781578,8192
5.247446894645691,8192
5.822368338704109,8192
5.359281599521637,8192
5.660081654787064,8192
5.333944782614708,8192
5.706042796373367,8192
5.3299494087696075,8192
5.863192304968834,8192
5.614849179983139,8192
5.43716698884964,8192
5.009422078728676,8192
6.161615997552872,8192
5.825560539960861,8192
5.54041787981987,8192
5.4222222417593,8192
5.546923726797104,8192
5.981645360589027,8192
5.990415439009666,8192
5.16795851290226,8192
5.33134788274765,8192
6.0335371643304825,8192
6.190125271677971,8192
5.4887693375349045,8192
5.963961035013199,8192
5.552089959383011,8192
5.95095194876194,8192
5.474620312452316,8192
6.130702048540115,8192
5.6603774428367615,8192
5.03762848675251,8192
5.754000321030617,8192
5.261632055044174,8192
4.851208999752998,8192
4.80341874063015,8192
5.626310035586357,8192
5.111509189009666,8192
5.365150421857834,8192
5.675588548183441,8192
5.23311123251915,8192
5.856423079967499,8192
6.1606161296367645,8192
5.8708734810352325,8192
6.010745465755463,8192
5.69678395986557,8192
5.623960122466087,8192
5.214814841747284,8192
5.493437126278877,8192
5.672167986631393,8192
5.378822982311249,8192
5.6148868054151535,8192
5.846058949828148,8192
5.917653068900108,8192
5.733983591198921,8192
5.075029656291008,8192
5.662143230438232,8192
5.60990534722805,8192
5.546773970127106,8192
5.415890738368034,8192
5.370603129267693,8192
5.400724336504936,8192
5.883220210671425,8192
5.071267858147621,8192
5.615550652146339,8192
5.989019945263863,8192
5.740832909941673,8192
5.329719930887222,8192
5.403145030140877,8192
5.844263732433319,8192
5.664945021271706,8192
5.2332717925310135,8192
5.46545572578907,8192
5.349523946642876,8192
5.912724882364273,8192
5.723577365279198,8192
5.6305259466171265,8192
5.311814323067665,8192
5.664524808526039,8192
5.31582236289978,8192
5.763345956802368,8192
5.7397957891225815,8192
5.287688970565796,8192
5.334141477942467,8192
5.277044698596001,8192
5.3755734115839005,8192
6.1103809624910355,8192
5.363162606954575,8192
5.156058818101883,8192
5.683836713433266,8192
6.016528978943825,8192
5.296442657709122,8192
5.272459611296654,8192
5.705948919057846,8192
5.7174187153577805,8192
5.558967962861061,8192
4.920337349176407,8192
5.4278116673231125,8192
4.90538589656353,8192
5.057921260595322,8192
5.190204828977585,8192
5.417829751968384,8192
5.575598403811455,8192
5.597809702157974,8192
5.656877905130386,8192
5.517466366291046,8192
5.411764606833458,8192
5.051646381616592,8192
5.345858260989189,8192
5.681084468960762,8192
5.526770278811455,8192
5.523684620857239,8192
6.113675981760025,8192
5.747952312231064,8192
5.5624037981033325,8192
5.185530334711075,8192
5.371968075633049,8192
5.442388355731964,8192
4.9324434250593185,8192
5.338598787784576,8192
5.725428834557533,8192
5.958795547485352,8192
5.132266879081726,8192
5.6148916482925415,8192
5.285868421196938,8192
5.656759440898895,8192
5.287933349609375,8192
5.818064883351326,8192
6.256046146154404,8192
5.144798755645752,8192
5.908601358532906,8192
5.642237886786461,8192
5.478767678141594,8192
5.49115315079689,8192
5.369946733117104,8192
5.119563639163971,8192
6.069457903504372,8192
4.8828125,8192
5.730975791811943,8192
5.807295814156532,8192
6.329113990068436,8192
6.569463014602661,8192
5.130216479301453,8192
5.347593501210213,8192
5.091984197497368,8192
5.764760449528694,8192
5.984748154878616,8192
5.0727032124996185,8192
5.803784355521202,8192
5.132266879081726,8192
5.014418438076973,8192
5.694001913070679,8192
5.603725090622902,8192
5.422993376851082,8192
6.087824329733849,8192
5.778059363365173,8192
5.021316930651665,8192
5.613023415207863,8192
5.102695897221565,8192
5.51481805741787,8192
5.272981896996498,8192
5.433950573205948,8192
5.906911939382553,8192
4.714455828070641,8192
5.788783356547356,8192
5.840707942843437,8192
5.254416540265083,8192
6.042918562889099,8192
5.44801764190197,8192
5.730302259325981,8192
5.7729315012693405,8192
4.924183338880539,8192
5.602152273058891,8192
5.559918284416199,8192
5.772900581359863,8192
5.552050471305847,8192
5.651029571890831,8192
5.560125038027763,8192
5.095941945910454,8192
4.963971301913261,8192
5.389890074729919,8192
5.462445691227913,8192
5.4028283804655075,8192
5.491557344794273,8192
5.411189422011375,8192
5.735824257135391,8192
5.270935967564583,8192
5.783435329794884,8192
5.668861418962479,8192
5.311296507716179,8192
5.304054170846939,8192
5.866441130638123,8192
5.358821526169777,8192
5.419813469052315,8192
5.463074892759323,8192
4.6501196920871735,8192
5.803075805306435,8192
4.98652309179306,8192
5.553100630640984,8192
5.685514956712723,8192
5.296243727207184,8192
5.485298857092857,8192
5.520983040332794,8192
5.136885493993759,8192
5.779901519417763,8192
5.71385957300663,8192
5.702811107039452,8192
5.3390610963106155,8192
5.1330797374248505,8192
5.71473054587841,8192
5.971337482333183,8192
5.267283320426941,8192
5.322529375553131,8192
4.6992480754852295,8192
5.362016335129738,8192
5.345757678151131,8192
5.77312633395195,8192
5.504309758543968,8192
5.315561220049858,8192
4.748062044382095,8192
5.885167419910431,8192
5.385097116231918,8192
6.061114743351936,8192
5.063897743821144,8192
5.635509639978409,8192
5.497382208704948,8192
5.966627225279808,8192
5.882352963089943,8192
5.656074360013008,8192
5.828313156962395,8192
5.382619798183441,8192
5.789235606789589,8192
5.284421518445015,8192
5.727272853255272,8192
5.586776882410049,8192
5.3736090660095215,8192
5.438853427767754,8192
5.220754072070122,8192
5.189652368426323,8192
5.567584186792374,8192
4.920610040426254,8192
5.622297152876854,8192
5.553841590881348,8192
5.0959523767232895,8192
5.7416267693042755,8192
5.506424233317375,8192
5.86240291595459,8192
5.9387922286987305,8192
5.336280539631844,8192
5.194606259465218,8192
4.885851219296455,8192
5.943192169070244,8192
5.743573233485222,8192
5.551175028085709,8192
5.547785386443138,8192
5.288384854793549,8192
5.870382115244865,8192
5.664628371596336,4096
