4158.475675718705,8192
4152.65790852353,16384
4137.082355845131,24576
4161.909519797661,32768
4151.217407401228,40960
4163.735047385612,49152
4162.212600443035,57344
4152.741570348702,65536
4154.558839378957,73728
4159.827847447828,81920
4162.004599018964,90112
4148.4476231015215,98304
4153.906499311522,106496
4155.436410547687,114688
4150.965892308945,122880
4147.422499426561,131072
4148.005785804077,139264
4150.7822580886,147456
4149.4188270308,155648
4147.797527344544,163840
4148.605500036217,172032
4150.0426053414185,180224
4152.291856742048,188416
4152.8958623559665,196608
4155.268872441514,204800
4150.795774508262,212992
4151.2513661854055,221184
4154.071970326443,229376
4157.0478113328745,237568
4161.470030642199,245760
4162.792227382398,253952
4160.671466872535,262144
4165.286734403549,270336
4166.886600642845,278528
4168.780207613995,286720
4168.281390117172,294912
4169.44997415259,303104
4171.083237110801,311296
4169.995462486539,319488
4169.09324568737,327680
4169.56138273818,335872
4169.259888955192,344064
4168.782064682848,352256
4168.226812016267,360448
4167.456775832568,368640
4168.299590541446,376832
4167.57741695478,385024
4167.652640902243,393216
4165.364521005853,401408
4166.606032710599,409600
4166.740895256924,417792
4166.072444958977,425984
4163.901326809435,434176
4161.058307075071,442368
4161.99781530617,450560
4160.584757975144,458752
4160.555265273012,466944
4160.839914706599,475136
4159.095668769882,483328
4158.484268362383,491520
4157.25067432155,499712
4156.477952359336,507904
4154.643805196644,516096
4153.1869494233615,524288
4151.447335046657,532480
4151.72032733015,540672
4151.422602156977,548864
4149.769944856495,557056
4148.415686394756,565248
4149.17352989813,573440
4149.3192823509235,581632
4148.849808222716,589824
4147.441425940279,598016
4146.056285276671,606208
4144.711002988507,614400
4143.795094769643,622592
4142.415433186624,630784
4142.05693911609,638976
4141.647853548201,647168
4141.063959264937,655360
4140.899248110998,663552
4140.257543166014,671744
4140.193838668501,679936
4139.391075876857,688128
4138.820767639865,696320
4139.06071213211,704512
4140.384228372846,712704
4140.452197493082,720896
4139.464736073127,729088
4139.071637133752,737280
4137.075953560231,745472
4136.180737702016,753664
4134.712044309154,761856
4134.176952335533,770048
4133.6999592512175,778240
4133.277055503646,786432
4133.110335365237,794624
4132.008333336519,802816
4130.447325566705,811008
4129.461895053087,819200
4128.189190778619,827392
4127.302075654127,835584
4125.7361541244,843776
4124.784658640338,851968
4122.914923182284,860160
4123.252538273151,868352
4122.327921731188,876544
4120.833317235438,884736
4120.522752070652,892928
4119.667856038932,901120
4120.05741146937,909312
4118.531109561843,917504
4117.254405848514,925696
4117.54470178132,933888
4117.081606043527,942080
4117.3731811904645,950272
4116.946398955228,958464
4116.109279931088,966656
4115.43062099309,974848
4115.702537008688,983040
4115.7488029996175,991232
4115.25126367698,999424
4114.972633686101,1007616
4114.713516286869,1015808
4114.688913034244,1024000
4113.65136147121,1032192
4113.237728131062,1040384
4112.507480946423,1048576
4112.536291019954,1056768
4112.803215961498,1064960
4112.209204894405,1073152
4111.964481430868,1081344
4111.452924730784,1089536
4111.773917418957,1097728
4111.590278841364,1105920
4111.002743847188,1114112
4110.978743757644,1122304
4110.555446082365,1130496
4109.095567499309,1138688
4108.66472212769,1146880
4108.819092065826,1155072
4108.310672690431,1163264
4108.291088766617,1171456
4107.968310010827,1179648
4107.701339462475,1187840
4107.581075463226,1196032
4106.799621613694,1204224
4106.595991480537,1212416
4106.244821220777,1220608
4106.070030093165,1228800
4105.263242818047,1236992
4103.57817880401,1245184
4103.361147774044,1253376
4102.720851083946,1261568
4102.697347328646,1269760
4101.537687820199,1277952
4100.999160979544,1286144
4100.513803191577,1294336
4100.2161968384735,1302528
4099.27068586547,1310720
4098.682236013251,1318912
4098.365673308021,1327104
4098.2620053659775,1335296
4097.966814725647,1343488
4096.868059640947,1351680
4096.455197034193,1359872
4095.787571057447,1368064
4094.889985494964,1376256
4094.16992749908,1384448
4094.156850351125,1392640
4093.7455516260547,1400832
4093.703544670781,1409024
4093.0862776773447,1417216
4093.155984448587,1425408
4093.327216039848,1433600
4092.729493930265,1441792
4091.555494865507,1449984
4091.1978941096727,1458176
4089.7902019051344,1466368
4089.641579113567,1474560
4089.6592494609886,1482752
4089.1667930628164,1490944
4089.0077549227094,1499136
4088.5008951528985,1507328
4088.0428832857297,1515520
4087.6078289560614,1523712
4086.8436486014148,1531904
4086.029079608009,1540096
4085.4444802168796,1548288
4085.037323185979,1556480
4084.393369053053,1564672
4083.8406060022908,1572864
4083.2125951089383,1581056
4082.397789615126,1589248
4082.3350581000072,1597440
4082.0422449189878,1605632
4081.2548269940726,1613824
4080.9914562276563,1622016
4080.052204673406,1630208
4079.061833716001,1638400
4077.843722272129,1646592
4076.800145871131,1654784
4075.7511259628614,1662976
4075.34664887325,1671168
4074.7156476576024,1679360
4073.9465663720175,1687552
4072.8813104465944,1695744
4072.4054333453164,1703936
4072.0974339538843,1712128
4071.5576881007196,1720320
4071.20856971579,1728512
4070.7048127436888,1736704
4070.4181226813175,1744896
4069.4497249703127,1753088
4069.4659891432116,1761280
4069.083443453518,1769472
4068.076359042661,1777664
4067.6459211469823,1785856
4067.2342658938746,1794048
4066.7109419478134,1802240
4066.6345864686677,1810432
4065.662078190971,1818624
4065.004837971599,1826816
4064.415069259494,1835008
4063.817347096796,1843200
4063.316390394445,1851392
4062.5436087651306,1859584
4062.0250411198963,1867776
4062.160304745243,1875968
4061.588393757673,1884160
4061.20522050865,1892352
4060.6032458720892,1900544
4060.2277971785843,1908736
4059.46747259952,1916928
4059.126857313136,1925120
4058.568939337789,1933312
4057.9733658234136,1941504
4057.1585444526845,1949696
4056.383884529165,1957888
4056.0634124614635,1966080
4054.982107318209,1974272
4054.0492375794934,1982464
4053.3762457305343,1990656
4053.358927821088,1998848
4052.328152643555,2007040
4051.716806977758,2015232
4051.0169051901853,2023424
4050.143966052075,2031616
4049.4324158025006,2039808
4048.6248869498345,2048000
4047.974198824246,2056192
4047.6585470389005,2064384
4047.4285321409698,2072576
4047.2086837558245,2080768
4046.5783664253663,2088960
4046.2202366874185,2097152
4045.916046143516,2105344
4045.624898668864,2113536
4045.4474548752273,2121728
4044.9939974446006,2129920
4044.272061859831,2138112
4044.2058574403336,2146304
4043.5072531528385,2154496
4043.2672420013396,2162688
4042.6644077459528,2170880
4042.5694100154774,2179072
4041.9253419773995,2187264
4041.648092464902,2195456
4041.2824876094546,2203648
4040.6437351662125,2211840
4040.3315866735406,2220032
4039.546083902907,2228224
4038.7581344450896,2236416
4038.518625940614,2244608
4037.8448705040446,2252800
4037.5046681403705,2260992
4037.203825824284,2269184
4037.128940849498,2277376
4036.8021693507503,2285568
4036.4657972182113,2293760
4036.2571176398856,2301952
4035.1047224585163,2310144
4034.7701933174017,2318336
4034.344908260598,2326528
4034.0683970421032,2334720
4033.7338885021095,2342912
4033.700279463635,2351104
4033.088936415494,2359296
4032.915076452999,2367488
4032.5888011421903,2375680
4032.0648350533947,2383872
4031.428340724531,2392064
4031.0818373943885,2400256
4030.834828919235,2408448
4030.7341594266086,2416640
4030.13167734657,2424832
4029.3107980669515,2433024
4028.7271568553724,2441216
4027.909129247248,2449408
4027.304971793867,2457600
4027.041323249757,2465792
4026.940502061421,2473984
4026.3094853584053,2482176
4026.120687330001,2490368
4025.5263659854504,2498560
4025.0515608344813,2506752
4024.7805052023173,2514944
4024.065674568805,2523136
4023.596153106562,2531328
4023.2515029573137,2539520
4022.7736003697337,2547712
4022.4069389983088,2555904
4022.0908604883084,2560000
