0.01665556337684393,8192
0.032695767004042864,8192
0.015470296784769744,8192
0,8192
0.014784150698687881,8192
0,8192
0.048426148714497685,8192
0,8192
0.016012809646781534,8192
0.016832182882353663,8192
0.060560181736946106,8192
0,8192
0.047877433826215565,8192
0,8192
0.017400382785126567,8192
0.014865466800983995,8192
0.01563721598358825,8192
0,8192
0.015405946760438383,8192
0.015229971904773265,8192
0.029568301397375762,8192
0,8192
0.04826254735235125,8192
0.04394316638354212,8192
0.015999999595806003,8192
0.016315875109285116,8192
0.016583748220000416,8192
0,8192
0,8192
0.017120355914812535,8192
0,8192
0.015523128968197852,8192
0,8192
0.03182179934810847,8192
0.05842827958986163,8192
0.015885622997302562,8192
0,8192
0,8192
0,8192
0,8192
0.015006001922301948,8192
0,8192
0.015225335664581507,8192
0,8192
0.015873015217948705,8192
0.0489157042466104,8192
0,8192
0.015432099462486804,8192
0.030637255986221135,8192
0.032247661147266626,8192
0.06195786991156638,8192
0,8192
0,8192
0,8192
0.0155038753291592,8192
0.0163612567121163,8192
0.029006527620367706,8192
0,8192
0.015156107838265598,8192
0.03110419784206897,8192
0.030395135399885476,8192
0.01576044160174206,8192
0.031123560620471835,8192
0.04622496198862791,8192
0.02974419912789017,8192
0,8192
0.015515903942286968,8192
0,8192
0.033140016603283584,8192
0.014992503565736115,8192
0,8192
0.049091799883171916,8192
0.04428044194355607,8192
0.015678895579185337,8192
0,8192
0.046779977856203914,8192
0,8192
0,8192
0.01549666776554659,8192
0.014990256750024855,8192
0.082290981663391,8192
0.016786972992122173,8192
0.03203075029887259,8192
0,8192
0,8192
0.01565925485920161,8192
0.04944783286191523,8192
0.030888032051734626,8192
0.015223017544485629,8192
0.017067759472411126,8192
0.01700680295471102,8192
0,8192
0,8192
0.03253090544603765,8192
0.033927056938409805,8192
0.047854523290880024,8192
0.03226326953154057,8192
0.014808232663199306,8192
0.016028209938667715,8192
0,8192
0.030998140573501587,8192
0.01549426669953391,8192
0.016064256487879902,8192
0.015576323494315147,8192
0.01622323179617524,8192
0.03136762825306505,8192
0,8192
0,8192
0,8192
0.015595757577102631,8192
0,8192
0.01521606754977256,8192
0.031994879827834666,8192
0.03000750148203224,8192
0.015096618153620511,8192
0.04606879665516317,8192
0.02933841897174716,8192
0.033134527620859444,8192
0.01620482944417745,8192
0.015281174273695797,8192
0.030261764186434448,8192
0.03327233425807208,8192
0,8192
0.031510950066149235,8192
0.015890672511886805,8192
0.01681520079728216,8192
0.03395009262021631,8192
0,8192
0.015051173977553844,8192
0.03193867742083967,8192
0.0505475967656821,8192
0.03068896767217666,8192
0,8192
0,8192
0,8192
0.018096272833645344,8192
0.030599755700677633,8192
0.034275921643711627,8192
0.015379882825072855,8192
0.015678895579185337,8192
0.031999999191612005,8192
0.015262515807989985,8192
0,8192
0.031441598548553884,8192
0.01554001501062885,8192
0,8192
0,8192
0.032786885276436806,8192
0.044137120130471885,8192
0.031766199390403926,8192
0.03028926148544997,8192
0.032451728475280106,8192
0.048709206748753786,8192
0.034614052856341004,8192
0.030807146686129272,8192
0.03065603959839791,8192
0,8192
0,8192
0.01520681253168732,8192
0.0476039364002645,8192
0.03154076694045216,8192
0.045372050954028964,8192
0.015971889661159366,8192
0.06195786991156638,8192
0.029265438206493855,8192
0,8192
0,8192
0.016126431000884622,8192
0,8192
0,8192
0.06332119810394943,8192
0.031225604470819235,8192
0.015365703438874334,8192
0,8192
0.0166638899827376,8192
0.015053439710754901,8192
0.03247280546929687,8192
0.03281378303654492,8192
0.015227653784677386,8192
0.015413069922942668,8192
0,8192
0,8192
0.047311148955486715,8192
0.031441598548553884,8192
0.02997152623720467,8192
0.03221649385523051,8192
0.03355704830028117,8192
0.029459421057254076,8192
0.02960331621579826,8192
0.016283993318211287,8192
0,8192
0,8192
0.03211303846910596,8192
0.05944419535808265,8192
0.015491867088712752,8192
0,8192
0,8192
0,8192
0.030084236641414464,8192
0.0328839203575626,8192
0.030030030757188797,8192
0,8192
0.046765393926762044,8192
0,8192
0,8192
0.04565515264403075,8192
0.015325671120081097,8192
0.016548072744626552,8192
0,8192
0.01570598396938294,8192
0.01652073406148702,8192
0.0294811325147748,8192
0.01554001501062885,8192
0.01578282826812938,8192
0.016246954328380525,8192
0.031181788654066622,8192
0.03163055516779423,8192
0.032107881270349026,8192
0,8192
0.018066847405862063,8192
0.029568301397375762,8192
0.015855398669373244,8192
0,8192
0.045045046135783195,8192
0.015328019799198955,8192
0,8192
0,8192
0,8192
0.015997439913917333,8192
0.04742333258036524,8192
0.03034901455976069,8192
0.01568135485285893,8192
0.045235222205519676,8192
0,8192
0.0159744406118989,8192
0,8192
0.016401508764829487,8192
0.03345600562170148,8192
0,8192
0.06825938471592963,8192
0,8192
0.032051283051259816,8192
0.032658391864970326,8192
0.01538461510790512,8192
0.015569048991892487,8192
0.030802402761764824,8192
0.03168567782267928,8192
0,8192
0,8192
0.03221130755264312,8192
0,8192
0.015370426990557462,8192
0.04650441696867347,8192
0.06595218437723815,8192
0.01497902994742617,8192
0.015918497228994966,8192
0.030983734177425504,8192
0,8192
0,8192
0,8192
0.015057972632348537,8192
0.031999999191612005,8192
0.015403573343064636,8192
0,8192
0.016246954328380525,8192
0.050167221343144774,8192
0.01576044160174206,8192
0.049358344404026866,8192
0.015260186046361923,8192
0.015855398669373244,8192
0.0313922471832484,8192
0.03223726525902748,8192
0.015713387983851135,8192
0.04463621589820832,8192
0,8192
0,8192
0.03136270970571786,8192
0.01601024705450982,8192
0,8192
0,8192
0.030321406666189432,8192
0.014985763118602335,8192
0.029286864446476102,8192
0.03267439897172153,8192
0.048504446749575436,8192
0.01577784860273823,8192
0.0460758717963472,8192
0.01720578147796914,8192
0,8192
0.030998140573501587,8192
0.03174099256284535,8192
0.01565680286148563,8192
0,8192
0.03351767954882234,8192
0.03200512146577239,8192
0,8192
0.015234612510539591,8192
0.032097575603984296,8192
0.030520372092723846,8192
0,8192
0,8192
0.015748031728435308,8192
0.04770992381963879,8192
0.01608492893865332,8192
0.030835645156912506,8192
0,8192
0,8192
0.017170330102089792,8192
0,4096
0.048995588440448046,8192
0.03154076694045216,8192
0,8192
0,8192
