0,8192
0.04466944665182382,8192
0.050684239249676466,8192
0.01582028198754415,8192
0.015105740749277174,8192
0.048677591257728636,8192
0.016228496679104865,8192
0.03148614487145096,8192
0.015073861868586391,8192
0.029935638303868473,8192
0.033172997063957155,8192
0,8192
0.047483379603363574,8192
0,8192
0.015600623737554997,8192
0.03205641987733543,8192
0,8192
0.015470296784769744,8192
0,8192
0,8192
0.04602638946380466,8192
0.045399516238830984,8192
0.015827793686185032,8192
0,8192
0.0167028556461446,8192
0.015158405585680157,8192
0.015629884728696197,8192
0,8192
0,8192
0,8192
0,8192
0,8192
0.0332557363435626,8192
0.015976993017829955,8192
0,8192
0,8192
0,8192
0.03225806576665491,8192
0.016507097461726516,8192
0.08260366739705205,8192
0.015422578144352883,8192
0.016239038086496294,8192
0,8192
0.015260186046361923,8192
0.03179650229867548,8192
0.014673513942398131,8192
0.01497902994742617,8192
0.01617599482415244,8192
0.01549426669953391,8192
0.03183699445798993,8192
0,8192
0,8192
0.032247661147266626,8192
0,8192
0.04581551474984735,8192
0.030627870000898838,8192
0,8192
0,8192
0.015288182476069778,8192
0.015666613762732595,8192
0.015515903942286968,8192
0.0163612567121163,8192
0,8192
0.04626060253940523,8192
0.015523128968197852,8192
0.015453562082257122,8192
0,8192
0.02976633550133556,8192
0,8192
0,8192
0.047044066013768315,8192
0.016450074326712638,8192
0.015964239719323814,8192
0.015518312284257263,8192
0.01562011893838644,8192
0,8192
0.014757968892809004,8192
0.015549681847915053,8192
0,8192
0.01589825114933774,8192
0.016059097833931446,8192
0.030321406666189432,8192
0.01763046602718532,8192
0,8192
0.015740595699753612,8192
0.01579778763698414,8192
0.015561780310235918,8192
0,8192
0.03189792623743415,8192
0.015900778817012906,8192
0.015330369933508337,8192
0.031857279827818274,8192
0.01576292561367154,8192
0.030726686236448586,8192
0.01521606754977256,8192
0.015499070286750793,8192
0.01538461510790512,8192
0.03102218033745885,8192
0,8192
0.06617038743570447,8192
0,8192
0,8192
0.031590586877427995,8192
0.014509576431009918,8192
0.03105590003542602,8192
0,8192
0.03369839978404343,8192
0.0322788895573467,8192
0,8192
0.01538461510790512,8192
0,8192
0,8192
0,8192
0.0154750858200714,8192
0,8192
0.03163055516779423,8192
0.030974135734140873,8192
0,8192
0,8192
0.031397174461744726,8192
0.017015484627336264,8192
0,8192
0.015951506793498993,8192
0,8192
0.03294892958365381,8192
0,8192
0.04568991716951132,8192
0,8192
0.04901160136796534,8192
0,8192
0.04887585528194904,8192
0.04306014161556959,8192
0,8192
0,8192
0,8192
0.03041362506337464,8192
0.031852207030169666,8192
0.11341542704030871,8192
1.1931732296943665,8192
0.9104964323341846,8192
0.8565990254282951,8192
1.3243949972093105,8192
0.8967223577201366,8192
0.7799535524100065,8192
0.694663729518652,8192
0.6110602058470249,8192
0.4478949122130871,8192
0.9794918820261955,8192
0.9846827015280724,8192
0.9797917678952217,8192
1.2138905934989452,8192
0.6974427029490471,8192
1.1908755637705326,8192
1.1673791334033012,8192
0.7881773635745049,8192
0.8938372135162354,8192
0.9251873940229416,8192
1.0291043668985367,8192
0.5396238062530756,8192
1.338938158005476,8192
0.7376671303063631,8192
1.1693096719682217,8192
0.8451554924249649,8192
0.8788750506937504,8192
1.3076922856271267,8192
0.9218749590218067,8192
0.8798591792583466,8192
0.6346623413264751,8192
1.7610661685466766,8192
1.0818907991051674,8192
2.5168539956212044,8192
3.0317310243844986,8192
2.5641025975346565,8192
2.945069409906864,8192
3.1879980117082596,8192
3.0886800959706306,8192
3.4305065870285034,8192
2.743184193968773,8192
2.8893383219838142,8192
2.6937145739793777,8192
2.2390516474843025,8192
2.8924981132149696,8192
2.1615471690893173,8192
2.5727257132530212,8192
2.7490347623825073,8192
3.164556995034218,8192
3.0111461877822876,8192
2.187499962747097,8192
3.136669099330902,8192
3.2755903899669647,8192
2.589375153183937,8192
2.3428477346897125,8192
2.6343679055571556,8192
2.889901027083397,8192
3.2055411487817764,8192
2.917341887950897,8192
2.909207157790661,8192
2.4977292865514755,8192
2.8369881212711334,8192
2.6061775162816048,8192
3.0756302177906036,8192
2.590673603117466,8192
2.809080481529236,8192
2.904118038713932,8192
2.921667695045471,8192
2.985074557363987,8192
3.0517619103193283,8192
3.1773634254932404,8192
3.370434418320656,8192
2.5936104357242584,8192
2.511151507496834,8192
2.241935394704342,8192
3.22682186961174,8192
2.8347689658403397,8192
3.3994771540164948,8192
2.900618128478527,8192
2.607232891023159,8192
2.787511982023716,8192
3.045349195599556,8192
2.5296930223703384,8192
2.4145500734448433,8192
1.9942102953791618,8192
2.9646696522831917,8192
2.1976150572299957,8192
2.756205201148987,8192
3.1299352645874023,8192
3.2960478216409683,8192
2.980380319058895,8192
3.0569007620215416,8192
3.345949947834015,8192
2.84810122102499,8192
2.4136774241924286,8192
2.8549734503030777,8192
2.4460431188344955,8192
2.9680365696549416,8192
2.543671429157257,8192
2.6961157098412514,8192
3.5175878554582596,8192
2.580963261425495,8192
2.849179320037365,8192
3.559396415948868,8192
2.447839640080929,8192
3.1354643404483795,8192
2.5375939905643463,8192
2.6647966355085373,8192
3.039185516536236,8192
2.701817639172077,8192
3.4295212477445602,8192
2.947334572672844,8192
2.9503105208277702,8192
3.3700786530971527,8192
2.5980236008763313,8192
3.0757220461964607,8192
3.30788791179657,8192
2.679697424173355,8192
2.7865737676620483,8192
3.3388983458280563,8192
2.6194633916020393,8192
3.123612143099308,8192
3.2772745937108994,8192
3.177257627248764,8192
3.0154719948768616,8192
3.3923305571079254,8192
2.733195573091507,8192
3.0432039871811867,8192
3.0326005071401596,8192
2.5615600869059563,8192
2.8438856825232506,8192
2.6057107374072075,8192
2.887917496263981,8192
2.946414053440094,8192
2.2852759808301926,8192
2.904503419995308,8192
2.257657051086426,8192
2.6379672810435295,8192
2.861141413450241,8192
2.919468656182289,8192
3.2385334372520447,8192
3.0539311468601227,8192
3.081617131829262,8192
2.467593364417553,8192
2.8756167739629745,8192
3.2189544290304184,8192
2.844459004700184,8192
2.575036883354187,8192
2.6752619072794914,8192
3.42848040163517,8192
3.6369193345308304,8192
2.6236286386847496,8192
2.707219310104847,8192
3.2105013728141785,8192
2.646840177476406,8192
2.8403082862496376,8192
2.9734674841165543,8192
3.582378476858139,8192
3.529958054423332,8192
3.3462904393672943,8192
3.1306345015764236,8192
3.2626923173666,8192
3.2981108874082565,8192
3.4865040332078934,8192
3.541315346956253,8192
2.910226956009865,8192
3.0520372092723846,8192
3.630262240767479,8192
3.396851569414139,8192
3.650793805718422,8192
4.381196200847626,4096
3.711753711104393,8192
4.0462426841259,8192
3.8602065294981003,8192
4.025588929653168,8192
4.503482952713966,8192
